#
# There is insufficient memory for the Java Runtime Environment to continue.
# Native memory allocation (malloc) failed to allocate 1048576 bytes. Error detail: AllocateHeap
# Possible reasons:
#   The system is out of physical RAM or swap space
#   This process is running with CompressedOops enabled, and the Java Heap may be blocking the growth of the native heap
# Possible solutions:
#   Reduce memory load on the system
#   Increase physical memory or swap space
#   Check if swap backing store is full
#   Decrease Java heap size (-Xmx/-Xms)
#   Decrease number of Java threads
#   Decrease Java thread stack sizes (-Xss)
#   Set larger code cache with -XX:ReservedCodeCacheSize=
#   JVM is running with Unscaled Compressed Oops mode in which the Java heap is
#     placed in the first 4GB address space. The Java Heap base address is the
#     maximum limit for the native heap growth. Please use -XX:HeapBaseMinAddress
#     to set the Java Heap base and to place the Java Heap above 4GB virtual address.
# This output file may be truncated or incomplete.
#
#  Out of Memory Error (allocation.cpp:44), pid=12412, tid=18784
#
# JRE version: OpenJDK Runtime Environment Temurin-21.0.8+9 (21.0.8+9) (build 21.0.8+9-LTS)
# Java VM: OpenJDK 64-Bit Server VM Temurin-21.0.8+9 (21.0.8+9-LTS, mixed mode, sharing, tiered, compressed oops, compressed class ptrs, parallel gc, windows-amd64)
# No core dump will be written. Minidumps are not enabled by default on client versions of Windows
#

---------------  S U M M A R Y ------------

Command Line: --add-modules=ALL-SYSTEM --add-opens=java.base/java.util=ALL-UNNAMED --add-opens=java.base/java.lang=ALL-UNNAMED --add-opens=java.base/sun.nio.fs=ALL-UNNAMED -Declipse.application=org.eclipse.jdt.ls.core.id1 -Dosgi.bundles.defaultStartLevel=4 -Declipse.product=org.eclipse.jdt.ls.core.product -Djava.import.generatesMetadataFilesAtProjectRoot=false -DDetectVMInstallationsJob.disabled=true -Dfile.encoding=utf8 -XX:+UseParallelGC -XX:GCTimeRatio=4 -XX:AdaptiveSizePolicyWeight=90 -Dsun.zip.disableMemoryMapping=true -Xmx2G -Xms100m -Xlog:disable -javaagent:c:\Users\10935\.vscode\extensions\redhat.java-1.44.0-win32-x64\lombok\lombok-1.18.39-4050.jar -XX:+HeapDumpOnOutOfMemoryError -XX:HeapDumpPath=c:\Users\10935\AppData\Roaming\Code\User\workspaceStorage\45f548e0b30d52b6814e104f887155be\redhat.java -Daether.dependencyCollector.impl=bf c:\Users\10935\.vscode\extensions\redhat.java-1.44.0-win32-x64\server\plugins\org.eclipse.equinox.launcher_1.7.0.v20250519-0528.jar -configuration c:\Users\10935\AppData\Roaming\Code\User\globalStorage\redhat.java\1.44.0\config_win -data c:\Users\10935\AppData\Roaming\Code\User\workspaceStorage\45f548e0b30d52b6814e104f887155be\redhat.java\jdt_ws --pipe=\\.\pipe\lsp-0b6d46c6d1efd8edb8115d97610c5892-sock

Host: 13th Gen Intel(R) Core(TM) i5-1334U, 12 cores, 15G,  Windows 11 , 64 bit Build 22621 (10.0.22621.5415)
Time: Wed Aug 20 17:30:22 2025 India Standard Time elapsed time: 31.689262 seconds (0d 0h 0m 31s)

---------------  T H R E A D  ---------------

Current thread (0x0000024896fd4ad0):  JavaThread "Attach Listener" daemon [_thread_in_vm, id=18784, stack(0x0000005bb5200000,0x0000005bb5300000) (1024K)]

Stack: [0x0000005bb5200000,0x0000005bb5300000]
Native frames: (J=compiled Java code, j=interpreted, Vv=VM code, C=native code)
V  [jvm.dll+0x6d2449]
V  [jvm.dll+0x8ae341]
V  [jvm.dll+0x8b08be]
V  [jvm.dll+0x8b0fa3]
V  [jvm.dll+0x280c96]
V  [jvm.dll+0xc0347]
V  [jvm.dll+0x6d2cf9]
V  [jvm.dll+0x131116]
V  [jvm.dll+0x3f2d16]
V  [jvm.dll+0x857e6b]
V  [jvm.dll+0x6d0b0d]
C  [ucrtbase.dll+0x29333]
C  [KERNEL32.DLL+0x1259d]
C  [ntdll.dll+0x5af78]


---------------  P R O C E S S  ---------------

Threads class SMR info:
_java_thread_list=0x00000248f8375600, length=95, elements={
0x000002489703b890, 0x00000248970ee4b0, 0x0000024896fcdbe0, 0x0000024896fd06a0,
0x0000024896fd4ad0, 0x0000024896fd6880, 0x0000024896fdd150, 0x00000248efe01fb0,
0x00000248efe02df0, 0x00000248970a6700, 0x00000248f5006370, 0x00000248f580ce20,
0x00000248f580f580, 0x00000248f580c790, 0x00000248f580e1d0, 0x00000248f580d4b0,
0x00000248f580eef0, 0x00000248f580e860, 0x00000248f5df1510, 0x00000248f5df28c0,
0x00000248f5dee720, 0x00000248f5df35e0, 0x00000248f5defad0, 0x00000248f5df2230,
0x00000248f5df1ba0, 0x00000248f5df07f0, 0x00000248f5deedb0, 0x00000248f5df4300,
0x00000248f5df2f50, 0x00000248f5df56b0, 0x00000248f5df3c70, 0x00000248f5df5020,
0x00000248f5df4990, 0x00000248f5df5d40, 0x00000248f5def440, 0x00000248f5df0160,
0x00000248f7a15280, 0x00000248f7a15910, 0x00000248f7a13ed0, 0x00000248f7a12b20,
0x00000248f7a16cc0, 0x00000248f7a18700, 0x00000248f7a131b0, 0x00000248f7a18d90,
0x00000248f7a14560, 0x00000248f7a15fa0, 0x00000248f7a14bf0, 0x00000248f7a16630,
0x00000248f7a17350, 0x00000248f7a179e0, 0x00000248f7a18070, 0x00000248f7a11e00,
0x00000248f7a19420, 0x00000248f8a69f40, 0x00000248f8a68500, 0x00000248f8a6c010,
0x00000248f8a6b2f0, 0x00000248f8a65710, 0x00000248f8a65080, 0x00000248f8a6a5d0,
0x00000248f8a69220, 0x00000248f8a6ac60, 0x00000248f8a6b980, 0x00000248f8a65da0,
0x00000248f8a6c6a0, 0x00000248f8a67150, 0x00000248f8a677e0, 0x00000248f8a67e70,
0x00000248f8a698b0, 0x00000248f737b750, 0x00000248f737bde0, 0x00000248f737f260,
0x00000248f737f8f0, 0x00000248f7380ca0, 0x00000248f737ff80, 0x00000248f737c470,
0x00000248f7381330, 0x00000248f73819c0, 0x00000248f737d820, 0x00000248f737cb00,
0x00000248f737d190, 0x00000248f7382050, 0x00000248f737e540, 0x00000248f737ebd0,
0x00000248f580c100, 0x00000248f674e240, 0x00000248f674d520, 0x00000248f674dbb0,
0x00000248f6749a10, 0x00000248f6747940, 0x00000248f674a0a0, 0x00000248f674bae0,
0x00000248f674a730, 0x00000248f618aa70, 0x00000248f61836a0
}

Java Threads: ( => current thread )
  0x000002489703b890 JavaThread "main"                              [_thread_blocked, id=11636, stack(0x0000005bb4b00000,0x0000005bb4c00000) (1024K)]
  0x00000248970ee4b0 JavaThread "Reference Handler"          daemon [_thread_blocked, id=19260, stack(0x0000005bb4f00000,0x0000005bb5000000) (1024K)]
  0x0000024896fcdbe0 JavaThread "Finalizer"                  daemon [_thread_blocked, id=14732, stack(0x0000005bb5000000,0x0000005bb5100000) (1024K)]
  0x0000024896fd06a0 JavaThread "Signal Dispatcher"          daemon [_thread_blocked, id=8120, stack(0x0000005bb5100000,0x0000005bb5200000) (1024K)]
=>0x0000024896fd4ad0 JavaThread "Attach Listener"            daemon [_thread_in_vm, id=18784, stack(0x0000005bb5200000,0x0000005bb5300000) (1024K)]
  0x0000024896fd6880 JavaThread "Service Thread"             daemon [_thread_blocked, id=20368, stack(0x0000005bb5300000,0x0000005bb5400000) (1024K)]
  0x0000024896fdd150 JavaThread "Monitor Deflation Thread"   daemon [_thread_blocked, id=8088, stack(0x0000005bb5400000,0x0000005bb5500000) (1024K)]
  0x00000248efe01fb0 JavaThread "C2 CompilerThread0"         daemon [_thread_blocked, id=11716, stack(0x0000005bb5500000,0x0000005bb5600000) (1024K)]
  0x00000248efe02df0 JavaThread "C1 CompilerThread0"         daemon [_thread_blocked, id=18808, stack(0x0000005bb5600000,0x0000005bb5700000) (1024K)]
  0x00000248970a6700 JavaThread "Common-Cleaner"             daemon [_thread_blocked, id=10764, stack(0x0000005bb5700000,0x0000005bb5800000) (1024K)]
  0x00000248f5006370 JavaThread "Notification Thread"        daemon [_thread_blocked, id=8376, stack(0x0000005bb5900000,0x0000005bb5a00000) (1024K)]
  0x00000248f580ce20 JavaThread "Active Thread: Equinox Container: f8e17e45-6a84-41cf-84cb-473a6bbefa0f"        [_thread_blocked, id=22076, stack(0x0000005bb6100000,0x0000005bb6200000) (1024K)]
  0x00000248f580f580 JavaThread "Refresh Thread: Equinox Container: f8e17e45-6a84-41cf-84cb-473a6bbefa0f" daemon [_thread_blocked, id=2056, stack(0x0000005bb6300000,0x0000005bb6400000) (1024K)]
  0x00000248f580c790 JavaThread "Framework Event Dispatcher: Equinox Container: f8e17e45-6a84-41cf-84cb-473a6bbefa0f" daemon [_thread_blocked, id=20452, stack(0x0000005bb6400000,0x0000005bb6500000) (1024K)]
  0x00000248f580e1d0 JavaThread "Start Level: Equinox Container: f8e17e45-6a84-41cf-84cb-473a6bbefa0f" daemon [_thread_blocked, id=22496, stack(0x0000005bb6500000,0x0000005bb6600000) (1024K)]
  0x00000248f580d4b0 JavaThread "Bundle File Closer"         daemon [_thread_blocked, id=9964, stack(0x0000005bb6800000,0x0000005bb6900000) (1024K)]
  0x00000248f580eef0 JavaThread "SCR Component Actor"        daemon [_thread_blocked, id=19612, stack(0x0000005bb6900000,0x0000005bb6a00000) (1024K)]
  0x00000248f580e860 JavaThread "Worker-JM"                         [_thread_blocked, id=20496, stack(0x0000005bb6b00000,0x0000005bb6c00000) (1024K)]
  0x00000248f5df1510 JavaThread "JNA Cleaner"                daemon [_thread_blocked, id=9104, stack(0x0000005bb6c00000,0x0000005bb6d00000) (1024K)]
  0x00000248f5df28c0 JavaThread "Worker-0"                          [_thread_blocked, id=21884, stack(0x0000005bb6d00000,0x0000005bb6e00000) (1024K)]
  0x00000248f5dee720 JavaThread "Worker-1"                          [_thread_blocked, id=17704, stack(0x0000005bb6e00000,0x0000005bb6f00000) (1024K)]
  0x00000248f5df35e0 JavaThread "Java indexing"              daemon [_thread_blocked, id=13824, stack(0x0000005bb6f00000,0x0000005bb7000000) (1024K)]
  0x00000248f5defad0 JavaThread "Worker-2"                          [_thread_blocked, id=5340, stack(0x0000005bb7200000,0x0000005bb7300000) (1024K)]
  0x00000248f5df2230 JavaThread "Worker-3"                          [_thread_blocked, id=9896, stack(0x0000005bb7300000,0x0000005bb7400000) (1024K)]
  0x00000248f5df1ba0 JavaThread "Thread-2"                   daemon [_thread_in_native, id=21848, stack(0x0000005bb7400000,0x0000005bb7500000) (1024K)]
  0x00000248f5df07f0 JavaThread "Thread-3"                   daemon [_thread_in_native, id=21588, stack(0x0000005bb7500000,0x0000005bb7600000) (1024K)]
  0x00000248f5deedb0 JavaThread "Thread-4"                   daemon [_thread_in_native, id=19256, stack(0x0000005bb7600000,0x0000005bb7700000) (1024K)]
  0x00000248f5df4300 JavaThread "Thread-5"                   daemon [_thread_in_native, id=4796, stack(0x0000005bb7700000,0x0000005bb7800000) (1024K)]
  0x00000248f5df2f50 JavaThread "Thread-6"                   daemon [_thread_in_native, id=21312, stack(0x0000005bb7800000,0x0000005bb7900000) (1024K)]
  0x00000248f5df56b0 JavaThread "Thread-7"                   daemon [_thread_in_native, id=16528, stack(0x0000005bb7900000,0x0000005bb7a00000) (1024K)]
  0x00000248f5df3c70 JavaThread "Thread-8"                   daemon [_thread_in_native, id=22436, stack(0x0000005bb7a00000,0x0000005bb7b00000) (1024K)]
  0x00000248f5df5020 JavaThread "Thread-9"                   daemon [_thread_in_native, id=3084, stack(0x0000005bb7b00000,0x0000005bb7c00000) (1024K)]
  0x00000248f5df4990 JavaThread "Thread-10"                  daemon [_thread_in_native, id=20884, stack(0x0000005bb7c00000,0x0000005bb7d00000) (1024K)]
  0x00000248f5df5d40 JavaThread "Thread-11"                  daemon [_thread_in_native, id=14880, stack(0x0000005bb7d00000,0x0000005bb7e00000) (1024K)]
  0x00000248f5def440 JavaThread "Thread-12"                  daemon [_thread_in_native, id=18524, stack(0x0000005bb7e00000,0x0000005bb7f00000) (1024K)]
  0x00000248f5df0160 JavaThread "Thread-13"                  daemon [_thread_in_native, id=6320, stack(0x0000005bb7f00000,0x0000005bb8000000) (1024K)]
  0x00000248f7a15280 JavaThread "Thread-14"                  daemon [_thread_in_native, id=19292, stack(0x0000005bb8000000,0x0000005bb8100000) (1024K)]
  0x00000248f7a15910 JavaThread "pool-2-thread-1"                   [_thread_blocked, id=19772, stack(0x0000005bb8100000,0x0000005bb8200000) (1024K)]
  0x00000248f7a13ed0 JavaThread "WorkspaceEventsHandler"            [_thread_blocked, id=14632, stack(0x0000005bb8300000,0x0000005bb8400000) (1024K)]
  0x00000248f7a12b20 JavaThread "pool-1-thread-1"                   [_thread_blocked, id=8044, stack(0x0000005bb8400000,0x0000005bb8500000) (1024K)]
  0x00000248f7a16cc0 JavaThread "Worker-4"                          [_thread_blocked, id=16088, stack(0x0000005bb8500000,0x0000005bb8600000) (1024K)]
  0x00000248f7a18700 JavaThread "Worker-5"                          [_thread_blocked, id=4824, stack(0x0000005bb8600000,0x0000005bb8700000) (1024K)]
  0x00000248f7a131b0 JavaThread "Worker-6"                          [_thread_blocked, id=19304, stack(0x0000005bb8700000,0x0000005bb8800000) (1024K)]
  0x00000248f7a18d90 JavaThread "LocalFile Deleter"          daemon [_thread_blocked, id=17276, stack(0x0000005bb8800000,0x0000005bb8900000) (1024K)]
  0x00000248f7a14560 JavaThread "LocalFile Deleter"          daemon [_thread_blocked, id=17896, stack(0x0000005bb8900000,0x0000005bb8a00000) (1024K)]
  0x00000248f7a15fa0 JavaThread "LocalFile Deleter"          daemon [_thread_blocked, id=21772, stack(0x0000005bb8a00000,0x0000005bb8b00000) (1024K)]
  0x00000248f7a14bf0 JavaThread "LocalFile Deleter"          daemon [_thread_blocked, id=16436, stack(0x0000005bb8b00000,0x0000005bb8c00000) (1024K)]
  0x00000248f7a16630 JavaThread "LocalFile Deleter"          daemon [_thread_blocked, id=13168, stack(0x0000005bb8c00000,0x0000005bb8d00000) (1024K)]
  0x00000248f7a17350 JavaThread "LocalFile Deleter"          daemon [_thread_blocked, id=19488, stack(0x0000005bb8d00000,0x0000005bb8e00000) (1024K)]
  0x00000248f7a179e0 JavaThread "LocalFile Deleter"          daemon [_thread_blocked, id=21284, stack(0x0000005bb8e00000,0x0000005bb8f00000) (1024K)]
  0x00000248f7a18070 JavaThread "LocalFile Deleter"          daemon [_thread_blocked, id=14712, stack(0x0000005bb8f00000,0x0000005bb9000000) (1024K)]
  0x00000248f7a11e00 JavaThread "LocalFile Deleter"          daemon [_thread_blocked, id=17496, stack(0x0000005bb9000000,0x0000005bb9100000) (1024K)]
  0x00000248f7a19420 JavaThread "LocalFile Deleter"          daemon [_thread_blocked, id=17860, stack(0x0000005bb9100000,0x0000005bb9200000) (1024K)]
  0x00000248f8a69f40 JavaThread "LocalFile Deleter"          daemon [_thread_blocked, id=13552, stack(0x0000005bb9200000,0x0000005bb9300000) (1024K)]
  0x00000248f8a68500 JavaThread "LocalFile Deleter"          daemon [_thread_blocked, id=6328, stack(0x0000005bb9300000,0x0000005bb9400000) (1024K)]
  0x00000248f8a6c010 JavaThread "Compiler Source File Reader" daemon [_thread_blocked, id=21256, stack(0x0000005bb9400000,0x0000005bb9500000) (1024K)]
  0x00000248f8a6b2f0 JavaThread "Compiler Source File Reader" daemon [_thread_blocked, id=3192, stack(0x0000005bb9500000,0x0000005bb9600000) (1024K)]
  0x00000248f8a65710 JavaThread "Compiler Source File Reader" daemon [_thread_blocked, id=22240, stack(0x0000005bb9600000,0x0000005bb9700000) (1024K)]
  0x00000248f8a65080 JavaThread "Compiler Source File Reader" daemon [_thread_blocked, id=19668, stack(0x0000005bb9700000,0x0000005bb9800000) (1024K)]
  0x00000248f8a6a5d0 JavaThread "Compiler Source File Reader" daemon [_thread_blocked, id=20092, stack(0x0000005bb9800000,0x0000005bb9900000) (1024K)]
  0x00000248f8a69220 JavaThread "Compiler Source File Reader" daemon [_thread_blocked, id=20780, stack(0x0000005bb9900000,0x0000005bb9a00000) (1024K)]
  0x00000248f8a6ac60 JavaThread "Compiler Source File Reader" daemon [_thread_blocked, id=15240, stack(0x0000005bb9a00000,0x0000005bb9b00000) (1024K)]
  0x00000248f8a6b980 JavaThread "Compiler Source File Reader" daemon [_thread_blocked, id=8064, stack(0x0000005bb9b00000,0x0000005bb9c00000) (1024K)]
  0x00000248f8a65da0 JavaThread "Compiler Source File Reader" daemon [_thread_blocked, id=11328, stack(0x0000005bb9c00000,0x0000005bb9d00000) (1024K)]
  0x00000248f8a6c6a0 JavaThread "Compiler Source File Reader" daemon [_thread_blocked, id=16656, stack(0x0000005bb9d00000,0x0000005bb9e00000) (1024K)]
  0x00000248f8a67150 JavaThread "Compiler Processing Task"   daemon [_thread_blocked, id=20948, stack(0x0000005bb9e00000,0x0000005bb9f00000) (1024K)]
  0x00000248f8a677e0 JavaThread "Compiler Class File Writer" daemon [_thread_blocked, id=2864, stack(0x0000005bb9f00000,0x0000005bba000000) (1024K)]
  0x00000248f8a67e70 JavaThread "Compiler Class File Writer" daemon [_thread_blocked, id=3908, stack(0x0000005bba000000,0x0000005bba100000) (1024K)]
  0x00000248f8a698b0 JavaThread "Compiler Class File Writer" daemon [_thread_blocked, id=1988, stack(0x0000005bba100000,0x0000005bba200000) (1024K)]
  0x00000248f737b750 JavaThread "Compiler Class File Writer" daemon [_thread_blocked, id=6464, stack(0x0000005bba200000,0x0000005bba300000) (1024K)]
  0x00000248f737bde0 JavaThread "Compiler Class File Writer" daemon [_thread_blocked, id=21928, stack(0x0000005bba300000,0x0000005bba400000) (1024K)]
  0x00000248f737f260 JavaThread "Compiler Class File Writer" daemon [_thread_blocked, id=11176, stack(0x0000005bba400000,0x0000005bba500000) (1024K)]
  0x00000248f737f8f0 JavaThread "Compiler Class File Writer" daemon [_thread_blocked, id=6628, stack(0x0000005bba500000,0x0000005bba600000) (1024K)]
  0x00000248f7380ca0 JavaThread "Compiler Class File Writer" daemon [_thread_blocked, id=16128, stack(0x0000005bba600000,0x0000005bba700000) (1024K)]
  0x00000248f737ff80 JavaThread "Compiler Class File Writer" daemon [_thread_blocked, id=17500, stack(0x0000005bba700000,0x0000005bba800000) (1024K)]
  0x00000248f737c470 JavaThread "Compiler Class File Writer" daemon [_thread_blocked, id=15800, stack(0x0000005bba800000,0x0000005bba900000) (1024K)]
  0x00000248f7381330 JavaThread "ForkJoinPool.commonPool-worker-1" daemon [_thread_blocked, id=12664, stack(0x0000005bb5800000,0x0000005bb5900000) (1024K)]
  0x00000248f73819c0 JavaThread "ForkJoinPool.commonPool-worker-2" daemon [_thread_blocked, id=20356, stack(0x0000005bba900000,0x0000005bbaa00000) (1024K)]
  0x00000248f737d820 JavaThread "ForkJoinPool.commonPool-worker-3" daemon [_thread_blocked, id=13788, stack(0x0000005bbaa00000,0x0000005bbab00000) (1024K)]
  0x00000248f737cb00 JavaThread "ForkJoinPool.commonPool-worker-4" daemon [_thread_blocked, id=13820, stack(0x0000005bbab00000,0x0000005bbac00000) (1024K)]
  0x00000248f737d190 JavaThread "ForkJoinPool.commonPool-worker-5" daemon [_thread_blocked, id=21972, stack(0x0000005bbac00000,0x0000005bbad00000) (1024K)]
  0x00000248f7382050 JavaThread "ForkJoinPool.commonPool-worker-6" daemon [_thread_blocked, id=3696, stack(0x0000005bbad00000,0x0000005bbae00000) (1024K)]
  0x00000248f737e540 JavaThread "ForkJoinPool.commonPool-worker-7" daemon [_thread_blocked, id=20284, stack(0x0000005bbae00000,0x0000005bbaf00000) (1024K)]
  0x00000248f737ebd0 JavaThread "Java Debug Server"          daemon [_thread_in_native, id=4708, stack(0x0000005bbb000000,0x0000005bbb100000) (1024K)]
  0x00000248f580c100 JavaThread "pool-5-thread-1"                   [_thread_blocked, id=8888, stack(0x0000005bbb100000,0x0000005bbb200000) (1024K)]
  0x00000248f674e240 JavaThread "RxSchedulerPurge-1"         daemon [_thread_blocked, id=10172, stack(0x0000005bbb200000,0x0000005bbb300000) (1024K)]
  0x00000248f674d520 JavaThread "RxCachedWorkerPoolEvictor-1" daemon [_thread_blocked, id=3568, stack(0x0000005bbb300000,0x0000005bbb400000) (1024K)]
  0x00000248f674dbb0 JavaThread "Cleaner-0"                  daemon [_thread_blocked, id=8008, stack(0x0000005bbb600000,0x0000005bbb700000) (1024K)]
  0x00000248f6749a10 JavaThread "ForkJoinPool.commonPool-worker-8" daemon [_thread_blocked, id=17288, stack(0x0000005bbb700000,0x0000005bbb800000) (1024K)]
  0x00000248f6747940 JavaThread "ForkJoinPool.commonPool-worker-9" daemon [_thread_blocked, id=17416, stack(0x0000005bbb800000,0x0000005bbb900000) (1024K)]
  0x00000248f674a0a0 JavaThread "ForkJoinPool.commonPool-worker-10" daemon [_thread_blocked, id=18068, stack(0x0000005bbb900000,0x0000005bbba00000) (1024K)]
  0x00000248f674bae0 JavaThread "ForkJoinPool.commonPool-worker-11" daemon [_thread_blocked, id=13532, stack(0x0000005bbba00000,0x0000005bbbb00000) (1024K)]
  0x00000248f674a730 JavaThread "process reaper"             daemon [_thread_blocked, id=10816, stack(0x0000005bb4560000,0x0000005bb4580000) (128K)]
  0x00000248f618aa70 JavaThread "C2 CompilerThread1"         daemon [_thread_blocked, id=22480, stack(0x0000005bb5a00000,0x0000005bb5b00000) (1024K)]
  0x00000248f61836a0 JavaThread "C2 CompilerThread2"         daemon [_thread_blocked, id=1844, stack(0x0000005bb6a00000,0x0000005bb6b00000) (1024K)]
Total: 95

Other Threads:
  0x00000248970dd9d0 VMThread "VM Thread"                           [id=12884, stack(0x0000005bb4e00000,0x0000005bb4f00000) (1024K)]
  0x0000024896ebcb20 WatcherThread "VM Periodic Task Thread"        [id=18552, stack(0x0000005bb4d00000,0x0000005bb4e00000) (1024K)]
  0x0000024897058bf0 WorkerThread "GC Thread#0"                     [id=8356, stack(0x0000005bb4c00000,0x0000005bb4d00000) (1024K)]
  0x00000248f5639230 WorkerThread "GC Thread#1"                     [id=7712, stack(0x0000005bb5b00000,0x0000005bb5c00000) (1024K)]
  0x00000248f58df5d0 WorkerThread "GC Thread#2"                     [id=23408, stack(0x0000005bb5c00000,0x0000005bb5d00000) (1024K)]
  0x00000248f58df970 WorkerThread "GC Thread#3"                     [id=16072, stack(0x0000005bb5d00000,0x0000005bb5e00000) (1024K)]
  0x00000248f5673260 WorkerThread "GC Thread#4"                     [id=18384, stack(0x0000005bb5e00000,0x0000005bb5f00000) (1024K)]
  0x00000248f5673600 WorkerThread "GC Thread#5"                     [id=18688, stack(0x0000005bb5f00000,0x0000005bb6000000) (1024K)]
  0x00000248f56739a0 WorkerThread "GC Thread#6"                     [id=17856, stack(0x0000005bb6000000,0x0000005bb6100000) (1024K)]
  0x00000248f5b3b980 WorkerThread "GC Thread#7"                     [id=15328, stack(0x0000005bb6200000,0x0000005bb6300000) (1024K)]
  0x00000248f5b3c460 WorkerThread "GC Thread#8"                     [id=13432, stack(0x0000005bb6600000,0x0000005bb6700000) (1024K)]
  0x00000248f5b3ab00 WorkerThread "GC Thread#9"                     [id=9484, stack(0x0000005bb6700000,0x0000005bb6800000) (1024K)]
Total: 12

Threads with active compile tasks:
Total: 0

VM state: not at safepoint (normal execution)

VM Mutex/Monitor currently owned by a thread: None

Heap address: 0x0000000080000000, size: 2048 MB, Compressed Oops mode: 32-bit

CDS archive(s) mapped at: [0x00000248ae000000-0x00000248aeba0000-0x00000248aeba0000), size 12189696, SharedBaseAddress: 0x00000248ae000000, ArchiveRelocationMode: 1.
Compressed class space mapped at: 0x00000248af000000-0x00000248ef000000, reserved size: 1073741824
Narrow klass base: 0x00000248ae000000, Narrow klass shift: 0, Narrow klass range: 0x100000000

GC Precious Log:
 CardTable entry size: 512
 CPUs: 12 total, 12 available
 Memory: 16016M
 Large Page Support: Disabled
 NUMA Support: Disabled
 Compressed Oops: Enabled (32-bit)
 Alignments: Space 512K, Generation 512K, Heap 2M
 Heap Min Capacity: 100M
 Heap Initial Capacity: 100M
 Heap Max Capacity: 2G
 Pre-touch: Disabled
 Parallel Workers: 10

Heap:
 PSYoungGen      total 15872K, used 10874K [0x00000000d5580000, 0x00000000d6d80000, 0x0000000100000000)
  eden space 10752K, 56% used [0x00000000d5580000,0x00000000d5b68bd0,0x00000000d6000000)
  from space 5120K, 94% used [0x00000000d6880000,0x00000000d6d36028,0x00000000d6d80000)
  to   space 5632K, 0% used [0x00000000d6280000,0x00000000d6280000,0x00000000d6800000)
 ParOldGen       total 704512K, used 704397K [0x0000000080000000, 0x00000000ab000000, 0x00000000d5580000)
  object space 704512K, 99% used [0x0000000080000000,0x00000000aafe3428,0x00000000ab000000)
 Metaspace       used 75685K, committed 77312K, reserved 1179648K
  class space    used 8003K, committed 8704K, reserved 1048576K

Card table byte_map: [0x00000248969d0000,0x0000024896de0000] _byte_map_base: 0x00000248965d0000

Marking Bits: (ParMarkBitMap*) 0x00007ff92612a340
 Begin Bits: [0x00000248a94d0000, 0x00000248ab4d0000)
 End Bits:   [0x00000248ab4d0000, 0x00000248ad4d0000)

Polling page: 0x0000024894cc0000

Metaspace:

Usage:
  Non-class:     66.10 MB used.
      Class:      7.82 MB used.
       Both:     73.91 MB used.

Virtual space:
  Non-class space:      128.00 MB reserved,      67.00 MB ( 52%) committed,  2 nodes.
      Class space:        1.00 GB reserved,       8.50 MB ( <1%) committed,  1 nodes.
             Both:        1.12 GB reserved,      75.50 MB (  7%) committed. 

Chunk freelists:
   Non-Class:  12.11 MB
       Class:  7.53 MB
        Both:  19.63 MB

MaxMetaspaceSize: unlimited
CompressedClassSpaceSize: 1.00 GB
Initial GC threshold: 21.00 MB
Current GC threshold: 97.31 MB
CDS: on
 - commit_granule_bytes: 65536.
 - commit_granule_words: 8192.
 - virtual_space_node_default_size: 8388608.
 - enlarge_chunks_in_place: 1.
 - use_allocation_guard: 0.


Internal statistics:

num_allocs_failed_limit: 9.
num_arena_births: 1336.
num_arena_deaths: 14.
num_vsnodes_births: 3.
num_vsnodes_deaths: 0.
num_space_committed: 1208.
num_space_uncommitted: 0.
num_chunks_returned_to_freelist: 23.
num_chunks_taken_from_freelist: 4782.
num_chunk_merges: 10.
num_chunk_splits: 2926.
num_chunks_enlarged: 1659.
num_inconsistent_stats: 0.

CodeHeap 'non-profiled nmethods': size=120000Kb used=10324Kb max_used=10324Kb free=109675Kb
 bounds [0x00000248a1cf0000, 0x00000248a2710000, 0x00000248a9220000]
CodeHeap 'profiled nmethods': size=120000Kb used=30639Kb max_used=30639Kb free=89360Kb
 bounds [0x000002489a220000, 0x000002489c010000, 0x00000248a1750000]
CodeHeap 'non-nmethods': size=5760Kb used=1505Kb max_used=1568Kb free=4254Kb
 bounds [0x00000248a1750000, 0x00000248a19c0000, 0x00000248a1cf0000]
CodeCache: size=245760Kb, used=42468Kb, max_used=42531Kb, free=203289Kb
 total_blobs=13620, nmethods=12794, adapters=731, full_count=0
Compilation: enabled, stopped_count=0, restarted_count=0

Compilation events (20 events):
Event: 30.888 Thread 0x00000248efe02df0 13630       3       jdk.internal.misc.Unsafe::putLongUnaligned (14 bytes)
Event: 30.888 Thread 0x00000248efe01fb0 13620       4       org.eclipse.osgi.container.ModuleDatabase$Persistence::writeString (99 bytes)
Event: 30.888 Thread 0x00000248efe02df0 nmethod 13630 0x000002489c009a90 code [0x000002489c009c40, 0x000002489c009e48]
Event: 30.888 Thread 0x00000248efe02df0 13631       3       jdk.internal.misc.Unsafe::putLongUnaligned (157 bytes)
Event: 30.889 Thread 0x00000248efe02df0 nmethod 13631 0x000002489c009f90 code [0x000002489c00a180, 0x000002489c00a710]
Event: 30.889 Thread 0x00000248efe02df0 13632       3       jdk.internal.util.ByteArray::setLong (10 bytes)
Event: 30.889 Thread 0x00000248efe02df0 nmethod 13632 0x000002489c00a810 code [0x000002489c00aa00, 0x000002489c00af48]
Event: 30.889 Thread 0x00000248efe02df0 13627       3       org.eclipse.osgi.container.ModuleRevision::getModuleRequirements (9 bytes)
Event: 30.889 Thread 0x00000248efe02df0 nmethod 13627 0x000002489c00b210 code [0x000002489c00b3e0, 0x000002489c00b7d8]
Event: 30.892 Thread 0x00000248f61836a0 nmethod 13622 0x00000248a26fe090 code [0x00000248a26fe300, 0x00000248a26fec58]
Event: 30.892 Thread 0x00000248f61836a0 13610       4       org.osgi.framework.Version::hashCode (65 bytes)
Event: 30.893 Thread 0x00000248f61836a0 nmethod 13610 0x00000248a26ff690 code [0x00000248a26ff820, 0x00000248a26ff958]
Event: 30.893 Thread 0x00000248f61836a0 13633       4       org.eclipse.osgi.container.ModuleDatabase$Persistence::addToWriteTable (77 bytes)
Event: 30.893 Thread 0x00000248f618aa70 nmethod 13624 0x00000248a26ffa10 code [0x00000248a26ffbe0, 0x00000248a2700240]
Event: 30.893 Thread 0x00000248f618aa70 13575       4       java.lang.invoke.VarHandleByteArrayAsLongs$ArrayHandle::index (13 bytes)
Event: 30.894 Thread 0x00000248f618aa70 nmethod 13575 0x00000248a2700790 code [0x00000248a2700920, 0x00000248a27009e8]
Event: 30.904 Thread 0x00000248efe01fb0 nmethod 13620 0x00000248a2700a90 code [0x00000248a2700e80, 0x00000248a2702670]
Event: 30.905 Thread 0x00000248f61836a0 nmethod 13633 0x00000248a2703c90 code [0x00000248a2703ec0, 0x00000248a2704900]
Event: 30.969 Thread 0x00000248efe02df0 13639       3       java.util.concurrent.ThreadPoolExecutor::isShutdown (12 bytes)
Event: 30.970 Thread 0x00000248efe02df0 nmethod 13639 0x000002489c00b910 code [0x000002489c00bac0, 0x000002489c00bca0]

GC Heap History (20 events):
Event: 17.568 GC heap before
{Heap before GC invocations=1138 (full 3):
 PSYoungGen      total 11264K, used 11262K [0x00000000d5580000, 0x00000000d6200000, 0x0000000100000000)
  eden space 10752K, 100% used [0x00000000d5580000,0x00000000d6000000,0x00000000d6000000)
  from space 512K, 99% used [0x00000000d6180000,0x00000000d61ff9c0,0x00000000d6200000)
  to   space 1024K, 0% used [0x00000000d6000000,0x00000000d6000000,0x00000000d6100000)
 ParOldGen       total 694784K, used 694365K [0x0000000080000000, 0x00000000aa680000, 0x00000000d5580000)
  object space 694784K, 99% used [0x0000000080000000,0x00000000aa6177b0,0x00000000aa680000)
 Metaspace       used 74398K, committed 75968K, reserved 1179648K
  class space    used 7871K, committed 8576K, reserved 1048576K
}
Event: 17.570 GC heap after
{Heap after GC invocations=1138 (full 3):
 PSYoungGen      total 11776K, used 896K [0x00000000d5580000, 0x00000000d6200000, 0x0000000100000000)
  eden space 10752K, 0% used [0x00000000d5580000,0x00000000d5580000,0x00000000d6000000)
  from space 1024K, 87% used [0x00000000d6000000,0x00000000d60e01a0,0x00000000d6100000)
  to   space 1024K, 0% used [0x00000000d6100000,0x00000000d6100000,0x00000000d6200000)
 ParOldGen       total 694784K, used 694699K [0x0000000080000000, 0x00000000aa680000, 0x00000000d5580000)
  object space 694784K, 99% used [0x0000000080000000,0x00000000aa66af68,0x00000000aa680000)
 Metaspace       used 74398K, committed 75968K, reserved 1179648K
  class space    used 7871K, committed 8576K, reserved 1048576K
}
Event: 17.583 GC heap before
{Heap before GC invocations=1139 (full 3):
 PSYoungGen      total 11776K, used 11648K [0x00000000d5580000, 0x00000000d6200000, 0x0000000100000000)
  eden space 10752K, 100% used [0x00000000d5580000,0x00000000d6000000,0x00000000d6000000)
  from space 1024K, 87% used [0x00000000d6000000,0x00000000d60e01a0,0x00000000d6100000)
  to   space 1024K, 0% used [0x00000000d6100000,0x00000000d6100000,0x00000000d6200000)
 ParOldGen       total 694784K, used 694699K [0x0000000080000000, 0x00000000aa680000, 0x00000000d5580000)
  object space 694784K, 99% used [0x0000000080000000,0x00000000aa66af68,0x00000000aa680000)
 Metaspace       used 74551K, committed 76096K, reserved 1179648K
  class space    used 7877K, committed 8576K, reserved 1048576K
}
Event: 17.586 GC heap after
{Heap after GC invocations=1139 (full 3):
 PSYoungGen      total 11776K, used 352K [0x00000000d5580000, 0x00000000d6200000, 0x0000000100000000)
  eden space 10752K, 0% used [0x00000000d5580000,0x00000000d5580000,0x00000000d6000000)
  from space 1024K, 34% used [0x00000000d6100000,0x00000000d6158000,0x00000000d6200000)
  to   space 1024K, 0% used [0x00000000d6000000,0x00000000d6000000,0x00000000d6100000)
 ParOldGen       total 695808K, used 695443K [0x0000000080000000, 0x00000000aa780000, 0x00000000d5580000)
  object space 695808K, 99% used [0x0000000080000000,0x00000000aa724fb0,0x00000000aa780000)
 Metaspace       used 74551K, committed 76096K, reserved 1179648K
  class space    used 7877K, committed 8576K, reserved 1048576K
}
Event: 17.602 GC heap before
{Heap before GC invocations=1140 (full 3):
 PSYoungGen      total 11776K, used 11104K [0x00000000d5580000, 0x00000000d6200000, 0x0000000100000000)
  eden space 10752K, 100% used [0x00000000d5580000,0x00000000d6000000,0x00000000d6000000)
  from space 1024K, 34% used [0x00000000d6100000,0x00000000d6158000,0x00000000d6200000)
  to   space 1024K, 0% used [0x00000000d6000000,0x00000000d6000000,0x00000000d6100000)
 ParOldGen       total 695808K, used 695443K [0x0000000080000000, 0x00000000aa780000, 0x00000000d5580000)
  object space 695808K, 99% used [0x0000000080000000,0x00000000aa724fb0,0x00000000aa780000)
 Metaspace       used 74674K, committed 76288K, reserved 1179648K
  class space    used 7889K, committed 8576K, reserved 1048576K
}
Event: 17.604 GC heap after
{Heap after GC invocations=1140 (full 3):
 PSYoungGen      total 11776K, used 705K [0x00000000d5580000, 0x00000000d6200000, 0x0000000100000000)
  eden space 10752K, 0% used [0x00000000d5580000,0x00000000d5580000,0x00000000d6000000)
  from space 1024K, 68% used [0x00000000d6000000,0x00000000d60b0670,0x00000000d6100000)
  to   space 1024K, 0% used [0x00000000d6100000,0x00000000d6100000,0x00000000d6200000)
 ParOldGen       total 695808K, used 695691K [0x0000000080000000, 0x00000000aa780000, 0x00000000d5580000)
  object space 695808K, 99% used [0x0000000080000000,0x00000000aa762fb0,0x00000000aa780000)
 Metaspace       used 74674K, committed 76288K, reserved 1179648K
  class space    used 7889K, committed 8576K, reserved 1048576K
}
Event: 17.620 GC heap before
{Heap before GC invocations=1141 (full 3):
 PSYoungGen      total 11776K, used 11457K [0x00000000d5580000, 0x00000000d6200000, 0x0000000100000000)
  eden space 10752K, 100% used [0x00000000d5580000,0x00000000d6000000,0x00000000d6000000)
  from space 1024K, 68% used [0x00000000d6000000,0x00000000d60b0670,0x00000000d6100000)
  to   space 1024K, 0% used [0x00000000d6100000,0x00000000d6100000,0x00000000d6200000)
 ParOldGen       total 695808K, used 695691K [0x0000000080000000, 0x00000000aa780000, 0x00000000d5580000)
  object space 695808K, 99% used [0x0000000080000000,0x00000000aa762fb0,0x00000000aa780000)
 Metaspace       used 74681K, committed 76288K, reserved 1179648K
  class space    used 7890K, committed 8576K, reserved 1048576K
}
Event: 17.621 GC heap after
{Heap after GC invocations=1141 (full 3):
 PSYoungGen      total 11776K, used 684K [0x00000000d5580000, 0x00000000d6200000, 0x0000000100000000)
  eden space 10752K, 0% used [0x00000000d5580000,0x00000000d5580000,0x00000000d6000000)
  from space 1024K, 66% used [0x00000000d6100000,0x00000000d61ab238,0x00000000d6200000)
  to   space 1024K, 0% used [0x00000000d6000000,0x00000000d6000000,0x00000000d6100000)
 ParOldGen       total 696320K, used 696082K [0x0000000080000000, 0x00000000aa800000, 0x00000000d5580000)
  object space 696320K, 99% used [0x0000000080000000,0x00000000aa7c4848,0x00000000aa800000)
 Metaspace       used 74681K, committed 76288K, reserved 1179648K
  class space    used 7890K, committed 8576K, reserved 1048576K
}
Event: 17.634 GC heap before
{Heap before GC invocations=1142 (full 3):
 PSYoungGen      total 11776K, used 11436K [0x00000000d5580000, 0x00000000d6200000, 0x0000000100000000)
  eden space 10752K, 100% used [0x00000000d5580000,0x00000000d6000000,0x00000000d6000000)
  from space 1024K, 66% used [0x00000000d6100000,0x00000000d61ab238,0x00000000d6200000)
  to   space 1024K, 0% used [0x00000000d6000000,0x00000000d6000000,0x00000000d6100000)
 ParOldGen       total 696320K, used 696082K [0x0000000080000000, 0x00000000aa800000, 0x00000000d5580000)
  object space 696320K, 99% used [0x0000000080000000,0x00000000aa7c4848,0x00000000aa800000)
 Metaspace       used 74774K, committed 76352K, reserved 1179648K
  class space    used 7899K, committed 8576K, reserved 1048576K
}
Event: 17.636 GC heap after
{Heap after GC invocations=1142 (full 3):
 PSYoungGen      total 11776K, used 556K [0x00000000d5580000, 0x00000000d6200000, 0x0000000100000000)
  eden space 10752K, 0% used [0x00000000d5580000,0x00000000d5580000,0x00000000d6000000)
  from space 1024K, 54% used [0x00000000d6000000,0x00000000d608b120,0x00000000d6100000)
  to   space 1024K, 0% used [0x00000000d6100000,0x00000000d6100000,0x00000000d6200000)
 ParOldGen       total 696832K, used 696572K [0x0000000080000000, 0x00000000aa880000, 0x00000000d5580000)
  object space 696832K, 99% used [0x0000000080000000,0x00000000aa83f070,0x00000000aa880000)
 Metaspace       used 74774K, committed 76352K, reserved 1179648K
  class space    used 7899K, committed 8576K, reserved 1048576K
}
Event: 17.651 GC heap before
{Heap before GC invocations=1143 (full 3):
 PSYoungGen      total 11776K, used 11308K [0x00000000d5580000, 0x00000000d6200000, 0x0000000100000000)
  eden space 10752K, 100% used [0x00000000d5580000,0x00000000d6000000,0x00000000d6000000)
  from space 1024K, 54% used [0x00000000d6000000,0x00000000d608b120,0x00000000d6100000)
  to   space 1024K, 0% used [0x00000000d6100000,0x00000000d6100000,0x00000000d6200000)
 ParOldGen       total 696832K, used 696572K [0x0000000080000000, 0x00000000aa880000, 0x00000000d5580000)
  object space 696832K, 99% used [0x0000000080000000,0x00000000aa83f070,0x00000000aa880000)
 Metaspace       used 74851K, committed 76480K, reserved 1179648K
  class space    used 7918K, committed 8640K, reserved 1048576K
}
Event: 17.653 GC heap after
{Heap after GC invocations=1143 (full 3):
 PSYoungGen      total 11776K, used 536K [0x00000000d5580000, 0x00000000d6200000, 0x0000000100000000)
  eden space 10752K, 0% used [0x00000000d5580000,0x00000000d5580000,0x00000000d6000000)
  from space 1024K, 52% used [0x00000000d6100000,0x00000000d61860d8,0x00000000d6200000)
  to   space 1024K, 0% used [0x00000000d6000000,0x00000000d6000000,0x00000000d6100000)
 ParOldGen       total 697344K, used 696898K [0x0000000080000000, 0x00000000aa900000, 0x00000000d5580000)
  object space 697344K, 99% used [0x0000000080000000,0x00000000aa890b78,0x00000000aa900000)
 Metaspace       used 74851K, committed 76480K, reserved 1179648K
  class space    used 7918K, committed 8640K, reserved 1048576K
}
Event: 17.669 GC heap before
{Heap before GC invocations=1144 (full 3):
 PSYoungGen      total 11776K, used 11288K [0x00000000d5580000, 0x00000000d6200000, 0x0000000100000000)
  eden space 10752K, 100% used [0x00000000d5580000,0x00000000d6000000,0x00000000d6000000)
  from space 1024K, 52% used [0x00000000d6100000,0x00000000d61860d8,0x00000000d6200000)
  to   space 1024K, 0% used [0x00000000d6000000,0x00000000d6000000,0x00000000d6100000)
 ParOldGen       total 697344K, used 696898K [0x0000000080000000, 0x00000000aa900000, 0x00000000d5580000)
  object space 697344K, 99% used [0x0000000080000000,0x00000000aa890b78,0x00000000aa900000)
 Metaspace       used 74905K, committed 76544K, reserved 1179648K
  class space    used 7927K, committed 8640K, reserved 1048576K
}
Event: 17.671 GC heap after
{Heap after GC invocations=1144 (full 3):
 PSYoungGen      total 11776K, used 992K [0x00000000d5580000, 0x00000000d6300000, 0x0000000100000000)
  eden space 10752K, 0% used [0x00000000d5580000,0x00000000d5580000,0x00000000d6000000)
  from space 1024K, 96% used [0x00000000d6000000,0x00000000d60f8208,0x00000000d6100000)
  to   space 1536K, 0% used [0x00000000d6180000,0x00000000d6180000,0x00000000d6300000)
 ParOldGen       total 697344K, used 697198K [0x0000000080000000, 0x00000000aa900000, 0x00000000d5580000)
  object space 697344K, 99% used [0x0000000080000000,0x00000000aa8db800,0x00000000aa900000)
 Metaspace       used 74905K, committed 76544K, reserved 1179648K
  class space    used 7927K, committed 8640K, reserved 1048576K
}
Event: 17.752 GC heap before
{Heap before GC invocations=1145 (full 3):
 PSYoungGen      total 11776K, used 10710K [0x00000000d5580000, 0x00000000d6300000, 0x0000000100000000)
  eden space 10752K, 90% used [0x00000000d5580000,0x00000000d5efd648,0x00000000d6000000)
  from space 1024K, 96% used [0x00000000d6000000,0x00000000d60f8208,0x00000000d6100000)
  to   space 1536K, 0% used [0x00000000d6180000,0x00000000d6180000,0x00000000d6300000)
 ParOldGen       total 697344K, used 697198K [0x0000000080000000, 0x00000000aa900000, 0x00000000d5580000)
  object space 697344K, 99% used [0x0000000080000000,0x00000000aa8db800,0x00000000aa900000)
 Metaspace       used 75148K, committed 76736K, reserved 1179648K
  class space    used 7947K, committed 8640K, reserved 1048576K
}
Event: 17.754 GC heap after
{Heap after GC invocations=1145 (full 3):
 PSYoungGen      total 11264K, used 503K [0x00000000d5580000, 0x00000000d6200000, 0x0000000100000000)
  eden space 10752K, 0% used [0x00000000d5580000,0x00000000d5580000,0x00000000d6000000)
  from space 512K, 98% used [0x00000000d6180000,0x00000000d61fdf00,0x00000000d6200000)
  to   space 1024K, 0% used [0x00000000d6000000,0x00000000d6000000,0x00000000d6100000)
 ParOldGen       total 697344K, used 697270K [0x0000000080000000, 0x00000000aa900000, 0x00000000d5580000)
  object space 697344K, 99% used [0x0000000080000000,0x00000000aa8ed800,0x00000000aa900000)
 Metaspace       used 75148K, committed 76736K, reserved 1179648K
  class space    used 7947K, committed 8640K, reserved 1048576K
}
Event: 17.854 GC heap before
{Heap before GC invocations=1146 (full 3):
 PSYoungGen      total 11264K, used 11255K [0x00000000d5580000, 0x00000000d6200000, 0x0000000100000000)
  eden space 10752K, 100% used [0x00000000d5580000,0x00000000d6000000,0x00000000d6000000)
  from space 512K, 98% used [0x00000000d6180000,0x00000000d61fdf00,0x00000000d6200000)
  to   space 1024K, 0% used [0x00000000d6000000,0x00000000d6000000,0x00000000d6100000)
 ParOldGen       total 697344K, used 697270K [0x0000000080000000, 0x00000000aa900000, 0x00000000d5580000)
  object space 697344K, 99% used [0x0000000080000000,0x00000000aa8ed800,0x00000000aa900000)
 Metaspace       used 75264K, committed 76800K, reserved 1179648K
  class space    used 7958K, committed 8640K, reserved 1048576K
}
Event: 17.858 GC heap after
{Heap after GC invocations=1146 (full 3):
 PSYoungGen      total 11776K, used 994K [0x00000000d5580000, 0x00000000d7100000, 0x0000000100000000)
  eden space 10752K, 0% used [0x00000000d5580000,0x00000000d5580000,0x00000000d6000000)
  from space 1024K, 97% used [0x00000000d6000000,0x00000000d60f8a40,0x00000000d6100000)
  to   space 8704K, 0% used [0x00000000d6880000,0x00000000d6880000,0x00000000d7100000)
 ParOldGen       total 703488K, used 703382K [0x0000000080000000, 0x00000000aaf00000, 0x00000000d5580000)
  object space 703488K, 99% used [0x0000000080000000,0x00000000aaee5ae0,0x00000000aaf00000)
 Metaspace       used 75264K, committed 76800K, reserved 1179648K
  class space    used 7958K, committed 8640K, reserved 1048576K
}
Event: 17.993 GC heap before
{Heap before GC invocations=1147 (full 3):
 PSYoungGen      total 11776K, used 11746K [0x00000000d5580000, 0x00000000d7100000, 0x0000000100000000)
  eden space 10752K, 100% used [0x00000000d5580000,0x00000000d6000000,0x00000000d6000000)
  from space 1024K, 97% used [0x00000000d6000000,0x00000000d60f8a40,0x00000000d6100000)
  to   space 8704K, 0% used [0x00000000d6880000,0x00000000d6880000,0x00000000d7100000)
 ParOldGen       total 703488K, used 703382K [0x0000000080000000, 0x00000000aaf00000, 0x00000000d5580000)
  object space 703488K, 99% used [0x0000000080000000,0x00000000aaee5ae0,0x00000000aaf00000)
 Metaspace       used 75411K, committed 76992K, reserved 1179648K
  class space    used 7976K, committed 8704K, reserved 1048576K
}
Event: 17.997 GC heap after
{Heap after GC invocations=1147 (full 3):
 PSYoungGen      total 15872K, used 4824K [0x00000000d5580000, 0x00000000d6d80000, 0x0000000100000000)
  eden space 10752K, 0% used [0x00000000d5580000,0x00000000d5580000,0x00000000d6000000)
  from space 5120K, 94% used [0x00000000d6880000,0x00000000d6d36028,0x00000000d6d80000)
  to   space 5632K, 0% used [0x00000000d6280000,0x00000000d6280000,0x00000000d6800000)
 ParOldGen       total 704512K, used 704397K [0x0000000080000000, 0x00000000ab000000, 0x00000000d5580000)
  object space 704512K, 99% used [0x0000000080000000,0x00000000aafe3428,0x00000000ab000000)
 Metaspace       used 75411K, committed 76992K, reserved 1179648K
  class space    used 7976K, committed 8704K, reserved 1048576K
}

Dll operation events (12 events):
Event: 0.044 Loaded shared library c:\Users\10935\.vscode\extensions\redhat.java-1.44.0-win32-x64\jre\21.0.8-win32-x86_64\bin\java.dll
Event: 0.112 Loaded shared library c:\Users\10935\.vscode\extensions\redhat.java-1.44.0-win32-x64\jre\21.0.8-win32-x86_64\bin\zip.dll
Event: 0.126 Loaded shared library C:\Users\10935\.vscode\extensions\redhat.java-1.44.0-win32-x64\jre\21.0.8-win32-x86_64\bin\instrument.dll
Event: 0.131 Loaded shared library C:\Users\10935\.vscode\extensions\redhat.java-1.44.0-win32-x64\jre\21.0.8-win32-x86_64\bin\net.dll
Event: 0.134 Loaded shared library C:\Users\10935\.vscode\extensions\redhat.java-1.44.0-win32-x64\jre\21.0.8-win32-x86_64\bin\nio.dll
Event: 0.136 Loaded shared library C:\Users\10935\.vscode\extensions\redhat.java-1.44.0-win32-x64\jre\21.0.8-win32-x86_64\bin\zip.dll
Event: 0.147 Loaded shared library C:\Users\10935\.vscode\extensions\redhat.java-1.44.0-win32-x64\jre\21.0.8-win32-x86_64\bin\jimage.dll
Event: 0.202 Loaded shared library c:\Users\10935\.vscode\extensions\redhat.java-1.44.0-win32-x64\jre\21.0.8-win32-x86_64\bin\verify.dll
Event: 1.005 Loaded shared library C:\Users\10935\AppData\Roaming\Code\User\globalStorage\redhat.java\1.44.0\config_win\org.eclipse.equinox.launcher\org.eclipse.equinox.launcher.win32.win32.x86_64_1.2.1400.v20250730-1736\eclipse_11913.dll
Event: 2.087 Loaded shared library C:\Users\10935\AppData\Local\Temp\jna-46738908\jna5778428475984269957.dll
Event: 3.252 Loaded shared library C:\Users\10935\.vscode\extensions\redhat.java-1.44.0-win32-x64\jre\21.0.8-win32-x86_64\bin\sunmscapi.dll
Event: 3.523 Loaded shared library C:\Users\10935\.vscode\extensions\redhat.java-1.44.0-win32-x64\jre\21.0.8-win32-x86_64\bin\extnet.dll

Deoptimization events (20 events):
Event: 18.008 Thread 0x00000248f7381330 Uncommon trap: trap_request=0xffffffde fr.pc=0x00000248a2420898 relative=0x0000000000000078
Event: 18.008 Thread 0x00000248f7381330 Uncommon trap: reason=class_check action=maybe_recompile pc=0x00000248a2420898 method=java.util.LinkedHashMap.afterNodeInsertion(Z)V @ 15 c2
Event: 18.008 Thread 0x00000248f7381330 DEOPT PACKING pc=0x00000248a2420898 sp=0x0000005bb58feb40
Event: 18.008 Thread 0x00000248f7381330 DEOPT UNPACKING pc=0x00000248a17a3aa2 sp=0x0000005bb58feab8 mode 2
Event: 30.851 Thread 0x00000248f580ce20 Uncommon trap: trap_request=0xffffffde fr.pc=0x00000248a2221684 relative=0x00000000000002a4
Event: 30.851 Thread 0x00000248f580ce20 Uncommon trap: reason=class_check action=maybe_recompile pc=0x00000248a2221684 method=java.io.BufferedOutputStream.flushBuffer()V @ 20 c2
Event: 30.851 Thread 0x00000248f580ce20 DEOPT PACKING pc=0x00000248a2221684 sp=0x0000005bb61fe980
Event: 30.851 Thread 0x00000248f580ce20 DEOPT UNPACKING pc=0x00000248a17a3aa2 sp=0x0000005bb61fe8d8 mode 2
Event: 30.852 Thread 0x00000248f580ce20 Uncommon trap: trap_request=0xffffffde fr.pc=0x00000248a2221684 relative=0x00000000000002a4
Event: 30.852 Thread 0x00000248f580ce20 Uncommon trap: reason=class_check action=maybe_recompile pc=0x00000248a2221684 method=java.io.BufferedOutputStream.flushBuffer()V @ 20 c2
Event: 30.852 Thread 0x00000248f580ce20 DEOPT PACKING pc=0x00000248a2221684 sp=0x0000005bb61fe980
Event: 30.852 Thread 0x00000248f580ce20 DEOPT UNPACKING pc=0x00000248a17a3aa2 sp=0x0000005bb61fe8d8 mode 2
Event: 30.853 Thread 0x00000248f580ce20 Uncommon trap: trap_request=0xffffffde fr.pc=0x00000248a2221684 relative=0x00000000000002a4
Event: 30.853 Thread 0x00000248f580ce20 Uncommon trap: reason=class_check action=maybe_recompile pc=0x00000248a2221684 method=java.io.BufferedOutputStream.flushBuffer()V @ 20 c2
Event: 30.853 Thread 0x00000248f580ce20 DEOPT PACKING pc=0x00000248a2221684 sp=0x0000005bb61fe980
Event: 30.853 Thread 0x00000248f580ce20 DEOPT UNPACKING pc=0x00000248a17a3aa2 sp=0x0000005bb61fe8d8 mode 2
Event: 30.859 Thread 0x00000248f580ce20 Uncommon trap: trap_request=0xffffff45 fr.pc=0x00000248a21d5eb4 relative=0x00000000000005b4
Event: 30.860 Thread 0x00000248f580ce20 Uncommon trap: reason=unstable_if action=reinterpret pc=0x00000248a21d5eb4 method=java.util.HashMap.removeNode(ILjava/lang/Object;Ljava/lang/Object;ZZ)Ljava/util/HashMap$Node; @ 62 c2
Event: 30.860 Thread 0x00000248f580ce20 DEOPT PACKING pc=0x00000248a21d5eb4 sp=0x0000005bb61feb80
Event: 30.860 Thread 0x00000248f580ce20 DEOPT UNPACKING pc=0x00000248a17a3aa2 sp=0x0000005bb61fea80 mode 2

Classes loaded (20 events):
Event: 17.776 Loading class java/util/stream/ReduceOps$CountingSink done
Event: 17.776 Loading class java/util/stream/ReduceOps$CountingSink$OfRef done
Event: 17.910 Loading class java/util/stream/ReduceOps$1
Event: 17.910 Loading class java/util/stream/ReduceOps$1 done
Event: 17.910 Loading class java/util/stream/ReduceOps$1ReducingSink
Event: 17.910 Loading class java/util/stream/ReduceOps$1ReducingSink done
Event: 17.968 Loading class java/util/concurrent/ScheduledThreadPoolExecutor$DelayedWorkQueue$Itr
Event: 17.968 Loading class java/util/concurrent/ScheduledThreadPoolExecutor$DelayedWorkQueue$Itr done
Event: 18.351 Loading class java/lang/ProcessHandleImpl$ExitCompletion
Event: 18.351 Loading class java/lang/ProcessHandleImpl$ExitCompletion done
Event: 18.351 Loading class java/lang/ProcessHandleImpl$1
Event: 18.351 Loading class java/lang/ProcessHandleImpl$1 done
Event: 18.352 Loading class java/util/concurrent/CompletableFuture$UniHandle
Event: 18.352 Loading class java/util/concurrent/CompletableFuture$UniHandle done
Event: 30.896 Loading class sun/nio/cs/ISO_8859_1$Encoder
Event: 30.896 Loading class sun/nio/cs/ISO_8859_1$Encoder done
Event: 30.896 Loading class sun/nio/cs/Surrogate$Parser
Event: 30.896 Loading class sun/nio/cs/Surrogate$Parser done
Event: 30.896 Loading class sun/nio/cs/Surrogate
Event: 30.896 Loading class sun/nio/cs/Surrogate done

Classes unloaded (7 events):
Event: 2.494 Thread 0x00000248970dd9d0 Unloading class 0x00000248af1ab000 'java/lang/invoke/LambdaForm$MH+0x00000248af1ab000'
Event: 2.494 Thread 0x00000248970dd9d0 Unloading class 0x00000248af1aac00 'java/lang/invoke/LambdaForm$MH+0x00000248af1aac00'
Event: 2.494 Thread 0x00000248970dd9d0 Unloading class 0x00000248af1aa800 'java/lang/invoke/LambdaForm$MH+0x00000248af1aa800'
Event: 2.494 Thread 0x00000248970dd9d0 Unloading class 0x00000248af1aa400 'java/lang/invoke/LambdaForm$MH+0x00000248af1aa400'
Event: 2.494 Thread 0x00000248970dd9d0 Unloading class 0x00000248af1aa000 'java/lang/invoke/LambdaForm$BMH+0x00000248af1aa000'
Event: 2.494 Thread 0x00000248970dd9d0 Unloading class 0x00000248af1a9c00 'java/lang/invoke/LambdaForm$DMH+0x00000248af1a9c00'
Event: 2.494 Thread 0x00000248970dd9d0 Unloading class 0x00000248af1a8800 'java/lang/invoke/LambdaForm$DMH+0x00000248af1a8800'

Classes redefined (0 events):
No events

Internal exceptions (20 events):
Event: 17.150 Thread 0x00000248f5df2230 Exception <a 'sun/nio/fs/WindowsException'{0x00000000d57aa5d8}> (0x00000000d57aa5d8) 
thrown [s\src\hotspot\share\prims\jni.cpp, line 520]
Event: 17.162 Thread 0x00000248f7381330 Implicit null exception at 0x00000248a1daab4b to 0x00000248a1daab92
Event: 17.166 Thread 0x00000248f7381330 Implicit null exception at 0x00000248a21a9d7a to 0x00000248a21a9dd4
Event: 17.167 Thread 0x00000248f674e8d0 Exception <a 'java/lang/NoSuchMethodError'{0x00000000d5b83b50}: 'void java.lang.invoke.DirectMethodHandle$Holder.invokeStatic(java.lang.Object, java.lang.Object, java.lang.Object, java.lang.Object, java.lang.Object, java.lang.Object, java.lang.Object)'> (0x00000000d5b83b50) 
thrown [s\src\hotspot\share\interpreter\linkResolver.cpp, line 773]
Event: 17.167 Thread 0x00000248f7381330 Implicit null exception at 0x00000248a214533e to 0x00000248a21476cc
Event: 17.312 Thread 0x00000248f73819c0 Implicit null exception at 0x00000248a21a965a to 0x00000248a21a96b3
Event: 17.452 Thread 0x00000248f5dee720 Implicit null exception at 0x00000248a2406bd0 to 0x00000248a24073dc
Event: 17.452 Thread 0x00000248f5df2230 Exception <a 'sun/nio/fs/WindowsException'{0x00000000d5cca858}> (0x00000000d5cca858) 
thrown [s\src\hotspot\share\prims\jni.cpp, line 520]
Event: 17.453 Thread 0x00000248f5df2230 Exception <a 'sun/nio/fs/WindowsException'{0x00000000d5ccae88}> (0x00000000d5ccae88) 
thrown [s\src\hotspot\share\prims\jni.cpp, line 520]
Event: 17.453 Thread 0x00000248f5df2230 Exception <a 'sun/nio/fs/WindowsException'{0x00000000d5d36a80}> (0x00000000d5d36a80) 
thrown [s\src\hotspot\share\prims\jni.cpp, line 520]
Event: 17.456 Thread 0x00000248f5df2230 Exception <a 'sun/nio/fs/WindowsException'{0x00000000d559bc30}> (0x00000000d559bc30) 
thrown [s\src\hotspot\share\prims\jni.cpp, line 520]
Event: 17.456 Thread 0x00000248f5df2230 Exception <a 'sun/nio/fs/WindowsException'{0x00000000d566b918}> (0x00000000d566b918) 
thrown [s\src\hotspot\share\prims\jni.cpp, line 520]
Event: 17.457 Thread 0x00000248f5df2230 Exception <a 'sun/nio/fs/WindowsException'{0x00000000d56d8c40}> (0x00000000d56d8c40) 
thrown [s\src\hotspot\share\prims\jni.cpp, line 520]
Event: 17.459 Thread 0x00000248f5df2230 Exception <a 'sun/nio/fs/WindowsException'{0x00000000d5a77f78}> (0x00000000d5a77f78) 
thrown [s\src\hotspot\share\prims\jni.cpp, line 520]
Event: 17.459 Thread 0x00000248f5df2230 Exception <a 'sun/nio/fs/WindowsException'{0x00000000d5a78858}> (0x00000000d5a78858) 
thrown [s\src\hotspot\share\prims\jni.cpp, line 520]
Event: 17.778 Thread 0x00000248f5df2230 Exception <a 'sun/nio/fs/WindowsException'{0x00000000d58e57b0}> (0x00000000d58e57b0) 
thrown [s\src\hotspot\share\prims\jni.cpp, line 520]
Event: 17.778 Thread 0x00000248f5df2230 Exception <a 'sun/nio/fs/WindowsException'{0x00000000d58e5de0}> (0x00000000d58e5de0) 
thrown [s\src\hotspot\share\prims\jni.cpp, line 520]
Event: 18.204 Thread 0x00000248f674c170 Exception <a 'java/lang/NoSuchMethodError'{0x00000000d57c48e8}: 'long java.lang.invoke.DelegatingMethodHandle$Holder.reinvoke_L(java.lang.Object, java.lang.Object)'> (0x00000000d57c48e8) 
thrown [s\src\hotspot\share\interpreter\linkResolver.cpp, line 773]
Event: 18.205 Thread 0x00000248f674c170 Exception <a 'java/lang/NoSuchMethodError'{0x00000000d57ced20}: 'void java.lang.invoke.DelegatingMethodHandle$Holder.reinvoke_L(java.lang.Object, java.lang.Object, long)'> (0x00000000d57ced20) 
thrown [s\src\hotspot\share\interpreter\linkResolver.cpp, line 773]
Event: 18.353 Thread 0x00000248f674c170 Exception <a 'java/lang/NoSuchMethodError'{0x00000000d58afb58}: 'long java.lang.invoke.Invokers$Holder.invokeExact_MT(java.lang.Object, java.lang.Object, java.lang.Object)'> (0x00000000d58afb58) 
thrown [s\src\hotspot\share\interpreter\linkResolver.cpp, line 773]

ZGC Phase Switch (0 events):
No events

VM Operations (20 events):
Event: 17.600 Executing VM operation: ParallelGCFailedAllocation (Allocation Failure)
Event: 17.604 Executing VM operation: ParallelGCFailedAllocation (Allocation Failure) done
Event: 17.620 Executing VM operation: ParallelGCFailedAllocation (Allocation Failure)
Event: 17.621 Executing VM operation: ParallelGCFailedAllocation (Allocation Failure) done
Event: 17.634 Executing VM operation: ParallelGCFailedAllocation (Allocation Failure)
Event: 17.636 Executing VM operation: ParallelGCFailedAllocation (Allocation Failure) done
Event: 17.650 Executing VM operation: ParallelGCFailedAllocation (Allocation Failure)
Event: 17.653 Executing VM operation: ParallelGCFailedAllocation (Allocation Failure) done
Event: 17.669 Executing VM operation: ParallelGCFailedAllocation (Allocation Failure)
Event: 17.671 Executing VM operation: ParallelGCFailedAllocation (Allocation Failure) done
Event: 17.752 Executing VM operation: ParallelGCFailedAllocation (Allocation Failure)
Event: 17.754 Executing VM operation: ParallelGCFailedAllocation (Allocation Failure) done
Event: 17.854 Executing VM operation: ParallelGCFailedAllocation (Allocation Failure)
Event: 17.858 Executing VM operation: ParallelGCFailedAllocation (Allocation Failure) done
Event: 17.993 Executing VM operation: ParallelGCFailedAllocation (Allocation Failure)
Event: 17.997 Executing VM operation: ParallelGCFailedAllocation (Allocation Failure) done
Event: 19.009 Executing VM operation: Cleanup
Event: 19.009 Executing VM operation: Cleanup done
Event: 31.095 Executing VM operation: Cleanup
Event: 31.095 Executing VM operation: Cleanup done

Memory protections (0 events):
No events

Nmethod flushes (20 events):
Event: 6.563 Thread 0x00000248970dd9d0 flushing  nmethod 0x000002489aa45e90
Event: 6.563 Thread 0x00000248970dd9d0 flushing osr nmethod 0x000002489aa94910
Event: 6.563 Thread 0x00000248970dd9d0 flushing  nmethod 0x000002489aab2590
Event: 6.563 Thread 0x00000248970dd9d0 flushing  nmethod 0x000002489aab7290
Event: 6.563 Thread 0x00000248970dd9d0 flushing  nmethod 0x000002489aabbc90
Event: 6.563 Thread 0x00000248970dd9d0 flushing  nmethod 0x000002489aac9d10
Event: 6.563 Thread 0x00000248970dd9d0 flushing  nmethod 0x000002489aace190
Event: 6.563 Thread 0x00000248970dd9d0 flushing  nmethod 0x000002489aaceb10
Event: 6.563 Thread 0x00000248970dd9d0 flushing  nmethod 0x000002489aadf490
Event: 6.563 Thread 0x00000248970dd9d0 flushing  nmethod 0x000002489aae0f90
Event: 6.563 Thread 0x00000248970dd9d0 flushing  nmethod 0x000002489aae1e90
Event: 6.563 Thread 0x00000248970dd9d0 flushing  nmethod 0x000002489aae2590
Event: 6.563 Thread 0x00000248970dd9d0 flushing  nmethod 0x000002489aae3690
Event: 6.563 Thread 0x00000248970dd9d0 flushing  nmethod 0x000002489aae3b10
Event: 6.563 Thread 0x00000248970dd9d0 flushing  nmethod 0x000002489aae8610
Event: 6.563 Thread 0x00000248970dd9d0 flushing  nmethod 0x000002489ab3d790
Event: 6.563 Thread 0x00000248970dd9d0 flushing  nmethod 0x000002489ab99e10
Event: 6.563 Thread 0x00000248970dd9d0 flushing  nmethod 0x000002489ab9a210
Event: 6.563 Thread 0x00000248970dd9d0 flushing  nmethod 0x000002489ab9a610
Event: 6.563 Thread 0x00000248970dd9d0 flushing  nmethod 0x000002489aba6a90

Events (20 events):
Event: 16.818 Thread 0x00000248f737ebd0 Thread added: 0x00000248f580c100
Event: 16.967 Thread 0x00000248f580c100 Thread added: 0x00000248f674e240
Event: 16.974 Thread 0x00000248f580c100 Thread added: 0x00000248f674d520
Event: 17.088 Thread 0x00000248f580c100 Thread added: 0x00000248f674e8d0
Event: 17.164 Thread 0x00000248f674e8d0 Thread added: 0x00000248f674adc0
Event: 17.491 Thread 0x00000248f737d820 Thread added: 0x00000248f674dbb0
Event: 17.777 Thread 0x00000248f737cb00 Thread added: 0x00000248f6749a10
Event: 17.778 Thread 0x00000248f737e540 Thread added: 0x00000248f6747940
Event: 17.779 Thread 0x00000248f6749a10 Thread added: 0x00000248f674a0a0
Event: 17.804 Thread 0x00000248f6747940 Thread added: 0x00000248f674bae0
Event: 18.203 Thread 0x00000248f580c100 Thread added: 0x00000248f674c170
Event: 18.203 Thread 0x00000248f674adc0 Thread exited: 0x00000248f674adc0
Event: 18.349 Thread 0x00000248f618aa70 Thread exited: 0x00000248f618aa70
Event: 18.349 Thread 0x00000248f6183d70 Thread exited: 0x00000248f6183d70
Event: 18.352 Thread 0x00000248f674c170 Thread added: 0x00000248f674a730
Event: 18.354 Thread 0x00000248f674c170 Thread exited: 0x00000248f674c170
Event: 18.398 Thread 0x00000248f674e8d0 Thread exited: 0x00000248f674e8d0
Event: 21.104 Thread 0x00000248f737b0c0 Thread exited: 0x00000248f737b0c0
Event: 30.860 Thread 0x00000248efe02df0 Thread added: 0x00000248f618aa70
Event: 30.872 Thread 0x00000248efe02df0 Thread added: 0x00000248f61836a0


Dynamic libraries:
0x00007ff740050000 - 0x00007ff74005e000 	c:\Users\10935\.vscode\extensions\redhat.java-1.44.0-win32-x64\jre\21.0.8-win32-x86_64\bin\java.exe
0x00007ff994650000 - 0x00007ff994867000 	C:\windows\SYSTEM32\ntdll.dll
0x00007ff9922f0000 - 0x00007ff9923b4000 	C:\windows\System32\KERNEL32.DLL
0x00007ff991960000 - 0x00007ff991d32000 	C:\windows\System32\KERNELBASE.dll
0x00007ff9921c0000 - 0x00007ff9922d1000 	C:\windows\System32\ucrtbase.dll
0x00007ff98a420000 - 0x00007ff98a43e000 	c:\Users\10935\.vscode\extensions\redhat.java-1.44.0-win32-x64\jre\21.0.8-win32-x86_64\bin\VCRUNTIME140.dll
0x00007ff979c40000 - 0x00007ff979c58000 	c:\Users\10935\.vscode\extensions\redhat.java-1.44.0-win32-x64\jre\21.0.8-win32-x86_64\bin\jli.dll
0x00007ff993ed0000 - 0x00007ff994081000 	C:\windows\System32\USER32.dll
0x00007ff96c3d0000 - 0x00007ff96c66b000 	C:\windows\WinSxS\amd64_microsoft.windows.common-controls_6595b64144ccf1df_6.0.22621.5697_none_27154c497380d676\COMCTL32.dll
0x00007ff991d40000 - 0x00007ff991d66000 	C:\windows\System32\win32u.dll
0x00007ff992a70000 - 0x00007ff992b17000 	C:\windows\System32\msvcrt.dll
0x00007ff9929e0000 - 0x00007ff992a09000 	C:\windows\System32\GDI32.dll
0x00007ff992090000 - 0x00007ff9921b3000 	C:\windows\System32\gdi32full.dll
0x00007ff991e30000 - 0x00007ff991eca000 	C:\windows\System32\msvcp_win.dll
0x00007ff992750000 - 0x00007ff992781000 	C:\windows\System32\IMM32.DLL
0x0000024896500000 - 0x0000024896516000 	C:\windows\System32\umppc20006.dll
0x0000024896540000 - 0x0000024896554000 	C:\windows\System32\CsXumd64_20006.dll
0x00007ff990700000 - 0x00007ff99070c000 	c:\Users\10935\.vscode\extensions\redhat.java-1.44.0-win32-x64\jre\21.0.8-win32-x86_64\bin\vcruntime140_1.dll
0x00007ff96d4e0000 - 0x00007ff96d56d000 	c:\Users\10935\.vscode\extensions\redhat.java-1.44.0-win32-x64\jre\21.0.8-win32-x86_64\bin\msvcp140.dll
0x00007ff925470000 - 0x00007ff926207000 	c:\Users\10935\.vscode\extensions\redhat.java-1.44.0-win32-x64\jre\21.0.8-win32-x86_64\bin\server\jvm.dll
0x00007ff9923e0000 - 0x00007ff992491000 	C:\windows\System32\ADVAPI32.dll
0x00007ff992e00000 - 0x00007ff992ea8000 	C:\windows\System32\sechost.dll
0x00007ff9918b0000 - 0x00007ff9918d8000 	C:\windows\System32\bcrypt.dll
0x00007ff993db0000 - 0x00007ff993ec7000 	C:\windows\System32\RPCRT4.dll
0x00007ff9924a0000 - 0x00007ff992511000 	C:\windows\System32\WS2_32.dll
0x00007ff991610000 - 0x00007ff99165d000 	C:\windows\SYSTEM32\POWRPROF.dll
0x00007ff98d100000 - 0x00007ff98d134000 	C:\windows\SYSTEM32\WINMM.dll
0x00007ff9871c0000 - 0x00007ff9871ca000 	C:\windows\SYSTEM32\VERSION.dll
0x00007ff9915f0000 - 0x00007ff991603000 	C:\windows\SYSTEM32\UMPDC.dll
0x00007ff9906e0000 - 0x00007ff9906f8000 	C:\windows\SYSTEM32\kernel.appcore.dll
0x00007ff98cbb0000 - 0x00007ff98cbba000 	c:\Users\10935\.vscode\extensions\redhat.java-1.44.0-win32-x64\jre\21.0.8-win32-x86_64\bin\jimage.dll
0x00007ff98ed50000 - 0x00007ff98ef83000 	C:\windows\SYSTEM32\DBGHELP.DLL
0x00007ff992eb0000 - 0x00007ff993242000 	C:\windows\System32\combase.dll
0x00007ff994090000 - 0x00007ff994168000 	C:\windows\System32\OLEAUT32.dll
0x00007ff96b550000 - 0x00007ff96b582000 	C:\windows\SYSTEM32\dbgcore.DLL
0x00007ff992010000 - 0x00007ff99208b000 	C:\windows\System32\bcryptPrimitives.dll
0x00007ff98c9f0000 - 0x00007ff98c9ff000 	c:\Users\10935\.vscode\extensions\redhat.java-1.44.0-win32-x64\jre\21.0.8-win32-x86_64\bin\instrument.dll
0x00007ff979a90000 - 0x00007ff979aaf000 	c:\Users\10935\.vscode\extensions\redhat.java-1.44.0-win32-x64\jre\21.0.8-win32-x86_64\bin\java.dll
0x00007ff9933f0000 - 0x00007ff993c91000 	C:\windows\System32\SHELL32.dll
0x00007ff991ed0000 - 0x00007ff99200f000 	C:\windows\System32\wintypes.dll
0x00007ff98f2f0000 - 0x00007ff98fc0a000 	C:\windows\SYSTEM32\windows.storage.dll
0x00007ff992cf0000 - 0x00007ff992dfb000 	C:\windows\System32\SHCORE.dll
0x00007ff992520000 - 0x00007ff992589000 	C:\windows\System32\shlwapi.dll
0x00007ff991670000 - 0x00007ff99169b000 	C:\windows\SYSTEM32\profapi.dll
0x00007ff96f1a0000 - 0x00007ff96f1b8000 	c:\Users\10935\.vscode\extensions\redhat.java-1.44.0-win32-x64\jre\21.0.8-win32-x86_64\bin\zip.dll
0x00007ff98c9e0000 - 0x00007ff98c9f0000 	C:\Users\10935\.vscode\extensions\redhat.java-1.44.0-win32-x64\jre\21.0.8-win32-x86_64\bin\net.dll
0x00007ff98d6e0000 - 0x00007ff98d80c000 	C:\windows\SYSTEM32\WINHTTP.dll
0x00007ff990ba0000 - 0x00007ff990c09000 	C:\windows\system32\mswsock.dll
0x00007ff96e7e0000 - 0x00007ff96e7f6000 	C:\Users\10935\.vscode\extensions\redhat.java-1.44.0-win32-x64\jre\21.0.8-win32-x86_64\bin\nio.dll
0x00007ff98d5d0000 - 0x00007ff98d5e0000 	c:\Users\10935\.vscode\extensions\redhat.java-1.44.0-win32-x64\jre\21.0.8-win32-x86_64\bin\verify.dll
0x00007ff9708e0000 - 0x00007ff970925000 	C:\Users\10935\AppData\Roaming\Code\User\globalStorage\redhat.java\1.44.0\config_win\org.eclipse.equinox.launcher\org.eclipse.equinox.launcher.win32.win32.x86_64_1.2.1400.v20250730-1736\eclipse_11913.dll
0x00007ff993250000 - 0x00007ff9933f0000 	C:\windows\System32\ole32.dll
0x00007ff990e90000 - 0x00007ff990eab000 	C:\windows\SYSTEM32\CRYPTSP.dll
0x00007ff990640000 - 0x00007ff990677000 	C:\windows\system32\rsaenh.dll
0x00007ff990c40000 - 0x00007ff990c68000 	C:\windows\SYSTEM32\USERENV.dll
0x00007ff990e70000 - 0x00007ff990e7c000 	C:\windows\SYSTEM32\CRYPTBASE.dll
0x00007ff98ff70000 - 0x00007ff98ff9d000 	C:\windows\SYSTEM32\IPHLPAPI.DLL
0x00007ff992790000 - 0x00007ff992799000 	C:\windows\System32\NSI.dll
0x00007ff96d010000 - 0x00007ff96d059000 	C:\Users\10935\AppData\Local\Temp\jna-46738908\jna5778428475984269957.dll
0x00007ff994600000 - 0x00007ff994608000 	C:\windows\System32\PSAPI.DLL
0x00007ff98d830000 - 0x00007ff98d849000 	C:\windows\SYSTEM32\dhcpcsvc6.DLL
0x00007ff98d810000 - 0x00007ff98d82f000 	C:\windows\SYSTEM32\dhcpcsvc.DLL
0x00007ff98a0f0000 - 0x00007ff98a0fe000 	C:\Users\10935\.vscode\extensions\redhat.java-1.44.0-win32-x64\jre\21.0.8-win32-x86_64\bin\sunmscapi.dll
0x00007ff991740000 - 0x00007ff9918a8000 	C:\windows\System32\CRYPT32.dll
0x00007ff990f80000 - 0x00007ff990fad000 	C:\windows\SYSTEM32\ncrypt.dll
0x00007ff990f40000 - 0x00007ff990f77000 	C:\windows\SYSTEM32\NTASN1.dll
0x00007ff98ffa0000 - 0x00007ff990098000 	C:\windows\SYSTEM32\DNSAPI.dll
0x00007ff98be60000 - 0x00007ff98be6a000 	C:\Windows\System32\rasadhlp.dll
0x00007ff98dac0000 - 0x00007ff98db44000 	C:\windows\System32\fwpuclnt.dll
0x00007ff988830000 - 0x00007ff988839000 	C:\Users\10935\.vscode\extensions\redhat.java-1.44.0-win32-x64\jre\21.0.8-win32-x86_64\bin\extnet.dll

JVMTI agents:
c:\Users\10935\.vscode\extensions\redhat.java-1.44.0-win32-x64\lombok\lombok-1.18.39-4050.jar path:c:\Users\10935\.vscode\extensions\redhat.java-1.44.0-win32-x64\jre\21.0.8-win32-x86_64\bin\instrument.dll, loaded, initialized, instrumentlib options:none

dbghelp: loaded successfully - version: 4.0.5 - missing functions: none
symbol engine: initialized successfully - sym options: 0x614 - pdb path: .;c:\Users\10935\.vscode\extensions\redhat.java-1.44.0-win32-x64\jre\21.0.8-win32-x86_64\bin;C:\windows\SYSTEM32;C:\windows\WinSxS\amd64_microsoft.windows.common-controls_6595b64144ccf1df_6.0.22621.5697_none_27154c497380d676;c:\Users\10935\.vscode\extensions\redhat.java-1.44.0-win32-x64\jre\21.0.8-win32-x86_64\bin\server;C:\Users\10935\AppData\Roaming\Code\User\globalStorage\redhat.java\1.44.0\config_win\org.eclipse.equinox.launcher\org.eclipse.equinox.launcher.win32.win32.x86_64_1.2.1400.v20250730-1736;C:\Users\10935\AppData\Local\Temp\jna-46738908

VM Arguments:
jvm_args: --add-modules=ALL-SYSTEM --add-opens=java.base/java.util=ALL-UNNAMED --add-opens=java.base/java.lang=ALL-UNNAMED --add-opens=java.base/sun.nio.fs=ALL-UNNAMED -Declipse.application=org.eclipse.jdt.ls.core.id1 -Dosgi.bundles.defaultStartLevel=4 -Declipse.product=org.eclipse.jdt.ls.core.product -Djava.import.generatesMetadataFilesAtProjectRoot=false -DDetectVMInstallationsJob.disabled=true -Dfile.encoding=utf8 -XX:+UseParallelGC -XX:GCTimeRatio=4 -XX:AdaptiveSizePolicyWeight=90 -Dsun.zip.disableMemoryMapping=true -Xmx2G -Xms100m -Xlog:disable -javaagent:c:\Users\10935\.vscode\extensions\redhat.java-1.44.0-win32-x64\lombok\lombok-1.18.39-4050.jar -XX:+HeapDumpOnOutOfMemoryError -XX:HeapDumpPath=c:\Users\10935\AppData\Roaming\Code\User\workspaceStorage\45f548e0b30d52b6814e104f887155be\redhat.java -Daether.dependencyCollector.impl=bf 
java_command: c:\Users\10935\.vscode\extensions\redhat.java-1.44.0-win32-x64\server\plugins\org.eclipse.equinox.launcher_1.7.0.v20250519-0528.jar -configuration c:\Users\10935\AppData\Roaming\Code\User\globalStorage\redhat.java\1.44.0\config_win -data c:\Users\10935\AppData\Roaming\Code\User\workspaceStorage\45f548e0b30d52b6814e104f887155be\redhat.java\jdt_ws --pipe=\\.\pipe\lsp-0b6d46c6d1efd8edb8115d97610c5892-sock
java_class_path (initial): c:\Users\10935\.vscode\extensions\redhat.java-1.44.0-win32-x64\server\plugins\org.eclipse.equinox.launcher_1.7.0.v20250519-0528.jar
Launcher Type: SUN_STANDARD

[Global flags]
    uintx AdaptiveSizePolicyWeight                 = 90                                        {product} {command line}
     intx CICompilerCount                          = 4                                         {product} {ergonomic}
    uintx GCTimeRatio                              = 4                                         {product} {command line}
     bool HeapDumpOnOutOfMemoryError               = true                                   {manageable} {command line}
    ccstr HeapDumpPath                             = c:\Users\10935\AppData\Roaming\Code\User\workspaceStorage\45f548e0b30d52b6814e104f887155be\redhat.java         {manageable} {command line}
   size_t InitialHeapSize                          = 104857600                                 {product} {command line}
   size_t MaxHeapSize                              = 2147483648                                {product} {command line}
   size_t MaxNewSize                               = 715653120                                 {product} {ergonomic}
   size_t MinHeapDeltaBytes                        = 524288                                    {product} {ergonomic}
   size_t MinHeapSize                              = 104857600                                 {product} {command line}
   size_t NewSize                                  = 34603008                                  {product} {ergonomic}
    uintx NonNMethodCodeHeapSize                   = 5839372                                {pd product} {ergonomic}
    uintx NonProfiledCodeHeapSize                  = 122909434                              {pd product} {ergonomic}
   size_t OldSize                                  = 70254592                                  {product} {ergonomic}
    uintx ProfiledCodeHeapSize                     = 122909434                              {pd product} {ergonomic}
    uintx ReservedCodeCacheSize                    = 251658240                              {pd product} {ergonomic}
     bool SegmentedCodeCache                       = true                                      {product} {ergonomic}
   size_t SoftMaxHeapSize                          = 2147483648                             {manageable} {ergonomic}
     bool UseCompressedOops                        = true                           {product lp64_product} {ergonomic}
     bool UseLargePagesIndividualAllocation        = false                                  {pd product} {ergonomic}
     bool UseParallelGC                            = true                                      {product} {command line}

Logging:
Log output configuration:
 #0: stdout all=off uptime,level,tags foldmultilines=false
 #1: stderr all=off uptime,level,tags foldmultilines=false

Environment Variables:
JAVA_HOME=C:\Program Files\Java\jdk-1.8
PATH=C:\Program Files (x86)\Common Files\Oracle\Java\java8path;C:\Program Files (x86)\Common Files\Oracle\Java\javapath;D:\DevSuiteHome_1\jdk\jre\bin\classic;D:\DevSuiteHome_1\jdk\jre\bin;D:\DevSuiteHome_1\jdk\jre\bin\client;D:\DevSuiteHome_1\jlib;D:\DevSuiteHome_1\bin;D:\DevSuiteHome_1\jre\1.4.2\bin\client;D:\DevSuiteHome_1\jre\1.4.2\bin;C:\windows\system32;C:\windows;C:\windows\System32\Wbem;C:\windows\System32\WindowsPowerShell\v1.0\;C:\windows\System32\OpenSSH\;C:\Program Files\TortoiseSVN\bin;C:\Program Files\Java\jdk-1.8\bin;C:\Program Files\nodejs\;C:\apache-maven-3.9.11\bin;C:\Users\10935\AppData\Local\Microsoft\WindowsApps;C:\Users\10935\AppData\Local\Programs\Microsoft VS Code\bin;C:\Users\10935\AppData\Local\Programs\Git\cmd;C:\Users\10935\AppData\Roaming\npm;C:\Users\10935\AppData\Local\JetBrains\PyCharm 2025.1.3\bin;;C:\Users\10935\AppData\Local\Programs\cursor\resources\app\bin
USERNAME=10935
OS=Windows_NT
PROCESSOR_IDENTIFIER=Intel64 Family 6 Model 186 Stepping 3, GenuineIntel
TMP=C:\Users\10935\AppData\Local\Temp
TEMP=C:\Users\10935\AppData\Local\Temp




Periodic native trim disabled

---------------  S Y S T E M  ---------------

OS:
 Windows 11 , 64 bit Build 22621 (10.0.22621.5415)
OS uptime: 0 days 7:04 hours
Hyper-V role detected

CPU: total 12 (initial active 12) (6 cores per cpu, 2 threads per core) family 6 model 186 stepping 3 microcode 0x4128, cx8, cmov, fxsr, ht, mmx, 3dnowpref, sse, sse2, sse3, ssse3, sse4.1, sse4.2, popcnt, lzcnt, tsc, tscinvbit, avx, avx2, aes, erms, clmul, bmi1, bmi2, adx, sha, fma, vzeroupper, clflush, clflushopt, clwb, hv, serialize, rdtscp, rdpid, fsrm, f16c, cet_ibt, cet_ss
Processor Information for the first 12 processors :
  Max Mhz: 1300, Current Mhz: 1300, Mhz Limit: 1300

Memory: 4k page, system-wide physical 16016M (3220M free)
TotalPageFile size 17551M (AvailPageFile size 99M)
current process WorkingSet (physical memory assigned to process): 937M, peak: 995M
current process commit charge ("private bytes"): 1030M, peak: 1084M

vm_info: OpenJDK 64-Bit Server VM (21.0.8+9-LTS) for windows-amd64 JRE (21.0.8+9-LTS), built on 2025-07-15T00:00:00Z by "admin" with MS VC++ 17.7 (VS2022)

END.
