#
# There is insufficient memory for the Java Runtime Environment to continue.
# Native memory allocation (malloc) failed to allocate 1478896 bytes for Chunk::new
# Possible reasons:
#   The system is out of physical RAM or swap space
#   The process is running with CompressedOops enabled, and the Java Heap may be blocking the growth of the native heap
# Possible solutions:
#   Reduce memory load on the system
#   Increase physical memory or swap space
#   Check if swap backing store is full
#   Decrease Java heap size (-Xmx/-Xms)
#   Decrease number of Java threads
#   Decrease Java thread stack sizes (-Xss)
#   Set larger code cache with -XX:ReservedCodeCacheSize=
#   JVM is running with Zero Based Compressed Oops mode in which the Java heap is
#     placed in the first 32GB address space. The Java Heap base address is the
#     maximum limit for the native heap growth. Please use -XX:HeapBaseMinAddress
#     to set the Java Heap base and to place the Java Heap above 32GB virtual address.
# This output file may be truncated or incomplete.
#
#  Out of Memory Error (allocation.cpp:389), pid=1904, tid=0x0000000000005474
#
# JRE version: Java(TM) SE Runtime Environment (8.0_461) (build 1.8.0_461-b11)
# Java VM: Java HotSpot(TM) 64-Bit Server VM (25.461-b11 mixed mode windows-amd64 compressed oops)
# Failed to write core dump. Minidumps are not enabled by default on client versions of Windows
#

---------------  T H R E A D  ---------------

Current thread (0x00000266e5308800):  JavaThread "C2 CompilerThread2" daemon [_thread_in_native, id=21620, stack(0x0000007b6b600000,0x0000007b6b700000)]

Stack: [0x0000007b6b600000,0x0000007b6b700000]
Native frames: (J=compiled Java code, j=interpreted, Vv=VM code, C=native code)
V  [jvm.dll+0x34c1c9]
V  [jvm.dll+0x289572]
V  [jvm.dll+0x28a140]
V  [jvm.dll+0x27e165]
V  [jvm.dll+0xd9fcc]
V  [jvm.dll+0xda95c]
V  [jvm.dll+0x4958fd]
V  [jvm.dll+0x459092]
V  [jvm.dll+0x46219f]
V  [jvm.dll+0x461592]
V  [jvm.dll+0x44b23c]
V  [jvm.dll+0xaf445]
V  [jvm.dll+0xadb5f]
V  [jvm.dll+0x24ea19]
V  [jvm.dll+0x2a60dc]
C  [ucrtbase.dll+0x29333]
C  [KERNEL32.DLL+0x1259d]
C  [ntdll.dll+0x5af78]


Current CompileTask:
C2:  52898 7659       4       java.lang.Class::privateGetPublicMethods (267 bytes)


---------------  P R O C E S S  ---------------

Java Threads: ( => current thread )
  0x00000266e666e000 JavaThread "DestroyJavaVM" [_thread_blocked, id=6412, stack(0x0000007b6a400000,0x0000007b6a500000)]
  0x00000266e6666800 JavaThread "http-nio-9090-Acceptor" daemon [_thread_in_native, id=9876, stack(0x0000007b6ce00000,0x0000007b6cf00000)]
  0x00000266e666d000 JavaThread "http-nio-9090-Poller" daemon [_thread_in_native, id=18232, stack(0x0000007b6cd00000,0x0000007b6ce00000)]
  0x00000266e6667000 JavaThread "http-nio-9090-exec-10" daemon [_thread_blocked, id=18988, stack(0x0000007b6cc00000,0x0000007b6cd00000)]
  0x00000266e666b000 JavaThread "http-nio-9090-exec-9" daemon [_thread_blocked, id=2068, stack(0x0000007b6cb00000,0x0000007b6cc00000)]
  0x00000266e666b800 JavaThread "http-nio-9090-exec-8" daemon [_thread_blocked, id=20920, stack(0x0000007b6ca00000,0x0000007b6cb00000)]
  0x00000266e6668800 JavaThread "http-nio-9090-exec-7" daemon [_thread_blocked, id=18224, stack(0x0000007b6c900000,0x0000007b6ca00000)]
  0x00000266e666c800 JavaThread "http-nio-9090-exec-6" daemon [_thread_blocked, id=22200, stack(0x0000007b6c800000,0x0000007b6c900000)]
  0x00000266e665f800 JavaThread "http-nio-9090-exec-5" daemon [_thread_blocked, id=11480, stack(0x0000007b6c700000,0x0000007b6c800000)]
  0x00000266e6662000 JavaThread "http-nio-9090-exec-4" daemon [_thread_blocked, id=10312, stack(0x0000007b6c600000,0x0000007b6c700000)]
  0x00000266e665f000 JavaThread "http-nio-9090-exec-3" daemon [_thread_blocked, id=3916, stack(0x0000007b6c500000,0x0000007b6c600000)]
  0x00000266e6664000 JavaThread "http-nio-9090-exec-2" daemon [_thread_blocked, id=19944, stack(0x0000007b6c400000,0x0000007b6c500000)]
  0x00000266e6663800 JavaThread "http-nio-9090-exec-1" daemon [_thread_blocked, id=20268, stack(0x0000007b6c300000,0x0000007b6c400000)]
  0x00000266e6660800 JavaThread "container-0" [_thread_blocked, id=4124, stack(0x0000007b6c200000,0x0000007b6c300000)]
  0x00000266e6661000 JavaThread "Catalina-utility-2" [_thread_blocked, id=16136, stack(0x0000007b6c100000,0x0000007b6c200000)]
  0x00000266e530d000 JavaThread "Catalina-utility-1" [_thread_blocked, id=7308, stack(0x0000007b6c000000,0x0000007b6c100000)]
  0x00000266e530e800 JavaThread "HikariPool-1 housekeeper" daemon [_thread_blocked, id=5568, stack(0x0000007b6bd00000,0x0000007b6be00000)]
  0x00000266e530b800 JavaThread "OJDBC-WORKER-THREAD-1" daemon [_thread_blocked, id=8900, stack(0x0000007b6bc00000,0x0000007b6bd00000)]
  0x00000266e530a000 JavaThread "InterruptTimer" daemon [_thread_blocked, id=22488, stack(0x0000007b6bb00000,0x0000007b6bc00000)]
  0x00000266e5309000 JavaThread "oracle.jdbc.driver.BlockSource.ThreadedCachingBlockSource.BlockReleaser" daemon [_thread_blocked, id=3228, stack(0x0000007b6ba00000,0x0000007b6bb00000)]
  0x00000266e5341800 JavaThread "Service Thread" daemon [_thread_blocked, id=22300, stack(0x0000007b6b800000,0x0000007b6b900000)]
  0x00000266e530d800 JavaThread "C1 CompilerThread3" daemon [_thread_blocked, id=21924, stack(0x0000007b6b700000,0x0000007b6b800000)]
=>0x00000266e5308800 JavaThread "C2 CompilerThread2" daemon [_thread_in_native, id=21620, stack(0x0000007b6b600000,0x0000007b6b700000)]
  0x00000266e3b38800 JavaThread "C2 CompilerThread1" daemon [_thread_blocked, id=21624, stack(0x0000007b6b500000,0x0000007b6b600000)]
  0x00000266e3b31000 JavaThread "C2 CompilerThread0" daemon [_thread_blocked, id=12460, stack(0x0000007b6b400000,0x0000007b6b500000)]
  0x00000266e3b2d800 JavaThread "Attach Listener" daemon [_thread_blocked, id=15404, stack(0x0000007b6b300000,0x0000007b6b400000)]
  0x00000266e3b2c800 JavaThread "Signal Dispatcher" daemon [_thread_blocked, id=19352, stack(0x0000007b6b200000,0x0000007b6b300000)]
  0x00000266e3b02000 JavaThread "Finalizer" daemon [_thread_blocked, id=22420, stack(0x0000007b6b100000,0x0000007b6b200000)]
  0x00000266e3afb000 JavaThread "Reference Handler" daemon [_thread_blocked, id=3936, stack(0x0000007b6b000000,0x0000007b6b100000)]

Other Threads:
  0x00000266e3ad5000 VMThread [stack: 0x0000007b6af00000,0x0000007b6b000000] [id=14844]
  0x00000266e5348000 WatcherThread [stack: 0x0000007b6b900000,0x0000007b6ba00000] [id=2516]

VM state:not at safepoint (normal execution)

VM Mutex/Monitor currently owned by a thread: None

heap address: 0x00000006c5a00000, size: 4006 MB, Compressed Oops mode: Zero based, Oop shift amount: 3
Narrow klass base: 0x0000000000000000, Narrow klass shift: 3
Compressed class space size: 1073741824 Address: 0x00000007c0000000

Heap:
 PSYoungGen      total 275968K, used 108964K [0x000000076c900000, 0x0000000780000000, 0x00000007c0000000)
  eden space 254976K, 42% used [0x000000076c900000,0x00000007733691d8,0x000000077c200000)
  from space 20992K, 0% used [0x000000077d600000,0x000000077d600000,0x000000077ea80000)
  to   space 20480K, 0% used [0x000000077c200000,0x000000077c200000,0x000000077d600000)
 ParOldGen       total 239616K, used 30333K [0x00000006c5a00000, 0x00000006d4400000, 0x000000076c900000)
  object space 239616K, 12% used [0x00000006c5a00000,0x00000006c779f560,0x00000006d4400000)
 Metaspace       used 72227K, capacity 76252K, committed 76544K, reserved 1116160K
  class space    used 9745K, capacity 10431K, committed 10496K, reserved 1048576K

Card table byte_map: [0x00000266d9260000,0x00000266d9a40000] byte_map_base: 0x00000266d5c33000

Marking Bits: (ParMarkBitMap*) 0x00007ffb5798a3e0
 Begin Bits: [0x00000266d9f80000, 0x00000266dde18000)
 End Bits:   [0x00000266dde18000, 0x00000266e1cb0000)

Polling page: 0x00000266c9b20000

CodeCache: size=245760Kb used=21031Kb max_used=21083Kb free=224728Kb
 bounds [0x00000266c9ea0000, 0x00000266cb370000, 0x00000266d8ea0000]
 total_blobs=7131 nmethods=6505 adapters=536
 compilation: enabled

Compilation events (10 events):
Event: 52.204 Thread 0x00000266e3b31000 nmethod 7782 0x00000266caa85e10 code [0x00000266caa85fc0, 0x00000266caa865a8]
Event: 52.204 Thread 0x00000266e3b31000 7798       4       sun.nio.cs.SingleByte$Encoder::encode (32 bytes)
Event: 52.205 Thread 0x00000266e3b31000 nmethod 7798 0x00000266ca5db0d0 code [0x00000266ca5db220, 0x00000266ca5db338]
Event: 52.205 Thread 0x00000266e3b31000 7783       4       org.springframework.boot.autoconfigure.condition.ConditionEvaluationReport::lambda$addNoMatchOutcomeToAncestors$1 (54 bytes)
Event: 52.214 Thread 0x00000266e3b31000 nmethod 7783 0x00000266ca8ac910 code [0x00000266ca8acac0, 0x00000266ca8ad008]
Event: 52.214 Thread 0x00000266e3b31000 7794       4       antlr.CharScanner::consume (83 bytes)
Event: 52.238 Thread 0x00000266e3b31000 nmethod 7794 0x00000266ca8d8f90 code [0x00000266ca8d9160, 0x00000266ca8da238]
Event: 52.239 Thread 0x00000266e3b31000 7795       4       antlr.ANTLRStringBuffer::append (92 bytes)
Event: 52.239 Thread 0x00000266e3b31000 nmethod 7795 0x00000266ca8ac610 code [0x00000266ca8ac740, 0x00000266ca8ac818]
Event: 52.402 Thread 0x00000266e3b38800 nmethod 7735 0x00000266cb352290 code [0x00000266cb352ac0, 0x00000266cb35ca10]

GC Heap History (10 events):
Event: 5.139 GC heap before
{Heap before GC invocations=9 (full 3):
 PSYoungGen      total 275968K, used 9137K [0x000000076c900000, 0x0000000780000000, 0x00000007c0000000)
  eden space 254976K, 0% used [0x000000076c900000,0x000000076c900000,0x000000077c200000)
  from space 20992K, 43% used [0x000000077d600000,0x000000077deec5a0,0x000000077ea80000)
  to   space 20480K, 0% used [0x000000077c200000,0x000000077c200000,0x000000077d600000)
 ParOldGen       total 174080K, used 23857K [0x00000006c5a00000, 0x00000006d0400000, 0x000000076c900000)
  object space 174080K, 13% used [0x00000006c5a00000,0x00000006c714c5b8,0x00000006d0400000)
 Metaspace       used 56402K, capacity 58952K, committed 59136K, reserved 1099776K
  class space    used 7638K, capacity 8097K, committed 8192K, reserved 1048576K
Event: 5.237 GC heap after
Heap after GC invocations=9 (full 3):
 PSYoungGen      total 275968K, used 0K [0x000000076c900000, 0x0000000780000000, 0x00000007c0000000)
  eden space 254976K, 0% used [0x000000076c900000,0x000000076c900000,0x000000077c200000)
  from space 20992K, 0% used [0x000000077d600000,0x000000077d600000,0x000000077ea80000)
  to   space 20480K, 0% used [0x000000077c200000,0x000000077c200000,0x000000077d600000)
 ParOldGen       total 239616K, used 20446K [0x00000006c5a00000, 0x00000006d4400000, 0x000000076c900000)
  object space 239616K, 8% used [0x00000006c5a00000,0x00000006c6df7b50,0x00000006d4400000)
 Metaspace       used 56402K, capacity 58952K, committed 59136K, reserved 1099776K
  class space    used 7638K, capacity 8097K, committed 8192K, reserved 1048576K
}
Event: 42.156 GC heap before
{Heap before GC invocations=10 (full 3):
 PSYoungGen      total 275968K, used 254976K [0x000000076c900000, 0x0000000780000000, 0x00000007c0000000)
  eden space 254976K, 100% used [0x000000076c900000,0x000000077c200000,0x000000077c200000)
  from space 20992K, 0% used [0x000000077d600000,0x000000077d600000,0x000000077ea80000)
  to   space 20480K, 0% used [0x000000077c200000,0x000000077c200000,0x000000077d600000)
 ParOldGen       total 239616K, used 20446K [0x00000006c5a00000, 0x00000006d4400000, 0x000000076c900000)
  object space 239616K, 8% used [0x00000006c5a00000,0x00000006c6df7b50,0x00000006d4400000)
 Metaspace       used 60015K, capacity 62632K, committed 62720K, reserved 1103872K
  class space    used 8189K, capacity 8641K, committed 8704K, reserved 1048576K
Event: 42.241 GC heap after
Heap after GC invocations=10 (full 3):
 PSYoungGen      total 275456K, used 20460K [0x000000076c900000, 0x0000000780000000, 0x00000007c0000000)
  eden space 254976K, 0% used [0x000000076c900000,0x000000076c900000,0x000000077c200000)
  from space 20480K, 99% used [0x000000077c200000,0x000000077d5fb300,0x000000077d600000)
  to   space 20992K, 0% used [0x000000077d600000,0x000000077d600000,0x000000077ea80000)
 ParOldGen       total 239616K, used 93645K [0x00000006c5a00000, 0x00000006d4400000, 0x000000076c900000)
  object space 239616K, 39% used [0x00000006c5a00000,0x00000006cb573668,0x00000006d4400000)
 Metaspace       used 60015K, capacity 62632K, committed 62720K, reserved 1103872K
  class space    used 8189K, capacity 8641K, committed 8704K, reserved 1048576K
}
Event: 44.283 GC heap before
{Heap before GC invocations=11 (full 3):
 PSYoungGen      total 275456K, used 275436K [0x000000076c900000, 0x0000000780000000, 0x00000007c0000000)
  eden space 254976K, 100% used [0x000000076c900000,0x000000077c200000,0x000000077c200000)
  from space 20480K, 99% used [0x000000077c200000,0x000000077d5fb300,0x000000077d600000)
  to   space 20992K, 0% used [0x000000077d600000,0x000000077d600000,0x000000077ea80000)
 ParOldGen       total 239616K, used 93645K [0x00000006c5a00000, 0x00000006d4400000, 0x000000076c900000)
  object space 239616K, 39% used [0x00000006c5a00000,0x00000006cb573668,0x00000006d4400000)
 Metaspace       used 60018K, capacity 62632K, committed 62720K, reserved 1103872K
  class space    used 8189K, capacity 8641K, committed 8704K, reserved 1048576K
Event: 44.747 GC heap after
Heap after GC invocations=11 (full 3):
 PSYoungGen      total 275968K, used 20969K [0x000000076c900000, 0x0000000780000000, 0x00000007c0000000)
  eden space 254976K, 0% used [0x000000076c900000,0x000000076c900000,0x000000077c200000)
  from space 20992K, 99% used [0x000000077d600000,0x000000077ea7a6f0,0x000000077ea80000)
  to   space 20480K, 0% used [0x000000077c200000,0x000000077c200000,0x000000077d600000)
 ParOldGen       total 239616K, used 201990K [0x00000006c5a00000, 0x00000006d4400000, 0x000000076c900000)
  object space 239616K, 84% used [0x00000006c5a00000,0x00000006d1f41828,0x00000006d4400000)
 Metaspace       used 60018K, capacity 62632K, committed 62720K, reserved 1103872K
  class space    used 8189K, capacity 8641K, committed 8704K, reserved 1048576K
}
Event: 44.747 GC heap before
{Heap before GC invocations=12 (full 4):
 PSYoungGen      total 275968K, used 20969K [0x000000076c900000, 0x0000000780000000, 0x00000007c0000000)
  eden space 254976K, 0% used [0x000000076c900000,0x000000076c900000,0x000000077c200000)
  from space 20992K, 99% used [0x000000077d600000,0x000000077ea7a6f0,0x000000077ea80000)
  to   space 20480K, 0% used [0x000000077c200000,0x000000077c200000,0x000000077d600000)
 ParOldGen       total 239616K, used 201990K [0x00000006c5a00000, 0x00000006d4400000, 0x000000076c900000)
  object space 239616K, 84% used [0x00000006c5a00000,0x00000006d1f41828,0x00000006d4400000)
 Metaspace       used 60018K, capacity 62632K, committed 62720K, reserved 1103872K
  class space    used 8189K, capacity 8641K, committed 8704K, reserved 1048576K
Event: 46.633 GC heap after
Heap after GC invocations=12 (full 4):
 PSYoungGen      total 275968K, used 0K [0x000000076c900000, 0x0000000780000000, 0x00000007c0000000)
  eden space 254976K, 0% used [0x000000076c900000,0x000000076c900000,0x000000077c200000)
  from space 20992K, 0% used [0x000000077d600000,0x000000077d600000,0x000000077ea80000)
  to   space 20480K, 0% used [0x000000077c200000,0x000000077c200000,0x000000077d600000)
 ParOldGen       total 239616K, used 217688K [0x00000006c5a00000, 0x00000006d4400000, 0x000000076c900000)
  object space 239616K, 90% used [0x00000006c5a00000,0x00000006d2e96218,0x00000006d4400000)
 Metaspace       used 60018K, capacity 62632K, committed 62720K, reserved 1103872K
  class space    used 8189K, capacity 8641K, committed 8704K, reserved 1048576K
}
Event: 50.502 GC heap before
{Heap before GC invocations=13 (full 5):
 PSYoungGen      total 275968K, used 254976K [0x000000076c900000, 0x0000000780000000, 0x00000007c0000000)
  eden space 254976K, 100% used [0x000000076c900000,0x000000077c200000,0x000000077c200000)
  from space 20992K, 0% used [0x000000077d600000,0x000000077d600000,0x000000077ea80000)
  to   space 20480K, 0% used [0x000000077c200000,0x000000077c200000,0x000000077d600000)
 ParOldGen       total 239616K, used 217688K [0x00000006c5a00000, 0x00000006d4400000, 0x000000076c900000)
  object space 239616K, 90% used [0x00000006c5a00000,0x00000006d2e96218,0x00000006d4400000)
 Metaspace       used 67404K, capacity 70898K, committed 71168K, reserved 1110016K
  class space    used 9068K, capacity 9640K, committed 9728K, reserved 1048576K
Event: 50.605 GC heap after
Heap after GC invocations=13 (full 5):
 PSYoungGen      total 275968K, used 0K [0x000000076c900000, 0x0000000780000000, 0x00000007c0000000)
  eden space 254976K, 0% used [0x000000076c900000,0x000000076c900000,0x000000077c200000)
  from space 20992K, 0% used [0x000000077d600000,0x000000077d600000,0x000000077ea80000)
  to   space 20480K, 0% used [0x000000077c200000,0x000000077c200000,0x000000077d600000)
 ParOldGen       total 239616K, used 30333K [0x00000006c5a00000, 0x00000006d4400000, 0x000000076c900000)
  object space 239616K, 12% used [0x00000006c5a00000,0x00000006c779f560,0x00000006d4400000)
 Metaspace       used 67404K, capacity 70898K, committed 71168K, reserved 1110016K
  class space    used 9068K, capacity 9640K, committed 9728K, reserved 1048576K
}

Deoptimization events (10 events):
Event: 51.373 Thread 0x00000266c8206800 Uncommon trap: reason=unstable_if action=reinterpret pc=0x00000266cabb9838 method=java.util.concurrent.ConcurrentHashMap.get(Ljava/lang/Object;)Ljava/lang/Object; @ 86
Event: 51.394 Thread 0x00000266c8206800 Uncommon trap: reason=unstable_if action=reinterpret pc=0x00000266cb336d5c method=org.springframework.beans.factory.support.AbstractBeanFactory.isTypeMatch(Ljava/lang/String;Lorg/springframework/core/ResolvableType;Z)Z @ 34
Event: 51.398 Thread 0x00000266c8206800 Uncommon trap: reason=bimorphic action=maybe_recompile pc=0x00000266caf556ac method=java.util.stream.ReduceOps$ReduceOp.evaluateSequential(Ljava/util/stream/PipelineHelper;Ljava/util/Spliterator;)Ljava/lang/Object; @ 2
Event: 51.537 Thread 0x00000266c8206800 Uncommon trap: reason=bimorphic action=maybe_recompile pc=0x00000266ca65e16c method=java.util.Collections$SetFromMap.contains(Ljava/lang/Object;)Z @ 5
Event: 51.581 Thread 0x00000266c8206800 Uncommon trap: reason=bimorphic action=maybe_recompile pc=0x00000266cb2859e4 method=java.util.stream.AbstractPipeline.spliterator()Ljava/util/Spliterator; @ 112
Event: 51.982 Thread 0x00000266c8206800 Uncommon trap: reason=unstable_if action=reinterpret pc=0x00000266ca8ec628 method=org.springframework.beans.factory.support.DefaultSingletonBeanRegistry.getSingleton(Ljava/lang/String;Z)Ljava/lang/Object; @ 39
Event: 52.005 Thread 0x00000266c8206800 Uncommon trap: reason=null_check action=make_not_entrant pc=0x00000266ca663e24 method=org.springframework.util.ClassUtils.isAssignable(Ljava/lang/Class;Ljava/lang/Class;)Z @ 14
Event: 52.065 Thread 0x00000266c8206800 Uncommon trap: reason=unstable_if action=reinterpret pc=0x00000266cb2784a8 method=org.springframework.core.annotation.TypeMappedAnnotations$MergedAnnotationFinder.updateLastResult(Lorg/springframework/core/annotation/MergedAnnotation;)V @ 7
Event: 52.065 Thread 0x00000266c8206800 Uncommon trap: reason=unstable_if action=reinterpret pc=0x00000266ca829068 method=org.springframework.core.annotation.AnnotationsScanner.processClassHierarchy(Ljava/lang/Object;[ILjava/lang/Class;Lorg/springframework/core/annotation/AnnotationsProcessor;Z
Event: 52.160 Thread 0x00000266c8206800 Uncommon trap: reason=null_check action=make_not_entrant pc=0x00000266ca2fe5a4 method=java.lang.Class.isAnnotation()Z @ 1

Classes redefined (0 events):
No events

Internal exceptions (10 events):
Event: 51.566 Thread 0x00000266c8206800 Exception <a 'java/lang/ClassNotFoundException': org/springframework/beans/factory/BeanClassLoaderAwareCustomizer> (0x0000000771369850) thrown at [C:\jenkins\workspace\8-2-build-windows-x64-cygwin-sans-NAS\jdk8u461\2086\hotspot\src\share\vm\classfile\syst
Event: 51.566 Thread 0x00000266c8206800 Exception <a 'java/lang/ClassNotFoundException': org/springframework/beans/factory/AwareCustomizer> (0x0000000771381398) thrown at [C:\jenkins\workspace\8-2-build-windows-x64-cygwin-sans-NAS\jdk8u461\2086\hotspot\src\share\vm\classfile\systemDictionary.cp
Event: 51.567 Thread 0x00000266c8206800 Exception <a 'java/lang/ClassNotFoundException': org/springframework/beans/factory/BeanFactoryAwareCustomizer> (0x000000077139b7f0) thrown at [C:\jenkins\workspace\8-2-build-windows-x64-cygwin-sans-NAS\jdk8u461\2086\hotspot\src\share\vm\classfile\systemDi
Event: 51.567 Thread 0x00000266c8206800 Exception <a 'java/lang/ClassNotFoundException': org/springframework/beans/factory/AwareCustomizer> (0x00000007713b3898) thrown at [C:\jenkins\workspace\8-2-build-windows-x64-cygwin-sans-NAS\jdk8u461\2086\hotspot\src\share\vm\classfile\systemDictionary.cp
Event: 51.567 Thread 0x00000266c8206800 Exception <a 'java/lang/ClassNotFoundException': org/springframework/beans/factory/InitializingBeanCustomizer> (0x00000007713cdd78) thrown at [C:\jenkins\workspace\8-2-build-windows-x64-cygwin-sans-NAS\jdk8u461\2086\hotspot\src\share\vm\classfile\systemDi
Event: 51.567 Thread 0x00000266c8206800 Exception <a 'java/lang/ClassNotFoundException': org/springframework/beans/factory/DisposableBeanCustomizer> (0x00000007713e7810) thrown at [C:\jenkins\workspace\8-2-build-windows-x64-cygwin-sans-NAS\jdk8u461\2086\hotspot\src\share\vm\classfile\systemDict
Event: 51.570 Thread 0x00000266c8206800 Exception <a 'java/lang/ClassNotFoundException': java/lang/ObjectCustomizer> (0x0000000771428b88) thrown at [C:\jenkins\workspace\8-2-build-windows-x64-cygwin-sans-NAS\jdk8u461\2086\hotspot\src\share\vm\classfile\systemDictionary.cpp, line 213]
Event: 51.571 Thread 0x00000266c8206800 Exception <a 'java/lang/ClassNotFoundException': org/springframework/data/jpa/domain/support/AuditingEntityListenerCustomizer> (0x000000077144b7c0) thrown at [C:\jenkins\workspace\8-2-build-windows-x64-cygwin-sans-NAS\jdk8u461\2086\hotspot\src\share\vm\cl
Event: 51.572 Thread 0x00000266c8206800 Exception <a 'java/lang/ClassNotFoundException': org/springframework/beans/factory/aspectj/ConfigurableObjectCustomizer> (0x000000077146e3b0) thrown at [C:\jenkins\workspace\8-2-build-windows-x64-cygwin-sans-NAS\jdk8u461\2086\hotspot\src\share\vm\classfil
Event: 52.005 Thread 0x00000266c8206800 Implicit null exception at 0x00000266ca663bda to 0x00000266ca663e0d

Events (10 events):
Event: 52.165 Thread 0x00000266e666e000 Thread added: 0x00000266e666e000
Event: 52.168 Thread 0x00000266e666e000 Thread exited: 0x00000266e666e000
Event: 52.168 Executing VM operation: RevokeBias
Event: 52.168 Executing VM operation: RevokeBias done
Event: 52.186 loading class org/springframework/context/ConfigurableApplicationContext
Event: 52.186 loading class org/springframework/context/ConfigurableApplicationContext done
Event: 52.186 loading class org/springframework/context/ConfigurableApplicationContext
Event: 52.186 loading class org/springframework/context/ConfigurableApplicationContext done
Event: 52.188 Thread 0x00000266c8206800 Thread exited: 0x00000266c8206800
Event: 52.189 Thread 0x00000266e666e000 Thread added: 0x00000266e666e000


Dynamic libraries:
0x00007ff744b50000 - 0x00007ff744b9f000 	C:\Program Files\Java\jdk-1.8\bin\java.exe
0x00007ffbbcd10000 - 0x00007ffbbcf27000 	C:\windows\SYSTEM32\ntdll.dll
0x00007ffbbb6b0000 - 0x00007ffbbb774000 	C:\windows\System32\KERNEL32.DLL
0x00007ffbba310000 - 0x00007ffbba6e2000 	C:\windows\System32\KERNELBASE.dll
0x00007ffbbaa20000 - 0x00007ffbbaad1000 	C:\windows\System32\ADVAPI32.dll
0x00007ffbbcc20000 - 0x00007ffbbccc7000 	C:\windows\System32\msvcrt.dll
0x00007ffbbc020000 - 0x00007ffbbc0c8000 	C:\windows\System32\sechost.dll
0x00007ffbba6f0000 - 0x00007ffbba718000 	C:\windows\System32\bcrypt.dll
0x00007ffbbcaa0000 - 0x00007ffbbcbb7000 	C:\windows\System32\RPCRT4.dll
0x00007ffbbb4f0000 - 0x00007ffbbb6a1000 	C:\windows\System32\USER32.dll
0x00007ffbba1b0000 - 0x00007ffbba1d6000 	C:\windows\System32\win32u.dll
0x00007ffbbbae0000 - 0x00007ffbbbb09000 	C:\windows\System32\GDI32.dll
0x00007ffbba1e0000 - 0x00007ffbba303000 	C:\windows\System32\gdi32full.dll
0x00007ffbba900000 - 0x00007ffbba99a000 	C:\windows\System32\msvcp_win.dll
0x00007ffbba720000 - 0x00007ffbba831000 	C:\windows\System32\ucrtbase.dll
0x00007ffb93100000 - 0x00007ffb9339b000 	C:\windows\WinSxS\amd64_microsoft.windows.common-controls_6595b64144ccf1df_6.0.22621.5697_none_27154c497380d676\COMCTL32.dll
0x00007ffbbba20000 - 0x00007ffbbba51000 	C:\windows\System32\IMM32.DLL
0x00000266c9b40000 - 0x00000266c9b56000 	C:\windows\System32\umppc20006.dll
0x00000266c9b80000 - 0x00000266c9b94000 	C:\windows\System32\CsXumd64_20006.dll
0x00007ffb9be90000 - 0x00007ffb9beab000 	C:\Program Files\Java\jdk-1.8\jre\bin\vcruntime140.dll
0x00007ffbb5af0000 - 0x00007ffbb5afc000 	C:\Program Files\Java\jdk-1.8\jre\bin\vcruntime140_1.dll
0x00007ffb98220000 - 0x00007ffb982ae000 	C:\Program Files\Java\jdk-1.8\jre\bin\msvcp140.dll
0x00007ffb571b0000 - 0x00007ffb57a5a000 	C:\Program Files\Java\jdk-1.8\jre\bin\server\jvm.dll
0x00007ffbbbeb0000 - 0x00007ffbbbeb8000 	C:\windows\System32\PSAPI.DLL
0x00007ffb92120000 - 0x00007ffb92129000 	C:\windows\SYSTEM32\WSOCK32.dll
0x00007ffbbba60000 - 0x00007ffbbbad1000 	C:\windows\System32\WS2_32.dll
0x00007ffbb5960000 - 0x00007ffbb5994000 	C:\windows\SYSTEM32\WINMM.dll
0x00007ffbb1c50000 - 0x00007ffbb1c5a000 	C:\windows\SYSTEM32\VERSION.dll
0x00007ffbb8cc0000 - 0x00007ffbb8cd8000 	C:\windows\SYSTEM32\kernel.appcore.dll
0x00007ffb9d180000 - 0x00007ffb9d190000 	C:\Program Files\Java\jdk-1.8\jre\bin\verify.dll
0x00007ffb9be60000 - 0x00007ffb9be8b000 	C:\Program Files\Java\jdk-1.8\jre\bin\java.dll
0x00007ffb9be40000 - 0x00007ffb9be58000 	C:\Program Files\Java\jdk-1.8\jre\bin\zip.dll
0x00007ffbbc1e0000 - 0x00007ffbbca81000 	C:\windows\System32\SHELL32.dll
0x00007ffbb9f70000 - 0x00007ffbba0af000 	C:\windows\System32\wintypes.dll
0x00007ffbbbb10000 - 0x00007ffbbbea2000 	C:\windows\System32\combase.dll
0x00007ffbb79e0000 - 0x00007ffbb82fa000 	C:\windows\SYSTEM32\windows.storage.dll
0x00007ffbbb2f0000 - 0x00007ffbbb3fb000 	C:\windows\System32\SHCORE.dll
0x00007ffbbb780000 - 0x00007ffbbb7e9000 	C:\windows\System32\shlwapi.dll
0x00007ffbb9d30000 - 0x00007ffbb9d5b000 	C:\windows\SYSTEM32\profapi.dll
0x00007ffb9d120000 - 0x00007ffb9d12d000 	C:\Program Files\Java\jdk-1.8\jre\bin\management.dll
0x00007ffb99db0000 - 0x00007ffb99dcc000 	C:\Program Files\Java\jdk-1.8\jre\bin\net.dll
0x00007ffbb92b0000 - 0x00007ffbb9319000 	C:\windows\system32\mswsock.dll
0x00007ffb96cf0000 - 0x00007ffb96d07000 	C:\windows\system32\napinsp.dll
0x00007ffb96d30000 - 0x00007ffb96d4b000 	C:\windows\system32\pnrpnsp.dll
0x00007ffbb8580000 - 0x00007ffbb8678000 	C:\windows\SYSTEM32\DNSAPI.dll
0x00007ffbb8550000 - 0x00007ffbb857d000 	C:\windows\SYSTEM32\IPHLPAPI.DLL
0x00007ffbbabe0000 - 0x00007ffbbabe9000 	C:\windows\System32\NSI.dll
0x00007ffb96d10000 - 0x00007ffb96d21000 	C:\windows\System32\winrnr.dll
0x00007ffb96d50000 - 0x00007ffb96d6f000 	C:\windows\system32\wshbth.dll
0x00007ffb96d70000 - 0x00007ffb96d91000 	C:\windows\system32\nlansp_c.dll
0x00007ffbb2a50000 - 0x00007ffbb2a5a000 	C:\Windows\System32\rasadhlp.dll
0x00007ffbb5700000 - 0x00007ffbb5784000 	C:\windows\System32\fwpuclnt.dll
0x00007ffb99d40000 - 0x00007ffb99d53000 	C:\Program Files\Java\jdk-1.8\jre\bin\nio.dll
0x00007ffbb9550000 - 0x00007ffbb956b000 	C:\windows\SYSTEM32\CRYPTSP.dll
0x00007ffbb8c20000 - 0x00007ffbb8c57000 	C:\windows\system32\rsaenh.dll
0x00007ffbb9350000 - 0x00007ffbb9378000 	C:\windows\SYSTEM32\USERENV.dll
0x00007ffbba130000 - 0x00007ffbba1ab000 	C:\windows\System32\bcryptprimitives.dll
0x00007ffbb9530000 - 0x00007ffbb953c000 	C:\windows\SYSTEM32\CRYPTBASE.dll
0x00007ffbb4a60000 - 0x00007ffbb4a79000 	C:\windows\SYSTEM32\dhcpcsvc6.DLL
0x00007ffbb4a40000 - 0x00007ffbb4a5f000 	C:\windows\SYSTEM32\dhcpcsvc.DLL
0x00007ffb98060000 - 0x00007ffb98085000 	C:\Program Files\Java\jdk-1.8\jre\bin\sunec.dll
0x00007ffb99da0000 - 0x00007ffb99dae000 	C:\Program Files\Java\jdk-1.8\jre\bin\sunmscapi.dll
0x00007ffbb9e00000 - 0x00007ffbb9f68000 	C:\windows\System32\CRYPT32.dll
0x00007ffbb9640000 - 0x00007ffbb966d000 	C:\windows\SYSTEM32\ncrypt.dll
0x00007ffbb9600000 - 0x00007ffbb9637000 	C:\windows\SYSTEM32\NTASN1.dll
0x00007ffbb73c0000 - 0x00007ffbb75f3000 	C:\windows\SYSTEM32\dbghelp.dll
0x00007ffbbb410000 - 0x00007ffbbb4e8000 	C:\windows\System32\OLEAUT32.dll

VM Arguments:
java_command: com.company.opexhub.OpexHubApplication
java_class_path (initial): C:\Users\10935\AppData\Local\Temp\cp_3068xq140oh7r2cllfusjooyb.jar
Launcher Type: SUN_STANDARD

Environment Variables:
JAVA_HOME=C:\Program Files\Java\jdk-1.8
JRE_HOME=C:\Program Files\Java\jre1.8.0_331
PATH=C:\Program Files (x86)\Common Files\Oracle\Java\java8path;C:\Program Files (x86)\Common Files\Oracle\Java\javapath;D:\DevSuiteHome_1\jdk\jre\bin\classic;D:\DevSuiteHome_1\jdk\jre\bin;D:\DevSuiteHome_1\jdk\jre\bin\client;D:\DevSuiteHome_1\jlib;D:\DevSuiteHome_1\bin;D:\DevSuiteHome_1\jre\1.4.2\bin\client;D:\DevSuiteHome_1\jre\1.4.2\bin;C:\windows\system32;C:\windows;C:\windows\System32\Wbem;C:\windows\System32\WindowsPowerShell\v1.0\;C:\windows\System32\OpenSSH\;C:\Program Files\TortoiseSVN\bin;C:\Program Files\Java\jdk-1.8\bin;C:\apache-maven-3.9.11\bin;C:\Program Files\nodejs\;C:\Users\10935\AppData\Local\Microsoft\WindowsApps;C:\Users\10935\AppData\Local\Programs\Microsoft VS Code\bin;C:\Users\10935\AppData\Local\Programs\Git\cmd;C:\Users\10935\AppData\Roaming\npm;C:\Users\10935\AppData\Local\JetBrains\PyCharm 2025.1.3\bin;;C:\Users\10935\AppData\Local\Programs\cursor\resources\app\bin
USERNAME=10935
OS=Windows_NT
PROCESSOR_IDENTIFIER=Intel64 Family 6 Model 186 Stepping 3, GenuineIntel



---------------  S Y S T E M  ---------------

OS: Windows 11 , 64 bit Build 22621 (10.0.22621.5415)

CPU:total 12 (initial active 12) (6 cores per cpu, 2 threads per core) family 6 model 186 stepping 3, cmov, cx8, fxsr, mmx, sse, sse2, sse3, ssse3, sse4.1, sse4.2, popcnt, avx, avx2, aes, clmul, erms, 3dnowpref, lzcnt, ht, tsc, tscinvbit, bmi1, bmi2, adx

Memory: 4k page, physical 16400672k(2488188k free), swap 17972512k(9332k free)

vm_info: Java HotSpot(TM) 64-Bit Server VM (25.461-b11) for windows-amd64 JRE (1.8.0_461-b11), built on Jun 27 2025 10:22:42 by "java_re" with MS VC++ 17.6 (VS2022)

time: Mon Sep  8 14:24:24 2025
timezone: India Standard Time
elapsed time: 52.924187 seconds (0d 0h 0m 52s)

