#
# There is insufficient memory for the Java Runtime Environment to continue.
# Native memory allocation (malloc) failed to allocate 1905920 bytes. Error detail: Chunk::new
# Possible reasons:
#   The system is out of physical RAM or swap space
#   This process is running with CompressedOops enabled, and the Java Heap may be blocking the growth of the native heap
# Possible solutions:
#   Reduce memory load on the system
#   Increase physical memory or swap space
#   Check if swap backing store is full
#   Decrease Java heap size (-Xmx/-Xms)
#   Decrease number of Java threads
#   Decrease Java thread stack sizes (-Xss)
#   Set larger code cache with -XX:ReservedCodeCacheSize=
#   JVM is running with Unscaled Compressed Oops mode in which the Java heap is
#     placed in the first 4GB address space. The Java Heap base address is the
#     maximum limit for the native heap growth. Please use -XX:HeapBaseMinAddress
#     to set the Java Heap base and to place the Java Heap above 4GB virtual address.
# This output file may be truncated or incomplete.
#
#  Out of Memory Error (arena.cpp:168), pid=17020, tid=12796
#
# JRE version: OpenJDK Runtime Environment Temurin-21.0.8+9 (21.0.8+9) (build 21.0.8+9-LTS)
# Java VM: OpenJDK 64-Bit Server VM Temurin-21.0.8+9 (21.0.8+9-LTS, mixed mode, sharing, tiered, compressed oops, compressed class ptrs, parallel gc, windows-amd64)
# No core dump will be written. Minidumps are not enabled by default on client versions of Windows
#

---------------  S U M M A R Y ------------

Command Line: --add-modules=ALL-SYSTEM --add-opens=java.base/java.util=ALL-UNNAMED --add-opens=java.base/java.lang=ALL-UNNAMED --add-opens=java.base/sun.nio.fs=ALL-UNNAMED -Declipse.application=org.eclipse.jdt.ls.core.id1 -Dosgi.bundles.defaultStartLevel=4 -Declipse.product=org.eclipse.jdt.ls.core.product -Djava.import.generatesMetadataFilesAtProjectRoot=false -DDetectVMInstallationsJob.disabled=true -Dfile.encoding=utf8 -XX:+UseParallelGC -XX:GCTimeRatio=4 -XX:AdaptiveSizePolicyWeight=90 -Dsun.zip.disableMemoryMapping=true -Xmx2G -Xms100m -Xlog:disable -javaagent:c:\Users\10935\.vscode\extensions\redhat.java-1.45.0-win32-x64\lombok\lombok-1.18.39-4050.jar -XX:+HeapDumpOnOutOfMemoryError -XX:HeapDumpPath=c:\Users\10935\AppData\Roaming\Code\User\workspaceStorage\45f548e0b30d52b6814e104f887155be\redhat.java -Daether.dependencyCollector.impl=bf c:\Users\10935\.vscode\extensions\redhat.java-1.45.0-win32-x64\server\plugins\org.eclipse.equinox.launcher_1.7.0.v20250519-0528.jar -configuration c:\Users\10935\AppData\Roaming\Code\User\globalStorage\redhat.java\1.45.0\config_win -data c:\Users\10935\AppData\Roaming\Code\User\workspaceStorage\45f548e0b30d52b6814e104f887155be\redhat.java\jdt_ws --pipe=\\.\pipe\lsp-3b26d9e7ec809fe8acd5afbc577662d6-sock

Host: 13th Gen Intel(R) Core(TM) i5-1334U, 12 cores, 15G,  Windows 11 , 64 bit Build 22621 (10.0.22621.5415)
Time: Fri Oct  3 12:27:00 2025 India Standard Time elapsed time: 4081.151568 seconds (0d 1h 8m 1s)

---------------  T H R E A D  ---------------

Current thread (0x0000019ac9709600):  JavaThread "C2 CompilerThread2" daemon [_thread_in_native, id=12796, stack(0x0000000b2ab00000,0x0000000b2ac00000) (1024K)]


Current CompileTask:
C2:4081152 26705   !   4       org.eclipse.jdt.internal.compiler.classfmt.ClassFileReader::<init> (1968 bytes)

Stack: [0x0000000b2ab00000,0x0000000b2ac00000]
Native frames: (J=compiled Java code, j=interpreted, Vv=VM code, C=native code)
V  [jvm.dll+0x6d2449]
V  [jvm.dll+0x8ae341]
V  [jvm.dll+0x8b08be]
V  [jvm.dll+0x8b0fa3]
V  [jvm.dll+0x280c96]
V  [jvm.dll+0xc581d]
V  [jvm.dll+0xc5d53]
V  [jvm.dll+0x3b919c]
V  [jvm.dll+0x1e1409]
V  [jvm.dll+0x249022]
V  [jvm.dll+0x2484af]
V  [jvm.dll+0x1c89ee]
V  [jvm.dll+0x257d4d]
V  [jvm.dll+0x2562ea]
V  [jvm.dll+0x3f2d16]
V  [jvm.dll+0x857e6b]
V  [jvm.dll+0x6d0b0d]
C  [ucrtbase.dll+0x29333]
C  [KERNEL32.DLL+0x1259d]
C  [ntdll.dll+0x5af78]


---------------  P R O C E S S  ---------------

Threads class SMR info:
_java_thread_list=0x0000019acb6f2b20, length=75, elements={
0x0000019ae9d8bd00, 0x0000019ae9d1b910, 0x0000019ae9e3d330, 0x0000019ae9d1d1a0,
0x0000019ae9d1e6c0, 0x0000019ae9d20050, 0x0000019ae9d25cd0, 0x0000019ae9d29730,
0x0000019ae9d2bf50, 0x0000019afdb82db0, 0x0000019afeabccc0, 0x0000019afedcc670,
0x0000019afed72210, 0x0000019ac9241710, 0x0000019ac925c000, 0x0000019ac996e3f0,
0x0000019ac95368c0, 0x0000019aff08bfa0, 0x0000019aff089840, 0x0000019aff08abf0,
0x0000019acbedfae0, 0x0000019acbee0170, 0x0000019acbee1520, 0x0000019acbede0a0,
0x0000019acbee0e90, 0x0000019acbee2f60, 0x0000019acbedf450, 0x0000019acbededc0,
0x0000019acbee0800, 0x0000019acbee1bb0, 0x0000019acbee28d0, 0x0000019acbee35f0,
0x0000019acbee56c0, 0x0000019acbee3c80, 0x0000019acbee5030, 0x0000019acbede730,
0x0000019ace7dbcc0, 0x0000019ad0ee8f80, 0x0000019acb4c6340, 0x0000019acb4c9e50,
0x0000019acb8f7640, 0x0000019acb8f8360, 0x0000019acb8f4ee0, 0x0000019ace7deab0,
0x0000019ace7e18a0, 0x0000019ace7e0b80, 0x0000019ace7e25c0, 0x0000019ace7df140,
0x0000019ace7dd700, 0x0000019ace7df7d0, 0x0000019ace7e2c50, 0x0000019acb4c76f0,
0x0000019acb4c97c0, 0x0000019acb4c7060, 0x0000019acb4cab70, 0x0000019acb4c8aa0,
0x0000019acb4cb200, 0x0000019acb4cb890, 0x0000019acb4cbf20, 0x0000019acb4cc5b0,
0x0000019acb4c5cb0, 0x0000019acb4c8410, 0x0000019acb4cd2d0, 0x0000019acb4c69d0,
0x0000019acb8f7cd0, 0x0000019acb8f5570, 0x0000019acb8f5c00, 0x0000019acb8f89f0,
0x0000019acb8f1a60, 0x0000019acb8f2780, 0x0000019acb8f41c0, 0x0000019acb8f4850,
0x0000019acb8f2e10, 0x0000019ac9706650, 0x0000019ac9709600
}

Java Threads: ( => current thread )
  0x0000019ae9d8bd00 JavaThread "main"                              [_thread_blocked, id=8284, stack(0x0000000b25a00000,0x0000000b25b00000) (1024K)]
  0x0000019ae9d1b910 JavaThread "Reference Handler"          daemon [_thread_blocked, id=14900, stack(0x0000000b25e00000,0x0000000b25f00000) (1024K)]
  0x0000019ae9e3d330 JavaThread "Finalizer"                  daemon [_thread_blocked, id=19656, stack(0x0000000b25f00000,0x0000000b26000000) (1024K)]
  0x0000019ae9d1d1a0 JavaThread "Signal Dispatcher"          daemon [_thread_blocked, id=20368, stack(0x0000000b26000000,0x0000000b26100000) (1024K)]
  0x0000019ae9d1e6c0 JavaThread "Attach Listener"            daemon [_thread_blocked, id=15980, stack(0x0000000b26100000,0x0000000b26200000) (1024K)]
  0x0000019ae9d20050 JavaThread "Service Thread"             daemon [_thread_blocked, id=12732, stack(0x0000000b26200000,0x0000000b26300000) (1024K)]
  0x0000019ae9d25cd0 JavaThread "Monitor Deflation Thread"   daemon [_thread_blocked, id=19296, stack(0x0000000b26300000,0x0000000b26400000) (1024K)]
  0x0000019ae9d29730 JavaThread "C2 CompilerThread0"         daemon [_thread_blocked, id=5360, stack(0x0000000b26400000,0x0000000b26500000) (1024K)]
  0x0000019ae9d2bf50 JavaThread "C1 CompilerThread0"         daemon [_thread_blocked, id=18736, stack(0x0000000b26500000,0x0000000b26600000) (1024K)]
  0x0000019afdb82db0 JavaThread "Common-Cleaner"             daemon [_thread_blocked, id=10060, stack(0x0000000b26600000,0x0000000b26700000) (1024K)]
  0x0000019afeabccc0 JavaThread "Notification Thread"        daemon [_thread_blocked, id=21420, stack(0x0000000b26700000,0x0000000b26800000) (1024K)]
  0x0000019afedcc670 JavaThread "Active Thread: Equinox Container: 37e562a4-d14b-4d79-9f49-dd5de8b7b74b"        [_thread_blocked, id=11224, stack(0x0000000b27000000,0x0000000b27100000) (1024K)]
  0x0000019afed72210 JavaThread "Refresh Thread: Equinox Container: 37e562a4-d14b-4d79-9f49-dd5de8b7b74b" daemon [_thread_blocked, id=20124, stack(0x0000000b27200000,0x0000000b27300000) (1024K)]
  0x0000019ac9241710 JavaThread "Framework Event Dispatcher: Equinox Container: 37e562a4-d14b-4d79-9f49-dd5de8b7b74b" daemon [_thread_blocked, id=18000, stack(0x0000000b27300000,0x0000000b27400000) (1024K)]
  0x0000019ac925c000 JavaThread "Start Level: Equinox Container: 37e562a4-d14b-4d79-9f49-dd5de8b7b74b" daemon [_thread_blocked, id=16364, stack(0x0000000b27400000,0x0000000b27500000) (1024K)]
  0x0000019ac996e3f0 JavaThread "Bundle File Closer"         daemon [_thread_blocked, id=12788, stack(0x0000000b27700000,0x0000000b27800000) (1024K)]
  0x0000019ac95368c0 JavaThread "SCR Component Actor"        daemon [_thread_blocked, id=5252, stack(0x0000000b26900000,0x0000000b26a00000) (1024K)]
  0x0000019aff08bfa0 JavaThread "Worker-JM"                         [_thread_blocked, id=16060, stack(0x0000000b27900000,0x0000000b27a00000) (1024K)]
  0x0000019aff089840 JavaThread "JNA Cleaner"                daemon [_thread_blocked, id=20288, stack(0x0000000b26800000,0x0000000b26900000) (1024K)]
  0x0000019aff08abf0 JavaThread "Java indexing"              daemon [_thread_blocked, id=14016, stack(0x0000000b27d00000,0x0000000b27e00000) (1024K)]
  0x0000019acbedfae0 JavaThread "Thread-3"                   daemon [_thread_in_native, id=21496, stack(0x0000000b28200000,0x0000000b28300000) (1024K)]
  0x0000019acbee0170 JavaThread "Thread-4"                   daemon [_thread_in_native, id=16976, stack(0x0000000b28300000,0x0000000b28400000) (1024K)]
  0x0000019acbee1520 JavaThread "Thread-5"                   daemon [_thread_in_native, id=7392, stack(0x0000000b28400000,0x0000000b28500000) (1024K)]
  0x0000019acbede0a0 JavaThread "Thread-6"                   daemon [_thread_in_native, id=20332, stack(0x0000000b28500000,0x0000000b28600000) (1024K)]
  0x0000019acbee0e90 JavaThread "Thread-7"                   daemon [_thread_in_native, id=21040, stack(0x0000000b28600000,0x0000000b28700000) (1024K)]
  0x0000019acbee2f60 JavaThread "Thread-8"                   daemon [_thread_in_native, id=7964, stack(0x0000000b28700000,0x0000000b28800000) (1024K)]
  0x0000019acbedf450 JavaThread "Thread-9"                   daemon [_thread_in_native, id=16528, stack(0x0000000b28800000,0x0000000b28900000) (1024K)]
  0x0000019acbededc0 JavaThread "Thread-10"                  daemon [_thread_in_native, id=1636, stack(0x0000000b28900000,0x0000000b28a00000) (1024K)]
  0x0000019acbee0800 JavaThread "Thread-11"                  daemon [_thread_in_native, id=4620, stack(0x0000000b28a00000,0x0000000b28b00000) (1024K)]
  0x0000019acbee1bb0 JavaThread "Thread-12"                  daemon [_thread_in_native, id=21272, stack(0x0000000b28b00000,0x0000000b28c00000) (1024K)]
  0x0000019acbee28d0 JavaThread "Thread-13"                  daemon [_thread_in_native, id=14924, stack(0x0000000b28c00000,0x0000000b28d00000) (1024K)]
  0x0000019acbee35f0 JavaThread "Thread-14"                  daemon [_thread_blocked, id=13260, stack(0x0000000b28d00000,0x0000000b28e00000) (1024K)]
  0x0000019acbee56c0 JavaThread "Thread-15"                  daemon [_thread_in_native, id=7584, stack(0x0000000b28e00000,0x0000000b28f00000) (1024K)]
  0x0000019acbee3c80 JavaThread "pool-2-thread-1"                   [_thread_blocked, id=13928, stack(0x0000000b28100000,0x0000000b28200000) (1024K)]
  0x0000019acbee5030 JavaThread "WorkspaceEventsHandler"            [_thread_blocked, id=13940, stack(0x0000000b29000000,0x0000000b29100000) (1024K)]
  0x0000019acbede730 JavaThread "pool-1-thread-1"                   [_thread_blocked, id=16924, stack(0x0000000b29100000,0x0000000b29200000) (1024K)]
  0x0000019ace7dbcc0 JavaThread "Cleaner-0"                  daemon [_thread_blocked, id=14504, stack(0x0000000b2c200000,0x0000000b2c300000) (1024K)]
  0x0000019ad0ee8f80 JavaThread "Java Debug Server"          daemon [_thread_in_native, id=22724, stack(0x0000000b27e00000,0x0000000b27f00000) (1024K)]
  0x0000019acb4c6340 JavaThread "RxSchedulerPurge-1"         daemon [_thread_blocked, id=16428, stack(0x0000000b25800000,0x0000000b25900000) (1024K)]
  0x0000019acb4c9e50 JavaThread "RxCachedWorkerPoolEvictor-1" daemon [_thread_blocked, id=22912, stack(0x0000000b27b00000,0x0000000b27c00000) (1024K)]
  0x0000019acb8f7640 JavaThread "process reaper (pid 1620)"  daemon [_thread_in_native, id=19064, stack(0x0000000b253d0000,0x0000000b253f0000) (128K)]
  0x0000019acb8f8360 JavaThread "ForkJoinPool.commonPool-worker-15" daemon [_thread_blocked, id=20444, stack(0x0000000b27a00000,0x0000000b27b00000) (1024K)]
  0x0000019acb8f4ee0 JavaThread "Worker-17"                         [_thread_blocked, id=22384, stack(0x0000000b29900000,0x0000000b29a00000) (1024K)]
  0x0000019ace7deab0 JavaThread "ForkJoinPool.commonPool-worker-23" daemon [_thread_blocked, id=22132, stack(0x0000000b27800000,0x0000000b27900000) (1024K)]
  0x0000019ace7e18a0 JavaThread "ForkJoinPool.commonPool-worker-25" daemon [_thread_blocked, id=13180, stack(0x0000000b28000000,0x0000000b28100000) (1024K)]
  0x0000019ace7e0b80 JavaThread "Compiler Source File Reader" daemon [_thread_blocked, id=17060, stack(0x0000000b29200000,0x0000000b29300000) (1024K)]
  0x0000019ace7e25c0 JavaThread "Compiler Source File Reader" daemon [_thread_blocked, id=23264, stack(0x0000000b29400000,0x0000000b29500000) (1024K)]
  0x0000019ace7df140 JavaThread "Worker-22"                         [_thread_blocked, id=23084, stack(0x0000000b29500000,0x0000000b29600000) (1024K)]
  0x0000019ace7dd700 JavaThread "Compiler Source File Reader" daemon [_thread_blocked, id=23360, stack(0x0000000b29700000,0x0000000b29800000) (1024K)]
  0x0000019ace7df7d0 JavaThread "pool-5-thread-4"                   [_thread_in_native, id=21816, stack(0x0000000b27c00000,0x0000000b27d00000) (1024K)]
  0x0000019ace7e2c50 JavaThread "RxNewThreadScheduler-9"     daemon [_thread_blocked, id=5820, stack(0x0000000b29a00000,0x0000000b29b00000) (1024K)]
  0x0000019acb4c76f0 JavaThread "ForkJoinPool.commonPool-worker-26" daemon [_thread_blocked, id=20352, stack(0x0000000b25700000,0x0000000b25800000) (1024K)]
  0x0000019acb4c97c0 JavaThread "ForkJoinPool.commonPool-worker-28" daemon [_thread_blocked, id=3052, stack(0x0000000b25900000,0x0000000b25a00000) (1024K)]
  0x0000019acb4c7060 JavaThread "ForkJoinPool.commonPool-worker-27" daemon [_thread_blocked, id=21936, stack(0x0000000b27f00000,0x0000000b28000000) (1024K)]
  0x0000019acb4cab70 JavaThread "ForkJoinPool.commonPool-worker-29" daemon [_thread_blocked, id=22668, stack(0x0000000b29600000,0x0000000b29700000) (1024K)]
  0x0000019acb4c8aa0 JavaThread "ForkJoinPool.commonPool-worker-30" daemon [_thread_blocked, id=19072, stack(0x0000000b29800000,0x0000000b29900000) (1024K)]
  0x0000019acb4cb200 JavaThread "ForkJoinPool.commonPool-worker-31" daemon [_thread_blocked, id=15332, stack(0x0000000b29b00000,0x0000000b29c00000) (1024K)]
  0x0000019acb4cb890 JavaThread "Worker-23"                         [_thread_blocked, id=22720, stack(0x0000000b29c00000,0x0000000b29d00000) (1024K)]
  0x0000019acb4cbf20 JavaThread "Worker-24"                         [_thread_blocked, id=9776, stack(0x0000000b29d00000,0x0000000b29e00000) (1024K)]
  0x0000019acb4cc5b0 JavaThread "Compiler Source File Reader" daemon [_thread_blocked, id=724, stack(0x0000000b29e00000,0x0000000b29f00000) (1024K)]
  0x0000019acb4c5cb0 JavaThread "Compiler Processing Task"   daemon [_thread_blocked, id=1888, stack(0x0000000b29f00000,0x0000000b2a000000) (1024K)]
  0x0000019acb4c8410 JavaThread "Compiler Source File Reader" daemon [_thread_blocked, id=22712, stack(0x0000000b2a000000,0x0000000b2a100000) (1024K)]
  0x0000019acb4cd2d0 JavaThread "ForkJoinPool.commonPool-worker-32" daemon [_thread_blocked, id=22388, stack(0x0000000b2a200000,0x0000000b2a300000) (1024K)]
  0x0000019acb4c69d0 JavaThread "ForkJoinPool.commonPool-worker-33" daemon [_thread_blocked, id=23228, stack(0x0000000b2a300000,0x0000000b2a400000) (1024K)]
  0x0000019acb8f7cd0 JavaThread "Worker-25"                         [_thread_blocked, id=8756, stack(0x0000000b2a400000,0x0000000b2a500000) (1024K)]
  0x0000019acb8f5570 JavaThread "Compiler Source File Reader" daemon [_thread_blocked, id=6104, stack(0x0000000b2a100000,0x0000000b2a200000) (1024K)]
  0x0000019acb8f5c00 JavaThread "Worker-26"                         [_thread_blocked, id=20108, stack(0x0000000b28f00000,0x0000000b29000000) (1024K)]
  0x0000019acb8f89f0 JavaThread "Compiler Source File Reader" daemon [_thread_blocked, id=21516, stack(0x0000000b2a500000,0x0000000b2a600000) (1024K)]
  0x0000019acb8f1a60 JavaThread "Worker-27"                         [_thread_blocked, id=16944, stack(0x0000000b29300000,0x0000000b29400000) (1024K)]
  0x0000019acb8f2780 JavaThread "Compiler Source File Reader" daemon [_thread_blocked, id=21164, stack(0x0000000b2a800000,0x0000000b2a900000) (1024K)]
  0x0000019acb8f41c0 JavaThread "Compiler Source File Reader" daemon [_thread_blocked, id=16644, stack(0x0000000b2a600000,0x0000000b2a700000) (1024K)]
  0x0000019acb8f4850 JavaThread "Worker-28"                         [_thread_blocked, id=14548, stack(0x0000000b2a700000,0x0000000b2a800000) (1024K)]
  0x0000019acb8f2e10 JavaThread "Compiler Source File Reader" daemon [_thread_blocked, id=2968, stack(0x0000000b2a900000,0x0000000b2aa00000) (1024K)]
  0x0000019ac9706650 JavaThread "C2 CompilerThread1"         daemon [_thread_blocked, id=16804, stack(0x0000000b2aa00000,0x0000000b2ab00000) (1024K)]
=>0x0000019ac9709600 JavaThread "C2 CompilerThread2"         daemon [_thread_in_native, id=12796, stack(0x0000000b2ab00000,0x0000000b2ac00000) (1024K)]
Total: 75

Other Threads:
  0x0000019ae9d14290 VMThread "VM Thread"                           [id=11364, stack(0x0000000b25d00000,0x0000000b25e00000) (1024K)]
  0x0000019ae9df3830 WatcherThread "VM Periodic Task Thread"        [id=15228, stack(0x0000000b25c00000,0x0000000b25d00000) (1024K)]
  0x0000019ae9da9060 WorkerThread "GC Thread#0"                     [id=17640, stack(0x0000000b25b00000,0x0000000b25c00000) (1024K)]
  0x0000019aff132600 WorkerThread "GC Thread#1"                     [id=16548, stack(0x0000000b26a00000,0x0000000b26b00000) (1024K)]
  0x0000019aff1329a0 WorkerThread "GC Thread#2"                     [id=17524, stack(0x0000000b26b00000,0x0000000b26c00000) (1024K)]
  0x0000019afed9e7a0 WorkerThread "GC Thread#3"                     [id=10040, stack(0x0000000b26c00000,0x0000000b26d00000) (1024K)]
  0x0000019afed9eb40 WorkerThread "GC Thread#4"                     [id=15680, stack(0x0000000b26d00000,0x0000000b26e00000) (1024K)]
  0x0000019afed9eee0 WorkerThread "GC Thread#5"                     [id=20672, stack(0x0000000b26e00000,0x0000000b26f00000) (1024K)]
  0x0000019afed9f280 WorkerThread "GC Thread#6"                     [id=16332, stack(0x0000000b26f00000,0x0000000b27000000) (1024K)]
  0x0000019afed71e70 WorkerThread "GC Thread#7"                     [id=3616, stack(0x0000000b27100000,0x0000000b27200000) (1024K)]
  0x0000019ac923e220 WorkerThread "GC Thread#8"                     [id=12964, stack(0x0000000b27500000,0x0000000b27600000) (1024K)]
  0x0000019ac923d000 WorkerThread "GC Thread#9"                     [id=21156, stack(0x0000000b27600000,0x0000000b27700000) (1024K)]
Total: 12

Threads with active compile tasks:
C2 CompilerThread2  4081259 26705   !   4       org.eclipse.jdt.internal.compiler.classfmt.ClassFileReader::<init> (1968 bytes)
Total: 1

VM state: at safepoint (normal execution)

VM Mutex/Monitor currently owned by a thread:  ([mutex/lock_event])
[0x00007ffdeab45458] Threads_lock - owner thread: 0x0000019ae9d14290
[0x00007ffdeab45558] Heap_lock - owner thread: 0x0000019aff08abf0

Heap address: 0x0000000080000000, size: 2048 MB, Compressed Oops mode: 32-bit

CDS archive(s) mapped at: [0x0000019a84000000-0x0000019a84ba0000-0x0000019a84ba0000), size 12189696, SharedBaseAddress: 0x0000019a84000000, ArchiveRelocationMode: 1.
Compressed class space mapped at: 0x0000019a85000000-0x0000019ac5000000, reserved size: 1073741824
Narrow klass base: 0x0000019a84000000, Narrow klass shift: 0, Narrow klass range: 0x100000000

GC Precious Log:
 CardTable entry size: 512
 CPUs: 12 total, 12 available
 Memory: 16016M
 Large Page Support: Disabled
 NUMA Support: Disabled
 Compressed Oops: Enabled (32-bit)
 Alignments: Space 512K, Generation 512K, Heap 2M
 Heap Min Capacity: 100M
 Heap Initial Capacity: 100M
 Heap Max Capacity: 2G
 Pre-touch: Disabled
 Parallel Workers: 10

Heap:
 PSYoungGen      total 5120K, used 5104K [0x00000000d5580000, 0x00000000d7400000, 0x0000000100000000)
  eden space 3072K, 100% used [0x00000000d5580000,0x00000000d5880000,0x00000000d5880000)
  from space 2048K, 99% used [0x00000000d6280000,0x00000000d647c2d0,0x00000000d6480000)
  to   space 10240K, 30% used [0x00000000d5880000,0x00000000d5b98000,0x00000000d6280000)
 ParOldGen       total 1141248K, used 1141012K [0x0000000080000000, 0x00000000c5a80000, 0x00000000d5580000)
  object space 1141248K, 99% used [0x0000000080000000,0x00000000c5a45290,0x00000000c5a80000)
 Metaspace       used 90202K, committed 91840K, reserved 1179648K
  class space    used 9126K, committed 9920K, reserved 1048576K

Card table byte_map: [0x0000019ae9720000,0x0000019ae9b30000] _byte_map_base: 0x0000019ae9320000

Marking Bits: (ParMarkBitMap*) 0x00007ffdeab4a340
 Begin Bits: [0x0000019a80000000, 0x0000019a82000000)
 End Bits:   [0x0000019a82000000, 0x0000019a84000000)

Polling page: 0x0000019ae79c0000

Metaspace:

Usage:
  Non-class:     79.18 MB used.
      Class:      8.91 MB used.
       Both:     88.09 MB used.

Virtual space:
  Non-class space:      128.00 MB reserved,      80.00 MB ( 62%) committed,  2 nodes.
      Class space:        1.00 GB reserved,       9.69 MB ( <1%) committed,  1 nodes.
             Both:        1.12 GB reserved,      89.69 MB (  8%) committed. 

Chunk freelists:
   Non-Class:  15.32 MB
       Class:  6.34 MB
        Both:  21.67 MB

MaxMetaspaceSize: unlimited
CompressedClassSpaceSize: 1.00 GB
Initial GC threshold: 21.00 MB
Current GC threshold: 145.44 MB
CDS: on
 - commit_granule_bytes: 65536.
 - commit_granule_words: 8192.
 - virtual_space_node_default_size: 8388608.
 - enlarge_chunks_in_place: 1.
 - use_allocation_guard: 0.


Internal statistics:

num_allocs_failed_limit: 13.
num_arena_births: 1956.
num_arena_deaths: 558.
num_vsnodes_births: 3.
num_vsnodes_deaths: 0.
num_space_committed: 1435.
num_space_uncommitted: 0.
num_chunks_returned_to_freelist: 678.
num_chunks_taken_from_freelist: 6640.
num_chunk_merges: 210.
num_chunk_splits: 3743.
num_chunks_enlarged: 1973.
num_inconsistent_stats: 0.

CodeHeap 'non-profiled nmethods': size=120000Kb used=17883Kb max_used=21422Kb free=102116Kb
 bounds [0x0000019af4a40000, 0x0000019af5f30000, 0x0000019afbf70000]
CodeHeap 'profiled nmethods': size=120000Kb used=38570Kb max_used=54570Kb free=81429Kb
 bounds [0x0000019aecf70000, 0x0000019af04c0000, 0x0000019af44a0000]
CodeHeap 'non-nmethods': size=5760Kb used=1540Kb max_used=1630Kb free=4220Kb
 bounds [0x0000019af44a0000, 0x0000019af4710000, 0x0000019af4a40000]
CodeCache: size=245760Kb, used=57993Kb, max_used=77622Kb, free=187765Kb
 total_blobs=18258, nmethods=17395, adapters=763, full_count=0
Compilation: enabled, stopped_count=0, restarted_count=0

Compilation events (20 events):
Event: 4080.828 Thread 0x0000019ae9d29730 nmethod 26761 0x0000019af5f22b10 code [0x0000019af5f22ca0, 0x0000019af5f22d90]
Event: 4080.846 Thread 0x0000019ac9706650 nmethod 26742 0x0000019af5f22e90 code [0x0000019af5f23400, 0x0000019af5f26b30]
Event: 4080.902 Thread 0x0000019ac9706650 26762       4       org.eclipse.core.runtime.Path::setDevice (73 bytes)
Event: 4080.905 Thread 0x0000019ae9d29730 26763       4       org.eclipse.core.internal.events.ResourceDelta::getAffectedChildren (326 bytes)
Event: 4080.908 Thread 0x0000019ac9706650 nmethod 26762 0x0000019af5f28f10 code [0x0000019af5f290e0, 0x0000019af5f29380]
Event: 4080.914 Thread 0x0000019ae9d2bf50 26764       3       java.lang.invoke.LambdaForm$MH/0x0000019a858d4400::invoke (42 bytes)
Event: 4080.916 Thread 0x0000019ae9d2bf50 nmethod 26764 0x0000019aeeb99810 code [0x0000019aeeb99aa0, 0x0000019aeeb9a820]
Event: 4080.916 Thread 0x0000019ae9d2bf50 26765       3       java.lang.invoke.LambdaForm$MH/0x0000019a858d4c00::invoke (42 bytes)
Event: 4080.918 Thread 0x0000019ae9d2bf50 nmethod 26765 0x0000019aee8d8910 code [0x0000019aee8d8ba0, 0x0000019aee8d9920]
Event: 4080.918 Thread 0x0000019ae9d2bf50 26766       3       java.lang.invoke.LambdaForm$MH/0x0000019a858d5000::invoke (42 bytes)
Event: 4080.919 Thread 0x0000019ac9706650 26770       4       org.eclipse.lsp4j.jsonrpc.json.adapters.CollectionTypeAdapter::write (10 bytes)
Event: 4080.920 Thread 0x0000019ae9d2bf50 nmethod 26766 0x0000019aee8d7490 code [0x0000019aee8d7720, 0x0000019aee8d84a0]
Event: 4080.920 Thread 0x0000019ae9d2bf50 26767       3       org.eclipse.lsp4j.Diagnostic::setCode (19 bytes)
Event: 4080.921 Thread 0x0000019ae9d2bf50 nmethod 26767 0x0000019aeeb99190 code [0x0000019aeeb99360, 0x0000019aeeb99688]
Event: 4080.921 Thread 0x0000019ae9d2bf50 26768       3       org.eclipse.lsp4j.Diagnostic::setRange (14 bytes)
Event: 4080.921 Thread 0x0000019ae9d2bf50 nmethod 26768 0x0000019aee8d6e10 code [0x0000019aee8d6fe0, 0x0000019aee8d7320]
Event: 4080.921 Thread 0x0000019ae9d2bf50 26769       3       org.eclipse.jdt.ls.core.internal.handlers.BaseDiagnosticsHandler::getDiagnosticTag (458 bytes)
Event: 4080.923 Thread 0x0000019ae9d2bf50 nmethod 26769 0x0000019aeeccfa10 code [0x0000019aeeccfc60, 0x0000019aeecd0d70]
Event: 4080.947 Thread 0x0000019ae9d29730 nmethod 26763 0x0000019af5f29590 code [0x0000019af5f29780, 0x0000019af5f29e00]
Event: 4080.953 Thread 0x0000019ac9706650 nmethod 26770 0x0000019af5f2a210 code [0x0000019af5f2a520, 0x0000019af5f2aff0]

GC Heap History (20 events):
Event: 4079.754 GC heap after
{Heap after GC invocations=1325 (full 5):
 PSYoungGen      total 12800K, used 4639K [0x00000000d5580000, 0x00000000d6a00000, 0x0000000100000000)
  eden space 7680K, 0% used [0x00000000d5580000,0x00000000d5580000,0x00000000d5d00000)
  from space 5120K, 90% used [0x00000000d6500000,0x00000000d6987c00,0x00000000d6a00000)
  to   space 5632K, 0% used [0x00000000d5f00000,0x00000000d5f00000,0x00000000d6480000)
 ParOldGen       total 1088000K, used 1087913K [0x0000000080000000, 0x00000000c2680000, 0x00000000d5580000)
  object space 1088000K, 99% used [0x0000000080000000,0x00000000c266a6a8,0x00000000c2680000)
 Metaspace       used 90108K, committed 91776K, reserved 1179648K
  class space    used 9124K, committed 9920K, reserved 1048576K
}
Event: 4079.790 GC heap before
{Heap before GC invocations=1326 (full 5):
 PSYoungGen      total 12800K, used 12314K [0x00000000d5580000, 0x00000000d6a00000, 0x0000000100000000)
  eden space 7680K, 99% used [0x00000000d5580000,0x00000000d5cfed28,0x00000000d5d00000)
  from space 5120K, 90% used [0x00000000d6500000,0x00000000d6987c00,0x00000000d6a00000)
  to   space 5632K, 0% used [0x00000000d5f00000,0x00000000d5f00000,0x00000000d6480000)
 ParOldGen       total 1088000K, used 1087913K [0x0000000080000000, 0x00000000c2680000, 0x00000000d5580000)
  object space 1088000K, 99% used [0x0000000080000000,0x00000000c266a6a8,0x00000000c2680000)
 Metaspace       used 90123K, committed 91776K, reserved 1179648K
  class space    used 9124K, committed 9920K, reserved 1048576K
}
Event: 4079.808 GC heap after
{Heap after GC invocations=1326 (full 5):
 PSYoungGen      total 12288K, used 2960K [0x00000000d5580000, 0x00000000d6680000, 0x0000000100000000)
  eden space 9216K, 0% used [0x00000000d5580000,0x00000000d5580000,0x00000000d5e80000)
  from space 3072K, 96% used [0x00000000d5f00000,0x00000000d61e4000,0x00000000d6200000)
  to   space 4096K, 0% used [0x00000000d6280000,0x00000000d6280000,0x00000000d6680000)
 ParOldGen       total 1092608K, used 1092345K [0x0000000080000000, 0x00000000c2b00000, 0x00000000d5580000)
  object space 1092608K, 99% used [0x0000000080000000,0x00000000c2abe6a8,0x00000000c2b00000)
 Metaspace       used 90123K, committed 91776K, reserved 1179648K
  class space    used 9124K, committed 9920K, reserved 1048576K
}
Event: 4079.875 GC heap before
{Heap before GC invocations=1327 (full 5):
 PSYoungGen      total 12288K, used 12176K [0x00000000d5580000, 0x00000000d6680000, 0x0000000100000000)
  eden space 9216K, 100% used [0x00000000d5580000,0x00000000d5e80000,0x00000000d5e80000)
  from space 3072K, 96% used [0x00000000d5f00000,0x00000000d61e4000,0x00000000d6200000)
  to   space 4096K, 0% used [0x00000000d6280000,0x00000000d6280000,0x00000000d6680000)
 ParOldGen       total 1092608K, used 1092345K [0x0000000080000000, 0x00000000c2b00000, 0x00000000d5580000)
  object space 1092608K, 99% used [0x0000000080000000,0x00000000c2abe6a8,0x00000000c2b00000)
 Metaspace       used 90133K, committed 91776K, reserved 1179648K
  class space    used 9124K, committed 9920K, reserved 1048576K
}
Event: 4079.888 GC heap after
{Heap after GC invocations=1327 (full 5):
 PSYoungGen      total 13824K, used 2016K [0x00000000d5580000, 0x00000000d6580000, 0x0000000100000000)
  eden space 10752K, 0% used [0x00000000d5580000,0x00000000d5580000,0x00000000d6000000)
  from space 3072K, 65% used [0x00000000d6280000,0x00000000d6478000,0x00000000d6580000)
  to   space 2560K, 0% used [0x00000000d6000000,0x00000000d6000000,0x00000000d6280000)
 ParOldGen       total 1095168K, used 1095117K [0x0000000080000000, 0x00000000c2d80000, 0x00000000d5580000)
  object space 1095168K, 99% used [0x0000000080000000,0x00000000c2d736b8,0x00000000c2d80000)
 Metaspace       used 90133K, committed 91776K, reserved 1179648K
  class space    used 9124K, committed 9920K, reserved 1048576K
}
Event: 4080.109 GC heap before
{Heap before GC invocations=1328 (full 5):
 PSYoungGen      total 13824K, used 12768K [0x00000000d5580000, 0x00000000d6580000, 0x0000000100000000)
  eden space 10752K, 100% used [0x00000000d5580000,0x00000000d6000000,0x00000000d6000000)
  from space 3072K, 65% used [0x00000000d6280000,0x00000000d6478000,0x00000000d6580000)
  to   space 2560K, 0% used [0x00000000d6000000,0x00000000d6000000,0x00000000d6280000)
 ParOldGen       total 1095168K, used 1095117K [0x0000000080000000, 0x00000000c2d80000, 0x00000000d5580000)
  object space 1095168K, 99% used [0x0000000080000000,0x00000000c2d736b8,0x00000000c2d80000)
 Metaspace       used 90137K, committed 91776K, reserved 1179648K
  class space    used 9124K, committed 9920K, reserved 1048576K
}
Event: 4080.117 GC heap after
{Heap after GC invocations=1328 (full 5):
 PSYoungGen      total 13312K, used 1568K [0x00000000d5580000, 0x00000000d6680000, 0x0000000100000000)
  eden space 10752K, 0% used [0x00000000d5580000,0x00000000d5580000,0x00000000d6000000)
  from space 2560K, 61% used [0x00000000d6000000,0x00000000d6188020,0x00000000d6280000)
  to   space 2048K, 0% used [0x00000000d6480000,0x00000000d6480000,0x00000000d6680000)
 ParOldGen       total 1096704K, used 1096512K [0x0000000080000000, 0x00000000c2f00000, 0x00000000d5580000)
  object space 1096704K, 99% used [0x0000000080000000,0x00000000c2ed0338,0x00000000c2f00000)
 Metaspace       used 90137K, committed 91776K, reserved 1179648K
  class space    used 9124K, committed 9920K, reserved 1048576K
}
Event: 4080.291 GC heap before
{Heap before GC invocations=1329 (full 5):
 PSYoungGen      total 13312K, used 12320K [0x00000000d5580000, 0x00000000d6680000, 0x0000000100000000)
  eden space 10752K, 100% used [0x00000000d5580000,0x00000000d6000000,0x00000000d6000000)
  from space 2560K, 61% used [0x00000000d6000000,0x00000000d6188020,0x00000000d6280000)
  to   space 2048K, 0% used [0x00000000d6480000,0x00000000d6480000,0x00000000d6680000)
 ParOldGen       total 1096704K, used 1096512K [0x0000000080000000, 0x00000000c2f00000, 0x00000000d5580000)
  object space 1096704K, 99% used [0x0000000080000000,0x00000000c2ed0338,0x00000000c2f00000)
 Metaspace       used 90152K, committed 91840K, reserved 1179648K
  class space    used 9126K, committed 9920K, reserved 1048576K
}
Event: 4080.302 GC heap after
{Heap after GC invocations=1329 (full 5):
 PSYoungGen      total 12288K, used 1511K [0x00000000d5580000, 0x00000000d6600000, 0x0000000100000000)
  eden space 10752K, 0% used [0x00000000d5580000,0x00000000d5580000,0x00000000d6000000)
  from space 1536K, 98% used [0x00000000d6480000,0x00000000d65f9e00,0x00000000d6600000)
  to   space 2048K, 0% used [0x00000000d6200000,0x00000000d6200000,0x00000000d6400000)
 ParOldGen       total 1098240K, used 1097884K [0x0000000080000000, 0x00000000c3080000, 0x00000000d5580000)
  object space 1098240K, 99% used [0x0000000080000000,0x00000000c3027270,0x00000000c3080000)
 Metaspace       used 90152K, committed 91840K, reserved 1179648K
  class space    used 9126K, committed 9920K, reserved 1048576K
}
Event: 4080.419 GC heap before
{Heap before GC invocations=1330 (full 5):
 PSYoungGen      total 12288K, used 12263K [0x00000000d5580000, 0x00000000d6600000, 0x0000000100000000)
  eden space 10752K, 100% used [0x00000000d5580000,0x00000000d6000000,0x00000000d6000000)
  from space 1536K, 98% used [0x00000000d6480000,0x00000000d65f9e00,0x00000000d6600000)
  to   space 2048K, 0% used [0x00000000d6200000,0x00000000d6200000,0x00000000d6400000)
 ParOldGen       total 1098240K, used 1097884K [0x0000000080000000, 0x00000000c3080000, 0x00000000d5580000)
  object space 1098240K, 99% used [0x0000000080000000,0x00000000c3027270,0x00000000c3080000)
 Metaspace       used 90154K, committed 91840K, reserved 1179648K
  class space    used 9126K, committed 9920K, reserved 1048576K
}
Event: 4080.428 GC heap after
{Heap after GC invocations=1330 (full 5):
 PSYoungGen      total 12800K, used 2046K [0x00000000d5580000, 0x00000000d6800000, 0x0000000100000000)
  eden space 10752K, 0% used [0x00000000d5580000,0x00000000d5580000,0x00000000d6000000)
  from space 2048K, 99% used [0x00000000d6200000,0x00000000d63ffa88,0x00000000d6400000)
  to   space 4096K, 0% used [0x00000000d6400000,0x00000000d6400000,0x00000000d6800000)
 ParOldGen       total 1099776K, used 1099481K [0x0000000080000000, 0x00000000c3200000, 0x00000000d5580000)
  object space 1099776K, 99% used [0x0000000080000000,0x00000000c31b64a0,0x00000000c3200000)
 Metaspace       used 90154K, committed 91840K, reserved 1179648K
  class space    used 9126K, committed 9920K, reserved 1048576K
}
Event: 4080.533 GC heap before
{Heap before GC invocations=1331 (full 5):
 PSYoungGen      total 12800K, used 12798K [0x00000000d5580000, 0x00000000d6800000, 0x0000000100000000)
  eden space 10752K, 100% used [0x00000000d5580000,0x00000000d6000000,0x00000000d6000000)
  from space 2048K, 99% used [0x00000000d6200000,0x00000000d63ffa88,0x00000000d6400000)
  to   space 4096K, 0% used [0x00000000d6400000,0x00000000d6400000,0x00000000d6800000)
 ParOldGen       total 1099776K, used 1099481K [0x0000000080000000, 0x00000000c3200000, 0x00000000d5580000)
  object space 1099776K, 99% used [0x0000000080000000,0x00000000c31b64a0,0x00000000c3200000)
 Metaspace       used 90158K, committed 91840K, reserved 1179648K
  class space    used 9126K, committed 9920K, reserved 1048576K
}
Event: 4080.540 GC heap after
{Heap after GC invocations=1331 (full 5):
 PSYoungGen      total 12288K, used 1305K [0x00000000d5580000, 0x00000000d6580000, 0x0000000100000000)
  eden space 10752K, 0% used [0x00000000d5580000,0x00000000d5580000,0x00000000d6000000)
  from space 1536K, 84% used [0x00000000d6400000,0x00000000d6546420,0x00000000d6580000)
  to   space 2560K, 0% used [0x00000000d6080000,0x00000000d6080000,0x00000000d6300000)
 ParOldGen       total 1101824K, used 1101345K [0x0000000080000000, 0x00000000c3400000, 0x00000000d5580000)
  object space 1101824K, 99% used [0x0000000080000000,0x00000000c33884c0,0x00000000c3400000)
 Metaspace       used 90158K, committed 91840K, reserved 1179648K
  class space    used 9126K, committed 9920K, reserved 1048576K
}
Event: 4080.856 GC heap before
{Heap before GC invocations=1332 (full 5):
 PSYoungGen      total 12288K, used 12057K [0x00000000d5580000, 0x00000000d6580000, 0x0000000100000000)
  eden space 10752K, 100% used [0x00000000d5580000,0x00000000d6000000,0x00000000d6000000)
  from space 1536K, 84% used [0x00000000d6400000,0x00000000d6546420,0x00000000d6580000)
  to   space 2560K, 0% used [0x00000000d6080000,0x00000000d6080000,0x00000000d6300000)
 ParOldGen       total 1133568K, used 1132065K [0x0000000080000000, 0x00000000c5300000, 0x00000000d5580000)
  object space 1133568K, 99% used [0x0000000080000000,0x00000000c51884f0,0x00000000c5300000)
 Metaspace       used 90196K, committed 91840K, reserved 1179648K
  class space    used 9126K, committed 9920K, reserved 1048576K
}
Event: 4080.864 GC heap after
{Heap after GC invocations=1332 (full 5):
 PSYoungGen      total 12800K, used 1720K [0x00000000d5580000, 0x00000000d6480000, 0x0000000100000000)
  eden space 10752K, 0% used [0x00000000d5580000,0x00000000d5580000,0x00000000d6000000)
  from space 2048K, 84% used [0x00000000d6080000,0x00000000d622e3d8,0x00000000d6280000)
  to   space 2048K, 0% used [0x00000000d6280000,0x00000000d6280000,0x00000000d6480000)
 ParOldGen       total 1133568K, used 1133097K [0x0000000080000000, 0x00000000c5300000, 0x00000000d5580000)
  object space 1133568K, 99% used [0x0000000080000000,0x00000000c528a4f0,0x00000000c5300000)
 Metaspace       used 90196K, committed 91840K, reserved 1179648K
  class space    used 9126K, committed 9920K, reserved 1048576K
}
Event: 4081.017 GC heap before
{Heap before GC invocations=1333 (full 5):
 PSYoungGen      total 12800K, used 12472K [0x00000000d5580000, 0x00000000d6480000, 0x0000000100000000)
  eden space 10752K, 100% used [0x00000000d5580000,0x00000000d6000000,0x00000000d6000000)
  from space 2048K, 84% used [0x00000000d6080000,0x00000000d622e3d8,0x00000000d6280000)
  to   space 2048K, 0% used [0x00000000d6280000,0x00000000d6280000,0x00000000d6480000)
 ParOldGen       total 1133568K, used 1133097K [0x0000000080000000, 0x00000000c5300000, 0x00000000d5580000)
  object space 1133568K, 99% used [0x0000000080000000,0x00000000c528a4f0,0x00000000c5300000)
 Metaspace       used 90202K, committed 91840K, reserved 1179648K
  class space    used 9126K, committed 9920K, reserved 1048576K
}
Event: 4081.032 GC heap after
{Heap after GC invocations=1333 (full 5):
 PSYoungGen      total 5120K, used 2032K [0x00000000d5580000, 0x00000000d7400000, 0x0000000100000000)
  eden space 3072K, 0% used [0x00000000d5580000,0x00000000d5580000,0x00000000d5880000)
  from space 2048K, 99% used [0x00000000d6280000,0x00000000d647c2d0,0x00000000d6480000)
  to   space 10240K, 0% used [0x00000000d5880000,0x00000000d5880000,0x00000000d6280000)
 ParOldGen       total 1140224K, used 1139932K [0x0000000080000000, 0x00000000c5980000, 0x00000000d5580000)
  object space 1140224K, 99% used [0x0000000080000000,0x00000000c5937118,0x00000000c5980000)
 Metaspace       used 90202K, committed 91840K, reserved 1179648K
  class space    used 9126K, committed 9920K, reserved 1048576K
}
Event: 4081.049 GC heap before
{Heap before GC invocations=1334 (full 5):
 PSYoungGen      total 5120K, used 5104K [0x00000000d5580000, 0x00000000d7400000, 0x0000000100000000)
  eden space 3072K, 100% used [0x00000000d5580000,0x00000000d5880000,0x00000000d5880000)
  from space 2048K, 99% used [0x00000000d6280000,0x00000000d647c2d0,0x00000000d6480000)
  to   space 10240K, 0% used [0x00000000d5880000,0x00000000d5880000,0x00000000d6280000)
 ParOldGen       total 1140224K, used 1139932K [0x0000000080000000, 0x00000000c5980000, 0x00000000d5580000)
  object space 1140224K, 99% used [0x0000000080000000,0x00000000c5937118,0x00000000c5980000)
 Metaspace       used 90202K, committed 91840K, reserved 1179648K
  class space    used 9126K, committed 9920K, reserved 1048576K
}
Event: 4081.061 GC heap after
{Heap after GC invocations=1334 (full 5):
 PSYoungGen      total 5120K, used 5104K [0x00000000d5580000, 0x00000000d7400000, 0x0000000100000000)
  eden space 3072K, 100% used [0x00000000d5580000,0x00000000d5880000,0x00000000d5880000)
  from space 2048K, 99% used [0x00000000d6280000,0x00000000d647c2d0,0x00000000d6480000)
  to   space 10240K, 30% used [0x00000000d5880000,0x00000000d5b98000,0x00000000d6280000)
 ParOldGen       total 1141248K, used 1141012K [0x0000000080000000, 0x00000000c5a80000, 0x00000000d5580000)
  object space 1141248K, 99% used [0x0000000080000000,0x00000000c5a45290,0x00000000c5a80000)
 Metaspace       used 90202K, committed 91840K, reserved 1179648K
  class space    used 9126K, committed 9920K, reserved 1048576K
}
Event: 4081.061 GC heap before
{Heap before GC invocations=1335 (full 6):
 PSYoungGen      total 5120K, used 5104K [0x00000000d5580000, 0x00000000d7400000, 0x0000000100000000)
  eden space 3072K, 100% used [0x00000000d5580000,0x00000000d5880000,0x00000000d5880000)
  from space 2048K, 99% used [0x00000000d6280000,0x00000000d647c2d0,0x00000000d6480000)
  to   space 10240K, 30% used [0x00000000d5880000,0x00000000d5b98000,0x00000000d6280000)
 ParOldGen       total 1141248K, used 1141012K [0x0000000080000000, 0x00000000c5a80000, 0x00000000d5580000)
  object space 1141248K, 99% used [0x0000000080000000,0x00000000c5a45290,0x00000000c5a80000)
 Metaspace       used 90202K, committed 91840K, reserved 1179648K
  class space    used 9126K, committed 9920K, reserved 1048576K
}

Dll operation events (12 events):
Event: 0.183 Loaded shared library c:\Users\10935\.vscode\extensions\redhat.java-1.45.0-win32-x64\jre\21.0.8-win32-x86_64\bin\java.dll
Event: 0.515 Loaded shared library c:\Users\10935\.vscode\extensions\redhat.java-1.45.0-win32-x64\jre\21.0.8-win32-x86_64\bin\zip.dll
Event: 0.596 Loaded shared library C:\Users\10935\.vscode\extensions\redhat.java-1.45.0-win32-x64\jre\21.0.8-win32-x86_64\bin\instrument.dll
Event: 0.615 Loaded shared library C:\Users\10935\.vscode\extensions\redhat.java-1.45.0-win32-x64\jre\21.0.8-win32-x86_64\bin\net.dll
Event: 0.629 Loaded shared library C:\Users\10935\.vscode\extensions\redhat.java-1.45.0-win32-x64\jre\21.0.8-win32-x86_64\bin\nio.dll
Event: 0.641 Loaded shared library C:\Users\10935\.vscode\extensions\redhat.java-1.45.0-win32-x64\jre\21.0.8-win32-x86_64\bin\zip.dll
Event: 0.699 Loaded shared library C:\Users\10935\.vscode\extensions\redhat.java-1.45.0-win32-x64\jre\21.0.8-win32-x86_64\bin\jimage.dll
Event: 0.933 Loaded shared library c:\Users\10935\.vscode\extensions\redhat.java-1.45.0-win32-x64\jre\21.0.8-win32-x86_64\bin\verify.dll
Event: 3.407 Loaded shared library C:\Users\10935\AppData\Roaming\Code\User\globalStorage\redhat.java\1.45.0\config_win\org.eclipse.equinox.launcher\org.eclipse.equinox.launcher.win32.win32.x86_64_1.2.1400.v20250801-0854\eclipse_11916.dll
Event: 11.474 Loaded shared library C:\Users\10935\AppData\Local\Temp\jna-46738908\jna8137978582592138215.dll
Event: 21.331 Loaded shared library C:\Users\10935\.vscode\extensions\redhat.java-1.45.0-win32-x64\jre\21.0.8-win32-x86_64\bin\sunmscapi.dll
Event: 25.116 Loaded shared library C:\Users\10935\.vscode\extensions\redhat.java-1.45.0-win32-x64\jre\21.0.8-win32-x86_64\bin\extnet.dll

Deoptimization events (20 events):
Event: 4080.395 Thread 0x0000019acb4c5cb0 DEOPT PACKING pc=0x0000019aed8a6122 sp=0x0000000b29ffdfe0
Event: 4080.395 Thread 0x0000019acb4c5cb0 DEOPT UNPACKING pc=0x0000019af44f4242 sp=0x0000000b29ffd558 mode 0
Event: 4080.436 Thread 0x0000019acb4c5cb0 DEOPT PACKING pc=0x0000019aed8a6122 sp=0x0000000b29ffe5a0
Event: 4080.436 Thread 0x0000019acb4c5cb0 DEOPT UNPACKING pc=0x0000019af44f4242 sp=0x0000000b29ffdb18 mode 0
Event: 4080.467 Thread 0x0000019acb4c5cb0 DEOPT PACKING pc=0x0000019aed8a6122 sp=0x0000000b29ffdf40
Event: 4080.467 Thread 0x0000019acb4c5cb0 DEOPT UNPACKING pc=0x0000019af44f4242 sp=0x0000000b29ffd4b8 mode 0
Event: 4080.488 Thread 0x0000019acb4c5cb0 DEOPT PACKING pc=0x0000019aed8a6122 sp=0x0000000b29ffe4c0
Event: 4080.488 Thread 0x0000019acb4c5cb0 DEOPT UNPACKING pc=0x0000019af44f4242 sp=0x0000000b29ffda38 mode 0
Event: 4080.527 Thread 0x0000019acb4c5cb0 DEOPT PACKING pc=0x0000019af02da905 sp=0x0000000b29ffe630
Event: 4080.527 Thread 0x0000019acb4c5cb0 DEOPT UNPACKING pc=0x0000019af44f4242 sp=0x0000000b29ffdfb8 mode 0
Event: 4080.562 Thread 0x0000019acb4c5cb0 Uncommon trap: trap_request=0xffffffde fr.pc=0x0000019af532d404 relative=0x0000000000000364
Event: 4080.562 Thread 0x0000019acb4c5cb0 Uncommon trap: reason=class_check action=maybe_recompile pc=0x0000019af532d404 method=org.eclipse.jdt.internal.compiler.lookup.LookupEnvironment.convertUnresolvedBinaryToRawType(Lorg/eclipse/jdt/internal/compiler/lookup/TypeBinding;)Lorg/eclipse/jdt/inter
Event: 4080.562 Thread 0x0000019acb4c5cb0 DEOPT PACKING pc=0x0000019af532d404 sp=0x0000000b29ffeb10
Event: 4080.562 Thread 0x0000019acb4c5cb0 DEOPT UNPACKING pc=0x0000019af44f3aa2 sp=0x0000000b29ffea90 mode 2
Event: 4080.591 Thread 0x0000019acb4c5cb0 DEOPT PACKING pc=0x0000019aed8a6122 sp=0x0000000b29ffe090
Event: 4080.591 Thread 0x0000019acb4c5cb0 DEOPT UNPACKING pc=0x0000019af44f4242 sp=0x0000000b29ffd608 mode 0
Event: 4080.948 Thread 0x0000019aff08abf0 Uncommon trap: trap_request=0xffffff45 fr.pc=0x0000019af56cb5c4 relative=0x0000000000000124
Event: 4080.948 Thread 0x0000019aff08abf0 Uncommon trap: reason=unstable_if action=reinterpret pc=0x0000019af56cb5c4 method=org.eclipse.jdt.internal.core.index.DiskIndex.writeStreamInt(Ljava/io/OutputStream;I)V @ 9 c2
Event: 4080.948 Thread 0x0000019aff08abf0 DEOPT PACKING pc=0x0000019af56cb5c4 sp=0x0000000b27dfec50
Event: 4080.948 Thread 0x0000019aff08abf0 DEOPT UNPACKING pc=0x0000019af44f3aa2 sp=0x0000000b27dfebf8 mode 2

Classes loaded (20 events):
Event: 3058.553 Loading class sun/net/www/MeteredStream done
Event: 3058.553 Loading class sun/net/www/http/KeepAliveStream done
Event: 3058.554 Loading class sun/net/www/http/KeepAliveStreamCleaner
Event: 3058.554 Loading class sun/net/www/http/KeepAliveStreamCleaner done
Event: 3058.560 Loading class sun/net/www/http/KeepAliveStreamCleaner$1
Event: 3058.560 Loading class sun/net/www/http/KeepAliveStreamCleaner$1 done
Event: 3058.560 Loading class sun/net/www/http/KeepAliveStreamCleaner$2
Event: 3058.561 Loading class sun/net/www/http/KeepAliveStreamCleaner$2 done
Event: 3058.561 Loading class sun/net/www/protocol/http/HttpURLConnection$HttpInputStream
Event: 3058.561 Loading class sun/net/www/protocol/http/HttpURLConnection$HttpInputStream done
Event: 3058.587 Loading class sun/net/www/http/KeepAliveCache$1
Event: 3058.587 Loading class sun/net/www/http/KeepAliveCache$1 done
Event: 3058.588 Loading class sun/net/www/http/KeepAliveCache$ClientVector
Event: 3058.589 Loading class sun/net/www/http/KeepAliveCache$ClientVector done
Event: 3058.594 Loading class sun/net/www/http/KeepAliveEntry
Event: 3058.594 Loading class sun/net/www/http/KeepAliveEntry done
Event: 4059.385 Loading class java/io/CharArrayReader
Event: 4059.385 Loading class java/io/CharArrayReader done
Event: 4059.386 Loading class java/util/regex/Pattern$Bound
Event: 4059.386 Loading class java/util/regex/Pattern$Bound done

Classes unloaded (20 events):
Event: 3335.556 Thread 0x0000019ae9d14290 Unloading class 0x0000019a85017400 'java/lang/invoke/LambdaForm$MH+0x0000019a85017400'
Event: 3335.556 Thread 0x0000019ae9d14290 Unloading class 0x0000019a85016400 'java/lang/invoke/LambdaForm$MH+0x0000019a85016400'
Event: 3335.556 Thread 0x0000019ae9d14290 Unloading class 0x0000019a8500d800 'java/lang/invoke/LambdaForm$MH+0x0000019a8500d800'
Event: 3335.556 Thread 0x0000019ae9d14290 Unloading class 0x0000019a8500d400 'java/lang/invoke/LambdaForm$MH+0x0000019a8500d400'
Event: 3335.556 Thread 0x0000019ae9d14290 Unloading class 0x0000019a8500d000 'java/lang/invoke/LambdaForm$MH+0x0000019a8500d000'
Event: 3335.556 Thread 0x0000019ae9d14290 Unloading class 0x0000019a8500cc00 'java/lang/invoke/LambdaForm$MH+0x0000019a8500cc00'
Event: 3335.556 Thread 0x0000019ae9d14290 Unloading class 0x0000019a8500c800 'java/lang/invoke/LambdaForm$BMH+0x0000019a8500c800'
Event: 3335.556 Thread 0x0000019ae9d14290 Unloading class 0x0000019a8500c000 'java/lang/invoke/LambdaForm$DMH+0x0000019a8500c000'
Event: 3335.556 Thread 0x0000019ae9d14290 Unloading class 0x0000019a85008c00 'java/lang/invoke/LambdaForm$MH+0x0000019a85008c00'
Event: 3335.556 Thread 0x0000019ae9d14290 Unloading class 0x0000019a85008800 'java/lang/invoke/LambdaForm$MH+0x0000019a85008800'
Event: 3335.556 Thread 0x0000019ae9d14290 Unloading class 0x0000019a85008400 'java/lang/invoke/LambdaForm$MH+0x0000019a85008400'
Event: 3335.556 Thread 0x0000019ae9d14290 Unloading class 0x0000019a85007000 'java/lang/invoke/LambdaForm$MH+0x0000019a85007000'
Event: 3335.556 Thread 0x0000019ae9d14290 Unloading class 0x0000019a85006800 'java/lang/invoke/LambdaForm$MH+0x0000019a85006800'
Event: 3335.556 Thread 0x0000019ae9d14290 Unloading class 0x0000019a85006400 'java/lang/invoke/LambdaForm$MH+0x0000019a85006400'
Event: 3335.556 Thread 0x0000019ae9d14290 Unloading class 0x0000019a85006000 'java/lang/invoke/LambdaForm$MH+0x0000019a85006000'
Event: 3335.556 Thread 0x0000019ae9d14290 Unloading class 0x0000019a85005c00 'java/lang/invoke/LambdaForm$BMH+0x0000019a85005c00'
Event: 3335.556 Thread 0x0000019ae9d14290 Unloading class 0x0000019a85004800 'java/lang/invoke/LambdaForm$DMH+0x0000019a85004800'
Event: 3335.556 Thread 0x0000019ae9d14290 Unloading class 0x0000019a85002400 'java/lang/invoke/LambdaForm$MH+0x0000019a85002400'
Event: 3335.556 Thread 0x0000019ae9d14290 Unloading class 0x0000019a85002000 'java/lang/invoke/LambdaForm$MH+0x0000019a85002000'
Event: 3335.556 Thread 0x0000019ae9d14290 Unloading class 0x0000019a85001800 'java/lang/invoke/LambdaForm$MH+0x0000019a85001800'

Classes redefined (0 events):
No events

Internal exceptions (20 events):
Event: 4059.424 Thread 0x0000019acb8f8360 Implicit null exception at 0x0000019af53288b5 to 0x0000019af5328ac0
Event: 4063.305 Thread 0x0000019ace7e18a0 Exception <a 'java/lang/ArrayIndexOutOfBoundsException'{0x00000000d57ccae8}: Index 7354 out of bounds for length 7354> (0x00000000d57ccae8) 
thrown [s\src\hotspot\share\interpreter\interpreterRuntime.cpp, line 439]
Event: 4063.364 Thread 0x0000019ace7e18a0 Exception <a 'java/lang/ClassNotFoundException'{0x00000000d583cd58}: sun/util/logging/resources/spi/loggingProvider> (0x00000000d583cd58) 
thrown [s\src\hotspot\share\classfile\systemDictionary.cpp, line 312]
Event: 4063.461 Thread 0x0000019aff08abf0 Exception <a 'sun/nio/fs/WindowsException'{0x00000000d5ab71c0}> (0x00000000d5ab71c0) 
thrown [s\src\hotspot\share\prims\jni.cpp, line 520]
Event: 4063.910 Thread 0x0000019acb4c5cb0 Implicit null exception at 0x0000019af5694371 to 0x0000019af569663c
Event: 4063.911 Thread 0x0000019acb4c5cb0 Implicit null exception at 0x0000019af5965c74 to 0x0000019af59688e9
Event: 4064.213 Thread 0x0000019aff08abf0 Exception <a 'sun/nio/fs/WindowsException'{0x00000000d5745c10}> (0x00000000d5745c10) 
thrown [s\src\hotspot\share\prims\jni.cpp, line 520]
Event: 4065.181 Thread 0x0000019acb4cab70 Implicit null exception at 0x0000019af51676f0 to 0x0000019af51677c0
Event: 4066.683 Thread 0x0000019acb4c8aa0 Implicit null exception at 0x0000019af5c4ec71 to 0x0000019af5c4fa14
Event: 4066.725 Thread 0x0000019acb4c69d0 Implicit null exception at 0x0000019af5b46888 to 0x0000019af5b47c30
Event: 4067.186 Thread 0x0000019acb4c69d0 Implicit null exception at 0x0000019af5db2bec to 0x0000019af5db3c74
Event: 4067.186 Thread 0x0000019acb4c69d0 Implicit null exception at 0x0000019af5d526df to 0x0000019af5d54870
Event: 4067.188 Thread 0x0000019acb4c69d0 Implicit null exception at 0x0000019af5d30465 to 0x0000019af5d32db0
Event: 4067.885 Thread 0x0000019aff08abf0 Exception <a 'sun/nio/fs/WindowsException'{0x00000000d563d988}> (0x00000000d563d988) 
thrown [s\src\hotspot\share\prims\jni.cpp, line 520]
Event: 4068.834 Thread 0x0000019aff08abf0 Exception <a 'sun/nio/fs/WindowsException'{0x00000000d56a1640}> (0x00000000d56a1640) 
thrown [s\src\hotspot\share\prims\jni.cpp, line 520]
Event: 4073.229 Thread 0x0000019aff08abf0 Exception <a 'sun/nio/fs/WindowsException'{0x00000000d55dd6a0}> (0x00000000d55dd6a0) 
thrown [s\src\hotspot\share\prims\jni.cpp, line 520]
Event: 4073.850 Thread 0x0000019aff08abf0 Exception <a 'sun/nio/fs/WindowsException'{0x00000000d55c8310}> (0x00000000d55c8310) 
thrown [s\src\hotspot\share\prims\jni.cpp, line 520]
Event: 4079.454 Thread 0x0000019aff08abf0 Exception <a 'sun/nio/fs/WindowsException'{0x00000000d58fb198}> (0x00000000d58fb198) 
thrown [s\src\hotspot\share\prims\jni.cpp, line 520]
Event: 4079.866 Thread 0x0000019aff08abf0 Exception <a 'sun/nio/fs/WindowsException'{0x00000000d55a2778}> (0x00000000d55a2778) 
thrown [s\src\hotspot\share\prims\jni.cpp, line 520]
Event: 4080.965 Thread 0x0000019aff08abf0 Exception <a 'sun/nio/fs/WindowsException'{0x00000000d586ad98}> (0x00000000d586ad98) 
thrown [s\src\hotspot\share\prims\jni.cpp, line 520]

ZGC Phase Switch (0 events):
No events

VM Operations (20 events):
Event: 4079.729 Executing VM operation: ParallelGCFailedAllocation (Allocation Failure) done
Event: 4079.743 Executing VM operation: ParallelGCFailedAllocation (Allocation Failure)
Event: 4079.754 Executing VM operation: ParallelGCFailedAllocation (Allocation Failure) done
Event: 4079.790 Executing VM operation: ParallelGCFailedAllocation (Allocation Failure)
Event: 4079.808 Executing VM operation: ParallelGCFailedAllocation (Allocation Failure) done
Event: 4079.875 Executing VM operation: ParallelGCFailedAllocation (Allocation Failure)
Event: 4079.888 Executing VM operation: ParallelGCFailedAllocation (Allocation Failure) done
Event: 4080.109 Executing VM operation: ParallelGCFailedAllocation (Allocation Failure)
Event: 4080.117 Executing VM operation: ParallelGCFailedAllocation (Allocation Failure) done
Event: 4080.291 Executing VM operation: ParallelGCFailedAllocation (Allocation Failure)
Event: 4080.302 Executing VM operation: ParallelGCFailedAllocation (Allocation Failure) done
Event: 4080.419 Executing VM operation: ParallelGCFailedAllocation (Allocation Failure)
Event: 4080.428 Executing VM operation: ParallelGCFailedAllocation (Allocation Failure) done
Event: 4080.533 Executing VM operation: ParallelGCFailedAllocation (Allocation Failure)
Event: 4080.540 Executing VM operation: ParallelGCFailedAllocation (Allocation Failure) done
Event: 4080.855 Executing VM operation: ParallelGCFailedAllocation (Allocation Failure)
Event: 4080.864 Executing VM operation: ParallelGCFailedAllocation (Allocation Failure) done
Event: 4081.017 Executing VM operation: ParallelGCFailedAllocation (Allocation Failure)
Event: 4081.032 Executing VM operation: ParallelGCFailedAllocation (Allocation Failure) done
Event: 4081.049 Executing VM operation: ParallelGCFailedAllocation (Allocation Failure)

Memory protections (0 events):
No events

Nmethod flushes (20 events):
Event: 3335.794 Thread 0x0000019ae9d14290 flushing  nmethod 0x0000019aef3fc990
Event: 3335.794 Thread 0x0000019ae9d14290 flushing  nmethod 0x0000019aef3fd510
Event: 3335.794 Thread 0x0000019ae9d14290 flushing  nmethod 0x0000019aef3fe590
Event: 3335.794 Thread 0x0000019ae9d14290 flushing  nmethod 0x0000019aef3fe910
Event: 3335.794 Thread 0x0000019ae9d14290 flushing  nmethod 0x0000019aef3fec90
Event: 3335.794 Thread 0x0000019ae9d14290 flushing  nmethod 0x0000019aef3ff010
Event: 3335.794 Thread 0x0000019ae9d14290 flushing  nmethod 0x0000019aef404910
Event: 3335.794 Thread 0x0000019ae9d14290 flushing  nmethod 0x0000019aef40d110
Event: 3335.794 Thread 0x0000019ae9d14290 flushing  nmethod 0x0000019aef41bc10
Event: 3335.794 Thread 0x0000019ae9d14290 flushing osr nmethod 0x0000019aef41f990
Event: 3335.794 Thread 0x0000019ae9d14290 flushing  nmethod 0x0000019aef431d90
Event: 3335.794 Thread 0x0000019ae9d14290 flushing  nmethod 0x0000019aef48e590
Event: 3335.794 Thread 0x0000019ae9d14290 flushing  nmethod 0x0000019aef500010
Event: 3335.794 Thread 0x0000019ae9d14290 flushing  nmethod 0x0000019aef501f10
Event: 3335.794 Thread 0x0000019ae9d14290 flushing  nmethod 0x0000019aef509090
Event: 3335.794 Thread 0x0000019ae9d14290 flushing  nmethod 0x0000019aef545910
Event: 3335.794 Thread 0x0000019ae9d14290 flushing  nmethod 0x0000019aef55f390
Event: 3335.794 Thread 0x0000019ae9d14290 flushing  nmethod 0x0000019aef5f6690
Event: 3335.794 Thread 0x0000019ae9d14290 flushing  nmethod 0x0000019aef5f6e10
Event: 3335.794 Thread 0x0000019ae9d14290 flushing  nmethod 0x0000019aef5f7290

Events (20 events):
Event: 4067.131 Thread 0x0000019ac9708860 Thread exited: 0x0000019ac9708860
Event: 4067.327 Thread 0x0000019ae9d2bf50 Thread added: 0x0000019ac97051e0
Event: 4067.754 Thread 0x0000019acb4cbf20 Thread added: 0x0000019acb8f5c00
Event: 4067.926 Thread 0x0000019acb8f7cd0 Thread added: 0x0000019acb8f89f0
Event: 4068.237 Thread 0x0000019ac97051e0 Thread exited: 0x0000019ac97051e0
Event: 4068.735 Thread 0x0000019acb4cbf20 Thread added: 0x0000019acb8f1a60
Event: 4069.351 Thread 0x0000019ae9d2bf50 Thread added: 0x0000019ac9709600
Event: 4069.352 Thread 0x0000019ae9d2bf50 Thread added: 0x0000019ac9709cd0
Event: 4069.857 Thread 0x0000019acb8f1a60 Thread added: 0x0000019acb8f2780
Event: 4071.327 Thread 0x0000019ac9709cd0 Thread exited: 0x0000019ac9709cd0
Event: 4071.609 Thread 0x0000019ac9709600 Thread exited: 0x0000019ac9709600
Event: 4073.341 Thread 0x0000019acb8f7cd0 Thread added: 0x0000019acb8f41c0
Event: 4073.488 Thread 0x0000019acb4cb890 Thread added: 0x0000019acb8f4850
Event: 4074.935 Thread 0x0000019acb8f1a60 Thread added: 0x0000019acb8f2e10
Event: 4075.531 Thread 0x0000019ae9d2bf50 Thread added: 0x0000019ac9708f30
Event: 4075.996 Thread 0x0000019ae9d2bf50 Thread added: 0x0000019ac97051e0
Event: 4076.229 Thread 0x0000019ac97051e0 Thread exited: 0x0000019ac97051e0
Event: 4077.465 Thread 0x0000019ac9708f30 Thread exited: 0x0000019ac9708f30
Event: 4079.733 Thread 0x0000019ae9d29730 Thread added: 0x0000019ac9706650
Event: 4079.921 Thread 0x0000019ae9d29730 Thread added: 0x0000019ac9709600


Dynamic libraries:
0x00007ff7505f0000 - 0x00007ff7505fe000 	c:\Users\10935\.vscode\extensions\redhat.java-1.45.0-win32-x64\jre\21.0.8-win32-x86_64\bin\java.exe
0x00007ffe58210000 - 0x00007ffe58427000 	C:\windows\SYSTEM32\ntdll.dll
0x00007ffe56c30000 - 0x00007ffe56cf4000 	C:\windows\System32\KERNEL32.DLL
0x00007ffe55840000 - 0x00007ffe55c10000 	C:\windows\System32\KERNELBASE.dll
0x00007ffe55720000 - 0x00007ffe55831000 	C:\windows\System32\ucrtbase.dll
0x00007ffe34b90000 - 0x00007ffe34ba8000 	c:\Users\10935\.vscode\extensions\redhat.java-1.45.0-win32-x64\jre\21.0.8-win32-x86_64\bin\jli.dll
0x00007ffe564b0000 - 0x00007ffe56661000 	C:\windows\System32\USER32.dll
0x00007ffe55530000 - 0x00007ffe55556000 	C:\windows\System32\win32u.dll
0x00007ffe2dd10000 - 0x00007ffe2dfac000 	C:\windows\WinSxS\amd64_microsoft.windows.common-controls_6595b64144ccf1df_6.0.22621.5840_none_2710ea077384a4fe\COMCTL32.dll
0x00007ffe561b0000 - 0x00007ffe561d9000 	C:\windows\System32\GDI32.dll
0x00007ffe56db0000 - 0x00007ffe56e57000 	C:\windows\System32\msvcrt.dll
0x00007ffe33f90000 - 0x00007ffe33fae000 	c:\Users\10935\.vscode\extensions\redhat.java-1.45.0-win32-x64\jre\21.0.8-win32-x86_64\bin\VCRUNTIME140.dll
0x00007ffe55400000 - 0x00007ffe55523000 	C:\windows\System32\gdi32full.dll
0x00007ffe55c10000 - 0x00007ffe55caa000 	C:\windows\System32\msvcp_win.dll
0x00007ffe57320000 - 0x00007ffe57351000 	C:\windows\System32\IMM32.DLL
0x0000019ae79e0000 - 0x0000019ae79f6000 	C:\windows\System32\umppc20006.dll
0x0000019ae7a20000 - 0x0000019ae7a34000 	C:\windows\System32\CsXumd64_20006.dll
0x00007ffe3b660000 - 0x00007ffe3b66c000 	c:\Users\10935\.vscode\extensions\redhat.java-1.45.0-win32-x64\jre\21.0.8-win32-x86_64\bin\vcruntime140_1.dll
0x00007ffe29d30000 - 0x00007ffe29dbd000 	c:\Users\10935\.vscode\extensions\redhat.java-1.45.0-win32-x64\jre\21.0.8-win32-x86_64\bin\msvcp140.dll
0x00007ffde9e90000 - 0x00007ffdeac27000 	c:\Users\10935\.vscode\extensions\redhat.java-1.45.0-win32-x64\jre\21.0.8-win32-x86_64\bin\server\jvm.dll
0x00007ffe56670000 - 0x00007ffe56721000 	C:\windows\System32\ADVAPI32.dll
0x00007ffe57760000 - 0x00007ffe57808000 	C:\windows\System32\sechost.dll
0x00007ffe553d0000 - 0x00007ffe553f8000 	C:\windows\System32\bcrypt.dll
0x00007ffe57200000 - 0x00007ffe57318000 	C:\windows\System32\RPCRT4.dll
0x00007ffe58120000 - 0x00007ffe58191000 	C:\windows\System32\WS2_32.dll
0x00007ffe551e0000 - 0x00007ffe5522d000 	C:\windows\SYSTEM32\POWRPROF.dll
0x00007ffe4d510000 - 0x00007ffe4d544000 	C:\windows\SYSTEM32\WINMM.dll
0x00007ffe49a30000 - 0x00007ffe49a3a000 	C:\windows\SYSTEM32\VERSION.dll
0x00007ffe55110000 - 0x00007ffe55123000 	C:\windows\SYSTEM32\UMPDC.dll
0x00007ffe541c0000 - 0x00007ffe541d8000 	C:\windows\SYSTEM32\kernel.appcore.dll
0x00007ffe3b2e0000 - 0x00007ffe3b2ea000 	c:\Users\10935\.vscode\extensions\redhat.java-1.45.0-win32-x64\jre\21.0.8-win32-x86_64\bin\jimage.dll
0x00007ffe528a0000 - 0x00007ffe52ad3000 	C:\windows\SYSTEM32\DBGHELP.DLL
0x00007ffe56e60000 - 0x00007ffe571f1000 	C:\windows\System32\combase.dll
0x00007ffe55eb0000 - 0x00007ffe55f88000 	C:\windows\System32\OLEAUT32.dll
0x00007ffe28e30000 - 0x00007ffe28e62000 	C:\windows\SYSTEM32\dbgcore.DLL
0x00007ffe55e20000 - 0x00007ffe55e9b000 	C:\windows\System32\bcryptPrimitives.dll
0x00007ffe37210000 - 0x00007ffe3721f000 	c:\Users\10935\.vscode\extensions\redhat.java-1.45.0-win32-x64\jre\21.0.8-win32-x86_64\bin\instrument.dll
0x00007ffe31c70000 - 0x00007ffe31c8f000 	c:\Users\10935\.vscode\extensions\redhat.java-1.45.0-win32-x64\jre\21.0.8-win32-x86_64\bin\java.dll
0x00007ffe57870000 - 0x00007ffe58111000 	C:\windows\System32\SHELL32.dll
0x00007ffe55560000 - 0x00007ffe5569f000 	C:\windows\System32\wintypes.dll
0x00007ffe52ee0000 - 0x00007ffe537fa000 	C:\windows\SYSTEM32\windows.storage.dll
0x00007ffe55f90000 - 0x00007ffe5609a000 	C:\windows\System32\SHCORE.dll
0x00007ffe56200000 - 0x00007ffe56269000 	C:\windows\System32\shlwapi.dll
0x00007ffe55240000 - 0x00007ffe55265000 	C:\windows\SYSTEM32\profapi.dll
0x00007ffe2d0a0000 - 0x00007ffe2d0b8000 	c:\Users\10935\.vscode\extensions\redhat.java-1.45.0-win32-x64\jre\21.0.8-win32-x86_64\bin\zip.dll
0x00007ffe32370000 - 0x00007ffe32380000 	C:\Users\10935\.vscode\extensions\redhat.java-1.45.0-win32-x64\jre\21.0.8-win32-x86_64\bin\net.dll
0x00007ffe541e0000 - 0x00007ffe5430c000 	C:\windows\SYSTEM32\WINHTTP.dll
0x00007ffe547b0000 - 0x00007ffe54819000 	C:\windows\system32\mswsock.dll
0x00007ffe2a8b0000 - 0x00007ffe2a8c6000 	C:\Users\10935\.vscode\extensions\redhat.java-1.45.0-win32-x64\jre\21.0.8-win32-x86_64\bin\nio.dll
0x00007ffe322f0000 - 0x00007ffe32300000 	c:\Users\10935\.vscode\extensions\redhat.java-1.45.0-win32-x64\jre\21.0.8-win32-x86_64\bin\verify.dll
0x00007ffe299c0000 - 0x00007ffe29a04000 	C:\Users\10935\AppData\Roaming\Code\User\globalStorage\redhat.java\1.45.0\config_win\org.eclipse.equinox.launcher\org.eclipse.equinox.launcher.win32.win32.x86_64_1.2.1400.v20250801-0854\eclipse_11916.dll
0x00007ffe57530000 - 0x00007ffe576d0000 	C:\windows\System32\ole32.dll
0x00007ffe54a50000 - 0x00007ffe54a6b000 	C:\windows\SYSTEM32\CRYPTSP.dll
0x00007ffe54120000 - 0x00007ffe54157000 	C:\windows\system32\rsaenh.dll
0x00007ffe54850000 - 0x00007ffe54878000 	C:\windows\SYSTEM32\USERENV.dll
0x00007ffe54a30000 - 0x00007ffe54a3c000 	C:\windows\SYSTEM32\CRYPTBASE.dll
0x00007ffe53a50000 - 0x00007ffe53a7d000 	C:\windows\SYSTEM32\IPHLPAPI.DLL
0x00007ffe561e0000 - 0x00007ffe561e9000 	C:\windows\System32\NSI.dll
0x00007ffe18630000 - 0x00007ffe18679000 	C:\Users\10935\AppData\Local\Temp\jna-46738908\jna8137978582592138215.dll
0x00007ffe561f0000 - 0x00007ffe561f8000 	C:\windows\System32\PSAPI.DLL
0x00007ffe4ffe0000 - 0x00007ffe4fff9000 	C:\windows\SYSTEM32\dhcpcsvc6.DLL
0x00007ffe50580000 - 0x00007ffe5059f000 	C:\windows\SYSTEM32\dhcpcsvc.DLL
0x00007ffe31dd0000 - 0x00007ffe31dde000 	C:\Users\10935\.vscode\extensions\redhat.java-1.45.0-win32-x64\jre\21.0.8-win32-x86_64\bin\sunmscapi.dll
0x00007ffe55cb0000 - 0x00007ffe55e18000 	C:\windows\System32\CRYPT32.dll
0x00007ffe54b50000 - 0x00007ffe54b7d000 	C:\windows\SYSTEM32\ncrypt.dll
0x00007ffe54b10000 - 0x00007ffe54b47000 	C:\windows\SYSTEM32\NTASN1.dll
0x00007ffe53a80000 - 0x00007ffe53b78000 	C:\windows\SYSTEM32\DNSAPI.dll
0x00007ffe4d550000 - 0x00007ffe4d55a000 	C:\Windows\System32\rasadhlp.dll
0x00007ffe505a0000 - 0x00007ffe50624000 	C:\windows\System32\fwpuclnt.dll
0x00007ffe3b720000 - 0x00007ffe3b729000 	C:\Users\10935\.vscode\extensions\redhat.java-1.45.0-win32-x64\jre\21.0.8-win32-x86_64\bin\extnet.dll

JVMTI agents:
c:\Users\10935\.vscode\extensions\redhat.java-1.45.0-win32-x64\lombok\lombok-1.18.39-4050.jar path:c:\Users\10935\.vscode\extensions\redhat.java-1.45.0-win32-x64\jre\21.0.8-win32-x86_64\bin\instrument.dll, loaded, initialized, instrumentlib options:none

dbghelp: loaded successfully - version: 4.0.5 - missing functions: none
symbol engine: initialized successfully - sym options: 0x614 - pdb path: .;c:\Users\10935\.vscode\extensions\redhat.java-1.45.0-win32-x64\jre\21.0.8-win32-x86_64\bin;C:\windows\SYSTEM32;C:\windows\WinSxS\amd64_microsoft.windows.common-controls_6595b64144ccf1df_6.0.22621.5840_none_2710ea077384a4fe;c:\Users\10935\.vscode\extensions\redhat.java-1.45.0-win32-x64\jre\21.0.8-win32-x86_64\bin\server;C:\Users\10935\AppData\Roaming\Code\User\globalStorage\redhat.java\1.45.0\config_win\org.eclipse.equinox.launcher\org.eclipse.equinox.launcher.win32.win32.x86_64_1.2.1400.v20250801-0854;C:\Users\10935\AppData\Local\Temp\jna-46738908

VM Arguments:
jvm_args: --add-modules=ALL-SYSTEM --add-opens=java.base/java.util=ALL-UNNAMED --add-opens=java.base/java.lang=ALL-UNNAMED --add-opens=java.base/sun.nio.fs=ALL-UNNAMED -Declipse.application=org.eclipse.jdt.ls.core.id1 -Dosgi.bundles.defaultStartLevel=4 -Declipse.product=org.eclipse.jdt.ls.core.product -Djava.import.generatesMetadataFilesAtProjectRoot=false -DDetectVMInstallationsJob.disabled=true -Dfile.encoding=utf8 -XX:+UseParallelGC -XX:GCTimeRatio=4 -XX:AdaptiveSizePolicyWeight=90 -Dsun.zip.disableMemoryMapping=true -Xmx2G -Xms100m -Xlog:disable -javaagent:c:\Users\10935\.vscode\extensions\redhat.java-1.45.0-win32-x64\lombok\lombok-1.18.39-4050.jar -XX:+HeapDumpOnOutOfMemoryError -XX:HeapDumpPath=c:\Users\10935\AppData\Roaming\Code\User\workspaceStorage\45f548e0b30d52b6814e104f887155be\redhat.java -Daether.dependencyCollector.impl=bf 
java_command: c:\Users\10935\.vscode\extensions\redhat.java-1.45.0-win32-x64\server\plugins\org.eclipse.equinox.launcher_1.7.0.v20250519-0528.jar -configuration c:\Users\10935\AppData\Roaming\Code\User\globalStorage\redhat.java\1.45.0\config_win -data c:\Users\10935\AppData\Roaming\Code\User\workspaceStorage\45f548e0b30d52b6814e104f887155be\redhat.java\jdt_ws --pipe=\\.\pipe\lsp-3b26d9e7ec809fe8acd5afbc577662d6-sock
java_class_path (initial): c:\Users\10935\.vscode\extensions\redhat.java-1.45.0-win32-x64\server\plugins\org.eclipse.equinox.launcher_1.7.0.v20250519-0528.jar
Launcher Type: SUN_STANDARD

[Global flags]
    uintx AdaptiveSizePolicyWeight                 = 90                                        {product} {command line}
     intx CICompilerCount                          = 4                                         {product} {ergonomic}
    uintx GCTimeRatio                              = 4                                         {product} {command line}
     bool HeapDumpOnOutOfMemoryError               = true                                   {manageable} {command line}
    ccstr HeapDumpPath                             = c:\Users\10935\AppData\Roaming\Code\User\workspaceStorage\45f548e0b30d52b6814e104f887155be\redhat.java         {manageable} {command line}
   size_t InitialHeapSize                          = 104857600                                 {product} {command line}
   size_t MaxHeapSize                              = 2147483648                                {product} {command line}
   size_t MaxNewSize                               = 715653120                                 {product} {ergonomic}
   size_t MinHeapDeltaBytes                        = 524288                                    {product} {ergonomic}
   size_t MinHeapSize                              = 104857600                                 {product} {command line}
   size_t NewSize                                  = 34603008                                  {product} {ergonomic}
    uintx NonNMethodCodeHeapSize                   = 5839372                                {pd product} {ergonomic}
    uintx NonProfiledCodeHeapSize                  = 122909434                              {pd product} {ergonomic}
   size_t OldSize                                  = 70254592                                  {product} {ergonomic}
    uintx ProfiledCodeHeapSize                     = 122909434                              {pd product} {ergonomic}
    uintx ReservedCodeCacheSize                    = 251658240                              {pd product} {ergonomic}
     bool SegmentedCodeCache                       = true                                      {product} {ergonomic}
   size_t SoftMaxHeapSize                          = 2147483648                             {manageable} {ergonomic}
     bool UseCompressedOops                        = true                           {product lp64_product} {ergonomic}
     bool UseLargePagesIndividualAllocation        = false                                  {pd product} {ergonomic}
     bool UseParallelGC                            = true                                      {product} {command line}

Logging:
Log output configuration:
 #0: stdout all=off uptime,level,tags foldmultilines=false
 #1: stderr all=off uptime,level,tags foldmultilines=false

Environment Variables:
JAVA_HOME=C:\Program Files\Java\jdk-1.8
PATH=C:\Program Files (x86)\Common Files\Oracle\Java\java8path;C:\Program Files (x86)\Common Files\Oracle\Java\javapath;D:\DevSuiteHome_1\jdk\jre\bin\classic;D:\DevSuiteHome_1\jdk\jre\bin;D:\DevSuiteHome_1\jdk\jre\bin\client;D:\DevSuiteHome_1\jlib;D:\DevSuiteHome_1\bin;D:\DevSuiteHome_1\jre\1.4.2\bin\client;D:\DevSuiteHome_1\jre\1.4.2\bin;C:\windows\system32;C:\windows;C:\windows\System32\Wbem;C:\windows\System32\WindowsPowerShell\v1.0\;C:\windows\System32\OpenSSH\;C:\Program Files\TortoiseSVN\bin;C:\Program Files\Java\jdk-1.8\bin;C:\apache-maven-3.9.11\bin;C:\Program Files\nodejs\;C:\Users\10935\AppData\Local\Microsoft\WindowsApps;C:\Users\10935\AppData\Local\Programs\Microsoft VS Code\bin;C:\Users\10935\AppData\Local\Programs\Git\cmd;C:\Users\10935\AppData\Roaming\npm;C:\Users\10935\AppData\Local\JetBrains\PyCharm 2025.1.3\bin;;C:\Users\10935\AppData\Local\Programs\cursor\resources\app\bin
USERNAME=10935
OS=Windows_NT
PROCESSOR_IDENTIFIER=Intel64 Family 6 Model 186 Stepping 3, GenuineIntel
TMP=C:\Users\10935\AppData\Local\Temp
TEMP=C:\Users\10935\AppData\Local\Temp




Periodic native trim disabled

---------------  S Y S T E M  ---------------

OS:
 Windows 11 , 64 bit Build 22621 (10.0.22621.5415)
OS uptime: 0 days 2:06 hours
Hyper-V role detected

CPU: total 12 (initial active 12) (6 cores per cpu, 2 threads per core) family 6 model 186 stepping 3 microcode 0x4128, cx8, cmov, fxsr, ht, mmx, 3dnowpref, sse, sse2, sse3, ssse3, sse4.1, sse4.2, popcnt, lzcnt, tsc, tscinvbit, avx, avx2, aes, erms, clmul, bmi1, bmi2, adx, sha, fma, vzeroupper, clflush, clflushopt, clwb, hv, serialize, rdtscp, rdpid, fsrm, f16c, cet_ibt, cet_ss
Processor Information for the first 12 processors :
  Max Mhz: 1300, Current Mhz: 1300, Mhz Limit: 1300

Memory: 4k page, system-wide physical 16016M (3764M free)
TotalPageFile size 17551M (AvailPageFile size 6M)
current process WorkingSet (physical memory assigned to process): 1471M, peak: 1472M
current process commit charge ("private bytes"): 1563M, peak: 1813M

vm_info: OpenJDK 64-Bit Server VM (21.0.8+9-LTS) for windows-amd64 JRE (21.0.8+9-LTS), built on 2025-07-15T00:00:00Z by "admin" with MS VC++ 17.7 (VS2022)

END.
