#
# There is insufficient memory for the Java Runtime Environment to continue.
# Native memory allocation (malloc) failed to allocate 1048576 bytes. Error detail: AllocateHeap
# Possible reasons:
#   The system is out of physical RAM or swap space
#   This process is running with CompressedOops enabled, and the Java Heap may be blocking the growth of the native heap
# Possible solutions:
#   Reduce memory load on the system
#   Increase physical memory or swap space
#   Check if swap backing store is full
#   Decrease Java heap size (-Xmx/-Xms)
#   Decrease number of Java threads
#   Decrease Java thread stack sizes (-Xss)
#   Set larger code cache with -XX:ReservedCodeCacheSize=
#   JVM is running with Unscaled Compressed Oops mode in which the Java heap is
#     placed in the first 4GB address space. The Java Heap base address is the
#     maximum limit for the native heap growth. Please use -XX:HeapBaseMinAddress
#     to set the Java Heap base and to place the Java Heap above 4GB virtual address.
# This output file may be truncated or incomplete.
#
#  Out of Memory Error (allocation.cpp:44), pid=22352, tid=15336
#
# JRE version: OpenJDK Runtime Environment Temurin-21.0.8+9 (21.0.8+9) (build 21.0.8+9-LTS)
# Java VM: OpenJDK 64-Bit Server VM Temurin-21.0.8+9 (21.0.8+9-LTS, mixed mode, sharing, tiered, compressed oops, compressed class ptrs, parallel gc, windows-amd64)
# No core dump will be written. Minidumps are not enabled by default on client versions of Windows
#

---------------  S U M M A R Y ------------

Command Line: --add-modules=ALL-SYSTEM --add-opens=java.base/java.util=ALL-UNNAMED --add-opens=java.base/java.lang=ALL-UNNAMED --add-opens=java.base/sun.nio.fs=ALL-UNNAMED -Declipse.application=org.eclipse.jdt.ls.core.id1 -Dosgi.bundles.defaultStartLevel=4 -Declipse.product=org.eclipse.jdt.ls.core.product -Djava.import.generatesMetadataFilesAtProjectRoot=false -DDetectVMInstallationsJob.disabled=true -Dfile.encoding=utf8 -XX:+UseParallelGC -XX:GCTimeRatio=4 -XX:AdaptiveSizePolicyWeight=90 -Dsun.zip.disableMemoryMapping=true -Xmx2G -Xms100m -Xlog:disable -javaagent:c:\Users\10935\.vscode\extensions\redhat.java-1.45.0-win32-x64\lombok\lombok-1.18.39-4050.jar -XX:+HeapDumpOnOutOfMemoryError -XX:HeapDumpPath=c:\Users\10935\AppData\Roaming\Code\User\workspaceStorage\45f548e0b30d52b6814e104f887155be\redhat.java -Daether.dependencyCollector.impl=bf c:\Users\10935\.vscode\extensions\redhat.java-1.45.0-win32-x64\server\plugins\org.eclipse.equinox.launcher_1.7.0.v20250519-0528.jar -configuration c:\Users\10935\AppData\Roaming\Code\User\globalStorage\redhat.java\1.45.0\config_win -data c:\Users\10935\AppData\Roaming\Code\User\workspaceStorage\45f548e0b30d52b6814e104f887155be\redhat.java\jdt_ws --pipe=\\.\pipe\lsp-d2bda53532fa5b6a74dfe206213c954e-sock

Host: 13th Gen Intel(R) Core(TM) i5-1334U, 12 cores, 15G,  Windows 11 , 64 bit Build 22621 (10.0.22621.5415)
Time: Fri Sep  5 18:13:25 2025 India Standard Time elapsed time: 46.006070 seconds (0d 0h 0m 46s)

---------------  T H R E A D  ---------------

Current thread (0x00000212ae512ce0):  JavaThread "Attach Listener" daemon [_thread_in_vm, id=15336, stack(0x0000005034500000,0x0000005034600000) (1024K)]

Stack: [0x0000005034500000,0x0000005034600000]
Native frames: (J=compiled Java code, j=interpreted, Vv=VM code, C=native code)
V  [jvm.dll+0x6d2449]
V  [jvm.dll+0x8ae341]
V  [jvm.dll+0x8b08be]
V  [jvm.dll+0x8b0fa3]
V  [jvm.dll+0x280c96]
V  [jvm.dll+0xc0347]
V  [jvm.dll+0x6d2cf9]
V  [jvm.dll+0x131116]
V  [jvm.dll+0x3f2d16]
V  [jvm.dll+0x857e6b]
V  [jvm.dll+0x6d0b0d]
C  [ucrtbase.dll+0x29333]
C  [KERNEL32.DLL+0x1259d]
C  [ntdll.dll+0x5af78]


---------------  P R O C E S S  ---------------

Threads class SMR info:
_java_thread_list=0x00000212faa94640, length=87, elements={
0x0000021297a8a960, 0x00000212ae50bc80, 0x0000021297b3d6d0, 0x00000212ae512130,
0x00000212ae512ce0, 0x00000212ae513e00, 0x00000212ae515860, 0x00000212ae5165e0,
0x00000212f0901f30, 0x00000212f099cf00, 0x00000212f0c66d50, 0x00000212f66e7b10,
0x00000212f696b7f0, 0x00000212f69d7700, 0x00000212f69d8130, 0x00000212f6aa2340,
0x00000212f68bd240, 0x00000212f6937390, 0x00000212f69380b0, 0x00000212f6939460,
0x00000212f6938740, 0x00000212f6938dd0, 0x00000212f6939af0, 0x00000212f693a180,
0x00000212f908fc20, 0x00000212f90902b0, 0x00000212f908ad60, 0x00000212f908ba80,
0x00000212f908ce30, 0x00000212f908b3f0, 0x00000212f908a040, 0x00000212f908f590,
0x00000212f908e870, 0x00000212f9090940, 0x00000212f90899b0, 0x00000212f908c110,
0x00000212f908db50, 0x00000212f908a6d0, 0x00000212f908c7a0, 0x00000212f908e1e0,
0x00000212f908ef00, 0x00000212f9090fd0, 0x00000212f908d4c0, 0x00000212f8a3a780,
0x00000212f8a39a60, 0x00000212f8a393d0, 0x00000212f8a3d570, 0x00000212f8a3b4a0,
0x00000212f8a3efb0, 0x00000212f8a3e920, 0x00000212f8a3dc00, 0x00000212f8a3e290,
0x00000212f8a3f640, 0x00000212f8a3bb30, 0x00000212f8a38d40, 0x00000212f8a3fcd0,
0x00000212f8a3ae10, 0x00000212f8a40360, 0x00000212f8a3c850, 0x00000212f8a3a0f0,
0x00000212f8a3cee0, 0x00000212f89b88c0, 0x00000212f89bbd40, 0x00000212f89bde10,
0x00000212f89bb020, 0x00000212f89bc3d0, 0x00000212f89be4a0, 0x00000212f89beb30,
0x00000212f89bca60, 0x00000212f89b7ba0, 0x00000212f89b9c70, 0x00000212f89ba990,
0x00000212f89bf1c0, 0x00000212f89b8f50, 0x00000212f89b95e0, 0x00000212f89bd780,
0x00000212f77baa80, 0x00000212f77c1380, 0x00000212f77ba3f0, 0x00000212f77bc4c0,
0x00000212f77bd870, 0x00000212f77bcb50, 0x00000212f77bd1e0, 0x00000212f77be590,
0x00000212f77bec20, 0x00000212fa801570, 0x00000212fa807150
}

Java Threads: ( => current thread )
  0x0000021297a8a960 JavaThread "main"                              [_thread_blocked, id=16920, stack(0x0000005033e00000,0x0000005033f00000) (1024K)]
  0x00000212ae50bc80 JavaThread "Reference Handler"          daemon [_thread_blocked, id=1300, stack(0x0000005034200000,0x0000005034300000) (1024K)]
  0x0000021297b3d6d0 JavaThread "Finalizer"                  daemon [_thread_blocked, id=2260, stack(0x0000005034300000,0x0000005034400000) (1024K)]
  0x00000212ae512130 JavaThread "Signal Dispatcher"          daemon [_thread_blocked, id=18256, stack(0x0000005034400000,0x0000005034500000) (1024K)]
=>0x00000212ae512ce0 JavaThread "Attach Listener"            daemon [_thread_in_vm, id=15336, stack(0x0000005034500000,0x0000005034600000) (1024K)]
  0x00000212ae513e00 JavaThread "Service Thread"             daemon [_thread_blocked, id=18572, stack(0x0000005034600000,0x0000005034700000) (1024K)]
  0x00000212ae515860 JavaThread "Monitor Deflation Thread"   daemon [_thread_blocked, id=5972, stack(0x0000005034700000,0x0000005034800000) (1024K)]
  0x00000212ae5165e0 JavaThread "C2 CompilerThread0"         daemon [_thread_blocked, id=8748, stack(0x0000005034800000,0x0000005034900000) (1024K)]
  0x00000212f0901f30 JavaThread "C1 CompilerThread0"         daemon [_thread_blocked, id=6492, stack(0x0000005034900000,0x0000005034a00000) (1024K)]
  0x00000212f099cf00 JavaThread "Common-Cleaner"             daemon [_thread_blocked, id=16064, stack(0x0000005034a00000,0x0000005034b00000) (1024K)]
  0x00000212f0c66d50 JavaThread "Notification Thread"        daemon [_thread_blocked, id=4460, stack(0x0000005034b00000,0x0000005034c00000) (1024K)]
  0x00000212f66e7b10 JavaThread "Active Thread: Equinox Container: 25a0dde0-2d6f-4253-86d2-aa2c06746dc0"        [_thread_blocked, id=18584, stack(0x0000005035400000,0x0000005035500000) (1024K)]
  0x00000212f696b7f0 JavaThread "Refresh Thread: Equinox Container: 25a0dde0-2d6f-4253-86d2-aa2c06746dc0" daemon [_thread_blocked, id=5868, stack(0x0000005035500000,0x0000005035600000) (1024K)]
  0x00000212f69d7700 JavaThread "Framework Event Dispatcher: Equinox Container: 25a0dde0-2d6f-4253-86d2-aa2c06746dc0" daemon [_thread_blocked, id=14524, stack(0x0000005035700000,0x0000005035800000) (1024K)]
  0x00000212f69d8130 JavaThread "Start Level: Equinox Container: 25a0dde0-2d6f-4253-86d2-aa2c06746dc0" daemon [_thread_blocked, id=16628, stack(0x0000005035800000,0x0000005035900000) (1024K)]
  0x00000212f6aa2340 JavaThread "Bundle File Closer"         daemon [_thread_blocked, id=4468, stack(0x0000005035b00000,0x0000005035c00000) (1024K)]
  0x00000212f68bd240 JavaThread "SCR Component Actor"        daemon [_thread_blocked, id=21800, stack(0x0000005035c00000,0x0000005035d00000) (1024K)]
  0x00000212f6937390 JavaThread "Worker-JM"                         [_thread_blocked, id=6312, stack(0x0000005035e00000,0x0000005035f00000) (1024K)]
  0x00000212f69380b0 JavaThread "JNA Cleaner"                daemon [_thread_blocked, id=4436, stack(0x0000005035f00000,0x0000005036000000) (1024K)]
  0x00000212f6939460 JavaThread "Worker-0"                          [_thread_blocked, id=20524, stack(0x0000005036000000,0x0000005036100000) (1024K)]
  0x00000212f6938740 JavaThread "Worker-1"                          [_thread_blocked, id=11816, stack(0x0000005036100000,0x0000005036200000) (1024K)]
  0x00000212f6938dd0 JavaThread "Worker-2"                          [_thread_blocked, id=18964, stack(0x0000005036200000,0x0000005036300000) (1024K)]
  0x00000212f6939af0 JavaThread "Java indexing"              daemon [_thread_blocked, id=20412, stack(0x0000005034d00000,0x0000005034e00000) (1024K)]
  0x00000212f693a180 JavaThread "Worker-3"                          [_thread_blocked, id=21560, stack(0x0000005036600000,0x0000005036700000) (1024K)]
  0x00000212f908fc20 JavaThread "Thread-2"                   daemon [_thread_in_native, id=6124, stack(0x0000005036700000,0x0000005036800000) (1024K)]
  0x00000212f90902b0 JavaThread "Thread-3"                   daemon [_thread_in_native, id=15500, stack(0x0000005036800000,0x0000005036900000) (1024K)]
  0x00000212f908ad60 JavaThread "Thread-4"                   daemon [_thread_in_native, id=11436, stack(0x0000005036900000,0x0000005036a00000) (1024K)]
  0x00000212f908ba80 JavaThread "Thread-5"                   daemon [_thread_in_native, id=19976, stack(0x0000005036a00000,0x0000005036b00000) (1024K)]
  0x00000212f908ce30 JavaThread "Thread-6"                   daemon [_thread_in_native, id=18504, stack(0x0000005036b00000,0x0000005036c00000) (1024K)]
  0x00000212f908b3f0 JavaThread "Thread-7"                   daemon [_thread_in_native, id=21404, stack(0x0000005036c00000,0x0000005036d00000) (1024K)]
  0x00000212f908a040 JavaThread "Thread-8"                   daemon [_thread_in_native, id=16248, stack(0x0000005036d00000,0x0000005036e00000) (1024K)]
  0x00000212f908f590 JavaThread "Thread-9"                   daemon [_thread_in_native, id=17176, stack(0x0000005036e00000,0x0000005036f00000) (1024K)]
  0x00000212f908e870 JavaThread "Thread-10"                  daemon [_thread_in_native, id=13808, stack(0x0000005036f00000,0x0000005037000000) (1024K)]
  0x00000212f9090940 JavaThread "Thread-11"                  daemon [_thread_in_native, id=19680, stack(0x0000005037000000,0x0000005037100000) (1024K)]
  0x00000212f90899b0 JavaThread "Thread-12"                  daemon [_thread_in_native, id=3364, stack(0x0000005037100000,0x0000005037200000) (1024K)]
  0x00000212f908c110 JavaThread "Thread-13"                  daemon [_thread_in_native, id=4828, stack(0x0000005037200000,0x0000005037300000) (1024K)]
  0x00000212f908db50 JavaThread "Thread-14"                  daemon [_thread_in_native, id=9756, stack(0x0000005037300000,0x0000005037400000) (1024K)]
  0x00000212f908a6d0 JavaThread "pool-2-thread-1"                   [_thread_blocked, id=4996, stack(0x0000005037400000,0x0000005037500000) (1024K)]
  0x00000212f908c7a0 JavaThread "Worker-4"                          [_thread_blocked, id=17792, stack(0x0000005037600000,0x0000005037700000) (1024K)]
  0x00000212f908e1e0 JavaThread "WorkspaceEventsHandler"            [_thread_blocked, id=20548, stack(0x0000005037700000,0x0000005037800000) (1024K)]
  0x00000212f908ef00 JavaThread "pool-1-thread-1"                   [_thread_blocked, id=4204, stack(0x0000005037800000,0x0000005037900000) (1024K)]
  0x00000212f9090fd0 JavaThread "Worker-5"                          [_thread_blocked, id=18436, stack(0x0000005037900000,0x0000005037a00000) (1024K)]
  0x00000212f908d4c0 JavaThread "Worker-6"                          [_thread_blocked, id=2052, stack(0x0000005037a00000,0x0000005037b00000) (1024K)]
  0x00000212f8a3a780 JavaThread "LocalFile Deleter"          daemon [_thread_blocked, id=14504, stack(0x0000005037b00000,0x0000005037c00000) (1024K)]
  0x00000212f8a39a60 JavaThread "LocalFile Deleter"          daemon [_thread_blocked, id=20788, stack(0x0000005037c00000,0x0000005037d00000) (1024K)]
  0x00000212f8a393d0 JavaThread "LocalFile Deleter"          daemon [_thread_blocked, id=4172, stack(0x0000005037d00000,0x0000005037e00000) (1024K)]
  0x00000212f8a3d570 JavaThread "LocalFile Deleter"          daemon [_thread_blocked, id=22412, stack(0x0000005037e00000,0x0000005037f00000) (1024K)]
  0x00000212f8a3b4a0 JavaThread "LocalFile Deleter"          daemon [_thread_blocked, id=10756, stack(0x0000005037f00000,0x0000005038000000) (1024K)]
  0x00000212f8a3efb0 JavaThread "LocalFile Deleter"          daemon [_thread_blocked, id=20492, stack(0x0000005038000000,0x0000005038100000) (1024K)]
  0x00000212f8a3e920 JavaThread "LocalFile Deleter"          daemon [_thread_blocked, id=18668, stack(0x0000005038100000,0x0000005038200000) (1024K)]
  0x00000212f8a3dc00 JavaThread "LocalFile Deleter"          daemon [_thread_blocked, id=18120, stack(0x0000005038200000,0x0000005038300000) (1024K)]
  0x00000212f8a3e290 JavaThread "LocalFile Deleter"          daemon [_thread_blocked, id=22072, stack(0x0000005038300000,0x0000005038400000) (1024K)]
  0x00000212f8a3f640 JavaThread "LocalFile Deleter"          daemon [_thread_blocked, id=16180, stack(0x0000005038400000,0x0000005038500000) (1024K)]
  0x00000212f8a3bb30 JavaThread "LocalFile Deleter"          daemon [_thread_blocked, id=21564, stack(0x0000005038500000,0x0000005038600000) (1024K)]
  0x00000212f8a38d40 JavaThread "LocalFile Deleter"          daemon [_thread_blocked, id=14584, stack(0x0000005038600000,0x0000005038700000) (1024K)]
  0x00000212f8a3fcd0 JavaThread "Compiler Source File Reader" daemon [_thread_blocked, id=16460, stack(0x0000005038700000,0x0000005038800000) (1024K)]
  0x00000212f8a3ae10 JavaThread "Compiler Source File Reader" daemon [_thread_blocked, id=14716, stack(0x0000005038800000,0x0000005038900000) (1024K)]
  0x00000212f8a40360 JavaThread "Compiler Source File Reader" daemon [_thread_blocked, id=10912, stack(0x0000005038900000,0x0000005038a00000) (1024K)]
  0x00000212f8a3c850 JavaThread "Compiler Source File Reader" daemon [_thread_blocked, id=1560, stack(0x0000005038a00000,0x0000005038b00000) (1024K)]
  0x00000212f8a3a0f0 JavaThread "Compiler Source File Reader" daemon [_thread_blocked, id=8328, stack(0x0000005038b00000,0x0000005038c00000) (1024K)]
  0x00000212f8a3cee0 JavaThread "Compiler Source File Reader" daemon [_thread_blocked, id=5192, stack(0x0000005038c00000,0x0000005038d00000) (1024K)]
  0x00000212f89b88c0 JavaThread "Compiler Source File Reader" daemon [_thread_blocked, id=15944, stack(0x0000005038d00000,0x0000005038e00000) (1024K)]
  0x00000212f89bbd40 JavaThread "Compiler Source File Reader" daemon [_thread_blocked, id=15496, stack(0x0000005038e00000,0x0000005038f00000) (1024K)]
  0x00000212f89bde10 JavaThread "Compiler Source File Reader" daemon [_thread_blocked, id=17564, stack(0x0000005038f00000,0x0000005039000000) (1024K)]
  0x00000212f89bb020 JavaThread "Compiler Source File Reader" daemon [_thread_blocked, id=19628, stack(0x0000005039000000,0x0000005039100000) (1024K)]
  0x00000212f89bc3d0 JavaThread "Compiler Processing Task"   daemon [_thread_blocked, id=5268, stack(0x0000005039100000,0x0000005039200000) (1024K)]
  0x00000212f89be4a0 JavaThread "Compiler Class File Writer" daemon [_thread_blocked, id=20900, stack(0x0000005039200000,0x0000005039300000) (1024K)]
  0x00000212f89beb30 JavaThread "Compiler Class File Writer" daemon [_thread_blocked, id=22424, stack(0x0000005039300000,0x0000005039400000) (1024K)]
  0x00000212f89bca60 JavaThread "Compiler Class File Writer" daemon [_thread_blocked, id=22456, stack(0x0000005039400000,0x0000005039500000) (1024K)]
  0x00000212f89b7ba0 JavaThread "Compiler Class File Writer" daemon [_thread_blocked, id=2108, stack(0x0000005039500000,0x0000005039600000) (1024K)]
  0x00000212f89b9c70 JavaThread "Compiler Class File Writer" daemon [_thread_blocked, id=19076, stack(0x0000005039600000,0x0000005039700000) (1024K)]
  0x00000212f89ba990 JavaThread "Compiler Class File Writer" daemon [_thread_blocked, id=5776, stack(0x0000005039700000,0x0000005039800000) (1024K)]
  0x00000212f89bf1c0 JavaThread "Compiler Class File Writer" daemon [_thread_blocked, id=11152, stack(0x0000005035d00000,0x0000005035e00000) (1024K)]
  0x00000212f89b8f50 JavaThread "Compiler Class File Writer" daemon [_thread_blocked, id=19316, stack(0x0000005039800000,0x0000005039900000) (1024K)]
  0x00000212f89b95e0 JavaThread "Compiler Class File Writer" daemon [_thread_blocked, id=3716, stack(0x0000005039900000,0x0000005039a00000) (1024K)]
  0x00000212f89bd780 JavaThread "Compiler Class File Writer" daemon [_thread_blocked, id=19512, stack(0x0000005039a00000,0x0000005039b00000) (1024K)]
  0x00000212f77baa80 JavaThread "ForkJoinPool.commonPool-worker-1" daemon [_thread_blocked, id=14824, stack(0x0000005039b00000,0x0000005039c00000) (1024K)]
  0x00000212f77c1380 JavaThread "ForkJoinPool.commonPool-worker-2" daemon [_thread_blocked, id=7948, stack(0x0000005039c00000,0x0000005039d00000) (1024K)]
  0x00000212f77ba3f0 JavaThread "ForkJoinPool.commonPool-worker-3" daemon [_thread_blocked, id=18812, stack(0x0000005039d00000,0x0000005039e00000) (1024K)]
  0x00000212f77bc4c0 JavaThread "ForkJoinPool.commonPool-worker-4" daemon [_thread_blocked, id=16808, stack(0x0000005039e00000,0x0000005039f00000) (1024K)]
  0x00000212f77bd870 JavaThread "ForkJoinPool.commonPool-worker-5" daemon [_thread_blocked, id=3928, stack(0x0000005039f00000,0x000000503a000000) (1024K)]
  0x00000212f77bcb50 JavaThread "ForkJoinPool.commonPool-worker-6" daemon [_thread_blocked, id=5168, stack(0x000000503a000000,0x000000503a100000) (1024K)]
  0x00000212f77bd1e0 JavaThread "ForkJoinPool.commonPool-worker-7" daemon [_thread_blocked, id=10896, stack(0x000000503a100000,0x000000503a200000) (1024K)]
  0x00000212f77be590 JavaThread "ForkJoinPool.commonPool-worker-8" daemon [_thread_blocked, id=18932, stack(0x000000503a200000,0x000000503a300000) (1024K)]
  0x00000212f77bec20 JavaThread "ForkJoinPool.commonPool-worker-9" daemon [_thread_blocked, id=1700, stack(0x000000503a300000,0x000000503a400000) (1024K)]
  0x00000212fa801570 JavaThread "ForkJoinPool.commonPool-worker-10" daemon [_thread_blocked, id=15772, stack(0x000000503a400000,0x000000503a500000) (1024K)]
  0x00000212fa807150 JavaThread "ForkJoinPool.commonPool-worker-11" daemon [_thread_blocked, id=10000, stack(0x000000503a500000,0x000000503a600000) (1024K)]
Total: 87

Other Threads:
  0x00000212f08a0d70 VMThread "VM Thread"                           [id=19608, stack(0x0000005034100000,0x0000005034200000) (1024K)]
  0x00000212ae3fcb20 WatcherThread "VM Periodic Task Thread"        [id=21988, stack(0x0000005034000000,0x0000005034100000) (1024K)]
  0x0000021297aa7cc0 WorkerThread "GC Thread#0"                     [id=14720, stack(0x0000005033f00000,0x0000005034000000) (1024K)]
  0x00000212f6285630 WorkerThread "GC Thread#1"                     [id=10552, stack(0x0000005034e00000,0x0000005034f00000) (1024K)]
  0x00000212f0c42920 WorkerThread "GC Thread#2"                     [id=4620, stack(0x0000005034f00000,0x0000005035000000) (1024K)]
  0x00000212f0c42cc0 WorkerThread "GC Thread#3"                     [id=4692, stack(0x0000005035000000,0x0000005035100000) (1024K)]
  0x00000212f0c43060 WorkerThread "GC Thread#4"                     [id=20508, stack(0x0000005035100000,0x0000005035200000) (1024K)]
  0x00000212f0c43400 WorkerThread "GC Thread#5"                     [id=21104, stack(0x0000005035200000,0x0000005035300000) (1024K)]
  0x00000212f0c437a0 WorkerThread "GC Thread#6"                     [id=6484, stack(0x0000005035300000,0x0000005035400000) (1024K)]
  0x00000212f6998750 WorkerThread "GC Thread#7"                     [id=12416, stack(0x0000005035600000,0x0000005035700000) (1024K)]
  0x00000212f69978d0 WorkerThread "GC Thread#8"                     [id=21256, stack(0x0000005035900000,0x0000005035a00000) (1024K)]
  0x00000212f6997530 WorkerThread "GC Thread#9"                     [id=3724, stack(0x0000005035a00000,0x0000005035b00000) (1024K)]
Total: 12

Threads with active compile tasks:
Total: 0

VM state: not at safepoint (normal execution)

VM Mutex/Monitor currently owned by a thread: None

Heap address: 0x0000000080000000, size: 2048 MB, Compressed Oops mode: 32-bit

CDS archive(s) mapped at: [0x00000212af000000-0x00000212afba0000-0x00000212afba0000), size 12189696, SharedBaseAddress: 0x00000212af000000, ArchiveRelocationMode: 1.
Compressed class space mapped at: 0x00000212b0000000-0x00000212f0000000, reserved size: 1073741824
Narrow klass base: 0x00000212af000000, Narrow klass shift: 0, Narrow klass range: 0x100000000

GC Precious Log:
 CardTable entry size: 512
 CPUs: 12 total, 12 available
 Memory: 16016M
 Large Page Support: Disabled
 NUMA Support: Disabled
 Compressed Oops: Enabled (32-bit)
 Alignments: Space 512K, Generation 512K, Heap 2M
 Heap Min Capacity: 100M
 Heap Initial Capacity: 100M
 Heap Max Capacity: 2G
 Pre-touch: Disabled
 Parallel Workers: 10

Heap:
 PSYoungGen      total 3072K, used 2733K [0x00000000d5580000, 0x00000000d5b80000, 0x0000000100000000)
  eden space 2560K, 93% used [0x00000000d5580000,0x00000000d57d35e8,0x00000000d5800000)
  from space 512K, 68% used [0x00000000d5b00000,0x00000000d5b58000,0x00000000d5b80000)
  to   space 1024K, 0% used [0x00000000d5980000,0x00000000d5980000,0x00000000d5a80000)
 ParOldGen       total 773120K, used 772824K [0x0000000080000000, 0x00000000af300000, 0x00000000d5580000)
  object space 773120K, 99% used [0x0000000080000000,0x00000000af2b6090,0x00000000af300000)
 Metaspace       used 69957K, committed 71552K, reserved 1114112K
  class space    used 7325K, committed 8000K, reserved 1048576K

Card table byte_map: [0x0000021297420000,0x0000021297830000] _byte_map_base: 0x0000021297020000

Marking Bits: (ParMarkBitMap*) 0x00007ff88f96a340
 Begin Bits: [0x00000212a9f20000, 0x00000212abf20000)
 End Bits:   [0x00000212abf20000, 0x00000212adf20000)

Polling page: 0x0000021295890000

Metaspace:

Usage:
  Non-class:     61.16 MB used.
      Class:      7.15 MB used.
       Both:     68.32 MB used.

Virtual space:
  Non-class space:       64.00 MB reserved,      62.06 MB ( 97%) committed,  1 nodes.
      Class space:        1.00 GB reserved,       7.81 MB ( <1%) committed,  1 nodes.
             Both:        1.06 GB reserved,      69.88 MB (  6%) committed. 

Chunk freelists:
   Non-Class:  1.59 MB
       Class:  8.20 MB
        Both:  9.79 MB

MaxMetaspaceSize: unlimited
CompressedClassSpaceSize: 1.00 GB
Initial GC threshold: 21.00 MB
Current GC threshold: 97.31 MB
CDS: on
 - commit_granule_bytes: 65536.
 - commit_granule_words: 8192.
 - virtual_space_node_default_size: 8388608.
 - enlarge_chunks_in_place: 1.
 - use_allocation_guard: 0.


Internal statistics:

num_allocs_failed_limit: 9.
num_arena_births: 1406.
num_arena_deaths: 14.
num_vsnodes_births: 2.
num_vsnodes_deaths: 0.
num_space_committed: 1118.
num_space_uncommitted: 0.
num_chunks_returned_to_freelist: 23.
num_chunks_taken_from_freelist: 4629.
num_chunk_merges: 10.
num_chunk_splits: 2815.
num_chunks_enlarged: 1517.
num_inconsistent_stats: 0.

CodeHeap 'non-profiled nmethods': size=120000Kb used=10891Kb max_used=10891Kb free=109108Kb
 bounds [0x00000212a2740000, 0x00000212a31f0000, 0x00000212a9c70000]
CodeHeap 'profiled nmethods': size=120000Kb used=32317Kb max_used=32317Kb free=87682Kb
 bounds [0x000002129ac70000, 0x000002129cc00000, 0x00000212a21a0000]
CodeHeap 'non-nmethods': size=5760Kb used=1468Kb max_used=1538Kb free=4291Kb
 bounds [0x00000212a21a0000, 0x00000212a2410000, 0x00000212a2740000]
CodeCache: size=245760Kb, used=44676Kb, max_used=44746Kb, free=201081Kb
 total_blobs=14432, nmethods=13651, adapters=685, full_count=0
Compilation: enabled, stopped_count=0, restarted_count=0

Compilation events (20 events):
Event: 31.795 Thread 0x00000212ae5165e0 nmethod 14461 0x00000212a31dab10 code [0x00000212a31dad20, 0x00000212a31db270]
Event: 31.796 Thread 0x00000212ae5165e0 14463       4       org.eclipse.osgi.container.ModuleDatabase$Persistence::writeString (99 bytes)
Event: 31.797 Thread 0x00000212f0901f30 nmethod 14478 0x000002129cbfaa10 code [0x000002129cbfaf40, 0x000002129cbfdcc0]
Event: 31.797 Thread 0x00000212f0901f30 14475       3       java.util.RegularEnumSet$EnumSetIterator::hasNext (15 bytes)
Event: 31.798 Thread 0x00000212f0901f30 nmethod 14475 0x000002129cbfeb90 code [0x000002129cbfed20, 0x000002129cbfee88]
Event: 31.798 Thread 0x00000212f0901f30 14477       3       java.lang.Long::numberOfTrailingZeros (26 bytes)
Event: 31.798 Thread 0x00000212f0901f30 nmethod 14477 0x000002129cbfef10 code [0x000002129cbff0e0, 0x000002129cbff290]
Event: 31.798 Thread 0x00000212f0901f30 14476       3       java.util.RegularEnumSet$EnumSetIterator::next (5 bytes)
Event: 31.798 Thread 0x00000212f0901f30 nmethod 14476 0x000002129cbff390 code [0x000002129cbff540, 0x000002129cbff698]
Event: 31.801 Thread 0x00000212f86c6750 nmethod 14466 0x00000212a31db810 code [0x00000212a31dbaa0, 0x00000212a31dc458]
Event: 31.801 Thread 0x00000212f86c6750 14457       4       org.osgi.framework.Version::hashCode (65 bytes)
Event: 31.802 Thread 0x00000212fa58e660 nmethod 14467 0x00000212a31dcf10 code [0x00000212a31dd0e0, 0x00000212a31dd6f8]
Event: 31.802 Thread 0x00000212fa58e660 14473       4       org.eclipse.osgi.container.ModuleDatabase$Persistence::addToWriteTable (77 bytes)
Event: 31.802 Thread 0x00000212f86c6750 nmethod 14457 0x00000212a31ddc10 code [0x00000212a31ddda0, 0x00000212a31dded8]
Event: 31.802 Thread 0x00000212f86c6750 14418       4       jdk.internal.misc.Unsafe::convEndian (16 bytes)
Event: 31.803 Thread 0x00000212f86c6750 nmethod 14418 0x00000212a31ddf90 code [0x00000212a31de100, 0x00000212a31de178]
Event: 31.803 Thread 0x00000212f86c6750 14441       4       java.util.Collections$1::next (25 bytes)
Event: 31.803 Thread 0x00000212f86c6750 nmethod 14441 0x00000212a31de290 code [0x00000212a31de420, 0x00000212a31de4d0]
Event: 31.819 Thread 0x00000212fa58e660 nmethod 14473 0x00000212a31de590 code [0x00000212a31de7c0, 0x00000212a31df1f0]
Event: 31.836 Thread 0x00000212ae5165e0 nmethod 14463 0x00000212a31dfa10 code [0x00000212a31dfe00, 0x00000212a31e1618]

GC Heap History (20 events):
Event: 24.255 GC heap before
{Heap before GC invocations=1354 (full 3):
 PSYoungGen      total 3584K, used 3420K [0x00000000d5580000, 0x00000000d5a00000, 0x0000000100000000)
  eden space 3072K, 99% used [0x00000000d5580000,0x00000000d587d350,0x00000000d5880000)
  from space 512K, 70% used [0x00000000d5980000,0x00000000d59d9e90,0x00000000d5a00000)
  to   space 512K, 0% used [0x00000000d5900000,0x00000000d5900000,0x00000000d5980000)
 ParOldGen       total 761344K, used 761042K [0x0000000080000000, 0x00000000ae780000, 0x00000000d5580000)
  object space 761344K, 99% used [0x0000000080000000,0x00000000ae734bc0,0x00000000ae780000)
 Metaspace       used 69691K, committed 71296K, reserved 1114112K
  class space    used 7293K, committed 8000K, reserved 1048576K
}
Event: 24.259 GC heap after
{Heap after GC invocations=1354 (full 3):
 PSYoungGen      total 4096K, used 494K [0x00000000d5580000, 0x00000000d5b80000, 0x0000000100000000)
  eden space 3584K, 0% used [0x00000000d5580000,0x00000000d5580000,0x00000000d5900000)
  from space 512K, 96% used [0x00000000d5900000,0x00000000d597ba50,0x00000000d5980000)
  to   space 1024K, 0% used [0x00000000d5a80000,0x00000000d5a80000,0x00000000d5b80000)
 ParOldGen       total 761344K, used 761315K [0x0000000080000000, 0x00000000ae780000, 0x00000000d5580000)
  object space 761344K, 99% used [0x0000000080000000,0x00000000ae778e38,0x00000000ae780000)
 Metaspace       used 69691K, committed 71296K, reserved 1114112K
  class space    used 7293K, committed 8000K, reserved 1048576K
}
Event: 24.273 GC heap before
{Heap before GC invocations=1355 (full 3):
 PSYoungGen      total 4096K, used 4078K [0x00000000d5580000, 0x00000000d5b80000, 0x0000000100000000)
  eden space 3584K, 100% used [0x00000000d5580000,0x00000000d5900000,0x00000000d5900000)
  from space 512K, 96% used [0x00000000d5900000,0x00000000d597ba50,0x00000000d5980000)
  to   space 1024K, 0% used [0x00000000d5a80000,0x00000000d5a80000,0x00000000d5b80000)
 ParOldGen       total 761344K, used 761315K [0x0000000080000000, 0x00000000ae780000, 0x00000000d5580000)
  object space 761344K, 99% used [0x0000000080000000,0x00000000ae778e38,0x00000000ae780000)
 Metaspace       used 69741K, committed 71360K, reserved 1114112K
  class space    used 7296K, committed 8000K, reserved 1048576K
}
Event: 24.289 GC heap after
{Heap after GC invocations=1355 (full 3):
 PSYoungGen      total 2048K, used 995K [0x00000000d5580000, 0x00000000d6200000, 0x0000000100000000)
  eden space 1024K, 0% used [0x00000000d5580000,0x00000000d5580000,0x00000000d5680000)
  from space 1024K, 97% used [0x00000000d5a80000,0x00000000d5b78e90,0x00000000d5b80000)
  to   space 4096K, 0% used [0x00000000d5680000,0x00000000d5680000,0x00000000d5a80000)
 ParOldGen       total 763904K, used 763628K [0x0000000080000000, 0x00000000aea00000, 0x00000000d5580000)
  object space 763904K, 99% used [0x0000000080000000,0x00000000ae9bb098,0x00000000aea00000)
 Metaspace       used 69741K, committed 71360K, reserved 1114112K
  class space    used 7296K, committed 8000K, reserved 1048576K
}
Event: 24.307 GC heap before
{Heap before GC invocations=1356 (full 3):
 PSYoungGen      total 2048K, used 1982K [0x00000000d5580000, 0x00000000d6200000, 0x0000000100000000)
  eden space 1024K, 96% used [0x00000000d5580000,0x00000000d5676bd0,0x00000000d5680000)
  from space 1024K, 97% used [0x00000000d5a80000,0x00000000d5b78e90,0x00000000d5b80000)
  to   space 4096K, 0% used [0x00000000d5680000,0x00000000d5680000,0x00000000d5a80000)
 ParOldGen       total 763904K, used 763628K [0x0000000080000000, 0x00000000aea00000, 0x00000000d5580000)
  object space 763904K, 99% used [0x0000000080000000,0x00000000ae9bb098,0x00000000aea00000)
 Metaspace       used 69741K, committed 71360K, reserved 1114112K
  class space    used 7296K, committed 8000K, reserved 1048576K
}
Event: 24.310 GC heap after
{Heap after GC invocations=1356 (full 3):
 PSYoungGen      total 2048K, used 593K [0x00000000d5580000, 0x00000000d5b00000, 0x0000000100000000)
  eden space 1024K, 0% used [0x00000000d5580000,0x00000000d5580000,0x00000000d5680000)
  from space 1024K, 58% used [0x00000000d5680000,0x00000000d57147c0,0x00000000d5780000)
  to   space 2048K, 0% used [0x00000000d5900000,0x00000000d5900000,0x00000000d5b00000)
 ParOldGen       total 764928K, used 764463K [0x0000000080000000, 0x00000000aeb00000, 0x00000000d5580000)
  object space 764928K, 99% used [0x0000000080000000,0x00000000aea8bfa0,0x00000000aeb00000)
 Metaspace       used 69741K, committed 71360K, reserved 1114112K
  class space    used 7296K, committed 8000K, reserved 1048576K
}
Event: 24.324 GC heap before
{Heap before GC invocations=1357 (full 3):
 PSYoungGen      total 2048K, used 1607K [0x00000000d5580000, 0x00000000d5b00000, 0x0000000100000000)
  eden space 1024K, 99% used [0x00000000d5580000,0x00000000d567d810,0x00000000d5680000)
  from space 1024K, 58% used [0x00000000d5680000,0x00000000d57147c0,0x00000000d5780000)
  to   space 2048K, 0% used [0x00000000d5900000,0x00000000d5900000,0x00000000d5b00000)
 ParOldGen       total 764928K, used 764463K [0x0000000080000000, 0x00000000aeb00000, 0x00000000d5580000)
  object space 764928K, 99% used [0x0000000080000000,0x00000000aea8bfa0,0x00000000aeb00000)
 Metaspace       used 69742K, committed 71360K, reserved 1114112K
  class space    used 7296K, committed 8000K, reserved 1048576K
}
Event: 24.327 GC heap after
{Heap after GC invocations=1357 (full 3):
 PSYoungGen      total 2560K, used 931K [0x00000000d5580000, 0x00000000d5a00000, 0x0000000100000000)
  eden space 1536K, 0% used [0x00000000d5580000,0x00000000d5580000,0x00000000d5700000)
  from space 1024K, 90% used [0x00000000d5900000,0x00000000d59e8eb0,0x00000000d5a00000)
  to   space 1024K, 0% used [0x00000000d5800000,0x00000000d5800000,0x00000000d5900000)
 ParOldGen       total 765440K, used 764978K [0x0000000080000000, 0x00000000aeb80000, 0x00000000d5580000)
  object space 765440K, 99% used [0x0000000080000000,0x00000000aeb0c920,0x00000000aeb80000)
 Metaspace       used 69742K, committed 71360K, reserved 1114112K
  class space    used 7296K, committed 8000K, reserved 1048576K
}
Event: 24.348 GC heap before
{Heap before GC invocations=1358 (full 3):
 PSYoungGen      total 2560K, used 2356K [0x00000000d5580000, 0x00000000d5a00000, 0x0000000100000000)
  eden space 1536K, 92% used [0x00000000d5580000,0x00000000d56e4300,0x00000000d5700000)
  from space 1024K, 90% used [0x00000000d5900000,0x00000000d59e8eb0,0x00000000d5a00000)
  to   space 1024K, 0% used [0x00000000d5800000,0x00000000d5800000,0x00000000d5900000)
 ParOldGen       total 765440K, used 764978K [0x0000000080000000, 0x00000000aeb80000, 0x00000000d5580000)
  object space 765440K, 99% used [0x0000000080000000,0x00000000aeb0c920,0x00000000aeb80000)
 Metaspace       used 69743K, committed 71360K, reserved 1114112K
  class space    used 7296K, committed 8000K, reserved 1048576K
}
Event: 24.353 GC heap after
{Heap after GC invocations=1358 (full 3):
 PSYoungGen      total 3072K, used 1022K [0x00000000d5580000, 0x00000000d5c80000, 0x0000000100000000)
  eden space 2048K, 0% used [0x00000000d5580000,0x00000000d5580000,0x00000000d5780000)
  from space 1024K, 99% used [0x00000000d5800000,0x00000000d58ffa98,0x00000000d5900000)
  to   space 2560K, 0% used [0x00000000d5a00000,0x00000000d5a00000,0x00000000d5c80000)
 ParOldGen       total 765952K, used 765872K [0x0000000080000000, 0x00000000aec00000, 0x00000000d5580000)
  object space 765952K, 99% used [0x0000000080000000,0x00000000aebec070,0x00000000aec00000)
 Metaspace       used 69743K, committed 71360K, reserved 1114112K
  class space    used 7296K, committed 8000K, reserved 1048576K
}
Event: 24.372 GC heap before
{Heap before GC invocations=1359 (full 3):
 PSYoungGen      total 3072K, used 3061K [0x00000000d5580000, 0x00000000d5c80000, 0x0000000100000000)
  eden space 2048K, 99% used [0x00000000d5580000,0x00000000d577dce0,0x00000000d5780000)
  from space 1024K, 99% used [0x00000000d5800000,0x00000000d58ffa98,0x00000000d5900000)
  to   space 2560K, 0% used [0x00000000d5a00000,0x00000000d5a00000,0x00000000d5c80000)
 ParOldGen       total 765952K, used 765872K [0x0000000080000000, 0x00000000aec00000, 0x00000000d5580000)
  object space 765952K, 99% used [0x0000000080000000,0x00000000aebec070,0x00000000aec00000)
 Metaspace       used 69743K, committed 71360K, reserved 1114112K
  class space    used 7296K, committed 8000K, reserved 1048576K
}
Event: 24.380 GC heap after
{Heap after GC invocations=1359 (full 3):
 PSYoungGen      total 4608K, used 1823K [0x00000000d5580000, 0x00000000d5c00000, 0x0000000100000000)
  eden space 2560K, 0% used [0x00000000d5580000,0x00000000d5580000,0x00000000d5800000)
  from space 2048K, 89% used [0x00000000d5a00000,0x00000000d5bc7c28,0x00000000d5c00000)
  to   space 2048K, 0% used [0x00000000d5800000,0x00000000d5800000,0x00000000d5a00000)
 ParOldGen       total 766976K, used 766832K [0x0000000080000000, 0x00000000aed00000, 0x00000000d5580000)
  object space 766976K, 99% used [0x0000000080000000,0x00000000aecdc0d8,0x00000000aed00000)
 Metaspace       used 69743K, committed 71360K, reserved 1114112K
  class space    used 7296K, committed 8000K, reserved 1048576K
}
Event: 24.403 GC heap before
{Heap before GC invocations=1360 (full 3):
 PSYoungGen      total 4608K, used 4383K [0x00000000d5580000, 0x00000000d5c00000, 0x0000000100000000)
  eden space 2560K, 100% used [0x00000000d5580000,0x00000000d5800000,0x00000000d5800000)
  from space 2048K, 89% used [0x00000000d5a00000,0x00000000d5bc7c28,0x00000000d5c00000)
  to   space 2048K, 0% used [0x00000000d5800000,0x00000000d5800000,0x00000000d5a00000)
 ParOldGen       total 766976K, used 766832K [0x0000000080000000, 0x00000000aed00000, 0x00000000d5580000)
  object space 766976K, 99% used [0x0000000080000000,0x00000000aecdc0d8,0x00000000aed00000)
 Metaspace       used 69743K, committed 71360K, reserved 1114112K
  class space    used 7296K, committed 8000K, reserved 1048576K
}
Event: 24.410 GC heap after
{Heap after GC invocations=1360 (full 3):
 PSYoungGen      total 4608K, used 2036K [0x00000000d5580000, 0x00000000d6080000, 0x0000000100000000)
  eden space 2560K, 0% used [0x00000000d5580000,0x00000000d5580000,0x00000000d5800000)
  from space 2048K, 99% used [0x00000000d5800000,0x00000000d59fd318,0x00000000d5a00000)
  to   space 4096K, 0% used [0x00000000d5c80000,0x00000000d5c80000,0x00000000d6080000)
 ParOldGen       total 769024K, used 768554K [0x0000000080000000, 0x00000000aef00000, 0x00000000d5580000)
  object space 769024K, 99% used [0x0000000080000000,0x00000000aee8aa38,0x00000000aef00000)
 Metaspace       used 69743K, committed 71360K, reserved 1114112K
  class space    used 7296K, committed 8000K, reserved 1048576K
}
Event: 24.451 GC heap before
{Heap before GC invocations=1361 (full 3):
 PSYoungGen      total 4608K, used 4596K [0x00000000d5580000, 0x00000000d6080000, 0x0000000100000000)
  eden space 2560K, 100% used [0x00000000d5580000,0x00000000d5800000,0x00000000d5800000)
  from space 2048K, 99% used [0x00000000d5800000,0x00000000d59fd318,0x00000000d5a00000)
  to   space 4096K, 0% used [0x00000000d5c80000,0x00000000d5c80000,0x00000000d6080000)
 ParOldGen       total 769024K, used 768554K [0x0000000080000000, 0x00000000aef00000, 0x00000000d5580000)
  object space 769024K, 99% used [0x0000000080000000,0x00000000aee8aa38,0x00000000aef00000)
 Metaspace       used 69751K, committed 71360K, reserved 1114112K
  class space    used 7296K, committed 8000K, reserved 1048576K
}
Event: 24.457 GC heap after
{Heap after GC invocations=1361 (full 3):
 PSYoungGen      total 5120K, used 2166K [0x00000000d5580000, 0x00000000d5f00000, 0x0000000100000000)
  eden space 2560K, 0% used [0x00000000d5580000,0x00000000d5580000,0x00000000d5800000)
  from space 2560K, 84% used [0x00000000d5c80000,0x00000000d5e9d8a0,0x00000000d5f00000)
  to   space 3072K, 0% used [0x00000000d5900000,0x00000000d5900000,0x00000000d5c00000)
 ParOldGen       total 770560K, used 770521K [0x0000000080000000, 0x00000000af080000, 0x00000000d5580000)
  object space 770560K, 99% used [0x0000000080000000,0x00000000af076670,0x00000000af080000)
 Metaspace       used 69751K, committed 71360K, reserved 1114112K
  class space    used 7296K, committed 8000K, reserved 1048576K
}
Event: 24.515 GC heap before
{Heap before GC invocations=1362 (full 3):
 PSYoungGen      total 5120K, used 4726K [0x00000000d5580000, 0x00000000d5f00000, 0x0000000100000000)
  eden space 2560K, 100% used [0x00000000d5580000,0x00000000d5800000,0x00000000d5800000)
  from space 2560K, 84% used [0x00000000d5c80000,0x00000000d5e9d8a0,0x00000000d5f00000)
  to   space 3072K, 0% used [0x00000000d5900000,0x00000000d5900000,0x00000000d5c00000)
 ParOldGen       total 770560K, used 770521K [0x0000000080000000, 0x00000000af080000, 0x00000000d5580000)
  object space 770560K, 99% used [0x0000000080000000,0x00000000af076670,0x00000000af080000)
 Metaspace       used 69822K, committed 71424K, reserved 1114112K
  class space    used 7318K, committed 8000K, reserved 1048576K
}
Event: 24.521 GC heap after
{Heap after GC invocations=1362 (full 3):
 PSYoungGen      total 4096K, used 1107K [0x00000000d5580000, 0x00000000d5d00000, 0x0000000100000000)
  eden space 2560K, 0% used [0x00000000d5580000,0x00000000d5580000,0x00000000d5800000)
  from space 1536K, 72% used [0x00000000d5900000,0x00000000d5a14c08,0x00000000d5a80000)
  to   space 2048K, 0% used [0x00000000d5b00000,0x00000000d5b00000,0x00000000d5d00000)
 ParOldGen       total 772608K, used 772512K [0x0000000080000000, 0x00000000af280000, 0x00000000d5580000)
  object space 772608K, 99% used [0x0000000080000000,0x00000000af268090,0x00000000af280000)
 Metaspace       used 69822K, committed 71424K, reserved 1114112K
  class space    used 7318K, committed 8000K, reserved 1048576K
}
Event: 31.726 GC heap before
{Heap before GC invocations=1363 (full 3):
 PSYoungGen      total 4096K, used 3667K [0x00000000d5580000, 0x00000000d5d00000, 0x0000000100000000)
  eden space 2560K, 100% used [0x00000000d5580000,0x00000000d5800000,0x00000000d5800000)
  from space 1536K, 72% used [0x00000000d5900000,0x00000000d5a14c08,0x00000000d5a80000)
  to   space 2048K, 0% used [0x00000000d5b00000,0x00000000d5b00000,0x00000000d5d00000)
 ParOldGen       total 772608K, used 772512K [0x0000000080000000, 0x00000000af280000, 0x00000000d5580000)
  object space 772608K, 99% used [0x0000000080000000,0x00000000af268090,0x00000000af280000)
 Metaspace       used 69900K, committed 71488K, reserved 1114112K
  class space    used 7323K, committed 8000K, reserved 1048576K
}
Event: 31.730 GC heap after
{Heap after GC invocations=1363 (full 3):
 PSYoungGen      total 3072K, used 352K [0x00000000d5580000, 0x00000000d5b80000, 0x0000000100000000)
  eden space 2560K, 0% used [0x00000000d5580000,0x00000000d5580000,0x00000000d5800000)
  from space 512K, 68% used [0x00000000d5b00000,0x00000000d5b58000,0x00000000d5b80000)
  to   space 1024K, 0% used [0x00000000d5980000,0x00000000d5980000,0x00000000d5a80000)
 ParOldGen       total 773120K, used 772824K [0x0000000080000000, 0x00000000af300000, 0x00000000d5580000)
  object space 773120K, 99% used [0x0000000080000000,0x00000000af2b6090,0x00000000af300000)
 Metaspace       used 69900K, committed 71488K, reserved 1114112K
  class space    used 7323K, committed 8000K, reserved 1048576K
}

Dll operation events (12 events):
Event: 0.100 Loaded shared library c:\Users\10935\.vscode\extensions\redhat.java-1.45.0-win32-x64\jre\21.0.8-win32-x86_64\bin\java.dll
Event: 0.258 Loaded shared library c:\Users\10935\.vscode\extensions\redhat.java-1.45.0-win32-x64\jre\21.0.8-win32-x86_64\bin\zip.dll
Event: 0.285 Loaded shared library C:\Users\10935\.vscode\extensions\redhat.java-1.45.0-win32-x64\jre\21.0.8-win32-x86_64\bin\instrument.dll
Event: 0.299 Loaded shared library C:\Users\10935\.vscode\extensions\redhat.java-1.45.0-win32-x64\jre\21.0.8-win32-x86_64\bin\net.dll
Event: 0.307 Loaded shared library C:\Users\10935\.vscode\extensions\redhat.java-1.45.0-win32-x64\jre\21.0.8-win32-x86_64\bin\nio.dll
Event: 0.316 Loaded shared library C:\Users\10935\.vscode\extensions\redhat.java-1.45.0-win32-x64\jre\21.0.8-win32-x86_64\bin\zip.dll
Event: 0.341 Loaded shared library C:\Users\10935\.vscode\extensions\redhat.java-1.45.0-win32-x64\jre\21.0.8-win32-x86_64\bin\jimage.dll
Event: 0.468 Loaded shared library c:\Users\10935\.vscode\extensions\redhat.java-1.45.0-win32-x64\jre\21.0.8-win32-x86_64\bin\verify.dll
Event: 1.939 Loaded shared library C:\Users\10935\AppData\Roaming\Code\User\globalStorage\redhat.java\1.45.0\config_win\org.eclipse.equinox.launcher\org.eclipse.equinox.launcher.win32.win32.x86_64_1.2.1400.v20250801-0854\eclipse_11916.dll
Event: 3.251 Loaded shared library C:\Users\10935\AppData\Local\Temp\jna-46738908\jna9763929043376024710.dll
Event: 4.694 Loaded shared library C:\Users\10935\.vscode\extensions\redhat.java-1.45.0-win32-x64\jre\21.0.8-win32-x86_64\bin\sunmscapi.dll
Event: 4.996 Loaded shared library C:\Users\10935\.vscode\extensions\redhat.java-1.45.0-win32-x64\jre\21.0.8-win32-x86_64\bin\extnet.dll

Deoptimization events (20 events):
Event: 31.733 Thread 0x00000212f66e7b10 Uncommon trap: trap_request=0xffffffde fr.pc=0x00000212a2f54c2c relative=0x00000000000003ac
Event: 31.733 Thread 0x00000212f66e7b10 Uncommon trap: reason=class_check action=maybe_recompile pc=0x00000212a2f54c2c method=java.util.ArrayList.hashCodeRange(II)I @ 53 c2
Event: 31.733 Thread 0x00000212f66e7b10 DEOPT PACKING pc=0x00000212a2f54c2c sp=0x00000050354fe720
Event: 31.734 Thread 0x00000212f66e7b10 DEOPT UNPACKING pc=0x00000212a21f3aa2 sp=0x00000050354fe630 mode 2
Event: 31.734 Thread 0x00000212f66e7b10 Uncommon trap: trap_request=0xffffffde fr.pc=0x00000212a2f54c2c relative=0x00000000000003ac
Event: 31.734 Thread 0x00000212f66e7b10 Uncommon trap: reason=class_check action=maybe_recompile pc=0x00000212a2f54c2c method=java.util.ArrayList.hashCodeRange(II)I @ 53 c2
Event: 31.734 Thread 0x00000212f66e7b10 DEOPT PACKING pc=0x00000212a2f54c2c sp=0x00000050354fe720
Event: 31.734 Thread 0x00000212f66e7b10 DEOPT UNPACKING pc=0x00000212a21f3aa2 sp=0x00000050354fe630 mode 2
Event: 31.734 Thread 0x00000212f66e7b10 Uncommon trap: trap_request=0xffffffde fr.pc=0x00000212a2f54c2c relative=0x00000000000003ac
Event: 31.734 Thread 0x00000212f66e7b10 Uncommon trap: reason=class_check action=maybe_recompile pc=0x00000212a2f54c2c method=java.util.ArrayList.hashCodeRange(II)I @ 53 c2
Event: 31.734 Thread 0x00000212f66e7b10 DEOPT PACKING pc=0x00000212a2f54c2c sp=0x00000050354fe720
Event: 31.734 Thread 0x00000212f66e7b10 DEOPT UNPACKING pc=0x00000212a21f3aa2 sp=0x00000050354fe630 mode 2
Event: 31.734 Thread 0x00000212f66e7b10 Uncommon trap: trap_request=0xffffffde fr.pc=0x00000212a2f53674 relative=0x0000000000000374
Event: 31.734 Thread 0x00000212f66e7b10 Uncommon trap: reason=class_check action=maybe_recompile pc=0x00000212a2f53674 method=java.util.ArrayList.hashCodeRange(II)I @ 53 c2
Event: 31.734 Thread 0x00000212f66e7b10 DEOPT PACKING pc=0x00000212a2f53674 sp=0x00000050354fe6a0
Event: 31.734 Thread 0x00000212f66e7b10 DEOPT UNPACKING pc=0x00000212a21f3aa2 sp=0x00000050354fe628 mode 2
Event: 31.741 Thread 0x00000212f66e7b10 Uncommon trap: trap_request=0xffffff45 fr.pc=0x00000212a2926810 relative=0x0000000000000590
Event: 31.741 Thread 0x00000212f66e7b10 Uncommon trap: reason=unstable_if action=reinterpret pc=0x00000212a2926810 method=java.util.HashMap.removeNode(ILjava/lang/Object;Ljava/lang/Object;ZZ)Ljava/util/HashMap$Node; @ 62 c2
Event: 31.741 Thread 0x00000212f66e7b10 DEOPT PACKING pc=0x00000212a2926810 sp=0x00000050354fe9d0
Event: 31.741 Thread 0x00000212f66e7b10 DEOPT UNPACKING pc=0x00000212a21f3aa2 sp=0x00000050354fe8d0 mode 2

Classes loaded (20 events):
Event: 16.736 Loading class java/util/stream/ReduceOps$1ReducingSink
Event: 16.736 Loading class java/util/stream/ReduceOps$1ReducingSink done
Event: 16.746 Loading class java/nio/file/InvalidPathException
Event: 16.746 Loading class java/nio/file/InvalidPathException done
Event: 23.904 Loading class java/util/concurrent/CompletableFuture$UniApply
Event: 23.905 Loading class java/util/concurrent/CompletableFuture$UniApply done
Event: 23.906 Loading class java/util/concurrent/CompletableFuture$UniExceptionally
Event: 23.907 Loading class java/util/concurrent/CompletableFuture$UniExceptionally done
Event: 24.551 Loading class java/util/stream/DistinctOps
Event: 24.551 Loading class java/util/stream/DistinctOps done
Event: 24.551 Loading class java/util/stream/DistinctOps$1
Event: 24.552 Loading class java/util/stream/DistinctOps$1 done
Event: 24.555 Loading class java/util/stream/DistinctOps$1$2
Event: 24.556 Loading class java/util/stream/DistinctOps$1$2 done
Event: 31.806 Loading class sun/nio/cs/ISO_8859_1$Encoder
Event: 31.807 Loading class sun/nio/cs/ISO_8859_1$Encoder done
Event: 31.807 Loading class sun/nio/cs/Surrogate$Parser
Event: 31.807 Loading class sun/nio/cs/Surrogate$Parser done
Event: 31.807 Loading class sun/nio/cs/Surrogate
Event: 31.807 Loading class sun/nio/cs/Surrogate done

Classes unloaded (7 events):
Event: 3.829 Thread 0x00000212f08a0d70 Unloading class 0x00000212b01ab000 'java/lang/invoke/LambdaForm$MH+0x00000212b01ab000'
Event: 3.829 Thread 0x00000212f08a0d70 Unloading class 0x00000212b01aac00 'java/lang/invoke/LambdaForm$MH+0x00000212b01aac00'
Event: 3.829 Thread 0x00000212f08a0d70 Unloading class 0x00000212b01aa800 'java/lang/invoke/LambdaForm$MH+0x00000212b01aa800'
Event: 3.829 Thread 0x00000212f08a0d70 Unloading class 0x00000212b01aa400 'java/lang/invoke/LambdaForm$MH+0x00000212b01aa400'
Event: 3.829 Thread 0x00000212f08a0d70 Unloading class 0x00000212b01aa000 'java/lang/invoke/LambdaForm$BMH+0x00000212b01aa000'
Event: 3.829 Thread 0x00000212f08a0d70 Unloading class 0x00000212b01a9c00 'java/lang/invoke/LambdaForm$DMH+0x00000212b01a9c00'
Event: 3.829 Thread 0x00000212f08a0d70 Unloading class 0x00000212b01a8800 'java/lang/invoke/LambdaForm$DMH+0x00000212b01a8800'

Classes redefined (0 events):
No events

Internal exceptions (20 events):
Event: 23.727 Thread 0x00000212f6939af0 Implicit null exception at 0x00000212a27de8cb to 0x00000212a27de912
Event: 23.866 Thread 0x00000212f6939af0 Implicit null exception at 0x00000212a2ee5963 to 0x00000212a2ee78fc
Event: 23.893 Thread 0x00000212f6939af0 Exception <a 'sun/nio/fs/WindowsException'{0x00000000d57b4018}> (0x00000000d57b4018) 
thrown [s\src\hotspot\share\prims\jni.cpp, line 520]
Event: 24.084 Thread 0x00000212fa807150 Exception <a 'sun/nio/fs/WindowsException'{0x00000000d558ffd0}> (0x00000000d558ffd0) 
thrown [s\src\hotspot\share\prims\jni.cpp, line 520]
Event: 24.085 Thread 0x00000212fa807150 Exception <a 'sun/nio/fs/WindowsException'{0x00000000d55908b8}> (0x00000000d55908b8) 
thrown [s\src\hotspot\share\prims\jni.cpp, line 520]
Event: 24.086 Thread 0x00000212fa807150 Exception <a 'sun/nio/fs/WindowsException'{0x00000000d5597938}> (0x00000000d5597938) 
thrown [s\src\hotspot\share\prims\jni.cpp, line 520]
Event: 24.086 Thread 0x00000212fa807150 Exception <a 'sun/nio/fs/WindowsException'{0x00000000d5598200}> (0x00000000d5598200) 
thrown [s\src\hotspot\share\prims\jni.cpp, line 520]
Event: 24.087 Thread 0x00000212fa807150 Exception <a 'sun/nio/fs/WindowsException'{0x00000000d5599c10}> (0x00000000d5599c10) 
thrown [s\src\hotspot\share\prims\jni.cpp, line 520]
Event: 24.087 Thread 0x00000212fa807150 Exception <a 'sun/nio/fs/WindowsException'{0x00000000d559bec8}> (0x00000000d559bec8) 
thrown [s\src\hotspot\share\prims\jni.cpp, line 520]
Event: 24.090 Thread 0x00000212fa807150 Exception <a 'sun/nio/fs/WindowsException'{0x00000000d55ccb98}> (0x00000000d55ccb98) 
thrown [s\src\hotspot\share\prims\jni.cpp, line 520]
Event: 24.090 Thread 0x00000212fa807150 Exception <a 'sun/nio/fs/WindowsException'{0x00000000d55ced90}> (0x00000000d55ced90) 
thrown [s\src\hotspot\share\prims\jni.cpp, line 520]
Event: 24.104 Thread 0x00000212f908c7a0 Exception <a 'sun/nio/fs/WindowsException'{0x00000000d56c1c88}> (0x00000000d56c1c88) 
thrown [s\src\hotspot\share\prims\jni.cpp, line 520]
Event: 24.104 Thread 0x00000212f908c7a0 Exception <a 'sun/nio/fs/WindowsException'{0x00000000d56c22c0}> (0x00000000d56c22c0) 
thrown [s\src\hotspot\share\prims\jni.cpp, line 520]
Event: 24.104 Thread 0x00000212f9090fd0 Exception <a 'sun/nio/fs/WindowsException'{0x00000000d56c60c8}> (0x00000000d56c60c8) 
thrown [s\src\hotspot\share\prims\jni.cpp, line 520]
Event: 24.104 Thread 0x00000212f9090fd0 Exception <a 'sun/nio/fs/WindowsException'{0x00000000d56c6940}> (0x00000000d56c6940) 
thrown [s\src\hotspot\share\prims\jni.cpp, line 520]
Event: 24.145 Thread 0x00000212f9090fd0 Exception <a 'java/lang/NoSuchMethodError'{0x00000000d5613c18}: 'java.lang.Object java.lang.invoke.Invokers$Holder.linkToTargetMethod(java.lang.Object, java.lang.Object, int, int, java.lang.Object)'> (0x00000000d5613c18) 
thrown [s\src\hotspot\share\interpreter\linkResolver.cpp, line 773]
Event: 24.145 Thread 0x00000212f908c7a0 Exception <a 'java/lang/NoSuchMethodError'{0x00000000d560f3f0}: 'java.lang.Object java.lang.invoke.Invokers$Holder.linkToTargetMethod(java.lang.Object, java.lang.Object, int, int, java.lang.Object)'> (0x00000000d560f3f0) 
thrown [s\src\hotspot\share\interpreter\linkResolver.cpp, line 773]
Event: 24.161 Thread 0x00000212f908c7a0 Exception <a 'java/lang/NoSuchMethodError'{0x00000000d56ffd20}: method resolution failed> (0x00000000d56ffd20) 
thrown [s\src\hotspot\share\prims\methodHandles.cpp, line 1144]
Event: 24.161 Thread 0x00000212f9090fd0 Exception <a 'java/lang/NoSuchMethodError'{0x00000000d5701380}: method resolution failed> (0x00000000d5701380) 
thrown [s\src\hotspot\share\prims\methodHandles.cpp, line 1144]
Event: 24.506 Thread 0x00000212fa801570 Implicit null exception at 0x00000212a2bcfa62 to 0x00000212a2bd1dfc

ZGC Phase Switch (0 events):
No events

VM Operations (20 events):
Event: 24.372 Executing VM operation: ParallelGCFailedAllocation (Allocation Failure)
Event: 24.380 Executing VM operation: ParallelGCFailedAllocation (Allocation Failure) done
Event: 24.403 Executing VM operation: ParallelGCFailedAllocation (Allocation Failure)
Event: 24.410 Executing VM operation: ParallelGCFailedAllocation (Allocation Failure) done
Event: 24.451 Executing VM operation: ParallelGCFailedAllocation (Allocation Failure)
Event: 24.457 Executing VM operation: ParallelGCFailedAllocation (Allocation Failure) done
Event: 24.493 Executing VM operation: HandshakeAllThreads (Deoptimize)
Event: 24.493 Executing VM operation: HandshakeAllThreads (Deoptimize) done
Event: 24.515 Executing VM operation: ParallelGCFailedAllocation (Allocation Failure)
Event: 24.521 Executing VM operation: ParallelGCFailedAllocation (Allocation Failure) done
Event: 24.555 Executing VM operation: HandshakeAllThreads (Deoptimize)
Event: 24.555 Executing VM operation: HandshakeAllThreads (Deoptimize) done
Event: 24.819 Executing VM operation: HandshakeAllThreads (Deoptimize)
Event: 24.819 Executing VM operation: HandshakeAllThreads (Deoptimize) done
Event: 25.814 Executing VM operation: Cleanup
Event: 25.814 Executing VM operation: Cleanup done
Event: 31.726 Executing VM operation: ParallelGCFailedAllocation (Allocation Failure)
Event: 31.730 Executing VM operation: ParallelGCFailedAllocation (Allocation Failure) done
Event: 32.736 Executing VM operation: Cleanup
Event: 32.737 Executing VM operation: Cleanup done

Memory protections (0 events):
No events

Nmethod flushes (20 events):
Event: 8.423 Thread 0x00000212f08a0d70 flushing osr nmethod 0x000002129b546110
Event: 8.423 Thread 0x00000212f08a0d70 flushing  nmethod 0x000002129b54d610
Event: 8.423 Thread 0x00000212f08a0d70 flushing  nmethod 0x000002129b554890
Event: 8.423 Thread 0x00000212f08a0d70 flushing  nmethod 0x000002129b554c90
Event: 8.423 Thread 0x00000212f08a0d70 flushing  nmethod 0x000002129b558190
Event: 8.423 Thread 0x00000212f08a0d70 flushing  nmethod 0x000002129b558b10
Event: 8.423 Thread 0x00000212f08a0d70 flushing  nmethod 0x000002129b55b310
Event: 8.423 Thread 0x00000212f08a0d70 flushing  nmethod 0x000002129b56b190
Event: 8.423 Thread 0x00000212f08a0d70 flushing  nmethod 0x000002129b56d410
Event: 8.423 Thread 0x00000212f08a0d70 flushing  nmethod 0x000002129b56e810
Event: 8.423 Thread 0x00000212f08a0d70 flushing  nmethod 0x000002129b56ee10
Event: 8.423 Thread 0x00000212f08a0d70 flushing  nmethod 0x000002129b56f690
Event: 8.423 Thread 0x00000212f08a0d70 flushing  nmethod 0x000002129b570390
Event: 8.423 Thread 0x00000212f08a0d70 flushing  nmethod 0x000002129b573290
Event: 8.423 Thread 0x00000212f08a0d70 flushing  nmethod 0x000002129b587c90
Event: 8.423 Thread 0x00000212f08a0d70 flushing  nmethod 0x000002129b598890
Event: 8.423 Thread 0x00000212f08a0d70 flushing  nmethod 0x000002129b5c4e90
Event: 8.423 Thread 0x00000212f08a0d70 flushing  nmethod 0x000002129b608690
Event: 8.423 Thread 0x00000212f08a0d70 flushing  nmethod 0x000002129b609190
Event: 8.423 Thread 0x00000212f08a0d70 flushing  nmethod 0x000002129b61ca10

Events (20 events):
Event: 19.371 Thread 0x00000212f77ba3f0 Thread exited: 0x00000212f77ba3f0
Event: 22.297 Thread 0x00000212f0901f30 Thread added: 0x00000212fb741d50
Event: 22.328 Thread 0x00000212f0901f30 Thread added: 0x00000212fafb1370
Event: 23.720 Thread 0x00000212f6939af0 Thread added: 0x00000212f77baa80
Event: 23.904 Thread 0x00000212f77baa80 Thread added: 0x00000212f77c1380
Event: 23.905 Thread 0x00000212f6939460 Thread added: 0x00000212f77ba3f0
Event: 23.906 Thread 0x00000212f77c1380 Thread added: 0x00000212f77bc4c0
Event: 23.906 Thread 0x00000212f908ef00 Thread added: 0x00000212f77bd870
Event: 23.908 Thread 0x00000212f77bd870 Thread added: 0x00000212f77bcb50
Event: 23.911 Thread 0x00000212f77bcb50 Thread added: 0x00000212f77bd1e0
Event: 23.913 Thread 0x00000212f77bd1e0 Thread added: 0x00000212f77be590
Event: 23.918 Thread 0x00000212f77be590 Thread added: 0x00000212f77bec20
Event: 23.927 Thread 0x00000212f77ba3f0 Thread added: 0x00000212fa801570
Event: 23.940 Thread 0x00000212f908ef00 Thread added: 0x00000212fa807150
Event: 24.700 Thread 0x00000212fafb1370 Thread exited: 0x00000212fafb1370
Event: 24.979 Thread 0x00000212fb741d50 Thread exited: 0x00000212fb741d50
Event: 31.754 Thread 0x00000212f0901f30 Thread added: 0x00000212f86c6750
Event: 31.759 Thread 0x00000212f0901f30 Thread added: 0x00000212fa58e660
Event: 36.828 Thread 0x00000212fa58e660 Thread exited: 0x00000212fa58e660
Event: 41.804 Thread 0x00000212f86c6750 Thread exited: 0x00000212f86c6750


Dynamic libraries:
0x00007ff6333c0000 - 0x00007ff6333ce000 	c:\Users\10935\.vscode\extensions\redhat.java-1.45.0-win32-x64\jre\21.0.8-win32-x86_64\bin\java.exe
0x00007ff92cad0000 - 0x00007ff92cce7000 	C:\windows\SYSTEM32\ntdll.dll
0x00007ff92b690000 - 0x00007ff92b754000 	C:\windows\System32\KERNEL32.DLL
0x00007ff92a150000 - 0x00007ff92a522000 	C:\windows\System32\KERNELBASE.dll
0x00007ff929d60000 - 0x00007ff929e71000 	C:\windows\System32\ucrtbase.dll
0x00007ff922f60000 - 0x00007ff922f78000 	c:\Users\10935\.vscode\extensions\redhat.java-1.45.0-win32-x64\jre\21.0.8-win32-x86_64\bin\jli.dll
0x00007ff92a790000 - 0x00007ff92a941000 	C:\windows\System32\USER32.dll
0x00007ff929f20000 - 0x00007ff929f46000 	C:\windows\System32\win32u.dll
0x00007ff92b8e0000 - 0x00007ff92b909000 	C:\windows\System32\GDI32.dll
0x00007ff92a630000 - 0x00007ff92a753000 	C:\windows\System32\gdi32full.dll
0x00007ff929e80000 - 0x00007ff929f1a000 	C:\windows\System32\msvcp_win.dll
0x00007ff9015b0000 - 0x00007ff90184b000 	C:\windows\WinSxS\amd64_microsoft.windows.common-controls_6595b64144ccf1df_6.0.22621.5697_none_27154c497380d676\COMCTL32.dll
0x00007ff92bee0000 - 0x00007ff92bf87000 	C:\windows\System32\msvcrt.dll
0x00007ff8ffad0000 - 0x00007ff8ffaee000 	c:\Users\10935\.vscode\extensions\redhat.java-1.45.0-win32-x64\jre\21.0.8-win32-x86_64\bin\VCRUNTIME140.dll
0x00007ff92b5d0000 - 0x00007ff92b601000 	C:\windows\System32\IMM32.DLL
0x00000212958b0000 - 0x00000212958c6000 	C:\windows\System32\umppc20006.dll
0x0000021295900000 - 0x0000021295914000 	C:\windows\System32\CsXumd64_20006.dll
0x00007ff9092d0000 - 0x00007ff9092dc000 	c:\Users\10935\.vscode\extensions\redhat.java-1.45.0-win32-x64\jre\21.0.8-win32-x86_64\bin\vcruntime140_1.dll
0x00007ff8d42b0000 - 0x00007ff8d433d000 	c:\Users\10935\.vscode\extensions\redhat.java-1.45.0-win32-x64\jre\21.0.8-win32-x86_64\bin\msvcp140.dll
0x00007ff88ecb0000 - 0x00007ff88fa47000 	c:\Users\10935\.vscode\extensions\redhat.java-1.45.0-win32-x64\jre\21.0.8-win32-x86_64\bin\server\jvm.dll
0x00007ff92c940000 - 0x00007ff92c9f1000 	C:\windows\System32\ADVAPI32.dll
0x00007ff92aa80000 - 0x00007ff92ab28000 	C:\windows\System32\sechost.dll
0x00007ff929bc0000 - 0x00007ff929be8000 	C:\windows\System32\bcrypt.dll
0x00007ff92c410000 - 0x00007ff92c527000 	C:\windows\System32\RPCRT4.dll
0x00007ff92b910000 - 0x00007ff92b981000 	C:\windows\System32\WS2_32.dll
0x00007ff929a90000 - 0x00007ff929add000 	C:\windows\SYSTEM32\POWRPROF.dll
0x00007ff922dc0000 - 0x00007ff922df4000 	C:\windows\SYSTEM32\WINMM.dll
0x00007ff9208f0000 - 0x00007ff9208fa000 	C:\windows\SYSTEM32\VERSION.dll
0x00007ff929a70000 - 0x00007ff929a83000 	C:\windows\SYSTEM32\UMPDC.dll
0x00007ff928a80000 - 0x00007ff928a98000 	C:\windows\SYSTEM32\kernel.appcore.dll
0x00007ff907bc0000 - 0x00007ff907bca000 	c:\Users\10935\.vscode\extensions\redhat.java-1.45.0-win32-x64\jre\21.0.8-win32-x86_64\bin\jimage.dll
0x00007ff927130000 - 0x00007ff927363000 	C:\windows\SYSTEM32\DBGHELP.DLL
0x00007ff92c530000 - 0x00007ff92c8c2000 	C:\windows\System32\combase.dll
0x00007ff92bbe0000 - 0x00007ff92bcb8000 	C:\windows\System32\OLEAUT32.dll
0x00007ff900260000 - 0x00007ff900292000 	C:\windows\SYSTEM32\dbgcore.DLL
0x00007ff92a530000 - 0x00007ff92a5ab000 	C:\windows\System32\bcryptPrimitives.dll
0x00007ff9077c0000 - 0x00007ff9077cf000 	c:\Users\10935\.vscode\extensions\redhat.java-1.45.0-win32-x64\jre\21.0.8-win32-x86_64\bin\instrument.dll
0x00007ff8ff910000 - 0x00007ff8ff92f000 	c:\Users\10935\.vscode\extensions\redhat.java-1.45.0-win32-x64\jre\21.0.8-win32-x86_64\bin\java.dll
0x00007ff92ad20000 - 0x00007ff92b5c1000 	C:\windows\System32\SHELL32.dll
0x00007ff929f50000 - 0x00007ff92a08f000 	C:\windows\System32\wintypes.dll
0x00007ff9277a0000 - 0x00007ff9280ba000 	C:\windows\SYSTEM32\windows.storage.dll
0x00007ff92b760000 - 0x00007ff92b86b000 	C:\windows\System32\SHCORE.dll
0x00007ff92c8d0000 - 0x00007ff92c939000 	C:\windows\System32\shlwapi.dll
0x00007ff929af0000 - 0x00007ff929b1b000 	C:\windows\SYSTEM32\profapi.dll
0x00007ff8fab00000 - 0x00007ff8fab18000 	c:\Users\10935\.vscode\extensions\redhat.java-1.45.0-win32-x64\jre\21.0.8-win32-x86_64\bin\zip.dll
0x00007ff9075e0000 - 0x00007ff9075f0000 	C:\Users\10935\.vscode\extensions\redhat.java-1.45.0-win32-x64\jre\21.0.8-win32-x86_64\bin\net.dll
0x00007ff928aa0000 - 0x00007ff928bcc000 	C:\windows\SYSTEM32\WINHTTP.dll
0x00007ff929070000 - 0x00007ff9290d9000 	C:\windows\system32\mswsock.dll
0x00007ff8ffc50000 - 0x00007ff8ffc66000 	C:\Users\10935\.vscode\extensions\redhat.java-1.45.0-win32-x64\jre\21.0.8-win32-x86_64\bin\nio.dll
0x00007ff907110000 - 0x00007ff907120000 	c:\Users\10935\.vscode\extensions\redhat.java-1.45.0-win32-x64\jre\21.0.8-win32-x86_64\bin\verify.dll
0x00007ff8d7b60000 - 0x00007ff8d7ba4000 	C:\Users\10935\AppData\Roaming\Code\User\globalStorage\redhat.java\1.45.0\config_win\org.eclipse.equinox.launcher\org.eclipse.equinox.launcher.win32.win32.x86_64_1.2.1400.v20250801-0854\eclipse_11916.dll
0x00007ff92ba40000 - 0x00007ff92bbe0000 	C:\windows\System32\ole32.dll
0x00007ff929310000 - 0x00007ff92932b000 	C:\windows\SYSTEM32\CRYPTSP.dll
0x00007ff9289e0000 - 0x00007ff928a17000 	C:\windows\system32\rsaenh.dll
0x00007ff929110000 - 0x00007ff929138000 	C:\windows\SYSTEM32\USERENV.dll
0x00007ff9292f0000 - 0x00007ff9292fc000 	C:\windows\SYSTEM32\CRYPTBASE.dll
0x00007ff928310000 - 0x00007ff92833d000 	C:\windows\SYSTEM32\IPHLPAPI.DLL
0x00007ff92ca00000 - 0x00007ff92ca09000 	C:\windows\System32\NSI.dll
0x00007ff8d3d60000 - 0x00007ff8d3da9000 	C:\Users\10935\AppData\Local\Temp\jna-46738908\jna9763929043376024710.dll
0x00007ff92a760000 - 0x00007ff92a768000 	C:\windows\System32\PSAPI.DLL
0x00007ff925cb0000 - 0x00007ff925cc9000 	C:\windows\SYSTEM32\dhcpcsvc6.DLL
0x00007ff925c90000 - 0x00007ff925caf000 	C:\windows\SYSTEM32\dhcpcsvc.DLL
0x00007ff902a60000 - 0x00007ff902a6e000 	C:\Users\10935\.vscode\extensions\redhat.java-1.45.0-win32-x64\jre\21.0.8-win32-x86_64\bin\sunmscapi.dll
0x00007ff929bf0000 - 0x00007ff929d58000 	C:\windows\System32\CRYPT32.dll
0x00007ff929400000 - 0x00007ff92942d000 	C:\windows\SYSTEM32\ncrypt.dll
0x00007ff9293c0000 - 0x00007ff9293f7000 	C:\windows\SYSTEM32\NTASN1.dll
0x00007ff928340000 - 0x00007ff928438000 	C:\windows\SYSTEM32\DNSAPI.dll
0x00007ff924d00000 - 0x00007ff924d0a000 	C:\Windows\System32\rasadhlp.dll
0x00007ff925d50000 - 0x00007ff925dd4000 	C:\windows\System32\fwpuclnt.dll
0x00007ff9029a0000 - 0x00007ff9029a9000 	C:\Users\10935\.vscode\extensions\redhat.java-1.45.0-win32-x64\jre\21.0.8-win32-x86_64\bin\extnet.dll

JVMTI agents:
c:\Users\10935\.vscode\extensions\redhat.java-1.45.0-win32-x64\lombok\lombok-1.18.39-4050.jar path:c:\Users\10935\.vscode\extensions\redhat.java-1.45.0-win32-x64\jre\21.0.8-win32-x86_64\bin\instrument.dll, loaded, initialized, instrumentlib options:none

dbghelp: loaded successfully - version: 4.0.5 - missing functions: none
symbol engine: initialized successfully - sym options: 0x614 - pdb path: .;c:\Users\10935\.vscode\extensions\redhat.java-1.45.0-win32-x64\jre\21.0.8-win32-x86_64\bin;C:\windows\SYSTEM32;C:\windows\WinSxS\amd64_microsoft.windows.common-controls_6595b64144ccf1df_6.0.22621.5697_none_27154c497380d676;c:\Users\10935\.vscode\extensions\redhat.java-1.45.0-win32-x64\jre\21.0.8-win32-x86_64\bin\server;C:\Users\10935\AppData\Roaming\Code\User\globalStorage\redhat.java\1.45.0\config_win\org.eclipse.equinox.launcher\org.eclipse.equinox.launcher.win32.win32.x86_64_1.2.1400.v20250801-0854;C:\Users\10935\AppData\Local\Temp\jna-46738908

VM Arguments:
jvm_args: --add-modules=ALL-SYSTEM --add-opens=java.base/java.util=ALL-UNNAMED --add-opens=java.base/java.lang=ALL-UNNAMED --add-opens=java.base/sun.nio.fs=ALL-UNNAMED -Declipse.application=org.eclipse.jdt.ls.core.id1 -Dosgi.bundles.defaultStartLevel=4 -Declipse.product=org.eclipse.jdt.ls.core.product -Djava.import.generatesMetadataFilesAtProjectRoot=false -DDetectVMInstallationsJob.disabled=true -Dfile.encoding=utf8 -XX:+UseParallelGC -XX:GCTimeRatio=4 -XX:AdaptiveSizePolicyWeight=90 -Dsun.zip.disableMemoryMapping=true -Xmx2G -Xms100m -Xlog:disable -javaagent:c:\Users\10935\.vscode\extensions\redhat.java-1.45.0-win32-x64\lombok\lombok-1.18.39-4050.jar -XX:+HeapDumpOnOutOfMemoryError -XX:HeapDumpPath=c:\Users\10935\AppData\Roaming\Code\User\workspaceStorage\45f548e0b30d52b6814e104f887155be\redhat.java -Daether.dependencyCollector.impl=bf 
java_command: c:\Users\10935\.vscode\extensions\redhat.java-1.45.0-win32-x64\server\plugins\org.eclipse.equinox.launcher_1.7.0.v20250519-0528.jar -configuration c:\Users\10935\AppData\Roaming\Code\User\globalStorage\redhat.java\1.45.0\config_win -data c:\Users\10935\AppData\Roaming\Code\User\workspaceStorage\45f548e0b30d52b6814e104f887155be\redhat.java\jdt_ws --pipe=\\.\pipe\lsp-d2bda53532fa5b6a74dfe206213c954e-sock
java_class_path (initial): c:\Users\10935\.vscode\extensions\redhat.java-1.45.0-win32-x64\server\plugins\org.eclipse.equinox.launcher_1.7.0.v20250519-0528.jar
Launcher Type: SUN_STANDARD

[Global flags]
    uintx AdaptiveSizePolicyWeight                 = 90                                        {product} {command line}
     intx CICompilerCount                          = 4                                         {product} {ergonomic}
    uintx GCTimeRatio                              = 4                                         {product} {command line}
     bool HeapDumpOnOutOfMemoryError               = true                                   {manageable} {command line}
    ccstr HeapDumpPath                             = c:\Users\10935\AppData\Roaming\Code\User\workspaceStorage\45f548e0b30d52b6814e104f887155be\redhat.java         {manageable} {command line}
   size_t InitialHeapSize                          = 104857600                                 {product} {command line}
   size_t MaxHeapSize                              = 2147483648                                {product} {command line}
   size_t MaxNewSize                               = 715653120                                 {product} {ergonomic}
   size_t MinHeapDeltaBytes                        = 524288                                    {product} {ergonomic}
   size_t MinHeapSize                              = 104857600                                 {product} {command line}
   size_t NewSize                                  = 34603008                                  {product} {ergonomic}
    uintx NonNMethodCodeHeapSize                   = 5839372                                {pd product} {ergonomic}
    uintx NonProfiledCodeHeapSize                  = 122909434                              {pd product} {ergonomic}
   size_t OldSize                                  = 70254592                                  {product} {ergonomic}
    uintx ProfiledCodeHeapSize                     = 122909434                              {pd product} {ergonomic}
    uintx ReservedCodeCacheSize                    = 251658240                              {pd product} {ergonomic}
     bool SegmentedCodeCache                       = true                                      {product} {ergonomic}
   size_t SoftMaxHeapSize                          = 2147483648                             {manageable} {ergonomic}
     bool UseCompressedOops                        = true                           {product lp64_product} {ergonomic}
     bool UseLargePagesIndividualAllocation        = false                                  {pd product} {ergonomic}
     bool UseParallelGC                            = true                                      {product} {command line}

Logging:
Log output configuration:
 #0: stdout all=off uptime,level,tags foldmultilines=false
 #1: stderr all=off uptime,level,tags foldmultilines=false

Environment Variables:
JAVA_HOME=C:\Program Files\Java\jdk-1.8
PATH=C:\Program Files (x86)\Common Files\Oracle\Java\java8path;C:\Program Files (x86)\Common Files\Oracle\Java\javapath;D:\DevSuiteHome_1\jdk\jre\bin\classic;D:\DevSuiteHome_1\jdk\jre\bin;D:\DevSuiteHome_1\jdk\jre\bin\client;D:\DevSuiteHome_1\jlib;D:\DevSuiteHome_1\bin;D:\DevSuiteHome_1\jre\1.4.2\bin\client;D:\DevSuiteHome_1\jre\1.4.2\bin;C:\windows\system32;C:\windows;C:\windows\System32\Wbem;C:\windows\System32\WindowsPowerShell\v1.0\;C:\windows\System32\OpenSSH\;C:\Program Files\TortoiseSVN\bin;C:\Program Files\Java\jdk-1.8\bin;C:\apache-maven-3.9.11\bin;C:\Program Files\nodejs\;C:\Users\10935\AppData\Local\Microsoft\WindowsApps;C:\Users\10935\AppData\Local\Programs\Microsoft VS Code\bin;C:\Users\10935\AppData\Local\Programs\Git\cmd;C:\Users\10935\AppData\Roaming\npm;C:\Users\10935\AppData\Local\JetBrains\PyCharm 2025.1.3\bin;;C:\Users\10935\AppData\Local\Programs\cursor\resources\app\bin
USERNAME=10935
OS=Windows_NT
PROCESSOR_IDENTIFIER=Intel64 Family 6 Model 186 Stepping 3, GenuineIntel
TMP=C:\Users\10935\AppData\Local\Temp
TEMP=C:\Users\10935\AppData\Local\Temp




Periodic native trim disabled

---------------  S Y S T E M  ---------------

OS:
 Windows 11 , 64 bit Build 22621 (10.0.22621.5415)
OS uptime: 0 days 1:34 hours
Hyper-V role detected

CPU: total 12 (initial active 12) (6 cores per cpu, 2 threads per core) family 6 model 186 stepping 3 microcode 0x4128, cx8, cmov, fxsr, ht, mmx, 3dnowpref, sse, sse2, sse3, ssse3, sse4.1, sse4.2, popcnt, lzcnt, tsc, tscinvbit, avx, avx2, aes, erms, clmul, bmi1, bmi2, adx, sha, fma, vzeroupper, clflush, clflushopt, clwb, hv, serialize, rdtscp, rdpid, fsrm, f16c, cet_ibt, cet_ss
Processor Information for the first 12 processors :
  Max Mhz: 1300, Current Mhz: 1300, Mhz Limit: 1300

Memory: 4k page, system-wide physical 16016M (2980M free)
TotalPageFile size 17551M (AvailPageFile size 4M)
current process WorkingSet (physical memory assigned to process): 970M, peak: 1024M
current process commit charge ("private bytes"): 1052M, peak: 1113M

vm_info: OpenJDK 64-Bit Server VM (21.0.8+9-LTS) for windows-amd64 JRE (21.0.8+9-LTS), built on 2025-07-15T00:00:00Z by "admin" with MS VC++ 17.7 (VS2022)

END.
