#
# There is insufficient memory for the Java Runtime Environment to continue.
# Native memory allocation (malloc) failed to allocate 1048576 bytes. Error detail: AllocateHeap
# Possible reasons:
#   The system is out of physical RAM or swap space
#   This process is running with CompressedOops enabled, and the Java Heap may be blocking the growth of the native heap
# Possible solutions:
#   Reduce memory load on the system
#   Increase physical memory or swap space
#   Check if swap backing store is full
#   Decrease Java heap size (-Xmx/-Xms)
#   Decrease number of Java threads
#   Decrease Java thread stack sizes (-Xss)
#   Set larger code cache with -XX:ReservedCodeCacheSize=
#   JVM is running with Unscaled Compressed Oops mode in which the Java heap is
#     placed in the first 4GB address space. The Java Heap base address is the
#     maximum limit for the native heap growth. Please use -XX:HeapBaseMinAddress
#     to set the Java Heap base and to place the Java Heap above 4GB virtual address.
# This output file may be truncated or incomplete.
#
#  Out of Memory Error (allocation.cpp:44), pid=16556, tid=21732
#
# JRE version: OpenJDK Runtime Environment Temurin-21.0.8+9 (21.0.8+9) (build 21.0.8+9-LTS)
# Java VM: OpenJDK 64-Bit Server VM Temurin-21.0.8+9 (21.0.8+9-LTS, mixed mode, sharing, tiered, compressed oops, compressed class ptrs, parallel gc, windows-amd64)
# No core dump will be written. Minidumps are not enabled by default on client versions of Windows
#

---------------  S U M M A R Y ------------

Command Line: --add-modules=ALL-SYSTEM --add-opens=java.base/java.util=ALL-UNNAMED --add-opens=java.base/java.lang=ALL-UNNAMED --add-opens=java.base/sun.nio.fs=ALL-UNNAMED -Declipse.application=org.eclipse.jdt.ls.core.id1 -Dosgi.bundles.defaultStartLevel=4 -Declipse.product=org.eclipse.jdt.ls.core.product -Djava.import.generatesMetadataFilesAtProjectRoot=false -DDetectVMInstallationsJob.disabled=true -Dfile.encoding=utf8 -XX:+UseParallelGC -XX:GCTimeRatio=4 -XX:AdaptiveSizePolicyWeight=90 -Dsun.zip.disableMemoryMapping=true -Xmx2G -Xms100m -Xlog:disable -javaagent:c:\Users\10935\.vscode\extensions\redhat.java-1.46.0-win32-x64\lombok\lombok-1.18.39-4050.jar -XX:+HeapDumpOnOutOfMemoryError -XX:HeapDumpPath=c:\Users\10935\AppData\Roaming\Code\User\workspaceStorage\45f548e0b30d52b6814e104f887155be\redhat.java -Daether.dependencyCollector.impl=bf c:\Users\10935\.vscode\extensions\redhat.java-1.46.0-win32-x64\server\plugins\org.eclipse.equinox.launcher_1.7.0.v20250519-0528.jar -configuration c:\Users\10935\AppData\Roaming\Code\User\globalStorage\redhat.java\1.46.0\config_win -data c:\Users\10935\AppData\Roaming\Code\User\workspaceStorage\45f548e0b30d52b6814e104f887155be\redhat.java\jdt_ws --pipe=\\.\pipe\lsp-5d3fe0ce4a50f8bcc27672fcec626f76-sock

Host: 13th Gen Intel(R) Core(TM) i5-1334U, 12 cores, 15G,  Windows 11 , 64 bit Build 22621 (10.0.22621.5415)
Time: Wed Oct 15 19:06:58 2025 India Standard Time elapsed time: 699.786068 seconds (0d 0h 11m 39s)

---------------  T H R E A D  ---------------

Current thread (0x000001e73d7dd2a0):  JavaThread "Attach Listener" daemon [_thread_in_vm, id=21732, stack(0x0000006b00900000,0x0000006b00a00000) (1024K)]

Stack: [0x0000006b00900000,0x0000006b00a00000]
Native frames: (J=compiled Java code, j=interpreted, Vv=VM code, C=native code)
V  [jvm.dll+0x6d2449]
V  [jvm.dll+0x8ae341]
V  [jvm.dll+0x8b08be]
V  [jvm.dll+0x8b0fa3]
V  [jvm.dll+0x280c96]
V  [jvm.dll+0xc0347]
V  [jvm.dll+0x6d2cf9]
V  [jvm.dll+0x131116]
V  [jvm.dll+0x3f2d16]
V  [jvm.dll+0x857e6b]
V  [jvm.dll+0x6d0b0d]
C  [ucrtbase.dll+0x29333]
C  [KERNEL32.DLL+0x1259d]
C  [ntdll.dll+0x5af78]


---------------  P R O C E S S  ---------------

Threads class SMR info:
_java_thread_list=0x000001e7a0306120, length=46, elements={
0x000001e73d849c20, 0x000001e73d8fe850, 0x000001e73d7d9700, 0x000001e73d7dbd80,
0x000001e73d7dd2a0, 0x000001e73d7deba0, 0x000001e73d7e4950, 0x000001e73d7e77e0,
0x000001e73d7ea820, 0x000001e796648780, 0x000001e7968b5060, 0x000001e797caae30,
0x000001e79c2f1160, 0x000001e797bbda00, 0x000001e797c7b690, 0x000001e79c0ba3c0,
0x000001e79c540f30, 0x000001e79c997410, 0x000001e79c9959d0, 0x000001e79c998e50,
0x000001e79c996d80, 0x000001e79e950da0, 0x000001e79e950080, 0x000001e79e94f9f0,
0x000001e79e94d290, 0x000001e79e952e70, 0x000001e79e953b90, 0x000001e79e94ecd0,
0x000001e79e94d920, 0x000001e79e951430, 0x000001e79e94dfb0, 0x000001e79e9548b0,
0x000001e79e951ac0, 0x000001e79e94f360, 0x000001e79e953500, 0x000001e79e952150,
0x000001e79efbf350, 0x000001e79efc1420, 0x000001e79e066360, 0x000001e79e067080,
0x000001e79e065640, 0x000001e79e067710, 0x000001e79e067da0, 0x000001e79e064fb0,
0x000001e79e065cd0, 0x000001e79e068430
}

Java Threads: ( => current thread )
  0x000001e73d849c20 JavaThread "main"                              [_thread_blocked, id=15392, stack(0x0000006b00200000,0x0000006b00300000) (1024K)]
  0x000001e73d8fe850 JavaThread "Reference Handler"          daemon [_thread_blocked, id=17508, stack(0x0000006b00600000,0x0000006b00700000) (1024K)]
  0x000001e73d7d9700 JavaThread "Finalizer"                  daemon [_thread_blocked, id=17856, stack(0x0000006b00700000,0x0000006b00800000) (1024K)]
  0x000001e73d7dbd80 JavaThread "Signal Dispatcher"          daemon [_thread_blocked, id=20412, stack(0x0000006b00800000,0x0000006b00900000) (1024K)]
=>0x000001e73d7dd2a0 JavaThread "Attach Listener"            daemon [_thread_in_vm, id=21732, stack(0x0000006b00900000,0x0000006b00a00000) (1024K)]
  0x000001e73d7deba0 JavaThread "Service Thread"             daemon [_thread_blocked, id=5812, stack(0x0000006b00a00000,0x0000006b00b00000) (1024K)]
  0x000001e73d7e4950 JavaThread "Monitor Deflation Thread"   daemon [_thread_blocked, id=19936, stack(0x0000006b00b00000,0x0000006b00c00000) (1024K)]
  0x000001e73d7e77e0 JavaThread "C2 CompilerThread0"         daemon [_thread_blocked, id=21824, stack(0x0000006b00c00000,0x0000006b00d00000) (1024K)]
  0x000001e73d7ea820 JavaThread "C1 CompilerThread0"         daemon [_thread_blocked, id=12340, stack(0x0000006b00d00000,0x0000006b00e00000) (1024K)]
  0x000001e796648780 JavaThread "Common-Cleaner"             daemon [_thread_blocked, id=10700, stack(0x0000006b00e00000,0x0000006b00f00000) (1024K)]
  0x000001e7968b5060 JavaThread "Notification Thread"        daemon [_thread_blocked, id=18240, stack(0x0000006b01000000,0x0000006b01100000) (1024K)]
  0x000001e797caae30 JavaThread "Active Thread: Equinox Container: 2b9031a7-23e8-4c58-a2fa-27702d16acae"        [_thread_blocked, id=9856, stack(0x0000006b01800000,0x0000006b01900000) (1024K)]
  0x000001e79c2f1160 JavaThread "Refresh Thread: Equinox Container: 2b9031a7-23e8-4c58-a2fa-27702d16acae" daemon [_thread_blocked, id=5044, stack(0x0000006b01900000,0x0000006b01a00000) (1024K)]
  0x000001e797bbda00 JavaThread "Framework Event Dispatcher: Equinox Container: 2b9031a7-23e8-4c58-a2fa-27702d16acae" daemon [_thread_blocked, id=2604, stack(0x0000006b01b00000,0x0000006b01c00000) (1024K)]
  0x000001e797c7b690 JavaThread "Start Level: Equinox Container: 2b9031a7-23e8-4c58-a2fa-27702d16acae" daemon [_thread_blocked, id=21820, stack(0x0000006b01c00000,0x0000006b01d00000) (1024K)]
  0x000001e79c0ba3c0 JavaThread "Bundle File Closer"         daemon [_thread_blocked, id=12104, stack(0x0000006b01f00000,0x0000006b02000000) (1024K)]
  0x000001e79c540f30 JavaThread "SCR Component Actor"        daemon [_thread_blocked, id=22576, stack(0x0000006b01100000,0x0000006b01200000) (1024K)]
  0x000001e79c997410 JavaThread "Worker-JM"                         [_thread_blocked, id=23384, stack(0x0000006b02100000,0x0000006b02200000) (1024K)]
  0x000001e79c9959d0 JavaThread "JNA Cleaner"                daemon [_thread_blocked, id=8892, stack(0x0000006b02200000,0x0000006b02300000) (1024K)]
  0x000001e79c998e50 JavaThread "Java indexing"              daemon [_thread_blocked, id=20380, stack(0x0000006b02500000,0x0000006b02600000) (1024K)]
  0x000001e79c996d80 JavaThread "Thread-1"                   daemon [_thread_in_native, id=21672, stack(0x0000006b02a00000,0x0000006b02b00000) (1024K)]
  0x000001e79e950da0 JavaThread "Thread-2"                   daemon [_thread_in_native, id=10328, stack(0x0000006b02b00000,0x0000006b02c00000) (1024K)]
  0x000001e79e950080 JavaThread "Thread-3"                   daemon [_thread_in_native, id=17852, stack(0x0000006b02c00000,0x0000006b02d00000) (1024K)]
  0x000001e79e94f9f0 JavaThread "Thread-4"                   daemon [_thread_in_native, id=18920, stack(0x0000006b02d00000,0x0000006b02e00000) (1024K)]
  0x000001e79e94d290 JavaThread "Thread-5"                   daemon [_thread_in_native, id=15536, stack(0x0000006b02e00000,0x0000006b02f00000) (1024K)]
  0x000001e79e952e70 JavaThread "Thread-6"                   daemon [_thread_in_native, id=20176, stack(0x0000006b02f00000,0x0000006b03000000) (1024K)]
  0x000001e79e953b90 JavaThread "Thread-7"                   daemon [_thread_in_native, id=13924, stack(0x0000006b03000000,0x0000006b03100000) (1024K)]
  0x000001e79e94ecd0 JavaThread "Thread-8"                   daemon [_thread_in_native, id=13240, stack(0x0000006b03100000,0x0000006b03200000) (1024K)]
  0x000001e79e94d920 JavaThread "Thread-9"                   daemon [_thread_in_native, id=22700, stack(0x0000006b03200000,0x0000006b03300000) (1024K)]
  0x000001e79e951430 JavaThread "Thread-10"                  daemon [_thread_in_native, id=1868, stack(0x0000006b03300000,0x0000006b03400000) (1024K)]
  0x000001e79e94dfb0 JavaThread "Thread-11"                  daemon [_thread_in_native, id=19124, stack(0x0000006b03400000,0x0000006b03500000) (1024K)]
  0x000001e79e9548b0 JavaThread "Thread-12"                  daemon [_thread_in_native, id=5292, stack(0x0000006b03500000,0x0000006b03600000) (1024K)]
  0x000001e79e951ac0 JavaThread "Thread-13"                  daemon [_thread_in_native, id=15664, stack(0x0000006b03600000,0x0000006b03700000) (1024K)]
  0x000001e79e94f360 JavaThread "pool-2-thread-1"                   [_thread_blocked, id=23136, stack(0x0000006b03700000,0x0000006b03800000) (1024K)]
  0x000001e79e953500 JavaThread "WorkspaceEventsHandler"            [_thread_blocked, id=13248, stack(0x0000006b03900000,0x0000006b03a00000) (1024K)]
  0x000001e79e952150 JavaThread "pool-1-thread-1"                   [_thread_blocked, id=15036, stack(0x0000006b03a00000,0x0000006b03b00000) (1024K)]
  0x000001e79efbf350 JavaThread "ForkJoinPool.commonPool-worker-4" daemon [_thread_blocked, id=22088, stack(0x0000006b03f00000,0x0000006b04000000) (1024K)]
  0x000001e79efc1420 JavaThread "Cleaner-0"                  daemon [_thread_blocked, id=464, stack(0x0000006b02000000,0x0000006b02100000) (1024K)]
  0x000001e79e066360 JavaThread "Java Debug Server"          daemon [_thread_in_native, id=20192, stack(0x0000006b04700000,0x0000006b04800000) (1024K)]
  0x000001e79e067080 JavaThread "pool-5-thread-1"                   [_thread_in_native, id=7140, stack(0x0000006b06a00000,0x0000006b06b00000) (1024K)]
  0x000001e79e065640 JavaThread "RxSchedulerPurge-1"         daemon [_thread_blocked, id=10424, stack(0x0000006b06b00000,0x0000006b06c00000) (1024K)]
  0x000001e79e067710 JavaThread "RxCachedWorkerPoolEvictor-1" daemon [_thread_blocked, id=15060, stack(0x0000006b06c00000,0x0000006b06d00000) (1024K)]
  0x000001e79e067da0 JavaThread "RxNewThreadScheduler-1"     daemon [_thread_blocked, id=22240, stack(0x0000006b06d00000,0x0000006b06e00000) (1024K)]
  0x000001e79e064fb0 JavaThread "process reaper (pid 17892)" daemon [_thread_in_native, id=12648, stack(0x0000006b05d00000,0x0000006b05d20000) (128K)]
  0x000001e79e065cd0 JavaThread "Worker-5"                          [_thread_blocked, id=23288, stack(0x0000006b00000000,0x0000006b00100000) (1024K)]
  0x000001e79e068430 JavaThread "Worker-6"                          [_thread_blocked, id=21364, stack(0x0000006b00f00000,0x0000006b01000000) (1024K)]
Total: 46

Other Threads:
  0x000001e73d8ea9c0 VMThread "VM Thread"                           [id=4176, stack(0x0000006b00500000,0x0000006b00600000) (1024K)]
  0x000001e73d6ccc50 WatcherThread "VM Periodic Task Thread"        [id=1916, stack(0x0000006b00400000,0x0000006b00500000) (1024K)]
  0x000001e73d866ee0 WorkerThread "GC Thread#0"                     [id=19360, stack(0x0000006b00300000,0x0000006b00400000) (1024K)]
  0x000001e797cd70e0 WorkerThread "GC Thread#1"                     [id=3292, stack(0x0000006b01200000,0x0000006b01300000) (1024K)]
  0x000001e797cd7a90 WorkerThread "GC Thread#2"                     [id=812, stack(0x0000006b01300000,0x0000006b01400000) (1024K)]
  0x000001e797d1e010 WorkerThread "GC Thread#3"                     [id=11656, stack(0x0000006b01400000,0x0000006b01500000) (1024K)]
  0x000001e797d1e3b0 WorkerThread "GC Thread#4"                     [id=9956, stack(0x0000006b01500000,0x0000006b01600000) (1024K)]
  0x000001e797d1e750 WorkerThread "GC Thread#5"                     [id=19732, stack(0x0000006b01600000,0x0000006b01700000) (1024K)]
  0x000001e797d1eaf0 WorkerThread "GC Thread#6"                     [id=12632, stack(0x0000006b01700000,0x0000006b01800000) (1024K)]
  0x000001e797a6ffd0 WorkerThread "GC Thread#7"                     [id=12196, stack(0x0000006b01a00000,0x0000006b01b00000) (1024K)]
  0x000001e79c185520 WorkerThread "GC Thread#8"                     [id=13916, stack(0x0000006b01d00000,0x0000006b01e00000) (1024K)]
  0x000001e79c1858c0 WorkerThread "GC Thread#9"                     [id=19564, stack(0x0000006b01e00000,0x0000006b01f00000) (1024K)]
Total: 12

Threads with active compile tasks:
Total: 0

VM state: not at safepoint (normal execution)

VM Mutex/Monitor currently owned by a thread: None

Heap address: 0x0000000080000000, size: 2048 MB, Compressed Oops mode: 32-bit

CDS archive(s) mapped at: [0x000001e755000000-0x000001e755ba0000-0x000001e755ba0000), size 12189696, SharedBaseAddress: 0x000001e755000000, ArchiveRelocationMode: 1.
Compressed class space mapped at: 0x000001e756000000-0x000001e796000000, reserved size: 1073741824
Narrow klass base: 0x000001e755000000, Narrow klass shift: 0, Narrow klass range: 0x100000000

GC Precious Log:
 CardTable entry size: 512
 CPUs: 12 total, 12 available
 Memory: 16016M
 Large Page Support: Disabled
 NUMA Support: Disabled
 Compressed Oops: Enabled (32-bit)
 Alignments: Space 512K, Generation 512K, Heap 2M
 Heap Min Capacity: 100M
 Heap Initial Capacity: 100M
 Heap Max Capacity: 2G
 Pre-touch: Disabled
 Parallel Workers: 10

Heap:
 PSYoungGen      total 6656K, used 2450K [0x00000000d5580000, 0x00000000d5d80000, 0x0000000100000000)
  eden space 6144K, 32% used [0x00000000d5580000,0x00000000d576cab0,0x00000000d5b80000)
  from space 512K, 93% used [0x00000000d5d00000,0x00000000d5d78000,0x00000000d5d80000)
  to   space 512K, 0% used [0x00000000d5c80000,0x00000000d5c80000,0x00000000d5d00000)
 ParOldGen       total 298496K, used 298471K [0x0000000080000000, 0x0000000092380000, 0x00000000d5580000)
  object space 298496K, 99% used [0x0000000080000000,0x0000000092379f80,0x0000000092380000)
 Metaspace       used 78904K, committed 80704K, reserved 1179648K
  class space    used 8377K, committed 9216K, reserved 1048576K

Card table byte_map: [0x000001e73d1e0000,0x000001e73d5f0000] _byte_map_base: 0x000001e73cde0000

Marking Bits: (ParMarkBitMap*) 0x00007ffbf2d1a340
 Begin Bits: [0x000001e74fce0000, 0x000001e751ce0000)
 End Bits:   [0x000001e751ce0000, 0x000001e753ce0000)

Polling page: 0x000001e73b5c0000

Metaspace:

Usage:
  Non-class:     68.87 MB used.
      Class:      8.18 MB used.
       Both:     77.06 MB used.

Virtual space:
  Non-class space:      128.00 MB reserved,      69.81 MB ( 55%) committed,  2 nodes.
      Class space:        1.00 GB reserved,       9.00 MB ( <1%) committed,  1 nodes.
             Both:        1.12 GB reserved,      78.81 MB (  7%) committed. 

Chunk freelists:
   Non-Class:  9.80 MB
       Class:  6.89 MB
        Both:  16.69 MB

MaxMetaspaceSize: unlimited
CompressedClassSpaceSize: 1.00 GB
Initial GC threshold: 21.00 MB
Current GC threshold: 97.31 MB
CDS: on
 - commit_granule_bytes: 65536.
 - commit_granule_words: 8192.
 - virtual_space_node_default_size: 8388608.
 - enlarge_chunks_in_place: 1.
 - use_allocation_guard: 0.


Internal statistics:

num_allocs_failed_limit: 9.
num_arena_births: 1584.
num_arena_deaths: 22.
num_vsnodes_births: 3.
num_vsnodes_deaths: 0.
num_space_committed: 1261.
num_space_uncommitted: 0.
num_chunks_returned_to_freelist: 35.
num_chunks_taken_from_freelist: 5217.
num_chunk_merges: 16.
num_chunk_splits: 3209.
num_chunks_enlarged: 1797.
num_inconsistent_stats: 0.

CodeHeap 'non-profiled nmethods': size=120000Kb used=11094Kb max_used=11094Kb free=108905Kb
 bounds [0x000001e748500000, 0x000001e748fe0000, 0x000001e74fa30000]
CodeHeap 'profiled nmethods': size=120000Kb used=32728Kb max_used=32728Kb free=87271Kb
 bounds [0x000001e740a30000, 0x000001e742a30000, 0x000001e747f60000]
CodeHeap 'non-nmethods': size=5760Kb used=1513Kb max_used=1583Kb free=4246Kb
 bounds [0x000001e747f60000, 0x000001e7481d0000, 0x000001e748500000]
CodeCache: size=245760Kb, used=45335Kb, max_used=45405Kb, free=200422Kb
 total_blobs=14387, nmethods=13549, adapters=741, full_count=0
Compilation: enabled, stopped_count=0, restarted_count=0

Compilation events (20 events):
Event: 655.936 Thread 0x000001e73d7e77e0 14338       4       java.util.concurrent.ConcurrentHashMap$Traverser::<init> (36 bytes)
Event: 655.938 Thread 0x000001e73d7e77e0 nmethod 14338 0x000001e748fd3810 code [0x000001e748fd39a0, 0x000001e748fd3a58]
Event: 657.928 Thread 0x000001e73d7e77e0 14339       4       java.util.concurrent.TimeUnit::toNanos (45 bytes)
Event: 657.929 Thread 0x000001e73d7e77e0 nmethod 14339 0x000001e748fd3b10 code [0x000001e748fd3ca0, 0x000001e748fd3d98]
Event: 664.928 Thread 0x000001e73d7e77e0 14340       4       java.util.concurrent.ConcurrentHashMap$BaseIterator::<init> (21 bytes)
Event: 664.933 Thread 0x000001e73d7e77e0 nmethod 14340 0x000001e748fd3e90 code [0x000001e748fd4020, 0x000001e748fd4240]
Event: 694.266 Thread 0x000001e73d7e77e0 14341       4       java.util.concurrent.locks.AbstractQueuedSynchronizer$Node::setPrevRelaxed (12 bytes)
Event: 694.266 Thread 0x000001e73d7e77e0 nmethod 14341 0x000001e748fd4410 code [0x000001e748fd45a0, 0x000001e748fd4648]
Event: 694.269 Thread 0x000001e73d7e77e0 14342       4       org.eclipse.core.internal.filesystem.FileStoreUtil::compareSlashFirst (108 bytes)
Event: 694.273 Thread 0x000001e73d7ea820 14343       3       org.eclipse.core.internal.localstore.FileSystemResourceManager::locationURIFor (16 bytes)
Event: 694.274 Thread 0x000001e73d7ea820 nmethod 14343 0x000001e742a24610 code [0x000001e742a247e0, 0x000001e742a24a58]
Event: 694.291 Thread 0x000001e73d7e77e0 nmethod 14342 0x000001e748fd4710 code [0x000001e748fd48c0, 0x000001e748fd4f30]
Event: 694.292 Thread 0x000001e73d7e77e0 14344       4       java.lang.AbstractStringBuilder::charAt (36 bytes)
Event: 694.293 Thread 0x000001e73d7e77e0 nmethod 14344 0x000001e748fd5210 code [0x000001e748fd53a0, 0x000001e748fd54e8]
Event: 695.007 Thread 0x000001e73d7ea820 14345       1       org.eclipse.core.internal.localstore.FileSystemResourceManager::getWorkspace (5 bytes)
Event: 695.007 Thread 0x000001e73d7ea820 nmethod 14345 0x000001e748fd5610 code [0x000001e748fd57a0, 0x000001e748fd5868]
Event: 695.007 Thread 0x000001e73d7ea820 14346  s    3       org.eclipse.core.internal.watson.ElementTree::getChildren (10 bytes)
Event: 695.007 Thread 0x000001e73d7ea820 nmethod 14346 0x000001e742a24b90 code [0x000001e742a24d80, 0x000001e742a251e8]
Event: 695.007 Thread 0x000001e73d7ea820 14347   !   3       org.eclipse.core.internal.watson.ElementTree::getChildIDs (65 bytes)
Event: 695.008 Thread 0x000001e73d7ea820 nmethod 14347 0x000001e742a25410 code [0x000001e742a25660, 0x000001e742a25f10]

GC Heap History (20 events):
Event: 39.373 GC heap before
{Heap before GC invocations=250 (full 3):
 PSYoungGen      total 7168K, used 7168K [0x00000000d5580000, 0x00000000d5f00000, 0x0000000100000000)
  eden space 6144K, 100% used [0x00000000d5580000,0x00000000d5b80000,0x00000000d5b80000)
  from space 1024K, 100% used [0x00000000d5e00000,0x00000000d5f00000,0x00000000d5f00000)
  to   space 1536K, 0% used [0x00000000d5c00000,0x00000000d5c00000,0x00000000d5d80000)
 ParOldGen       total 295936K, used 295862K [0x0000000080000000, 0x0000000092100000, 0x00000000d5580000)
  object space 295936K, 99% used [0x0000000080000000,0x00000000920ed9c8,0x0000000092100000)
 Metaspace       used 74473K, committed 76160K, reserved 1179648K
  class space    used 7814K, committed 8576K, reserved 1048576K
}
Event: 39.374 GC heap after
{Heap after GC invocations=250 (full 3):
 PSYoungGen      total 7680K, used 640K [0x00000000d5580000, 0x00000000d5e80000, 0x0000000100000000)
  eden space 6144K, 0% used [0x00000000d5580000,0x00000000d5580000,0x00000000d5b80000)
  from space 1536K, 41% used [0x00000000d5c00000,0x00000000d5ca0000,0x00000000d5d80000)
  to   space 1024K, 0% used [0x00000000d5d80000,0x00000000d5d80000,0x00000000d5e80000)
 ParOldGen       total 296448K, used 296254K [0x0000000080000000, 0x0000000092180000, 0x00000000d5580000)
  object space 296448K, 99% used [0x0000000080000000,0x000000009214f9c8,0x0000000092180000)
 Metaspace       used 74473K, committed 76160K, reserved 1179648K
  class space    used 7814K, committed 8576K, reserved 1048576K
}
Event: 39.407 GC heap before
{Heap before GC invocations=251 (full 3):
 PSYoungGen      total 7680K, used 6784K [0x00000000d5580000, 0x00000000d5e80000, 0x0000000100000000)
  eden space 6144K, 100% used [0x00000000d5580000,0x00000000d5b80000,0x00000000d5b80000)
  from space 1536K, 41% used [0x00000000d5c00000,0x00000000d5ca0000,0x00000000d5d80000)
  to   space 1024K, 0% used [0x00000000d5d80000,0x00000000d5d80000,0x00000000d5e80000)
 ParOldGen       total 296448K, used 296254K [0x0000000080000000, 0x0000000092180000, 0x00000000d5580000)
  object space 296448K, 99% used [0x0000000080000000,0x000000009214f9c8,0x0000000092180000)
 Metaspace       used 74511K, committed 76160K, reserved 1179648K
  class space    used 7814K, committed 8576K, reserved 1048576K
}
Event: 39.408 GC heap after
{Heap after GC invocations=251 (full 3):
 PSYoungGen      total 7168K, used 624K [0x00000000d5580000, 0x00000000d5e80000, 0x0000000100000000)
  eden space 6144K, 0% used [0x00000000d5580000,0x00000000d5580000,0x00000000d5b80000)
  from space 1024K, 60% used [0x00000000d5d80000,0x00000000d5e1c010,0x00000000d5e80000)
  to   space 1024K, 0% used [0x00000000d5c80000,0x00000000d5c80000,0x00000000d5d80000)
 ParOldGen       total 296960K, used 296486K [0x0000000080000000, 0x0000000092200000, 0x00000000d5580000)
  object space 296960K, 99% used [0x0000000080000000,0x00000000921899c8,0x0000000092200000)
 Metaspace       used 74511K, committed 76160K, reserved 1179648K
  class space    used 7814K, committed 8576K, reserved 1048576K
}
Event: 39.494 GC heap before
{Heap before GC invocations=252 (full 3):
 PSYoungGen      total 7168K, used 6768K [0x00000000d5580000, 0x00000000d5e80000, 0x0000000100000000)
  eden space 6144K, 100% used [0x00000000d5580000,0x00000000d5b80000,0x00000000d5b80000)
  from space 1024K, 60% used [0x00000000d5d80000,0x00000000d5e1c010,0x00000000d5e80000)
  to   space 1024K, 0% used [0x00000000d5c80000,0x00000000d5c80000,0x00000000d5d80000)
 ParOldGen       total 296960K, used 296486K [0x0000000080000000, 0x0000000092200000, 0x00000000d5580000)
  object space 296960K, 99% used [0x0000000080000000,0x00000000921899c8,0x0000000092200000)
 Metaspace       used 74622K, committed 76352K, reserved 1179648K
  class space    used 7825K, committed 8640K, reserved 1048576K
}
Event: 39.496 GC heap after
{Heap after GC invocations=252 (full 3):
 PSYoungGen      total 7168K, used 384K [0x00000000d5580000, 0x00000000d5e00000, 0x0000000100000000)
  eden space 6144K, 0% used [0x00000000d5580000,0x00000000d5580000,0x00000000d5b80000)
  from space 1024K, 37% used [0x00000000d5c80000,0x00000000d5ce0000,0x00000000d5d80000)
  to   space 512K, 0% used [0x00000000d5d80000,0x00000000d5d80000,0x00000000d5e00000)
 ParOldGen       total 296960K, used 296806K [0x0000000080000000, 0x0000000092200000, 0x00000000d5580000)
  object space 296960K, 99% used [0x0000000080000000,0x00000000921d99c8,0x0000000092200000)
 Metaspace       used 74622K, committed 76352K, reserved 1179648K
  class space    used 7825K, committed 8640K, reserved 1048576K
}
Event: 39.590 GC heap before
{Heap before GC invocations=253 (full 3):
 PSYoungGen      total 7168K, used 6528K [0x00000000d5580000, 0x00000000d5e00000, 0x0000000100000000)
  eden space 6144K, 100% used [0x00000000d5580000,0x00000000d5b80000,0x00000000d5b80000)
  from space 1024K, 37% used [0x00000000d5c80000,0x00000000d5ce0000,0x00000000d5d80000)
  to   space 512K, 0% used [0x00000000d5d80000,0x00000000d5d80000,0x00000000d5e00000)
 ParOldGen       total 296960K, used 296806K [0x0000000080000000, 0x0000000092200000, 0x00000000d5580000)
  object space 296960K, 99% used [0x0000000080000000,0x00000000921d99c8,0x0000000092200000)
 Metaspace       used 74968K, committed 76672K, reserved 1179648K
  class space    used 7874K, committed 8640K, reserved 1048576K
}
Event: 39.591 GC heap after
{Heap after GC invocations=253 (full 3):
 PSYoungGen      total 6656K, used 494K [0x00000000d5580000, 0x00000000d5e00000, 0x0000000100000000)
  eden space 6144K, 0% used [0x00000000d5580000,0x00000000d5580000,0x00000000d5b80000)
  from space 512K, 96% used [0x00000000d5d80000,0x00000000d5dfbbf8,0x00000000d5e00000)
  to   space 1024K, 0% used [0x00000000d5c00000,0x00000000d5c00000,0x00000000d5d00000)
 ParOldGen       total 297472K, used 297154K [0x0000000080000000, 0x0000000092280000, 0x00000000d5580000)
  object space 297472K, 99% used [0x0000000080000000,0x0000000092230868,0x0000000092280000)
 Metaspace       used 74968K, committed 76672K, reserved 1179648K
  class space    used 7874K, committed 8640K, reserved 1048576K
}
Event: 39.688 GC heap before
{Heap before GC invocations=254 (full 3):
 PSYoungGen      total 6656K, used 6638K [0x00000000d5580000, 0x00000000d5e00000, 0x0000000100000000)
  eden space 6144K, 100% used [0x00000000d5580000,0x00000000d5b80000,0x00000000d5b80000)
  from space 512K, 96% used [0x00000000d5d80000,0x00000000d5dfbbf8,0x00000000d5e00000)
  to   space 1024K, 0% used [0x00000000d5c00000,0x00000000d5c00000,0x00000000d5d00000)
 ParOldGen       total 297472K, used 297154K [0x0000000080000000, 0x0000000092280000, 0x00000000d5580000)
  object space 297472K, 99% used [0x0000000080000000,0x0000000092230868,0x0000000092280000)
 Metaspace       used 75477K, committed 77184K, reserved 1179648K
  class space    used 7918K, committed 8704K, reserved 1048576K
}
Event: 39.690 GC heap after
{Heap after GC invocations=254 (full 3):
 PSYoungGen      total 7168K, used 384K [0x00000000d5580000, 0x00000000d5e00000, 0x0000000100000000)
  eden space 6144K, 0% used [0x00000000d5580000,0x00000000d5580000,0x00000000d5b80000)
  from space 1024K, 37% used [0x00000000d5c00000,0x00000000d5c60000,0x00000000d5d00000)
  to   space 1024K, 0% used [0x00000000d5d00000,0x00000000d5d00000,0x00000000d5e00000)
 ParOldGen       total 297984K, used 297648K [0x0000000080000000, 0x0000000092300000, 0x00000000d5580000)
  object space 297984K, 99% used [0x0000000080000000,0x00000000922ac348,0x0000000092300000)
 Metaspace       used 75477K, committed 77184K, reserved 1179648K
  class space    used 7918K, committed 8704K, reserved 1048576K
}
Event: 39.857 GC heap before
{Heap before GC invocations=255 (full 3):
 PSYoungGen      total 7168K, used 6374K [0x00000000d5580000, 0x00000000d5e00000, 0x0000000100000000)
  eden space 6144K, 97% used [0x00000000d5580000,0x00000000d5b599a0,0x00000000d5b80000)
  from space 1024K, 37% used [0x00000000d5c00000,0x00000000d5c60000,0x00000000d5d00000)
  to   space 1024K, 0% used [0x00000000d5d00000,0x00000000d5d00000,0x00000000d5e00000)
 ParOldGen       total 297984K, used 297648K [0x0000000080000000, 0x0000000092300000, 0x00000000d5580000)
  object space 297984K, 99% used [0x0000000080000000,0x00000000922ac348,0x0000000092300000)
 Metaspace       used 76040K, committed 77760K, reserved 1179648K
  class space    used 7976K, committed 8768K, reserved 1048576K
}
Event: 39.858 GC heap after
{Heap after GC invocations=255 (full 3):
 PSYoungGen      total 7168K, used 786K [0x00000000d5580000, 0x00000000d5e00000, 0x0000000100000000)
  eden space 6144K, 0% used [0x00000000d5580000,0x00000000d5580000,0x00000000d5b80000)
  from space 1024K, 76% used [0x00000000d5d00000,0x00000000d5dc48d0,0x00000000d5e00000)
  to   space 1024K, 0% used [0x00000000d5c00000,0x00000000d5c00000,0x00000000d5d00000)
 ParOldGen       total 297984K, used 297816K [0x0000000080000000, 0x0000000092300000, 0x00000000d5580000)
  object space 297984K, 99% used [0x0000000080000000,0x00000000922d6358,0x0000000092300000)
 Metaspace       used 76040K, committed 77760K, reserved 1179648K
  class space    used 7976K, committed 8768K, reserved 1048576K
}
Event: 39.903 GC heap before
{Heap before GC invocations=256 (full 3):
 PSYoungGen      total 7168K, used 6890K [0x00000000d5580000, 0x00000000d5e00000, 0x0000000100000000)
  eden space 6144K, 99% used [0x00000000d5580000,0x00000000d5b76028,0x00000000d5b80000)
  from space 1024K, 76% used [0x00000000d5d00000,0x00000000d5dc48d0,0x00000000d5e00000)
  to   space 1024K, 0% used [0x00000000d5c00000,0x00000000d5c00000,0x00000000d5d00000)
 ParOldGen       total 297984K, used 297816K [0x0000000080000000, 0x0000000092300000, 0x00000000d5580000)
  object space 297984K, 99% used [0x0000000080000000,0x00000000922d6358,0x0000000092300000)
 Metaspace       used 76824K, committed 78592K, reserved 1179648K
  class space    used 8069K, committed 8896K, reserved 1048576K
}
Event: 39.904 GC heap after
{Heap after GC invocations=256 (full 3):
 PSYoungGen      total 7168K, used 224K [0x00000000d5580000, 0x00000000d5d80000, 0x0000000100000000)
  eden space 6144K, 0% used [0x00000000d5580000,0x00000000d5580000,0x00000000d5b80000)
  from space 1024K, 21% used [0x00000000d5c00000,0x00000000d5c38000,0x00000000d5d00000)
  to   space 512K, 0% used [0x00000000d5d00000,0x00000000d5d00000,0x00000000d5d80000)
 ParOldGen       total 298496K, used 298063K [0x0000000080000000, 0x0000000092380000, 0x00000000d5580000)
  object space 298496K, 99% used [0x0000000080000000,0x0000000092313f40,0x0000000092380000)
 Metaspace       used 76824K, committed 78592K, reserved 1179648K
  class space    used 8069K, committed 8896K, reserved 1048576K
}
Event: 39.957 GC heap before
{Heap before GC invocations=257 (full 3):
 PSYoungGen      total 7168K, used 6368K [0x00000000d5580000, 0x00000000d5d80000, 0x0000000100000000)
  eden space 6144K, 100% used [0x00000000d5580000,0x00000000d5b80000,0x00000000d5b80000)
  from space 1024K, 21% used [0x00000000d5c00000,0x00000000d5c38000,0x00000000d5d00000)
  to   space 512K, 0% used [0x00000000d5d00000,0x00000000d5d00000,0x00000000d5d80000)
 ParOldGen       total 298496K, used 298063K [0x0000000080000000, 0x0000000092380000, 0x00000000d5580000)
  object space 298496K, 99% used [0x0000000080000000,0x0000000092313f40,0x0000000092380000)
 Metaspace       used 77413K, committed 79232K, reserved 1179648K
  class space    used 8185K, committed 9024K, reserved 1048576K
}
Event: 39.959 GC heap after
{Heap after GC invocations=257 (full 3):
 PSYoungGen      total 6656K, used 288K [0x00000000d5580000, 0x00000000d5d80000, 0x0000000100000000)
  eden space 6144K, 0% used [0x00000000d5580000,0x00000000d5580000,0x00000000d5b80000)
  from space 512K, 56% used [0x00000000d5d00000,0x00000000d5d48000,0x00000000d5d80000)
  to   space 512K, 0% used [0x00000000d5c80000,0x00000000d5c80000,0x00000000d5d00000)
 ParOldGen       total 298496K, used 298143K [0x0000000080000000, 0x0000000092380000, 0x00000000d5580000)
  object space 298496K, 99% used [0x0000000080000000,0x0000000092327f40,0x0000000092380000)
 Metaspace       used 77413K, committed 79232K, reserved 1179648K
  class space    used 8185K, committed 9024K, reserved 1048576K
}
Event: 39.999 GC heap before
{Heap before GC invocations=258 (full 3):
 PSYoungGen      total 6656K, used 6432K [0x00000000d5580000, 0x00000000d5d80000, 0x0000000100000000)
  eden space 6144K, 100% used [0x00000000d5580000,0x00000000d5b80000,0x00000000d5b80000)
  from space 512K, 56% used [0x00000000d5d00000,0x00000000d5d48000,0x00000000d5d80000)
  to   space 512K, 0% used [0x00000000d5c80000,0x00000000d5c80000,0x00000000d5d00000)
 ParOldGen       total 298496K, used 298143K [0x0000000080000000, 0x0000000092380000, 0x00000000d5580000)
  object space 298496K, 99% used [0x0000000080000000,0x0000000092327f40,0x0000000092380000)
 Metaspace       used 78119K, committed 79936K, reserved 1179648K
  class space    used 8289K, committed 9152K, reserved 1048576K
}
Event: 40.000 GC heap after
{Heap after GC invocations=258 (full 3):
 PSYoungGen      total 6656K, used 352K [0x00000000d5580000, 0x00000000d5d80000, 0x0000000100000000)
  eden space 6144K, 0% used [0x00000000d5580000,0x00000000d5580000,0x00000000d5b80000)
  from space 512K, 68% used [0x00000000d5c80000,0x00000000d5cd8000,0x00000000d5d00000)
  to   space 512K, 0% used [0x00000000d5d00000,0x00000000d5d00000,0x00000000d5d80000)
 ParOldGen       total 298496K, used 298295K [0x0000000080000000, 0x0000000092380000, 0x00000000d5580000)
  object space 298496K, 99% used [0x0000000080000000,0x000000009234df70,0x0000000092380000)
 Metaspace       used 78119K, committed 79936K, reserved 1179648K
  class space    used 8289K, committed 9152K, reserved 1048576K
}
Event: 339.494 GC heap before
{Heap before GC invocations=259 (full 3):
 PSYoungGen      total 6656K, used 6496K [0x00000000d5580000, 0x00000000d5d80000, 0x0000000100000000)
  eden space 6144K, 100% used [0x00000000d5580000,0x00000000d5b80000,0x00000000d5b80000)
  from space 512K, 68% used [0x00000000d5c80000,0x00000000d5cd8000,0x00000000d5d00000)
  to   space 512K, 0% used [0x00000000d5d00000,0x00000000d5d00000,0x00000000d5d80000)
 ParOldGen       total 298496K, used 298295K [0x0000000080000000, 0x0000000092380000, 0x00000000d5580000)
  object space 298496K, 99% used [0x0000000080000000,0x000000009234df70,0x0000000092380000)
 Metaspace       used 78843K, committed 80640K, reserved 1179648K
  class space    used 8368K, committed 9216K, reserved 1048576K
}
Event: 339.500 GC heap after
{Heap after GC invocations=259 (full 3):
 PSYoungGen      total 6656K, used 480K [0x00000000d5580000, 0x00000000d5d80000, 0x0000000100000000)
  eden space 6144K, 0% used [0x00000000d5580000,0x00000000d5580000,0x00000000d5b80000)
  from space 512K, 93% used [0x00000000d5d00000,0x00000000d5d78000,0x00000000d5d80000)
  to   space 512K, 0% used [0x00000000d5c80000,0x00000000d5c80000,0x00000000d5d00000)
 ParOldGen       total 298496K, used 298471K [0x0000000080000000, 0x0000000092380000, 0x00000000d5580000)
  object space 298496K, 99% used [0x0000000080000000,0x0000000092379f80,0x0000000092380000)
 Metaspace       used 78843K, committed 80640K, reserved 1179648K
  class space    used 8368K, committed 9216K, reserved 1048576K
}

Dll operation events (12 events):
Event: 0.030 Loaded shared library c:\Users\10935\.vscode\extensions\redhat.java-1.46.0-win32-x64\jre\21.0.8-win32-x86_64\bin\java.dll
Event: 0.095 Loaded shared library c:\Users\10935\.vscode\extensions\redhat.java-1.46.0-win32-x64\jre\21.0.8-win32-x86_64\bin\zip.dll
Event: 0.108 Loaded shared library C:\Users\10935\.vscode\extensions\redhat.java-1.46.0-win32-x64\jre\21.0.8-win32-x86_64\bin\instrument.dll
Event: 0.113 Loaded shared library C:\Users\10935\.vscode\extensions\redhat.java-1.46.0-win32-x64\jre\21.0.8-win32-x86_64\bin\net.dll
Event: 0.116 Loaded shared library C:\Users\10935\.vscode\extensions\redhat.java-1.46.0-win32-x64\jre\21.0.8-win32-x86_64\bin\nio.dll
Event: 0.119 Loaded shared library C:\Users\10935\.vscode\extensions\redhat.java-1.46.0-win32-x64\jre\21.0.8-win32-x86_64\bin\zip.dll
Event: 0.131 Loaded shared library C:\Users\10935\.vscode\extensions\redhat.java-1.46.0-win32-x64\jre\21.0.8-win32-x86_64\bin\jimage.dll
Event: 0.197 Loaded shared library c:\Users\10935\.vscode\extensions\redhat.java-1.46.0-win32-x64\jre\21.0.8-win32-x86_64\bin\verify.dll
Event: 0.990 Loaded shared library C:\Users\10935\AppData\Roaming\Code\User\globalStorage\redhat.java\1.46.0\config_win\org.eclipse.equinox.launcher\org.eclipse.equinox.launcher.win32.win32.x86_64_1.2.1400.v20250801-0854\eclipse_11916.dll
Event: 2.096 Loaded shared library C:\Users\10935\AppData\Local\Temp\jna-46738908\jna16421883894930259998.dll
Event: 3.709 Loaded shared library C:\Users\10935\.vscode\extensions\redhat.java-1.46.0-win32-x64\jre\21.0.8-win32-x86_64\bin\sunmscapi.dll
Event: 4.051 Loaded shared library C:\Users\10935\.vscode\extensions\redhat.java-1.46.0-win32-x64\jre\21.0.8-win32-x86_64\bin\extnet.dll

Deoptimization events (20 events):
Event: 339.505 Thread 0x000001e79e065cd0 Uncommon trap: trap_request=0xffffffc6 fr.pc=0x000001e748c7a5d0 relative=0x00000000000007b0
Event: 339.505 Thread 0x000001e79e065cd0 Uncommon trap: reason=bimorphic_or_optimized_type_check action=maybe_recompile pc=0x000001e748c7a5d0 method=java.io.DataOutputStream.writeInt(I)V @ 19 c2
Event: 339.505 Thread 0x000001e79e065cd0 DEOPT PACKING pc=0x000001e748c7a5d0 sp=0x0000006b000febe0
Event: 339.505 Thread 0x000001e79e065cd0 DEOPT UNPACKING pc=0x000001e747fb3aa2 sp=0x0000006b000febb8 mode 2
Event: 339.505 Thread 0x000001e79e065cd0 Uncommon trap: trap_request=0xffffffc6 fr.pc=0x000001e748c7a5d0 relative=0x00000000000007b0
Event: 339.505 Thread 0x000001e79e065cd0 Uncommon trap: reason=bimorphic_or_optimized_type_check action=maybe_recompile pc=0x000001e748c7a5d0 method=java.io.DataOutputStream.writeInt(I)V @ 19 c2
Event: 339.505 Thread 0x000001e79e065cd0 DEOPT PACKING pc=0x000001e748c7a5d0 sp=0x0000006b000feb80
Event: 339.505 Thread 0x000001e79e065cd0 DEOPT UNPACKING pc=0x000001e747fb3aa2 sp=0x0000006b000feb58 mode 2
Event: 339.526 Thread 0x000001e79e065cd0 Uncommon trap: trap_request=0xffffffc6 fr.pc=0x000001e748d3936c relative=0x0000000000004b4c
Event: 339.526 Thread 0x000001e79e065cd0 Uncommon trap: reason=bimorphic_or_optimized_type_check action=maybe_recompile pc=0x000001e748d3936c method=java.util.Properties.load0(Ljava/util/Properties$LineReader;)V @ 241 c2
Event: 339.527 Thread 0x000001e79e065cd0 DEOPT PACKING pc=0x000001e748d3936c sp=0x0000006b000fefc0
Event: 339.527 Thread 0x000001e79e065cd0 DEOPT UNPACKING pc=0x000001e747fb3aa2 sp=0x0000006b000feff0 mode 2
Event: 339.527 Thread 0x000001e79e065cd0 Uncommon trap: trap_request=0xffffffc6 fr.pc=0x000001e748ac0fac relative=0x00000000000051cc
Event: 339.527 Thread 0x000001e79e065cd0 Uncommon trap: reason=bimorphic_or_optimized_type_check action=maybe_recompile pc=0x000001e748ac0fac method=java.util.Properties.load0(Ljava/util/Properties$LineReader;)V @ 241 c2
Event: 339.527 Thread 0x000001e79e065cd0 DEOPT PACKING pc=0x000001e748ac0fac sp=0x0000006b000fefd0
Event: 339.527 Thread 0x000001e79e065cd0 DEOPT UNPACKING pc=0x000001e747fb3aa2 sp=0x0000006b000feff0 mode 2
Event: 554.353 Thread 0x000001e79e952150 Uncommon trap: trap_request=0xffffffd6 fr.pc=0x000001e748f97204 relative=0x0000000000000a24
Event: 554.353 Thread 0x000001e79e952150 Uncommon trap: reason=array_check action=maybe_recompile pc=0x000001e748f97204 method=com.google.gson.internal.GsonTypes$ParameterizedTypeImpl.<init>(Ljava/lang/reflect/Type;Ljava/lang/Class;[Ljava/lang/reflect/Type;)V @ 136 c2
Event: 554.353 Thread 0x000001e79e952150 DEOPT PACKING pc=0x000001e748f97204 sp=0x0000006b03afe3e0
Event: 554.353 Thread 0x000001e79e952150 DEOPT UNPACKING pc=0x000001e747fb3aa2 sp=0x0000006b03afe320 mode 2

Classes loaded (20 events):
Event: 41.054 Loading class java/lang/ProcessHandleImpl$1
Event: 41.054 Loading class java/lang/ProcessHandleImpl$1 done
Event: 41.054 Loading class java/util/concurrent/CompletableFuture$UniHandle
Event: 41.055 Loading class java/util/concurrent/CompletableFuture$UniHandle done
Event: 339.443 Loading class java/util/stream/Nodes$CollectorTask$OfRef
Event: 339.443 Loading class java/util/stream/Nodes$CollectorTask
Event: 339.443 Loading class java/util/stream/Nodes$CollectorTask done
Event: 339.443 Loading class java/util/stream/Nodes$CollectorTask$OfRef done
Event: 339.448 Loading class java/util/function/LongFunction
Event: 339.448 Loading class java/util/function/LongFunction done
Event: 339.449 Loading class java/util/stream/Nodes$ConcNode
Event: 339.449 Loading class java/util/stream/Nodes$AbstractConcNode
Event: 339.449 Loading class java/util/stream/Nodes$AbstractConcNode done
Event: 339.449 Loading class java/util/stream/Nodes$ConcNode done
Event: 339.454 Loading class java/io/ObjectOutputStream$BlockDataOutputStream
Event: 339.456 Loading class java/io/ObjectOutputStream$BlockDataOutputStream done
Event: 339.456 Loading class java/io/ObjectOutputStream$HandleTable
Event: 339.456 Loading class java/io/ObjectOutputStream$HandleTable done
Event: 339.456 Loading class java/io/ObjectOutputStream$ReplaceTable
Event: 339.456 Loading class java/io/ObjectOutputStream$ReplaceTable done

Classes unloaded (11 events):
Event: 2.577 Thread 0x000001e73d8ea9c0 Unloading class 0x000001e7561a8c00 'java/lang/invoke/LambdaForm$MH+0x000001e7561a8c00'
Event: 2.577 Thread 0x000001e73d8ea9c0 Unloading class 0x000001e7561a8800 'java/lang/invoke/LambdaForm$MH+0x000001e7561a8800'
Event: 2.577 Thread 0x000001e73d8ea9c0 Unloading class 0x000001e7561a8400 'java/lang/invoke/LambdaForm$MH+0x000001e7561a8400'
Event: 2.577 Thread 0x000001e73d8ea9c0 Unloading class 0x000001e7561a8000 'java/lang/invoke/LambdaForm$MH+0x000001e7561a8000'
Event: 2.577 Thread 0x000001e73d8ea9c0 Unloading class 0x000001e7561a7c00 'java/lang/invoke/LambdaForm$BMH+0x000001e7561a7c00'
Event: 2.577 Thread 0x000001e73d8ea9c0 Unloading class 0x000001e7561a7800 'java/lang/invoke/LambdaForm$DMH+0x000001e7561a7800'
Event: 2.577 Thread 0x000001e73d8ea9c0 Unloading class 0x000001e7561a6400 'java/lang/invoke/LambdaForm$DMH+0x000001e7561a6400'
Event: 9.645 Thread 0x000001e73d8ea9c0 Unloading class 0x000001e75664c000 'java/lang/invoke/LambdaForm$DMH+0x000001e75664c000'
Event: 9.645 Thread 0x000001e73d8ea9c0 Unloading class 0x000001e75664cc00 'java/lang/invoke/LambdaForm$DMH+0x000001e75664cc00'
Event: 9.645 Thread 0x000001e73d8ea9c0 Unloading class 0x000001e75664d000 'java/lang/invoke/LambdaForm$DMH+0x000001e75664d000'
Event: 9.645 Thread 0x000001e73d8ea9c0 Unloading class 0x000001e75664c800 'java/lang/invoke/LambdaForm$DMH+0x000001e75664c800'

Classes redefined (0 events):
No events

Internal exceptions (20 events):
Event: 39.686 Thread 0x000001e79efc34f0 Exception <a 'sun/nio/fs/WindowsException'{0x00000000d5b685f0}> (0x00000000d5b685f0) 
thrown [s\src\hotspot\share\prims\jni.cpp, line 520]
Event: 39.686 Thread 0x000001e79efc34f0 Exception <a 'sun/nio/fs/WindowsException'{0x00000000d5b68ed0}> (0x00000000d5b68ed0) 
thrown [s\src\hotspot\share\prims\jni.cpp, line 520]
Event: 39.687 Thread 0x000001e79efc34f0 Exception <a 'sun/nio/fs/WindowsException'{0x00000000d5b6a650}> (0x00000000d5b6a650) 
thrown [s\src\hotspot\share\prims\jni.cpp, line 520]
Event: 39.687 Thread 0x000001e79efc34f0 Exception <a 'sun/nio/fs/WindowsException'{0x00000000d5b6ac80}> (0x00000000d5b6ac80) 
thrown [s\src\hotspot\share\prims\jni.cpp, line 520]
Event: 39.690 Thread 0x000001e79efc34f0 Exception <a 'sun/nio/fs/WindowsException'{0x00000000d5587e60}> (0x00000000d5587e60) 
thrown [s\src\hotspot\share\prims\jni.cpp, line 520]
Event: 39.690 Thread 0x000001e79efc34f0 Exception <a 'sun/nio/fs/WindowsException'{0x00000000d5588740}> (0x00000000d5588740) 
thrown [s\src\hotspot\share\prims\jni.cpp, line 520]
Event: 39.853 Thread 0x000001e79e067080 Exception <a 'java/io/FileNotFoundException'{0x00000000d5a7e4a0}> (0x00000000d5a7e4a0) 
thrown [s\src\hotspot\share\prims\jni.cpp, line 520]
Event: 39.971 Thread 0x000001e79e067080 Exception <a 'java/lang/NoSuchMethodError'{0x00000000d57502c0}: 'java.lang.Object java.lang.invoke.DirectMethodHandle$Holder.invokeVirtual(java.lang.Object, java.lang.Object, java.lang.Object, java.lang.Object)'> (0x00000000d57502c0) 
thrown [s\src\hotspot\share\interpreter\linkResolver.cpp, line 773]
Event: 39.996 Thread 0x000001e79e067da0 Exception <a 'java/lang/NoSuchMethodError'{0x00000000d5b56e28}: 'java.lang.Object java.lang.invoke.DirectMethodHandle$Holder.invokeStatic(java.lang.Object, long, java.lang.Object, java.lang.Object)'> (0x00000000d5b56e28) 
thrown [s\src\hotspot\share\interpreter\linkResolver.cpp, line 773]
Event: 40.013 Thread 0x000001e79e067da0 Exception <a 'sun/nio/fs/WindowsException'{0x00000000d561afb0}> (0x00000000d561afb0) 
thrown [s\src\hotspot\share\prims\jni.cpp, line 520]
Event: 40.013 Thread 0x000001e79e067da0 Exception <a 'sun/nio/fs/WindowsException'{0x00000000d561c210}> (0x00000000d561c210) 
thrown [s\src\hotspot\share\prims\jni.cpp, line 520]
Event: 40.035 Thread 0x000001e79e067da0 Exception <a 'java/lang/NoSuchMethodError'{0x00000000d56da058}: 'void java.lang.invoke.DirectMethodHandle$Holder.invokeStatic(java.lang.Object, java.lang.Object, java.lang.Object, java.lang.Object, java.lang.Object, java.lang.Object, java.lang.Object)'> (0x00000000d56da058) 
thrown [s\src\hotspot\share\interpreter\linkResolver.cpp, line 773]
Event: 40.826 Thread 0x000001e79e068430 Exception <a 'java/lang/NoSuchMethodError'{0x00000000d5723178}: 'long java.lang.invoke.DelegatingMethodHandle$Holder.reinvoke_L(java.lang.Object, java.lang.Object)'> (0x00000000d5723178) 
thrown [s\src\hotspot\share\interpreter\linkResolver.cpp, line 773]
Event: 40.828 Thread 0x000001e79e068430 Exception <a 'java/lang/NoSuchMethodError'{0x00000000d572d500}: 'void java.lang.invoke.DelegatingMethodHandle$Holder.reinvoke_L(java.lang.Object, java.lang.Object, long)'> (0x00000000d572d500) 
thrown [s\src\hotspot\share\interpreter\linkResolver.cpp, line 773]
Event: 41.055 Thread 0x000001e79e068430 Exception <a 'java/lang/NoSuchMethodError'{0x00000000d58163a0}: 'long java.lang.invoke.Invokers$Holder.invokeExact_MT(java.lang.Object, java.lang.Object, java.lang.Object)'> (0x00000000d58163a0) 
thrown [s\src\hotspot\share\interpreter\linkResolver.cpp, line 773]
Event: 339.437 Thread 0x000001e79e065cd0 Exception <a 'sun/nio/fs/WindowsException'{0x00000000d598d050}> (0x00000000d598d050) 
thrown [s\src\hotspot\share\prims\jni.cpp, line 520]
Event: 339.437 Thread 0x000001e79e065cd0 Exception <a 'sun/nio/fs/WindowsException'{0x00000000d598d950}> (0x00000000d598d950) 
thrown [s\src\hotspot\share\prims\jni.cpp, line 520]
Event: 339.440 Thread 0x000001e79e065cd0 Implicit null exception at 0x000001e748fc0909 to 0x000001e748fc0c3c
Event: 339.475 Thread 0x000001e79e065cd0 Exception <a 'java/lang/NoSuchMethodError'{0x00000000d5ae4078}: static [J.<clinit>()V> (0x00000000d5ae4078) 
thrown [s\src\hotspot\share\prims\jni.cpp, line 1111]
Event: 339.509 Thread 0x000001e79e065cd0 Exception <a 'java/lang/NoSuchMethodError'{0x00000000d55a5460}: 'java.lang.Object java.lang.invoke.DirectMethodHandle$Holder.newInvokeSpecial(java.lang.Object, java.lang.Object, java.lang.Object, java.lang.Object, java.lang.Object, java.lang.Object, java.lang.Object, java.lang.Object)'> (0x00000000d55a5460) 
thrown [s\src\hotspot\share\interpreter\linkResolver.cpp, line 773]

ZGC Phase Switch (0 events):
No events

VM Operations (20 events):
Event: 300.731 Executing VM operation: HandshakeAllThreads (HandshakeForDeflation)
Event: 300.731 Executing VM operation: HandshakeAllThreads (HandshakeForDeflation) done
Event: 300.731 Executing VM operation: RendezvousGCThreads
Event: 300.731 Executing VM operation: RendezvousGCThreads done
Event: 301.744 Executing VM operation: Cleanup
Event: 301.744 Executing VM operation: Cleanup done
Event: 339.446 Executing VM operation: HandshakeAllThreads (Deoptimize)
Event: 339.447 Executing VM operation: HandshakeAllThreads (Deoptimize) done
Event: 339.447 Executing VM operation: Cleanup
Event: 339.447 Executing VM operation: Cleanup done
Event: 339.494 Executing VM operation: ParallelGCFailedAllocation (Allocation Failure)
Event: 339.500 Executing VM operation: ParallelGCFailedAllocation (Allocation Failure) done
Event: 340.511 Executing VM operation: Cleanup
Event: 340.511 Executing VM operation: Cleanup done
Event: 360.902 Executing VM operation: HandshakeAllThreads (HandshakeForDeflation)
Event: 360.902 Executing VM operation: HandshakeAllThreads (HandshakeForDeflation) done
Event: 360.903 Executing VM operation: RendezvousGCThreads
Event: 360.903 Executing VM operation: RendezvousGCThreads done
Event: 555.302 Executing VM operation: Cleanup
Event: 555.302 Executing VM operation: Cleanup done

Memory protections (0 events):
No events

Nmethod flushes (20 events):
Event: 9.661 Thread 0x000001e73d8ea9c0 flushing  nmethod 0x000001e741264890
Event: 9.661 Thread 0x000001e73d8ea9c0 flushing  nmethod 0x000001e74127e090
Event: 9.661 Thread 0x000001e73d8ea9c0 flushing  nmethod 0x000001e74129dd10
Event: 9.661 Thread 0x000001e73d8ea9c0 flushing  nmethod 0x000001e7412a1c10
Event: 9.661 Thread 0x000001e73d8ea9c0 flushing  nmethod 0x000001e7412a4490
Event: 9.661 Thread 0x000001e73d8ea9c0 flushing  nmethod 0x000001e7412ad190
Event: 9.661 Thread 0x000001e73d8ea9c0 flushing  nmethod 0x000001e7412c3910
Event: 9.661 Thread 0x000001e73d8ea9c0 flushing  nmethod 0x000001e7412c3f10
Event: 9.661 Thread 0x000001e73d8ea9c0 flushing  nmethod 0x000001e7412c7c90
Event: 9.661 Thread 0x000001e73d8ea9c0 flushing  nmethod 0x000001e7412c8390
Event: 9.661 Thread 0x000001e73d8ea9c0 flushing  nmethod 0x000001e7412c8b10
Event: 9.661 Thread 0x000001e73d8ea9c0 flushing  nmethod 0x000001e7412cae90
Event: 9.661 Thread 0x000001e73d8ea9c0 flushing  nmethod 0x000001e7412ee390
Event: 9.661 Thread 0x000001e73d8ea9c0 flushing  nmethod 0x000001e7412efa10
Event: 9.661 Thread 0x000001e73d8ea9c0 flushing  nmethod 0x000001e7412fe990
Event: 9.661 Thread 0x000001e73d8ea9c0 flushing osr nmethod 0x000001e74131f510
Event: 9.661 Thread 0x000001e73d8ea9c0 flushing  nmethod 0x000001e74133dc90
Event: 9.661 Thread 0x000001e73d8ea9c0 flushing  nmethod 0x000001e74137c010
Event: 9.661 Thread 0x000001e73d8ea9c0 flushing  nmethod 0x000001e74138d310
Event: 9.661 Thread 0x000001e73d8ea9c0 flushing  nmethod 0x000001e741391a90

Events (20 events):
Event: 339.442 Thread 0x000001e79e065cd0 Thread added: 0x000001e7a01a0c40
Event: 339.450 Thread 0x000001e7a01a0c40 Thread exited: 0x000001e7a01a0c40
Event: 339.458 Thread 0x000001e73d7e77e0 Thread added: 0x000001e79d550a10
Event: 339.486 Thread 0x000001e79e065cd0 Thread added: 0x000001e7a01a12d0
Event: 339.489 Thread 0x000001e7a01a12d0 Thread exited: 0x000001e7a01a12d0
Event: 339.631 Thread 0x000001e79d550a10 Thread exited: 0x000001e79d550a10
Event: 339.862 Thread 0x000001e79efc0070 Thread exited: 0x000001e79efc0070
Event: 397.917 Thread 0x000001e7a03e99d0 Thread exited: 0x000001e7a03e99d0
Event: 399.446 Thread 0x000001e79c998130 Thread exited: 0x000001e79c998130
Event: 399.632 Thread 0x000001e79e94e640 Thread exited: 0x000001e79e94e640
Event: 399.863 Thread 0x000001e79efbf9e0 Thread exited: 0x000001e79efbf9e0
Event: 457.937 Thread 0x000001e7a03e6550 Thread exited: 0x000001e7a03e6550
Event: 459.864 Thread 0x000001e79e954220 Thread exited: 0x000001e79e954220
Event: 517.948 Thread 0x000001e7a03ea6f0 Thread exited: 0x000001e7a03ea6f0
Event: 519.881 Thread 0x000001e79e950710 Thread exited: 0x000001e79e950710
Event: 577.949 Thread 0x000001e7a03ec130 Thread exited: 0x000001e7a03ec130
Event: 579.883 Thread 0x000001e79efc3b80 Thread exited: 0x000001e79efc3b80
Event: 637.950 Thread 0x000001e7a03ead80 Thread exited: 0x000001e7a03ead80
Event: 639.897 Thread 0x000001e79efbecc0 Thread exited: 0x000001e79efbecc0
Event: 697.964 Thread 0x000001e7a03ece50 Thread exited: 0x000001e7a03ece50


Dynamic libraries:
0x00007ff72b6a0000 - 0x00007ff72b6ae000 	c:\Users\10935\.vscode\extensions\redhat.java-1.46.0-win32-x64\jre\21.0.8-win32-x86_64\bin\java.exe
0x00007ffc9eff0000 - 0x00007ffc9f207000 	C:\windows\SYSTEM32\ntdll.dll
0x00007ffc9dc80000 - 0x00007ffc9dd44000 	C:\windows\System32\KERNEL32.DLL
0x00007ffc9c440000 - 0x00007ffc9c810000 	C:\windows\System32\KERNELBASE.dll
0x00007ffc9c0f0000 - 0x00007ffc9c201000 	C:\windows\System32\ucrtbase.dll
0x00007ffc7a3a0000 - 0x00007ffc7a3b8000 	c:\Users\10935\.vscode\extensions\redhat.java-1.46.0-win32-x64\jre\21.0.8-win32-x86_64\bin\jli.dll
0x00007ffc7e0c0000 - 0x00007ffc7e0de000 	c:\Users\10935\.vscode\extensions\redhat.java-1.46.0-win32-x64\jre\21.0.8-win32-x86_64\bin\VCRUNTIME140.dll
0x00007ffc9cd10000 - 0x00007ffc9cec1000 	C:\windows\System32\USER32.dll
0x00007ffc71850000 - 0x00007ffc71aec000 	C:\windows\WinSxS\amd64_microsoft.windows.common-controls_6595b64144ccf1df_6.0.22621.5840_none_2710ea077384a4fe\COMCTL32.dll
0x00007ffc9da90000 - 0x00007ffc9db37000 	C:\windows\System32\msvcrt.dll
0x00007ffc9c980000 - 0x00007ffc9c9a6000 	C:\windows\System32\win32u.dll
0x00007ffc9dde0000 - 0x00007ffc9de09000 	C:\windows\System32\GDI32.dll
0x00007ffc9cb50000 - 0x00007ffc9cc73000 	C:\windows\System32\gdi32full.dll
0x00007ffc9cab0000 - 0x00007ffc9cb4a000 	C:\windows\System32\msvcp_win.dll
0x00007ffc9ef70000 - 0x00007ffc9efa1000 	C:\windows\System32\IMM32.DLL
0x000001e73b5e0000 - 0x000001e73b5f6000 	C:\windows\System32\umppc20008.dll
0x000001e73b620000 - 0x000001e73b634000 	C:\windows\System32\CsXumd64_20008.dll
0x00007ffc974b0000 - 0x00007ffc974bc000 	c:\Users\10935\.vscode\extensions\redhat.java-1.46.0-win32-x64\jre\21.0.8-win32-x86_64\bin\vcruntime140_1.dll
0x00007ffc788e0000 - 0x00007ffc7896d000 	c:\Users\10935\.vscode\extensions\redhat.java-1.46.0-win32-x64\jre\21.0.8-win32-x86_64\bin\msvcp140.dll
0x00007ffbf2060000 - 0x00007ffbf2df7000 	c:\Users\10935\.vscode\extensions\redhat.java-1.46.0-win32-x64\jre\21.0.8-win32-x86_64\bin\server\jvm.dll
0x00007ffc9de10000 - 0x00007ffc9dec1000 	C:\windows\System32\ADVAPI32.dll
0x00007ffc9dbc0000 - 0x00007ffc9dc68000 	C:\windows\System32\sechost.dll
0x00007ffc9c210000 - 0x00007ffc9c238000 	C:\windows\System32\bcrypt.dll
0x00007ffc9ced0000 - 0x00007ffc9cfe8000 	C:\windows\System32\RPCRT4.dll
0x00007ffc9db40000 - 0x00007ffc9dbb1000 	C:\windows\System32\WS2_32.dll
0x00007ffc9bf10000 - 0x00007ffc9bf5d000 	C:\windows\SYSTEM32\POWRPROF.dll
0x00007ffc93ea0000 - 0x00007ffc93ed4000 	C:\windows\SYSTEM32\WINMM.dll
0x00007ffc90b70000 - 0x00007ffc90b7a000 	C:\windows\SYSTEM32\VERSION.dll
0x00007ffc9bdf0000 - 0x00007ffc9be03000 	C:\windows\SYSTEM32\UMPDC.dll
0x00007ffc9afa0000 - 0x00007ffc9afb8000 	C:\windows\SYSTEM32\kernel.appcore.dll
0x00007ffc97440000 - 0x00007ffc9744a000 	c:\Users\10935\.vscode\extensions\redhat.java-1.46.0-win32-x64\jre\21.0.8-win32-x86_64\bin\jimage.dll
0x00007ffc997f0000 - 0x00007ffc99a23000 	C:\windows\SYSTEM32\DBGHELP.DLL
0x00007ffc9d270000 - 0x00007ffc9d601000 	C:\windows\System32\combase.dll
0x00007ffc9ec50000 - 0x00007ffc9ed28000 	C:\windows\System32\OLEAUT32.dll
0x00007ffc70ac0000 - 0x00007ffc70af2000 	C:\windows\SYSTEM32\dbgcore.DLL
0x00007ffc9c9b0000 - 0x00007ffc9ca2b000 	C:\windows\System32\bcryptPrimitives.dll
0x00007ffc97120000 - 0x00007ffc9712f000 	c:\Users\10935\.vscode\extensions\redhat.java-1.46.0-win32-x64\jre\21.0.8-win32-x86_64\bin\instrument.dll
0x00007ffc78f80000 - 0x00007ffc78f9f000 	c:\Users\10935\.vscode\extensions\redhat.java-1.46.0-win32-x64\jre\21.0.8-win32-x86_64\bin\java.dll
0x00007ffc9e3a0000 - 0x00007ffc9ec41000 	C:\windows\System32\SHELL32.dll
0x00007ffc9c240000 - 0x00007ffc9c37f000 	C:\windows\System32\wintypes.dll
0x00007ffc99cc0000 - 0x00007ffc9a5da000 	C:\windows\SYSTEM32\windows.storage.dll
0x00007ffc9df50000 - 0x00007ffc9e05a000 	C:\windows\System32\SHCORE.dll
0x00007ffc9cca0000 - 0x00007ffc9cd09000 	C:\windows\System32\shlwapi.dll
0x00007ffc9c020000 - 0x00007ffc9c045000 	C:\windows\SYSTEM32\profapi.dll
0x00007ffc78a80000 - 0x00007ffc78a98000 	c:\Users\10935\.vscode\extensions\redhat.java-1.46.0-win32-x64\jre\21.0.8-win32-x86_64\bin\zip.dll
0x00007ffc887e0000 - 0x00007ffc887f0000 	C:\Users\10935\.vscode\extensions\redhat.java-1.46.0-win32-x64\jre\21.0.8-win32-x86_64\bin\net.dll
0x00007ffc9afc0000 - 0x00007ffc9b0ec000 	C:\windows\SYSTEM32\WINHTTP.dll
0x00007ffc9b590000 - 0x00007ffc9b5f9000 	C:\windows\system32\mswsock.dll
0x00007ffc788c0000 - 0x00007ffc788d6000 	C:\Users\10935\.vscode\extensions\redhat.java-1.46.0-win32-x64\jre\21.0.8-win32-x86_64\bin\nio.dll
0x00007ffc81a80000 - 0x00007ffc81a90000 	c:\Users\10935\.vscode\extensions\redhat.java-1.46.0-win32-x64\jre\21.0.8-win32-x86_64\bin\verify.dll
0x00007ffc787d0000 - 0x00007ffc78814000 	C:\Users\10935\AppData\Roaming\Code\User\globalStorage\redhat.java\1.46.0\config_win\org.eclipse.equinox.launcher\org.eclipse.equinox.launcher.win32.win32.x86_64_1.2.1400.v20250801-0854\eclipse_11916.dll
0x00007ffc9d0d0000 - 0x00007ffc9d270000 	C:\windows\System32\ole32.dll
0x00007ffc9b830000 - 0x00007ffc9b84b000 	C:\windows\SYSTEM32\CRYPTSP.dll
0x00007ffc9af00000 - 0x00007ffc9af37000 	C:\windows\system32\rsaenh.dll
0x00007ffc9b630000 - 0x00007ffc9b658000 	C:\windows\SYSTEM32\USERENV.dll
0x00007ffc9b810000 - 0x00007ffc9b81c000 	C:\windows\SYSTEM32\CRYPTBASE.dll
0x00007ffc9a830000 - 0x00007ffc9a85d000 	C:\windows\SYSTEM32\IPHLPAPI.DLL
0x00007ffc9cff0000 - 0x00007ffc9cff9000 	C:\windows\System32\NSI.dll
0x00007ffc781b0000 - 0x00007ffc781f9000 	C:\Users\10935\AppData\Local\Temp\jna-46738908\jna16421883894930259998.dll
0x00007ffc9dc70000 - 0x00007ffc9dc78000 	C:\windows\System32\PSAPI.DLL
0x00007ffc97280000 - 0x00007ffc97299000 	C:\windows\SYSTEM32\dhcpcsvc6.DLL
0x00007ffc97260000 - 0x00007ffc9727f000 	C:\windows\SYSTEM32\dhcpcsvc.DLL
0x00007ffc7ac50000 - 0x00007ffc7ac5e000 	C:\Users\10935\.vscode\extensions\redhat.java-1.46.0-win32-x64\jre\21.0.8-win32-x86_64\bin\sunmscapi.dll
0x00007ffc9c810000 - 0x00007ffc9c978000 	C:\windows\System32\CRYPT32.dll
0x00007ffc9b930000 - 0x00007ffc9b95d000 	C:\windows\SYSTEM32\ncrypt.dll
0x00007ffc9b8f0000 - 0x00007ffc9b927000 	C:\windows\SYSTEM32\NTASN1.dll
0x00007ffc9a860000 - 0x00007ffc9a958000 	C:\windows\SYSTEM32\DNSAPI.dll
0x00007ffc943e0000 - 0x00007ffc943ea000 	C:\Windows\System32\rasadhlp.dll
0x00007ffc97320000 - 0x00007ffc973a4000 	C:\windows\System32\fwpuclnt.dll
0x00007ffc7aba0000 - 0x00007ffc7aba9000 	C:\Users\10935\.vscode\extensions\redhat.java-1.46.0-win32-x64\jre\21.0.8-win32-x86_64\bin\extnet.dll

JVMTI agents:
c:\Users\10935\.vscode\extensions\redhat.java-1.46.0-win32-x64\lombok\lombok-1.18.39-4050.jar path:c:\Users\10935\.vscode\extensions\redhat.java-1.46.0-win32-x64\jre\21.0.8-win32-x86_64\bin\instrument.dll, loaded, initialized, instrumentlib options:none

dbghelp: loaded successfully - version: 4.0.5 - missing functions: none
symbol engine: initialized successfully - sym options: 0x614 - pdb path: .;c:\Users\10935\.vscode\extensions\redhat.java-1.46.0-win32-x64\jre\21.0.8-win32-x86_64\bin;C:\windows\SYSTEM32;C:\windows\WinSxS\amd64_microsoft.windows.common-controls_6595b64144ccf1df_6.0.22621.5840_none_2710ea077384a4fe;c:\Users\10935\.vscode\extensions\redhat.java-1.46.0-win32-x64\jre\21.0.8-win32-x86_64\bin\server;C:\Users\10935\AppData\Roaming\Code\User\globalStorage\redhat.java\1.46.0\config_win\org.eclipse.equinox.launcher\org.eclipse.equinox.launcher.win32.win32.x86_64_1.2.1400.v20250801-0854;C:\Users\10935\AppData\Local\Temp\jna-46738908

VM Arguments:
jvm_args: --add-modules=ALL-SYSTEM --add-opens=java.base/java.util=ALL-UNNAMED --add-opens=java.base/java.lang=ALL-UNNAMED --add-opens=java.base/sun.nio.fs=ALL-UNNAMED -Declipse.application=org.eclipse.jdt.ls.core.id1 -Dosgi.bundles.defaultStartLevel=4 -Declipse.product=org.eclipse.jdt.ls.core.product -Djava.import.generatesMetadataFilesAtProjectRoot=false -DDetectVMInstallationsJob.disabled=true -Dfile.encoding=utf8 -XX:+UseParallelGC -XX:GCTimeRatio=4 -XX:AdaptiveSizePolicyWeight=90 -Dsun.zip.disableMemoryMapping=true -Xmx2G -Xms100m -Xlog:disable -javaagent:c:\Users\10935\.vscode\extensions\redhat.java-1.46.0-win32-x64\lombok\lombok-1.18.39-4050.jar -XX:+HeapDumpOnOutOfMemoryError -XX:HeapDumpPath=c:\Users\10935\AppData\Roaming\Code\User\workspaceStorage\45f548e0b30d52b6814e104f887155be\redhat.java -Daether.dependencyCollector.impl=bf 
java_command: c:\Users\10935\.vscode\extensions\redhat.java-1.46.0-win32-x64\server\plugins\org.eclipse.equinox.launcher_1.7.0.v20250519-0528.jar -configuration c:\Users\10935\AppData\Roaming\Code\User\globalStorage\redhat.java\1.46.0\config_win -data c:\Users\10935\AppData\Roaming\Code\User\workspaceStorage\45f548e0b30d52b6814e104f887155be\redhat.java\jdt_ws --pipe=\\.\pipe\lsp-5d3fe0ce4a50f8bcc27672fcec626f76-sock
java_class_path (initial): c:\Users\10935\.vscode\extensions\redhat.java-1.46.0-win32-x64\server\plugins\org.eclipse.equinox.launcher_1.7.0.v20250519-0528.jar
Launcher Type: SUN_STANDARD

[Global flags]
    uintx AdaptiveSizePolicyWeight                 = 90                                        {product} {command line}
     intx CICompilerCount                          = 4                                         {product} {ergonomic}
    uintx GCTimeRatio                              = 4                                         {product} {command line}
     bool HeapDumpOnOutOfMemoryError               = true                                   {manageable} {command line}
    ccstr HeapDumpPath                             = c:\Users\10935\AppData\Roaming\Code\User\workspaceStorage\45f548e0b30d52b6814e104f887155be\redhat.java         {manageable} {command line}
   size_t InitialHeapSize                          = 104857600                                 {product} {command line}
   size_t MaxHeapSize                              = 2147483648                                {product} {command line}
   size_t MaxNewSize                               = 715653120                                 {product} {ergonomic}
   size_t MinHeapDeltaBytes                        = 524288                                    {product} {ergonomic}
   size_t MinHeapSize                              = 104857600                                 {product} {command line}
   size_t NewSize                                  = 34603008                                  {product} {ergonomic}
    uintx NonNMethodCodeHeapSize                   = 5839372                                {pd product} {ergonomic}
    uintx NonProfiledCodeHeapSize                  = 122909434                              {pd product} {ergonomic}
   size_t OldSize                                  = 70254592                                  {product} {ergonomic}
    uintx ProfiledCodeHeapSize                     = 122909434                              {pd product} {ergonomic}
    uintx ReservedCodeCacheSize                    = 251658240                              {pd product} {ergonomic}
     bool SegmentedCodeCache                       = true                                      {product} {ergonomic}
   size_t SoftMaxHeapSize                          = 2147483648                             {manageable} {ergonomic}
     bool UseCompressedOops                        = true                           {product lp64_product} {ergonomic}
     bool UseLargePagesIndividualAllocation        = false                                  {pd product} {ergonomic}
     bool UseParallelGC                            = true                                      {product} {command line}

Logging:
Log output configuration:
 #0: stdout all=off uptime,level,tags foldmultilines=false
 #1: stderr all=off uptime,level,tags foldmultilines=false

Environment Variables:
JAVA_HOME=C:\Program Files\Java\jdk-1.8
PATH=C:\Program Files (x86)\Common Files\Oracle\Java\java8path;C:\Program Files (x86)\Common Files\Oracle\Java\javapath;D:\DevSuiteHome_1\jdk\jre\bin\classic;D:\DevSuiteHome_1\jdk\jre\bin;D:\DevSuiteHome_1\jdk\jre\bin\client;D:\DevSuiteHome_1\jlib;D:\DevSuiteHome_1\bin;D:\DevSuiteHome_1\jre\1.4.2\bin\client;D:\DevSuiteHome_1\jre\1.4.2\bin;C:\windows\system32;C:\windows;C:\windows\System32\Wbem;C:\windows\System32\WindowsPowerShell\v1.0\;C:\windows\System32\OpenSSH\;C:\Program Files\TortoiseSVN\bin;C:\Program Files\Java\jdk-1.8\bin;C:\apache-maven-3.9.11\bin;C:\Program Files\nodejs\;C:\Users\10935\AppData\Local\Microsoft\WindowsApps;C:\Users\10935\AppData\Local\Programs\Microsoft VS Code\bin;C:\Users\10935\AppData\Local\Programs\Git\cmd;C:\Users\10935\AppData\Roaming\npm;C:\Users\10935\AppData\Local\JetBrains\PyCharm 2025.1.3\bin;;C:\Users\10935\AppData\Local\Programs\cursor\resources\app\bin
USERNAME=10935
OS=Windows_NT
PROCESSOR_IDENTIFIER=Intel64 Family 6 Model 186 Stepping 3, GenuineIntel
TMP=C:\Users\10935\AppData\Local\Temp
TEMP=C:\Users\10935\AppData\Local\Temp




Periodic native trim disabled

---------------  S Y S T E M  ---------------

OS:
 Windows 11 , 64 bit Build 22621 (10.0.22621.5415)
OS uptime: 0 days 9:04 hours
Hyper-V role detected

CPU: total 12 (initial active 12) (6 cores per cpu, 2 threads per core) family 6 model 186 stepping 3 microcode 0x4128, cx8, cmov, fxsr, ht, mmx, 3dnowpref, sse, sse2, sse3, ssse3, sse4.1, sse4.2, popcnt, lzcnt, tsc, tscinvbit, avx, avx2, aes, erms, clmul, bmi1, bmi2, adx, sha, fma, vzeroupper, clflush, clflushopt, clwb, hv, serialize, rdtscp, rdpid, fsrm, f16c, cet_ibt, cet_ss
Processor Information for the first 12 processors :
  Max Mhz: 1300, Current Mhz: 1300, Mhz Limit: 1300

Memory: 4k page, system-wide physical 16016M (3154M free)
TotalPageFile size 17551M (AvailPageFile size 12M)
current process WorkingSet (physical memory assigned to process): 524M, peak: 580M
current process commit charge ("private bytes"): 612M, peak: 659M

vm_info: OpenJDK 64-Bit Server VM (21.0.8+9-LTS) for windows-amd64 JRE (21.0.8+9-LTS), built on 2025-07-15T00:00:00Z by "admin" with MS VC++ 17.7 (VS2022)

END.
