#
# There is insufficient memory for the Java Runtime Environment to continue.
# Native memory allocation (malloc) failed to allocate 1905616 bytes for Chunk::new
# Possible reasons:
#   The system is out of physical RAM or swap space
#   The process is running with CompressedOops enabled, and the Java Heap may be blocking the growth of the native heap
# Possible solutions:
#   Reduce memory load on the system
#   Increase physical memory or swap space
#   Check if swap backing store is full
#   Decrease Java heap size (-Xmx/-Xms)
#   Decrease number of Java threads
#   Decrease Java thread stack sizes (-Xss)
#   Set larger code cache with -XX:ReservedCodeCacheSize=
#   JVM is running with Zero Based Compressed Oops mode in which the Java heap is
#     placed in the first 32GB address space. The Java Heap base address is the
#     maximum limit for the native heap growth. Please use -XX:HeapBaseMinAddress
#     to set the Java Heap base and to place the Java Heap above 32GB virtual address.
# This output file may be truncated or incomplete.
#
#  Out of Memory Error (allocation.cpp:389), pid=6704, tid=0x0000000000004580
#
# JRE version: Java(TM) SE Runtime Environment (8.0_461) (build 1.8.0_461-b11)
# Java VM: Java HotSpot(TM) 64-Bit Server VM (25.461-b11 mixed mode windows-amd64 compressed oops)
# Failed to write core dump. Minidumps are not enabled by default on client versions of Windows
#

---------------  T H R E A D  ---------------

Current thread (0x000002bb7b195800):  JavaThread "C2 CompilerThread2" daemon [_thread_in_native, id=17792, stack(0x000000dd2fd00000,0x000000dd2fe00000)]

Stack: [0x000000dd2fd00000,0x000000dd2fe00000]
Native frames: (J=compiled Java code, j=interpreted, Vv=VM code, C=native code)
V  [jvm.dll+0x34c1c9]
V  [jvm.dll+0x289572]
V  [jvm.dll+0x28a140]
V  [jvm.dll+0x27e165]
V  [jvm.dll+0xd9fcc]
V  [jvm.dll+0xda95c]
V  [jvm.dll+0x4958fd]
V  [jvm.dll+0x458ee5]
V  [jvm.dll+0x46219f]
V  [jvm.dll+0x461592]
V  [jvm.dll+0x44b23c]
V  [jvm.dll+0xaf445]
V  [jvm.dll+0xadb5f]
V  [jvm.dll+0x24ea19]
V  [jvm.dll+0x2a60dc]
C  [ucrtbase.dll+0x29333]
C  [KERNEL32.DLL+0x1259d]
C  [ntdll.dll+0x5af78]


Current CompileTask:
C2:  49907 7174       4       org.springframework.transaction.interceptor.AbstractFallbackTransactionAttributeSource::getTransactionAttribute (186 bytes)


---------------  P R O C E S S  ---------------

Java Threads: ( => current thread )
  0x000002bb02e8b800 JavaThread "container-0" [_thread_blocked, id=11480, stack(0x000000dd30900000,0x000000dd30a00000)]
  0x000002bb00788800 JavaThread "Catalina-utility-2" [_thread_blocked, id=20080, stack(0x000000dd30800000,0x000000dd30900000)]
  0x000002bb0188b800 JavaThread "Catalina-utility-1" [_thread_blocked, id=16308, stack(0x000000dd30700000,0x000000dd30800000)]
  0x000002bb0034b800 JavaThread "HikariPool-1 housekeeper" daemon [_thread_blocked, id=23236, stack(0x000000dd30400000,0x000000dd30500000)]
  0x000002bb7d23b800 JavaThread "OJDBC-WORKER-THREAD-1" daemon [_thread_blocked, id=14284, stack(0x000000dd30300000,0x000000dd30400000)]
  0x000002bb01fec000 JavaThread "InterruptTimer" daemon [_thread_blocked, id=12984, stack(0x000000dd30200000,0x000000dd30300000)]
  0x000002bb7cfb3800 JavaThread "oracle.jdbc.driver.BlockSource.ThreadedCachingBlockSource.BlockReleaser" daemon [_thread_blocked, id=22900, stack(0x000000dd30100000,0x000000dd30200000)]
  0x000002bb7b1bd000 JavaThread "Service Thread" daemon [_thread_blocked, id=15744, stack(0x000000dd2ff00000,0x000000dd30000000)]
  0x000002bb7b1b4000 JavaThread "C1 CompilerThread3" daemon [_thread_blocked, id=2536, stack(0x000000dd2fe00000,0x000000dd2ff00000)]
=>0x000002bb7b195800 JavaThread "C2 CompilerThread2" daemon [_thread_in_native, id=17792, stack(0x000000dd2fd00000,0x000000dd2fe00000)]
  0x000002bb7b192000 JavaThread "C2 CompilerThread1" daemon [_thread_in_native, id=21688, stack(0x000000dd2fc00000,0x000000dd2fd00000)]
  0x000002bb7b18b000 JavaThread "C2 CompilerThread0" daemon [_thread_in_native, id=10316, stack(0x000000dd2fb00000,0x000000dd2fc00000)]
  0x000002bb7b187000 JavaThread "Attach Listener" daemon [_thread_blocked, id=20948, stack(0x000000dd2fa00000,0x000000dd2fb00000)]
  0x000002bb7b186000 JavaThread "Signal Dispatcher" daemon [_thread_blocked, id=8636, stack(0x000000dd2f900000,0x000000dd2fa00000)]
  0x000002bb7b15c000 JavaThread "Finalizer" daemon [_thread_blocked, id=9968, stack(0x000000dd2f800000,0x000000dd2f900000)]
  0x000002bb7b14c800 JavaThread "Reference Handler" daemon [_thread_blocked, id=5500, stack(0x000000dd2f700000,0x000000dd2f800000)]
  0x000002bb5f867800 JavaThread "main" [_thread_in_native, id=9628, stack(0x000000dd2eb00000,0x000000dd2ec00000)]

Other Threads:
  0x000002bb7b126000 VMThread [stack: 0x000000dd2f600000,0x000000dd2f700000] [id=10136]
  0x000002bb7c9e5000 WatcherThread [stack: 0x000000dd30000000,0x000000dd30100000] [id=19668]

VM state:not at safepoint (normal execution)

VM Mutex/Monitor currently owned by a thread: None

heap address: 0x00000006c5a00000, size: 4006 MB, Compressed Oops mode: Zero based, Oop shift amount: 3
Narrow klass base: 0x0000000000000000, Narrow klass shift: 3
Compressed class space size: 1073741824 Address: 0x00000007c0000000

Heap:
 PSYoungGen      total 364032K, used 308856K [0x000000076c900000, 0x0000000799180000, 0x00000007c0000000)
  eden space 305664K, 90% used [0x000000076c900000,0x000000077d7aff48,0x000000077f380000)
  from space 58368K, 54% used [0x000000077f380000,0x000000078126e320,0x0000000782c80000)
  to   space 118272K, 0% used [0x0000000791e00000,0x0000000791e00000,0x0000000799180000)
 ParOldGen       total 193536K, used 193042K [0x00000006c5a00000, 0x00000006d1700000, 0x000000076c900000)
  object space 193536K, 99% used [0x00000006c5a00000,0x00000006d16849f0,0x00000006d1700000)
 Metaspace       used 68881K, capacity 72484K, committed 72704K, reserved 1112064K
  class space    used 9322K, capacity 9917K, committed 9984K, reserved 1048576K

Card table byte_map: [0x000002bb707d0000,0x000002bb70fb0000] byte_map_base: 0x000002bb6d1a3000

Marking Bits: (ParMarkBitMap*) 0x00007ff92132a3e0
 Begin Bits: [0x000002bb714f0000, 0x000002bb75388000)
 End Bits:   [0x000002bb75388000, 0x000002bb79220000)

Polling page: 0x000002bb61180000

CodeCache: size=245760Kb used=21782Kb max_used=21807Kb free=223977Kb
 bounds [0x000002bb61410000, 0x000002bb62980000, 0x000002bb70410000]
 total_blobs=6961 nmethods=6341 adapters=530
 compilation: enabled

Compilation events (10 events):
Event: 49.845 Thread 0x000002bb7b1b4000 7279       3       java.lang.invoke.MethodHandle::bindArgumentL (10 bytes)
Event: 49.846 Thread 0x000002bb7b1b4000 nmethod 7279 0x000002bb6294f290 code [0x000002bb6294f440, 0x000002bb6294fad0]
Event: 49.846 Thread 0x000002bb7b1b4000 7280       3       java.lang.invoke.BoundMethodHandle::bindArgumentL (11 bytes)
Event: 49.846 Thread 0x000002bb7b1b4000 nmethod 7280 0x000002bb6294fed0 code [0x000002bb62950080, 0x000002bb62950580]
Event: 49.846 Thread 0x000002bb7b1b4000 7281       3       java.lang.invoke.LambdaFormEditor::bindArgumentL (59 bytes)
Event: 49.846 Thread 0x000002bb7b1b4000 nmethod 7281 0x000002bb62950850 code [0x000002bb629509e0, 0x000002bb62950cd0]
Event: 49.846 Thread 0x000002bb7b1b4000 7282       3       java.lang.invoke.LambdaFormEditor::bindArgumentType (101 bytes)
Event: 49.847 Thread 0x000002bb7b1b4000 nmethod 7282 0x000002bb62950e10 code [0x000002bb62950f80, 0x000002bb62951270]
Event: 49.847 Thread 0x000002bb7b1b4000 7283       3       java.lang.invoke.LambdaFormEditor::bindArgumentForm (268 bytes)
Event: 49.849 Thread 0x000002bb7b1b4000 nmethod 7283 0x000002bb62951390 code [0x000002bb62951720, 0x000002bb629536a0]

GC Heap History (10 events):
Event: 5.045 GC heap before
{Heap before GC invocations=7 (full 2):
 PSYoungGen      total 223232K, used 204981K [0x000000076c900000, 0x000000077af00000, 0x00000007c0000000)
  eden space 213504K, 96% used [0x000000076c900000,0x000000077912d6f8,0x0000000779980000)
  from space 9728K, 0% used [0x000000077a580000,0x000000077a580000,0x000000077af00000)
  to   space 10752K, 0% used [0x0000000779a00000,0x0000000779a00000,0x000000077a480000)
 ParOldGen       total 133632K, used 13979K [0x00000006c5a00000, 0x00000006cdc80000, 0x000000076c900000)
  object space 133632K, 10% used [0x00000006c5a00000,0x00000006c67a6cb0,0x00000006cdc80000)
 Metaspace       used 56465K, capacity 58978K, committed 59136K, reserved 1099776K
  class space    used 7661K, capacity 8128K, committed 8192K, reserved 1048576K
Event: 5.086 GC heap after
Heap after GC invocations=7 (full 2):
 PSYoungGen      total 224768K, used 10726K [0x000000076c900000, 0x0000000784300000, 0x00000007c0000000)
  eden space 214016K, 0% used [0x000000076c900000,0x000000076c900000,0x0000000779a00000)
  from space 10752K, 99% used [0x0000000779a00000,0x000000077a479810,0x000000077a480000)
  to   space 23040K, 0% used [0x0000000782c80000,0x0000000782c80000,0x0000000784300000)
 ParOldGen       total 133632K, used 26396K [0x00000006c5a00000, 0x00000006cdc80000, 0x000000076c900000)
  object space 133632K, 19% used [0x00000006c5a00000,0x00000006c73c7150,0x00000006cdc80000)
 Metaspace       used 56465K, capacity 58978K, committed 59136K, reserved 1099776K
  class space    used 7661K, capacity 8128K, committed 8192K, reserved 1048576K
}
Event: 5.086 GC heap before
{Heap before GC invocations=8 (full 3):
 PSYoungGen      total 224768K, used 10726K [0x000000076c900000, 0x0000000784300000, 0x00000007c0000000)
  eden space 214016K, 0% used [0x000000076c900000,0x000000076c900000,0x0000000779a00000)
  from space 10752K, 99% used [0x0000000779a00000,0x000000077a479810,0x000000077a480000)
  to   space 23040K, 0% used [0x0000000782c80000,0x0000000782c80000,0x0000000784300000)
 ParOldGen       total 133632K, used 26396K [0x00000006c5a00000, 0x00000006cdc80000, 0x000000076c900000)
  object space 133632K, 19% used [0x00000006c5a00000,0x00000006c73c7150,0x00000006cdc80000)
 Metaspace       used 56465K, capacity 58978K, committed 59136K, reserved 1099776K
  class space    used 7661K, capacity 8128K, committed 8192K, reserved 1048576K
Event: 5.190 GC heap after
Heap after GC invocations=8 (full 3):
 PSYoungGen      total 224768K, used 0K [0x000000076c900000, 0x0000000784300000, 0x00000007c0000000)
  eden space 214016K, 0% used [0x000000076c900000,0x000000076c900000,0x0000000779a00000)
  from space 10752K, 0% used [0x0000000779a00000,0x0000000779a00000,0x000000077a480000)
  to   space 23040K, 0% used [0x0000000782c80000,0x0000000782c80000,0x0000000784300000)
 ParOldGen       total 193536K, used 33660K [0x00000006c5a00000, 0x00000006d1700000, 0x000000076c900000)
  object space 193536K, 17% used [0x00000006c5a00000,0x00000006c7adf3a8,0x00000006d1700000)
 Metaspace       used 56465K, capacity 58978K, committed 59136K, reserved 1099776K
  class space    used 7661K, capacity 8128K, committed 8192K, reserved 1048576K
}
Event: 39.423 GC heap before
{Heap before GC invocations=9 (full 3):
 PSYoungGen      total 224768K, used 214016K [0x000000076c900000, 0x0000000784300000, 0x00000007c0000000)
  eden space 214016K, 100% used [0x000000076c900000,0x0000000779a00000,0x0000000779a00000)
  from space 10752K, 0% used [0x0000000779a00000,0x0000000779a00000,0x000000077a480000)
  to   space 23040K, 0% used [0x0000000782c80000,0x0000000782c80000,0x0000000784300000)
 ParOldGen       total 193536K, used 33660K [0x00000006c5a00000, 0x00000006d1700000, 0x000000076c900000)
  object space 193536K, 17% used [0x00000006c5a00000,0x00000006c7adf3a8,0x00000006d1700000)
 Metaspace       used 59883K, capacity 62498K, committed 62720K, reserved 1103872K
  class space    used 8189K, capacity 8640K, committed 8704K, reserved 1048576K
Event: 39.600 GC heap after
Heap after GC invocations=9 (full 3):
 PSYoungGen      total 328704K, used 23036K [0x000000076c900000, 0x0000000786e00000, 0x00000007c0000000)
  eden space 305664K, 0% used [0x000000076c900000,0x000000076c900000,0x000000077f380000)
  from space 23040K, 99% used [0x0000000782c80000,0x00000007842ff000,0x0000000784300000)
  to   space 58368K, 0% used [0x000000077f380000,0x000000077f380000,0x0000000782c80000)
 ParOldGen       total 193536K, used 89711K [0x00000006c5a00000, 0x00000006d1700000, 0x000000076c900000)
  object space 193536K, 46% used [0x00000006c5a00000,0x00000006cb19beb8,0x00000006d1700000)
 Metaspace       used 59883K, capacity 62498K, committed 62720K, reserved 1103872K
  class space    used 8189K, capacity 8640K, committed 8704K, reserved 1048576K
}
Event: 43.083 GC heap before
{Heap before GC invocations=10 (full 3):
 PSYoungGen      total 328704K, used 328700K [0x000000076c900000, 0x0000000786e00000, 0x00000007c0000000)
  eden space 305664K, 100% used [0x000000076c900000,0x000000077f380000,0x000000077f380000)
  from space 23040K, 99% used [0x0000000782c80000,0x00000007842ff000,0x0000000784300000)
  to   space 58368K, 0% used [0x000000077f380000,0x000000077f380000,0x0000000782c80000)
 ParOldGen       total 193536K, used 89711K [0x00000006c5a00000, 0x00000006d1700000, 0x000000076c900000)
  object space 193536K, 46% used [0x00000006c5a00000,0x00000006cb19beb8,0x00000006d1700000)
 Metaspace       used 59887K, capacity 62498K, committed 62720K, reserved 1103872K
  class space    used 8189K, capacity 8640K, committed 8704K, reserved 1048576K
Event: 43.478 GC heap after
Heap after GC invocations=10 (full 3):
 PSYoungGen      total 364032K, used 58345K [0x000000076c900000, 0x0000000799180000, 0x00000007c0000000)
  eden space 305664K, 0% used [0x000000076c900000,0x000000076c900000,0x000000077f380000)
  from space 58368K, 99% used [0x000000077f380000,0x0000000782c7a6e0,0x0000000782c80000)
  to   space 118272K, 0% used [0x0000000791e00000,0x0000000791e00000,0x0000000799180000)
 ParOldGen       total 193536K, used 184816K [0x00000006c5a00000, 0x00000006d1700000, 0x000000076c900000)
  object space 193536K, 95% used [0x00000006c5a00000,0x00000006d0e7c008,0x00000006d1700000)
 Metaspace       used 59887K, capacity 62498K, committed 62720K, reserved 1103872K
  class space    used 8189K, capacity 8640K, committed 8704K, reserved 1048576K
}
Event: 43.478 GC heap before
{Heap before GC invocations=11 (full 4):
 PSYoungGen      total 364032K, used 58345K [0x000000076c900000, 0x0000000799180000, 0x00000007c0000000)
  eden space 305664K, 0% used [0x000000076c900000,0x000000076c900000,0x000000077f380000)
  from space 58368K, 99% used [0x000000077f380000,0x0000000782c7a6e0,0x0000000782c80000)
  to   space 118272K, 0% used [0x0000000791e00000,0x0000000791e00000,0x0000000799180000)
 ParOldGen       total 193536K, used 184816K [0x00000006c5a00000, 0x00000006d1700000, 0x000000076c900000)
  object space 193536K, 95% used [0x00000006c5a00000,0x00000006d0e7c008,0x00000006d1700000)
 Metaspace       used 59887K, capacity 62498K, committed 62720K, reserved 1103872K
  class space    used 8189K, capacity 8640K, committed 8704K, reserved 1048576K
Event: 44.086 GC heap after
Heap after GC invocations=11 (full 4):
 PSYoungGen      total 364032K, used 31672K [0x000000076c900000, 0x0000000799180000, 0x00000007c0000000)
  eden space 305664K, 0% used [0x000000076c900000,0x000000076c900000,0x000000077f380000)
  from space 58368K, 54% used [0x000000077f380000,0x000000078126e320,0x0000000782c80000)
  to   space 118272K, 0% used [0x0000000791e00000,0x0000000791e00000,0x0000000799180000)
 ParOldGen       total 193536K, used 193042K [0x00000006c5a00000, 0x00000006d1700000, 0x000000076c900000)
  object space 193536K, 99% used [0x00000006c5a00000,0x00000006d16849f0,0x00000006d1700000)
 Metaspace       used 59887K, capacity 62498K, committed 62720K, reserved 1103872K
  class space    used 8189K, capacity 8640K, committed 8704K, reserved 1048576K
}

Deoptimization events (10 events):
Event: 49.399 Thread 0x000002bb5f867800 Uncommon trap: reason=unstable_if action=reinterpret pc=0x000002bb6254c3d4 method=sun.nio.ch.SocketChannelImpl.read(Ljava/nio/ByteBuffer;)I @ 210
Event: 49.399 Thread 0x000002bb5f867800 Uncommon trap: reason=unstable_if action=reinterpret pc=0x000002bb61fe5114 method=oracle.net.nt.TimeoutSocketChannel.cancelTimeout()V @ 4
Event: 49.406 Thread 0x000002bb039c0800 Uncommon trap: reason=unstable_if action=reinterpret pc=0x000002bb6254490c method=oracle.net.nt.TimeoutSocketChannel.scheduleInterrupt(IZ)V @ 1
Event: 49.458 Thread 0x000002bb5f867800 Uncommon trap: reason=null_check action=make_not_entrant pc=0x000002bb624677d8 method=oracle.jdbc.driver.OracleStatement.getColumnIndex(Ljava/lang/String;)I @ 12
Event: 49.560 Thread 0x000002bb5f867800 Uncommon trap: reason=class_check action=maybe_recompile pc=0x000002bb6275a704 method=org.springframework.core.annotation.AnnotationUtils.findAnnotation(Ljava/lang/Class;Ljava/lang/Class;)Ljava/lang/annotation/Annotation; @ 95
Event: 49.630 Thread 0x000002bb5f867800 Uncommon trap: reason=unstable_if action=reinterpret pc=0x000002bb619bf808 method=org.springframework.util.ObjectUtils.nullSafeEquals(Ljava/lang/Object;Ljava/lang/Object;)Z @ 12
Event: 49.633 Thread 0x000002bb5f867800 Uncommon trap: reason=unstable_if action=reinterpret pc=0x000002bb627e0594 method=java.util.Arrays$ArrayList.indexOf(Ljava/lang/Object;)I @ 6
Event: 49.839 Thread 0x000002bb5f867800 Uncommon trap: reason=class_check action=maybe_recompile pc=0x000002bb62402484 method=org.springframework.core.SerializableTypeWrapper.unwrap(Ljava/lang/reflect/Type;)Ljava/lang/reflect/Type; @ 18
Event: 49.839 Thread 0x000002bb5f867800 Uncommon trap: reason=unstable_if action=reinterpret pc=0x000002bb61cb7858 method=org.springframework.core.ResolvableType.resolveType()Lorg/springframework/core/ResolvableType; @ 37
Event: 49.839 Thread 0x000002bb5f867800 Uncommon trap: reason=class_check action=maybe_recompile pc=0x000002bb62402494 method=org.springframework.core.SerializableTypeWrapper.unwrap(Ljava/lang/reflect/Type;)Ljava/lang/reflect/Type; @ 10

Classes redefined (0 events):
No events

Internal exceptions (10 events):
Event: 48.864 Thread 0x000002bb5f867800 Exception <a 'java/lang/ClassNotFoundException': com/company/opexhub/entity/MonthlyMonitoringEntryCustomizer> (0x0000000779357010) thrown at [C:\jenkins\workspace\8-2-build-windows-x64-cygwin-sans-NAS\jdk8u461\2086\hotspot\src\share\vm\classfile\systemDic
Event: 49.214 Thread 0x000002bb5f867800 Exception <a 'java/lang/ClassNotFoundException': java/lang/ObjectCustomizer> (0x000000077afe3da0) thrown at [C:\jenkins\workspace\8-2-build-windows-x64-cygwin-sans-NAS\jdk8u461\2086\hotspot\src\share\vm\classfile\systemDictionary.cpp, line 213]
Event: 49.216 Thread 0x000002bb5f867800 Exception <a 'java/lang/ClassNotFoundException': com/company/opexhub/entity/TimelineEntryCustomizer> (0x000000077affbfa0) thrown at [C:\jenkins\workspace\8-2-build-windows-x64-cygwin-sans-NAS\jdk8u461\2086\hotspot\src\share\vm\classfile\systemDictionary.c
Event: 49.528 Thread 0x000002bb5f867800 Exception <a 'java/lang/ClassNotFoundException': java/lang/ObjectCustomizer> (0x000000077bee5958) thrown at [C:\jenkins\workspace\8-2-build-windows-x64-cygwin-sans-NAS\jdk8u461\2086\hotspot\src\share\vm\classfile\systemDictionary.cpp, line 213]
Event: 49.529 Thread 0x000002bb5f867800 Exception <a 'java/lang/ClassNotFoundException': org/springframework/security/config/annotation/web/configuration/WebSecurityConfigurationCustomizer> (0x000000077bf0b068) thrown at [C:\jenkins\workspace\8-2-build-windows-x64-cygwin-sans-NAS\jdk8u461\2086\
Event: 49.530 Thread 0x000002bb5f867800 Exception <a 'java/lang/ClassNotFoundException': org/springframework/context/annotation/ImportAwareCustomizer> (0x000000077bf2d060) thrown at [C:\jenkins\workspace\8-2-build-windows-x64-cygwin-sans-NAS\jdk8u461\2086\hotspot\src\share\vm\classfile\systemDi
Event: 49.530 Thread 0x000002bb5f867800 Exception <a 'java/lang/ClassNotFoundException': org/springframework/beans/factory/AwareCustomizer> (0x000000077bf421c8) thrown at [C:\jenkins\workspace\8-2-build-windows-x64-cygwin-sans-NAS\jdk8u461\2086\hotspot\src\share\vm\classfile\systemDictionary.cp
Event: 49.531 Thread 0x000002bb5f867800 Exception <a 'java/lang/ClassNotFoundException': org/springframework/beans/factory/BeanClassLoaderAwareCustomizer> (0x000000077bf5a558) thrown at [C:\jenkins\workspace\8-2-build-windows-x64-cygwin-sans-NAS\jdk8u461\2086\hotspot\src\share\vm\classfile\syst
Event: 49.531 Thread 0x000002bb5f867800 Exception <a 'java/lang/ClassNotFoundException': org/springframework/beans/factory/AwareCustomizer> (0x000000077bf6f6a0) thrown at [C:\jenkins\workspace\8-2-build-windows-x64-cygwin-sans-NAS\jdk8u461\2086\hotspot\src\share\vm\classfile\systemDictionary.cp
Event: 49.630 Thread 0x000002bb5f867800 Implicit null exception at 0x000002bb619bf73d to 0x000002bb619bf7f3

Events (10 events):
Event: 49.858 loading class org/springframework/web/servlet/config/annotation/CorsRegistration
Event: 49.858 loading class org/springframework/web/servlet/config/annotation/CorsRegistration done
Event: 49.859 loading class org/springframework/web/cors/CorsConfiguration$OriginPattern
Event: 49.859 loading class org/springframework/web/cors/CorsConfiguration$OriginPattern done
Event: 49.860 loading class org/springframework/http/HttpMethod
Event: 49.860 loading class org/springframework/http/HttpMethod done
Event: 49.860 loading class org/springframework/http/HttpMethod
Event: 49.860 loading class org/springframework/http/HttpMethod done
Event: 49.861 loading class org/springframework/web/cors/UrlBasedCorsConfigurationSource
Event: 49.861 loading class org/springframework/web/cors/UrlBasedCorsConfigurationSource done


Dynamic libraries:
0x00007ff690d60000 - 0x00007ff690daf000 	C:\Program Files\Java\jdk-1.8\bin\java.exe
0x00007ff994650000 - 0x00007ff994867000 	C:\windows\SYSTEM32\ntdll.dll
0x00007ff9922f0000 - 0x00007ff9923b4000 	C:\windows\System32\KERNEL32.DLL
0x00007ff991960000 - 0x00007ff991d32000 	C:\windows\System32\KERNELBASE.dll
0x00007ff9923e0000 - 0x00007ff992491000 	C:\windows\System32\ADVAPI32.dll
0x00007ff992a70000 - 0x00007ff992b17000 	C:\windows\System32\msvcrt.dll
0x00007ff992e00000 - 0x00007ff992ea8000 	C:\windows\System32\sechost.dll
0x00007ff9918b0000 - 0x00007ff9918d8000 	C:\windows\System32\bcrypt.dll
0x00007ff993db0000 - 0x00007ff993ec7000 	C:\windows\System32\RPCRT4.dll
0x00007ff993ed0000 - 0x00007ff994081000 	C:\windows\System32\USER32.dll
0x00007ff991d40000 - 0x00007ff991d66000 	C:\windows\System32\win32u.dll
0x00007ff9929e0000 - 0x00007ff992a09000 	C:\windows\System32\GDI32.dll
0x00007ff992090000 - 0x00007ff9921b3000 	C:\windows\System32\gdi32full.dll
0x00007ff991e30000 - 0x00007ff991eca000 	C:\windows\System32\msvcp_win.dll
0x00007ff9921c0000 - 0x00007ff9922d1000 	C:\windows\System32\ucrtbase.dll
0x00007ff96c3d0000 - 0x00007ff96c66b000 	C:\windows\WinSxS\amd64_microsoft.windows.common-controls_6595b64144ccf1df_6.0.22621.5697_none_27154c497380d676\COMCTL32.dll
0x00007ff992750000 - 0x00007ff992781000 	C:\windows\System32\IMM32.DLL
0x000002bb611a0000 - 0x000002bb611b6000 	C:\windows\System32\umppc20006.dll
0x000002bb611e0000 - 0x000002bb611f4000 	C:\windows\System32\CsXumd64_20006.dll
0x00007ff96e7e0000 - 0x00007ff96e7fb000 	C:\Program Files\Java\jdk-1.8\jre\bin\vcruntime140.dll
0x00007ff990680000 - 0x00007ff99068c000 	C:\Program Files\Java\jdk-1.8\jre\bin\vcruntime140_1.dll
0x00007ff96d4e0000 - 0x00007ff96d56e000 	C:\Program Files\Java\jdk-1.8\jre\bin\msvcp140.dll
0x00007ff920b50000 - 0x00007ff9213fa000 	C:\Program Files\Java\jdk-1.8\jre\bin\server\jvm.dll
0x00007ff994600000 - 0x00007ff994608000 	C:\windows\System32\PSAPI.DLL
0x00007ff9578c0000 - 0x00007ff9578c9000 	C:\windows\SYSTEM32\WSOCK32.dll
0x00007ff9924a0000 - 0x00007ff992511000 	C:\windows\System32\WS2_32.dll
0x00007ff98d100000 - 0x00007ff98d134000 	C:\windows\SYSTEM32\WINMM.dll
0x00007ff9871c0000 - 0x00007ff9871ca000 	C:\windows\SYSTEM32\VERSION.dll
0x00007ff9906e0000 - 0x00007ff9906f8000 	C:\windows\SYSTEM32\kernel.appcore.dll
0x00007ff9793b0000 - 0x00007ff9793c0000 	C:\Program Files\Java\jdk-1.8\jre\bin\verify.dll
0x00007ff96e730000 - 0x00007ff96e75b000 	C:\Program Files\Java\jdk-1.8\jre\bin\java.dll
0x00007ff96e6b0000 - 0x00007ff96e6c8000 	C:\Program Files\Java\jdk-1.8\jre\bin\zip.dll
0x00007ff9933f0000 - 0x00007ff993c91000 	C:\windows\System32\SHELL32.dll
0x00007ff991ed0000 - 0x00007ff99200f000 	C:\windows\System32\wintypes.dll
0x00007ff992eb0000 - 0x00007ff993242000 	C:\windows\System32\combase.dll
0x00007ff98f2f0000 - 0x00007ff98fc0a000 	C:\windows\SYSTEM32\windows.storage.dll
0x00007ff992cf0000 - 0x00007ff992dfb000 	C:\windows\System32\SHCORE.dll
0x00007ff992520000 - 0x00007ff992589000 	C:\windows\System32\shlwapi.dll
0x00007ff991670000 - 0x00007ff99169b000 	C:\windows\SYSTEM32\profapi.dll
0x00007ff96eb50000 - 0x00007ff96eb5d000 	C:\Program Files\Java\jdk-1.8\jre\bin\management.dll
0x00007ff96e690000 - 0x00007ff96e6ac000 	C:\Program Files\Java\jdk-1.8\jre\bin\net.dll
0x00007ff990ba0000 - 0x00007ff990c09000 	C:\windows\system32\mswsock.dll
0x00007ff970170000 - 0x00007ff970187000 	C:\windows\system32\napinsp.dll
0x00007ff970190000 - 0x00007ff9701ab000 	C:\windows\system32\pnrpnsp.dll
0x00007ff98ffa0000 - 0x00007ff990098000 	C:\windows\SYSTEM32\DNSAPI.dll
0x00007ff98ff70000 - 0x00007ff98ff9d000 	C:\windows\SYSTEM32\IPHLPAPI.DLL
0x00007ff992790000 - 0x00007ff992799000 	C:\windows\System32\NSI.dll
0x00007ff9701b0000 - 0x00007ff9701c1000 	C:\windows\System32\winrnr.dll
0x00007ff970480000 - 0x00007ff97049f000 	C:\windows\system32\wshbth.dll
0x00007ff9701d0000 - 0x00007ff9701f1000 	C:\windows\system32\nlansp_c.dll
0x00007ff98be60000 - 0x00007ff98be6a000 	C:\Windows\System32\rasadhlp.dll
0x00007ff98dac0000 - 0x00007ff98db44000 	C:\windows\System32\fwpuclnt.dll
0x00007ff96e560000 - 0x00007ff96e573000 	C:\Program Files\Java\jdk-1.8\jre\bin\nio.dll
0x00007ff990e90000 - 0x00007ff990eab000 	C:\windows\SYSTEM32\CRYPTSP.dll
0x00007ff990640000 - 0x00007ff990677000 	C:\windows\system32\rsaenh.dll
0x00007ff990c40000 - 0x00007ff990c68000 	C:\windows\SYSTEM32\USERENV.dll
0x00007ff992010000 - 0x00007ff99208b000 	C:\windows\System32\bcryptprimitives.dll
0x00007ff990e70000 - 0x00007ff990e7c000 	C:\windows\SYSTEM32\CRYPTBASE.dll
0x00007ff98d830000 - 0x00007ff98d849000 	C:\windows\SYSTEM32\dhcpcsvc6.DLL
0x00007ff98d810000 - 0x00007ff98d82f000 	C:\windows\SYSTEM32\dhcpcsvc.DLL
0x00007ff96d8c0000 - 0x00007ff96d8e5000 	C:\Program Files\Java\jdk-1.8\jre\bin\sunec.dll
0x00007ff96e500000 - 0x00007ff96e50e000 	C:\Program Files\Java\jdk-1.8\jre\bin\sunmscapi.dll
0x00007ff991740000 - 0x00007ff9918a8000 	C:\windows\System32\CRYPT32.dll
0x00007ff990f80000 - 0x00007ff990fad000 	C:\windows\SYSTEM32\ncrypt.dll
0x00007ff990f40000 - 0x00007ff990f77000 	C:\windows\SYSTEM32\NTASN1.dll
0x00007ff98ed50000 - 0x00007ff98ef83000 	C:\windows\SYSTEM32\dbghelp.dll
0x00007ff994090000 - 0x00007ff994168000 	C:\windows\System32\OLEAUT32.dll

VM Arguments:
java_command: com.company.opexhub.OpexHubApplication
java_class_path (initial): C:\Users\10935\AppData\Local\Temp\cp_13h4t97vcrvbnfjdbudy3kmgq.jar
Launcher Type: SUN_STANDARD

Environment Variables:
JAVA_HOME=C:\Program Files\Java\jdk-1.8
JRE_HOME=C:\Program Files\Java\jre1.8.0_331
PATH=C:\Program Files (x86)\Common Files\Oracle\Java\java8path;C:\Program Files (x86)\Common Files\Oracle\Java\javapath;D:\DevSuiteHome_1\jdk\jre\bin\classic;D:\DevSuiteHome_1\jdk\jre\bin;D:\DevSuiteHome_1\jdk\jre\bin\client;D:\DevSuiteHome_1\jlib;D:\DevSuiteHome_1\bin;D:\DevSuiteHome_1\jre\1.4.2\bin\client;D:\DevSuiteHome_1\jre\1.4.2\bin;C:\windows\system32;C:\windows;C:\windows\System32\Wbem;C:\windows\System32\WindowsPowerShell\v1.0\;C:\windows\System32\OpenSSH\;C:\Program Files\TortoiseSVN\bin;C:\Program Files\Java\jdk-1.8\bin;C:\Program Files\nodejs\;C:\apache-maven-3.9.11\bin;C:\Users\10935\AppData\Local\Microsoft\WindowsApps;C:\Users\10935\AppData\Local\Programs\Microsoft VS Code\bin;C:\Users\10935\AppData\Local\Programs\Git\cmd;C:\Users\10935\AppData\Roaming\npm;C:\Users\10935\AppData\Local\JetBrains\PyCharm 2025.1.3\bin;;C:\Users\10935\AppData\Local\Programs\cursor\resources\app\bin
USERNAME=10935
OS=Windows_NT
PROCESSOR_IDENTIFIER=Intel64 Family 6 Model 186 Stepping 3, GenuineIntel



---------------  S Y S T E M  ---------------

OS: Windows 11 , 64 bit Build 22621 (10.0.22621.5415)

CPU:total 12 (initial active 12) (6 cores per cpu, 2 threads per core) family 6 model 186 stepping 3, cmov, cx8, fxsr, mmx, sse, sse2, sse3, ssse3, sse4.1, sse4.2, popcnt, avx, avx2, aes, clmul, erms, 3dnowpref, lzcnt, ht, tsc, tscinvbit, bmi1, bmi2, adx

Memory: 4k page, physical 16400672k(4436384k free), swap 17972512k(8408k free)

vm_info: Java HotSpot(TM) 64-Bit Server VM (25.461-b11) for windows-amd64 JRE (1.8.0_461-b11), built on Jun 27 2025 10:22:42 by "java_re" with MS VC++ 17.6 (VS2022)

time: Wed Aug 20 20:15:17 2025
timezone: India Standard Time
elapsed time: 49.930579 seconds (0d 0h 0m 49s)

