#
# There is insufficient memory for the Java Runtime Environment to continue.
# Native memory allocation (malloc) failed to allocate 1048576 bytes. Error detail: AllocateHeap
# Possible reasons:
#   The system is out of physical RAM or swap space
#   This process is running with CompressedOops enabled, and the Java Heap may be blocking the growth of the native heap
# Possible solutions:
#   Reduce memory load on the system
#   Increase physical memory or swap space
#   Check if swap backing store is full
#   Decrease Java heap size (-Xmx/-Xms)
#   Decrease number of Java threads
#   Decrease Java thread stack sizes (-Xss)
#   Set larger code cache with -XX:ReservedCodeCacheSize=
#   JVM is running with Unscaled Compressed Oops mode in which the Java heap is
#     placed in the first 4GB address space. The Java Heap base address is the
#     maximum limit for the native heap growth. Please use -XX:HeapBaseMinAddress
#     to set the Java Heap base and to place the Java Heap above 4GB virtual address.
# This output file may be truncated or incomplete.
#
#  Out of Memory Error (allocation.cpp:44), pid=16920, tid=2772
#
# JRE version: OpenJDK Runtime Environment Temurin-21.0.8+9 (21.0.8+9) (build 21.0.8+9-LTS)
# Java VM: OpenJDK 64-Bit Server VM Temurin-21.0.8+9 (21.0.8+9-LTS, mixed mode, sharing, tiered, compressed oops, compressed class ptrs, parallel gc, windows-amd64)
# No core dump will be written. Minidumps are not enabled by default on client versions of Windows
#

---------------  S U M M A R Y ------------

Command Line: --add-modules=ALL-SYSTEM --add-opens=java.base/java.util=ALL-UNNAMED --add-opens=java.base/java.lang=ALL-UNNAMED --add-opens=java.base/sun.nio.fs=ALL-UNNAMED -Declipse.application=org.eclipse.jdt.ls.core.id1 -Dosgi.bundles.defaultStartLevel=4 -Declipse.product=org.eclipse.jdt.ls.core.product -Djava.import.generatesMetadataFilesAtProjectRoot=false -DDetectVMInstallationsJob.disabled=true -Dfile.encoding=utf8 -XX:+UseParallelGC -XX:GCTimeRatio=4 -XX:AdaptiveSizePolicyWeight=90 -Dsun.zip.disableMemoryMapping=true -Xmx2G -Xms100m -Xlog:disable -javaagent:c:\Users\10935\.vscode\extensions\redhat.java-1.45.0-win32-x64\lombok\lombok-1.18.39-4050.jar -XX:+HeapDumpOnOutOfMemoryError -XX:HeapDumpPath=c:\Users\10935\AppData\Roaming\Code\User\workspaceStorage\45f548e0b30d52b6814e104f887155be\redhat.java -Daether.dependencyCollector.impl=bf c:\Users\10935\.vscode\extensions\redhat.java-1.45.0-win32-x64\server\plugins\org.eclipse.equinox.launcher_1.7.0.v20250519-0528.jar -configuration c:\Users\10935\AppData\Roaming\Code\User\globalStorage\redhat.java\1.45.0\config_win -data c:\Users\10935\AppData\Roaming\Code\User\workspaceStorage\45f548e0b30d52b6814e104f887155be\redhat.java\jdt_ws --pipe=\\.\pipe\lsp-0faecbd5e8688db08d183ffd82a58993-sock

Host: 13th Gen Intel(R) Core(TM) i5-1334U, 12 cores, 15G,  Windows 11 , 64 bit Build 22621 (10.0.22621.5415)
Time: Fri Sep  5 18:12:28 2025 India Standard Time elapsed time: 5476.807171 seconds (0d 1h 31m 16s)

---------------  T H R E A D  ---------------

Current thread (0x0000020524ecf280):  JavaThread "Attach Listener" daemon [_thread_in_vm, id=2772, stack(0x00000046f2000000,0x00000046f2100000) (1024K)]

Stack: [0x00000046f2000000,0x00000046f2100000]
Native frames: (J=compiled Java code, j=interpreted, Vv=VM code, C=native code)
V  [jvm.dll+0x6d2449]
V  [jvm.dll+0x8ae341]
V  [jvm.dll+0x8b08be]
V  [jvm.dll+0x8b0fa3]
V  [jvm.dll+0x280c96]
V  [jvm.dll+0xc0347]
V  [jvm.dll+0x6d2cf9]
V  [jvm.dll+0x131116]
V  [jvm.dll+0x3f2d16]
V  [jvm.dll+0x857e6b]
V  [jvm.dll+0x6d0b0d]
C  [ucrtbase.dll+0x29333]
C  [KERNEL32.DLL+0x1259d]
C  [ntdll.dll+0x5af78]


---------------  P R O C E S S  ---------------

Threads class SMR info:
_java_thread_list=0x00000205091209d0, length=42, elements={
0x0000020524f39710, 0x0000020524ecaa00, 0x0000020524ecb9b0, 0x0000020524ece560,
0x0000020524ecf280, 0x0000020524ecebf0, 0x0000020524ecf910, 0x0000020524eddca0,
0x000002057dcfbaf0, 0x0000020524ecffa0, 0x0000020524ed0630, 0x0000020524ecded0,
0x0000020524ed0cc0, 0x0000020504009b20, 0x000002050400e9e0, 0x000002050400dcc0,
0x000002050400a840, 0x000002050400f070, 0x00000205040080e0, 0x000002050400c280,
0x0000020504008e00, 0x0000020504009490, 0x000002050400aed0, 0x000002050400c910,
0x000002050400b560, 0x000002050400cfa0, 0x00000205056061f0, 0x0000020505607c30,
0x00000205056082c0, 0x0000020505606880, 0x0000020505606f10, 0x0000020505605b60,
0x00000205056075a0, 0x0000020505608950, 0x0000020504d85260, 0x0000020504d858f0,
0x0000020506193280, 0x00000205061959e0, 0x0000020506197ab0, 0x0000020506191840,
0x0000020505cb2fc0, 0x0000020504d8ae40
}

Java Threads: ( => current thread )
  0x0000020524f39710 JavaThread "main"                              [_thread_blocked, id=9696, stack(0x00000046f1900000,0x00000046f1a00000) (1024K)]
  0x0000020524ecaa00 JavaThread "Reference Handler"          daemon [_thread_blocked, id=8236, stack(0x00000046f1d00000,0x00000046f1e00000) (1024K)]
  0x0000020524ecb9b0 JavaThread "Finalizer"                  daemon [_thread_blocked, id=6680, stack(0x00000046f1e00000,0x00000046f1f00000) (1024K)]
  0x0000020524ece560 JavaThread "Signal Dispatcher"          daemon [_thread_blocked, id=3036, stack(0x00000046f1f00000,0x00000046f2000000) (1024K)]
=>0x0000020524ecf280 JavaThread "Attach Listener"            daemon [_thread_in_vm, id=2772, stack(0x00000046f2000000,0x00000046f2100000) (1024K)]
  0x0000020524ecebf0 JavaThread "Service Thread"             daemon [_thread_blocked, id=15740, stack(0x00000046f2100000,0x00000046f2200000) (1024K)]
  0x0000020524ecf910 JavaThread "Monitor Deflation Thread"   daemon [_thread_blocked, id=15744, stack(0x00000046f2200000,0x00000046f2300000) (1024K)]
  0x0000020524eddca0 JavaThread "C2 CompilerThread0"         daemon [_thread_blocked, id=17252, stack(0x00000046f2300000,0x00000046f2400000) (1024K)]
  0x000002057dcfbaf0 JavaThread "C1 CompilerThread0"         daemon [_thread_blocked, id=16908, stack(0x00000046f2400000,0x00000046f2500000) (1024K)]
  0x0000020524ecffa0 JavaThread "Common-Cleaner"             daemon [_thread_blocked, id=2792, stack(0x00000046f2500000,0x00000046f2600000) (1024K)]
  0x0000020524ed0630 JavaThread "Notification Thread"        daemon [_thread_blocked, id=18220, stack(0x00000046f2700000,0x00000046f2800000) (1024K)]
  0x0000020524ecded0 JavaThread "Active Thread: Equinox Container: 5705ca33-3288-4549-87da-d88f33cf24a0"        [_thread_blocked, id=2988, stack(0x00000046f2f00000,0x00000046f3000000) (1024K)]
  0x0000020524ed0cc0 JavaThread "Refresh Thread: Equinox Container: 5705ca33-3288-4549-87da-d88f33cf24a0" daemon [_thread_blocked, id=13732, stack(0x00000046f3100000,0x00000046f3200000) (1024K)]
  0x0000020504009b20 JavaThread "Framework Event Dispatcher: Equinox Container: 5705ca33-3288-4549-87da-d88f33cf24a0" daemon [_thread_blocked, id=2200, stack(0x00000046f3200000,0x00000046f3300000) (1024K)]
  0x000002050400e9e0 JavaThread "Start Level: Equinox Container: 5705ca33-3288-4549-87da-d88f33cf24a0" daemon [_thread_blocked, id=6412, stack(0x00000046f3300000,0x00000046f3400000) (1024K)]
  0x000002050400dcc0 JavaThread "Bundle File Closer"         daemon [_thread_blocked, id=18176, stack(0x00000046f3600000,0x00000046f3700000) (1024K)]
  0x000002050400a840 JavaThread "SCR Component Actor"        daemon [_thread_blocked, id=8308, stack(0x00000046f3700000,0x00000046f3800000) (1024K)]
  0x000002050400f070 JavaThread "Worker-JM"                         [_thread_blocked, id=16984, stack(0x00000046f3900000,0x00000046f3a00000) (1024K)]
  0x00000205040080e0 JavaThread "JNA Cleaner"                daemon [_thread_blocked, id=16504, stack(0x00000046f3a00000,0x00000046f3b00000) (1024K)]
  0x000002050400c280 JavaThread "Java indexing"              daemon [_thread_blocked, id=15780, stack(0x00000046f3d00000,0x00000046f3e00000) (1024K)]
  0x0000020504008e00 JavaThread "Thread-2"                   daemon [_thread_in_native, id=11528, stack(0x00000046f4200000,0x00000046f4300000) (1024K)]
  0x0000020504009490 JavaThread "Thread-3"                   daemon [_thread_in_native, id=11520, stack(0x00000046f4300000,0x00000046f4400000) (1024K)]
  0x000002050400aed0 JavaThread "Thread-4"                   daemon [_thread_in_native, id=8720, stack(0x00000046f4400000,0x00000046f4500000) (1024K)]
  0x000002050400c910 JavaThread "Thread-5"                   daemon [_thread_in_native, id=3652, stack(0x00000046f4500000,0x00000046f4600000) (1024K)]
  0x000002050400b560 JavaThread "Thread-6"                   daemon [_thread_in_native, id=9024, stack(0x00000046f4600000,0x00000046f4700000) (1024K)]
  0x000002050400cfa0 JavaThread "Thread-7"                   daemon [_thread_in_native, id=18276, stack(0x00000046f4700000,0x00000046f4800000) (1024K)]
  0x00000205056061f0 JavaThread "Thread-8"                   daemon [_thread_in_native, id=15972, stack(0x00000046f4800000,0x00000046f4900000) (1024K)]
  0x0000020505607c30 JavaThread "Thread-9"                   daemon [_thread_in_native, id=17056, stack(0x00000046f4900000,0x00000046f4a00000) (1024K)]
  0x00000205056082c0 JavaThread "Thread-10"                  daemon [_thread_in_native, id=18284, stack(0x00000046f4a00000,0x00000046f4b00000) (1024K)]
  0x0000020505606880 JavaThread "Thread-11"                  daemon [_thread_in_native, id=18228, stack(0x00000046f4b00000,0x00000046f4c00000) (1024K)]
  0x0000020505606f10 JavaThread "Thread-12"                  daemon [_thread_in_native, id=18164, stack(0x00000046f4c00000,0x00000046f4d00000) (1024K)]
  0x0000020505605b60 JavaThread "Thread-13"                  daemon [_thread_in_native, id=18216, stack(0x00000046f4d00000,0x00000046f4e00000) (1024K)]
  0x00000205056075a0 JavaThread "Thread-14"                  daemon [_thread_in_native, id=12508, stack(0x00000046f4e00000,0x00000046f4f00000) (1024K)]
  0x0000020505608950 JavaThread "pool-2-thread-1"                   [_thread_blocked, id=16972, stack(0x00000046f4f00000,0x00000046f5000000) (1024K)]
  0x0000020504d85260 JavaThread "WorkspaceEventsHandler"            [_thread_blocked, id=15060, stack(0x00000046f5100000,0x00000046f5200000) (1024K)]
  0x0000020504d858f0 JavaThread "pool-1-thread-1"                   [_thread_blocked, id=14104, stack(0x00000046f5200000,0x00000046f5300000) (1024K)]
  0x0000020506193280 JavaThread "Cleaner-0"                  daemon [_thread_blocked, id=2268, stack(0x00000046f8200000,0x00000046f8300000) (1024K)]
  0x00000205061959e0 JavaThread "Java Debug Server"          daemon [_thread_in_native, id=6536, stack(0x00000046f1600000,0x00000046f1700000) (1024K)]
  0x0000020506197ab0 JavaThread "RxSchedulerPurge-1"         daemon [_thread_blocked, id=9284, stack(0x00000046f1800000,0x00000046f1900000) (1024K)]
  0x0000020506191840 JavaThread "RxCachedWorkerPoolEvictor-1" daemon [_thread_blocked, id=12836, stack(0x00000046f5300000,0x00000046f5400000) (1024K)]
  0x0000020505cb2fc0 JavaThread "Worker-13"                         [_thread_blocked, id=8004, stack(0x00000046f5b00000,0x00000046f5c00000) (1024K)]
  0x0000020504d8ae40 JavaThread "Worker-15"                         [_thread_blocked, id=21932, stack(0x00000046f3c00000,0x00000046f3d00000) (1024K)]
Total: 42

Other Threads:
  0x0000020524fd9ac0 VMThread "VM Thread"                           [id=13292, stack(0x00000046f1c00000,0x00000046f1d00000) (1024K)]
  0x0000020524dbcb20 WatcherThread "VM Periodic Task Thread"        [id=4780, stack(0x00000046f1b00000,0x00000046f1c00000) (1024K)]
  0x0000020524f57890 WorkerThread "GC Thread#0"                     [id=16716, stack(0x00000046f1a00000,0x00000046f1b00000) (1024K)]
  0x000002057ecf6200 WorkerThread "GC Thread#1"                     [id=17304, stack(0x00000046f2900000,0x00000046f2a00000) (1024K)]
  0x000002057ecf6db0 WorkerThread "GC Thread#2"                     [id=752, stack(0x00000046f2a00000,0x00000046f2b00000) (1024K)]
  0x000002057ecf7150 WorkerThread "GC Thread#3"                     [id=18424, stack(0x00000046f2b00000,0x00000046f2c00000) (1024K)]
  0x000002057ecf74f0 WorkerThread "GC Thread#4"                     [id=16324, stack(0x00000046f2c00000,0x00000046f2d00000) (1024K)]
  0x000002057ecf7890 WorkerThread "GC Thread#5"                     [id=3648, stack(0x00000046f2d00000,0x00000046f2e00000) (1024K)]
  0x000002057ed2ab90 WorkerThread "GC Thread#6"                     [id=17148, stack(0x00000046f2e00000,0x00000046f2f00000) (1024K)]
  0x000002057f2e5950 WorkerThread "GC Thread#7"                     [id=15480, stack(0x00000046f3000000,0x00000046f3100000) (1024K)]
  0x000002050401c7c0 WorkerThread "GC Thread#8"                     [id=4536, stack(0x00000046f3400000,0x00000046f3500000) (1024K)]
  0x000002050401c080 WorkerThread "GC Thread#9"                     [id=824, stack(0x00000046f3500000,0x00000046f3600000) (1024K)]
Total: 12

Threads with active compile tasks:
Total: 0

VM state: not at safepoint (normal execution)

VM Mutex/Monitor currently owned by a thread: None

Heap address: 0x0000000080000000, size: 2048 MB, Compressed Oops mode: 32-bit

CDS archive(s) mapped at: [0x000002053c000000-0x000002053cba0000-0x000002053cba0000), size 12189696, SharedBaseAddress: 0x000002053c000000, ArchiveRelocationMode: 1.
Compressed class space mapped at: 0x000002053d000000-0x000002057d000000, reserved size: 1073741824
Narrow klass base: 0x000002053c000000, Narrow klass shift: 0, Narrow klass range: 0x100000000

GC Precious Log:
 CardTable entry size: 512
 CPUs: 12 total, 12 available
 Memory: 16016M
 Large Page Support: Disabled
 NUMA Support: Disabled
 Compressed Oops: Enabled (32-bit)
 Alignments: Space 512K, Generation 512K, Heap 2M
 Heap Min Capacity: 100M
 Heap Initial Capacity: 100M
 Heap Max Capacity: 2G
 Pre-touch: Disabled
 Parallel Workers: 10

Heap:
 PSYoungGen      total 3072K, used 2348K [0x00000000d5580000, 0x00000000d5980000, 0x0000000100000000)
  eden space 2560K, 84% used [0x00000000d5580000,0x00000000d579b2b8,0x00000000d5800000)
  from space 512K, 37% used [0x00000000d5880000,0x00000000d58b0000,0x00000000d5900000)
  to   space 512K, 0% used [0x00000000d5900000,0x00000000d5900000,0x00000000d5980000)
 ParOldGen       total 875008K, used 718849K [0x0000000080000000, 0x00000000b5680000, 0x00000000d5580000)
  object space 875008K, 82% used [0x0000000080000000,0x00000000abe006f0,0x00000000b5680000)
 Metaspace       used 86577K, committed 88384K, reserved 1179648K
  class space    used 8859K, committed 9664K, reserved 1048576K

Card table byte_map: [0x00000205248d0000,0x0000020524ce0000] _byte_map_base: 0x00000205244d0000

Marking Bits: (ParMarkBitMap*) 0x00007ff88caea340
 Begin Bits: [0x00000205373d0000, 0x00000205393d0000)
 End Bits:   [0x00000205393d0000, 0x000002053b3d0000)

Polling page: 0x0000020524480000

Metaspace:

Usage:
  Non-class:     75.90 MB used.
      Class:      8.65 MB used.
       Both:     84.55 MB used.

Virtual space:
  Non-class space:      128.00 MB reserved,      76.88 MB ( 60%) committed,  2 nodes.
      Class space:        1.00 GB reserved,       9.44 MB ( <1%) committed,  1 nodes.
             Both:        1.12 GB reserved,      86.31 MB (  7%) committed. 

Chunk freelists:
   Non-Class:  2.98 MB
       Class:  6.53 MB
        Both:  9.50 MB

MaxMetaspaceSize: unlimited
CompressedClassSpaceSize: 1.00 GB
Initial GC threshold: 21.00 MB
Current GC threshold: 133.06 MB
CDS: on
 - commit_granule_bytes: 65536.
 - commit_granule_words: 8192.
 - virtual_space_node_default_size: 8388608.
 - enlarge_chunks_in_place: 1.
 - use_allocation_guard: 0.


Internal statistics:

num_allocs_failed_limit: 13.
num_arena_births: 1696.
num_arena_deaths: 20.
num_vsnodes_births: 3.
num_vsnodes_deaths: 0.
num_space_committed: 1381.
num_space_uncommitted: 0.
num_chunks_returned_to_freelist: 35.
num_chunks_taken_from_freelist: 5823.
num_chunk_merges: 14.
num_chunk_splits: 3509.
num_chunks_enlarged: 1954.
num_inconsistent_stats: 0.

CodeHeap 'non-profiled nmethods': size=120000Kb used=18912Kb max_used=18912Kb free=101087Kb
 bounds [0x000002052fbf0000, 0x0000020530e70000, 0x0000020537120000]
CodeHeap 'profiled nmethods': size=120000Kb used=44639Kb max_used=44639Kb free=75360Kb
 bounds [0x0000020528120000, 0x000002052acc0000, 0x000002052f650000]
CodeHeap 'non-nmethods': size=5760Kb used=1533Kb max_used=1618Kb free=4226Kb
 bounds [0x000002052f650000, 0x000002052f8c0000, 0x000002052fbf0000]
CodeCache: size=245760Kb, used=65084Kb, max_used=65169Kb, free=180673Kb
 total_blobs=19703, nmethods=18848, adapters=757, full_count=0
Compilation: enabled, stopped_count=0, restarted_count=0

Compilation events (20 events):
Event: 5050.815 Thread 0x0000020524eddca0 20543       4       java.lang.invoke.InvokerBytecodeGenerator::loadInsnOpcode (98 bytes)
Event: 5050.817 Thread 0x0000020524eddca0 nmethod 20543 0x0000020530e62b10 code [0x0000020530e62ca0, 0x0000020530e62dc8]
Event: 5050.833 Thread 0x0000020524eddca0 20544       4       org.eclipse.core.internal.resources.AliasManager$LocationMap::matchingResourcesDo (89 bytes)
Event: 5050.851 Thread 0x0000020524eddca0 nmethod 20544 0x0000020530e62e90 code [0x0000020530e63080, 0x0000020530e63868]
Event: 5105.214 Thread 0x0000020524eddca0 20545       4       java.util.concurrent.locks.ReentrantReadWriteLock$Sync::tryReleaseShared (146 bytes)
Event: 5105.224 Thread 0x0000020524eddca0 nmethod 20545 0x0000020530e63d10 code [0x0000020530e63ee0, 0x0000020530e64160]
Event: 5189.861 Thread 0x0000020524eddca0 20546       4       io.reactivex.internal.schedulers.SchedulerPoolFactory$ScheduledTask::run (66 bytes)
Event: 5189.903 Thread 0x0000020524eddca0 nmethod 20546 0x0000020530e64690 code [0x0000020530e649c0, 0x0000020530e65b90]
Event: 5206.848 Thread 0x0000020524eddca0 20548       4       org.eclipse.core.internal.jobs.JobManager::lifeTimeInMs (19 bytes)
Event: 5206.850 Thread 0x0000020524eddca0 nmethod 20548 0x0000020530e67690 code [0x0000020530e67820, 0x0000020530e678f0]
Event: 5206.850 Thread 0x0000020524eddca0 20549       4       java.util.concurrent.atomic.AtomicLong::updateAndGet (59 bytes)
Event: 5206.852 Thread 0x0000020524eddca0 nmethod 20549 0x0000020530e67990 code [0x0000020530e67b20, 0x0000020530e67ca0]
Event: 5221.667 Thread 0x000002057dcfbaf0 20550       3       java.lang.ProcessHandleImpl::get (51 bytes)
Event: 5221.669 Thread 0x000002057dcfbaf0 nmethod 20550 0x000002052acb4210 code [0x000002052acb4420, 0x000002052acb4a28]
Event: 5332.143 Thread 0x000002057dcfbaf0 20551       3       com.google.gson.internal.ConstructorConstructor::get (239 bytes)
Event: 5332.149 Thread 0x000002057dcfbaf0 nmethod 20551 0x000002052acb4c90 code [0x000002052acb5180, 0x000002052acb6e38]
Event: 5332.149 Thread 0x000002057dcfbaf0 20552       3       com.google.gson.internal.ConstructorConstructor::newSpecialCollectionConstructor (31 bytes)
Event: 5332.149 Thread 0x000002057dcfbaf0 nmethod 20552 0x000002052acb7790 code [0x000002052acb7980, 0x000002052acb7cf0]
Event: 5332.222 Thread 0x0000020524eddca0 20553       4       java.lang.Thread::isVirtual (5 bytes)
Event: 5332.222 Thread 0x0000020524eddca0 nmethod 20553 0x0000020530e67e10 code [0x0000020530e67fa0, 0x0000020530e68058]

GC Heap History (20 events):
Event: 696.776 GC heap before
{Heap before GC invocations=1812 (full 4):
 PSYoungGen      total 3072K, used 2848K [0x00000000d5580000, 0x00000000d5980000, 0x0000000100000000)
  eden space 2560K, 100% used [0x00000000d5580000,0x00000000d5800000,0x00000000d5800000)
  from space 512K, 56% used [0x00000000d5880000,0x00000000d58c8000,0x00000000d5900000)
  to   space 512K, 0% used [0x00000000d5900000,0x00000000d5900000,0x00000000d5980000)
 ParOldGen       total 875008K, used 717392K [0x0000000080000000, 0x00000000b5680000, 0x00000000d5580000)
  object space 875008K, 81% used [0x0000000080000000,0x00000000abc94230,0x00000000b5680000)
 Metaspace       used 86445K, committed 88256K, reserved 1179648K
  class space    used 8856K, committed 9664K, reserved 1048576K
}
Event: 696.777 GC heap after
{Heap after GC invocations=1812 (full 4):
 PSYoungGen      total 3072K, used 288K [0x00000000d5580000, 0x00000000d5980000, 0x0000000100000000)
  eden space 2560K, 0% used [0x00000000d5580000,0x00000000d5580000,0x00000000d5800000)
  from space 512K, 56% used [0x00000000d5900000,0x00000000d5948000,0x00000000d5980000)
  to   space 512K, 0% used [0x00000000d5880000,0x00000000d5880000,0x00000000d5900000)
 ParOldGen       total 875008K, used 717504K [0x0000000080000000, 0x00000000b5680000, 0x00000000d5580000)
  object space 875008K, 81% used [0x0000000080000000,0x00000000abcb0230,0x00000000b5680000)
 Metaspace       used 86445K, committed 88256K, reserved 1179648K
  class space    used 8856K, committed 9664K, reserved 1048576K
}
Event: 696.792 GC heap before
{Heap before GC invocations=1813 (full 4):
 PSYoungGen      total 3072K, used 2845K [0x00000000d5580000, 0x00000000d5980000, 0x0000000100000000)
  eden space 2560K, 99% used [0x00000000d5580000,0x00000000d57ff470,0x00000000d5800000)
  from space 512K, 56% used [0x00000000d5900000,0x00000000d5948000,0x00000000d5980000)
  to   space 512K, 0% used [0x00000000d5880000,0x00000000d5880000,0x00000000d5900000)
 ParOldGen       total 875008K, used 717504K [0x0000000080000000, 0x00000000b5680000, 0x00000000d5580000)
  object space 875008K, 81% used [0x0000000080000000,0x00000000abcb0230,0x00000000b5680000)
 Metaspace       used 86465K, committed 88320K, reserved 1179648K
  class space    used 8856K, committed 9664K, reserved 1048576K
}
Event: 696.793 GC heap after
{Heap after GC invocations=1813 (full 4):
 PSYoungGen      total 3072K, used 352K [0x00000000d5580000, 0x00000000d5980000, 0x0000000100000000)
  eden space 2560K, 0% used [0x00000000d5580000,0x00000000d5580000,0x00000000d5800000)
  from space 512K, 68% used [0x00000000d5880000,0x00000000d58d8000,0x00000000d5900000)
  to   space 512K, 0% used [0x00000000d5900000,0x00000000d5900000,0x00000000d5980000)
 ParOldGen       total 875008K, used 717632K [0x0000000080000000, 0x00000000b5680000, 0x00000000d5580000)
  object space 875008K, 82% used [0x0000000080000000,0x00000000abcd0230,0x00000000b5680000)
 Metaspace       used 86465K, committed 88320K, reserved 1179648K
  class space    used 8856K, committed 9664K, reserved 1048576K
}
Event: 993.758 GC heap before
{Heap before GC invocations=1814 (full 4):
 PSYoungGen      total 3072K, used 2911K [0x00000000d5580000, 0x00000000d5980000, 0x0000000100000000)
  eden space 2560K, 99% used [0x00000000d5580000,0x00000000d57ffff0,0x00000000d5800000)
  from space 512K, 68% used [0x00000000d5880000,0x00000000d58d8000,0x00000000d5900000)
  to   space 512K, 0% used [0x00000000d5900000,0x00000000d5900000,0x00000000d5980000)
 ParOldGen       total 875008K, used 717632K [0x0000000080000000, 0x00000000b5680000, 0x00000000d5580000)
  object space 875008K, 82% used [0x0000000080000000,0x00000000abcd0230,0x00000000b5680000)
 Metaspace       used 86480K, committed 88320K, reserved 1179648K
  class space    used 8857K, committed 9664K, reserved 1048576K
}
Event: 993.767 GC heap after
{Heap after GC invocations=1814 (full 4):
 PSYoungGen      total 3072K, used 320K [0x00000000d5580000, 0x00000000d5980000, 0x0000000100000000)
  eden space 2560K, 0% used [0x00000000d5580000,0x00000000d5580000,0x00000000d5800000)
  from space 512K, 62% used [0x00000000d5900000,0x00000000d5950000,0x00000000d5980000)
  to   space 512K, 0% used [0x00000000d5880000,0x00000000d5880000,0x00000000d5900000)
 ParOldGen       total 875008K, used 717776K [0x0000000080000000, 0x00000000b5680000, 0x00000000d5580000)
  object space 875008K, 82% used [0x0000000080000000,0x00000000abcf4230,0x00000000b5680000)
 Metaspace       used 86480K, committed 88320K, reserved 1179648K
  class space    used 8857K, committed 9664K, reserved 1048576K
}
Event: 3506.856 GC heap before
{Heap before GC invocations=1815 (full 4):
 PSYoungGen      total 3072K, used 2880K [0x00000000d5580000, 0x00000000d5980000, 0x0000000100000000)
  eden space 2560K, 100% used [0x00000000d5580000,0x00000000d5800000,0x00000000d5800000)
  from space 512K, 62% used [0x00000000d5900000,0x00000000d5950000,0x00000000d5980000)
  to   space 512K, 0% used [0x00000000d5880000,0x00000000d5880000,0x00000000d5900000)
 ParOldGen       total 875008K, used 717776K [0x0000000080000000, 0x00000000b5680000, 0x00000000d5580000)
  object space 875008K, 82% used [0x0000000080000000,0x00000000abcf4230,0x00000000b5680000)
 Metaspace       used 86488K, committed 88320K, reserved 1179648K
  class space    used 8857K, committed 9664K, reserved 1048576K
}
Event: 3506.861 GC heap after
{Heap after GC invocations=1815 (full 4):
 PSYoungGen      total 3072K, used 192K [0x00000000d5580000, 0x00000000d5980000, 0x0000000100000000)
  eden space 2560K, 0% used [0x00000000d5580000,0x00000000d5580000,0x00000000d5800000)
  from space 512K, 37% used [0x00000000d5880000,0x00000000d58b0000,0x00000000d5900000)
  to   space 512K, 0% used [0x00000000d5900000,0x00000000d5900000,0x00000000d5980000)
 ParOldGen       total 875008K, used 717920K [0x0000000080000000, 0x00000000b5680000, 0x00000000d5580000)
  object space 875008K, 82% used [0x0000000080000000,0x00000000abd18230,0x00000000b5680000)
 Metaspace       used 86488K, committed 88320K, reserved 1179648K
  class space    used 8857K, committed 9664K, reserved 1048576K
}
Event: 4659.075 GC heap before
{Heap before GC invocations=1816 (full 4):
 PSYoungGen      total 3072K, used 2752K [0x00000000d5580000, 0x00000000d5980000, 0x0000000100000000)
  eden space 2560K, 100% used [0x00000000d5580000,0x00000000d5800000,0x00000000d5800000)
  from space 512K, 37% used [0x00000000d5880000,0x00000000d58b0000,0x00000000d5900000)
  to   space 512K, 0% used [0x00000000d5900000,0x00000000d5900000,0x00000000d5980000)
 ParOldGen       total 875008K, used 717920K [0x0000000080000000, 0x00000000b5680000, 0x00000000d5580000)
  object space 875008K, 82% used [0x0000000080000000,0x00000000abd18230,0x00000000b5680000)
 Metaspace       used 86505K, committed 88320K, reserved 1179648K
  class space    used 8857K, committed 9664K, reserved 1048576K
}
Event: 4659.080 GC heap after
{Heap after GC invocations=1816 (full 4):
 PSYoungGen      total 3072K, used 505K [0x00000000d5580000, 0x00000000d5a00000, 0x0000000100000000)
  eden space 2560K, 0% used [0x00000000d5580000,0x00000000d5580000,0x00000000d5800000)
  from space 512K, 98% used [0x00000000d5900000,0x00000000d597e430,0x00000000d5980000)
  to   space 1024K, 0% used [0x00000000d5800000,0x00000000d5800000,0x00000000d5900000)
 ParOldGen       total 875008K, used 717960K [0x0000000080000000, 0x00000000b5680000, 0x00000000d5580000)
  object space 875008K, 82% used [0x0000000080000000,0x00000000abd22230,0x00000000b5680000)
 Metaspace       used 86505K, committed 88320K, reserved 1179648K
  class space    used 8857K, committed 9664K, reserved 1048576K
}
Event: 4659.197 GC heap before
{Heap before GC invocations=1817 (full 4):
 PSYoungGen      total 3072K, used 3065K [0x00000000d5580000, 0x00000000d5a00000, 0x0000000100000000)
  eden space 2560K, 100% used [0x00000000d5580000,0x00000000d5800000,0x00000000d5800000)
  from space 512K, 98% used [0x00000000d5900000,0x00000000d597e430,0x00000000d5980000)
  to   space 1024K, 0% used [0x00000000d5800000,0x00000000d5800000,0x00000000d5900000)
 ParOldGen       total 875008K, used 717960K [0x0000000080000000, 0x00000000b5680000, 0x00000000d5580000)
  object space 875008K, 82% used [0x0000000080000000,0x00000000abd22230,0x00000000b5680000)
 Metaspace       used 86523K, committed 88320K, reserved 1179648K
  class space    used 8857K, committed 9664K, reserved 1048576K
}
Event: 4659.201 GC heap after
{Heap after GC invocations=1817 (full 4):
 PSYoungGen      total 3584K, used 553K [0x00000000d5580000, 0x00000000d5a00000, 0x0000000100000000)
  eden space 2560K, 0% used [0x00000000d5580000,0x00000000d5580000,0x00000000d5800000)
  from space 1024K, 54% used [0x00000000d5800000,0x00000000d588a400,0x00000000d5900000)
  to   space 1024K, 0% used [0x00000000d5900000,0x00000000d5900000,0x00000000d5a00000)
 ParOldGen       total 875008K, used 718321K [0x0000000080000000, 0x00000000b5680000, 0x00000000d5580000)
  object space 875008K, 82% used [0x0000000080000000,0x00000000abd7c660,0x00000000b5680000)
 Metaspace       used 86523K, committed 88320K, reserved 1179648K
  class space    used 8857K, committed 9664K, reserved 1048576K
}
Event: 4659.516 GC heap before
{Heap before GC invocations=1818 (full 4):
 PSYoungGen      total 3584K, used 3112K [0x00000000d5580000, 0x00000000d5a00000, 0x0000000100000000)
  eden space 2560K, 99% used [0x00000000d5580000,0x00000000d57ffff0,0x00000000d5800000)
  from space 1024K, 54% used [0x00000000d5800000,0x00000000d588a400,0x00000000d5900000)
  to   space 1024K, 0% used [0x00000000d5900000,0x00000000d5900000,0x00000000d5a00000)
 ParOldGen       total 875008K, used 718321K [0x0000000080000000, 0x00000000b5680000, 0x00000000d5580000)
  object space 875008K, 82% used [0x0000000080000000,0x00000000abd7c660,0x00000000b5680000)
 Metaspace       used 86524K, committed 88320K, reserved 1179648K
  class space    used 8857K, committed 9664K, reserved 1048576K
}
Event: 4659.520 GC heap after
{Heap after GC invocations=1818 (full 4):
 PSYoungGen      total 3584K, used 489K [0x00000000d5580000, 0x00000000d5a00000, 0x0000000100000000)
  eden space 2560K, 0% used [0x00000000d5580000,0x00000000d5580000,0x00000000d5800000)
  from space 1024K, 47% used [0x00000000d5900000,0x00000000d597a400,0x00000000d5a00000)
  to   space 1024K, 0% used [0x00000000d5800000,0x00000000d5800000,0x00000000d5900000)
 ParOldGen       total 875008K, used 718513K [0x0000000080000000, 0x00000000b5680000, 0x00000000d5580000)
  object space 875008K, 82% used [0x0000000080000000,0x00000000abdac660,0x00000000b5680000)
 Metaspace       used 86524K, committed 88320K, reserved 1179648K
  class space    used 8857K, committed 9664K, reserved 1048576K
}
Event: 4660.580 GC heap before
{Heap before GC invocations=1819 (full 4):
 PSYoungGen      total 3584K, used 3049K [0x00000000d5580000, 0x00000000d5a00000, 0x0000000100000000)
  eden space 2560K, 100% used [0x00000000d5580000,0x00000000d5800000,0x00000000d5800000)
  from space 1024K, 47% used [0x00000000d5900000,0x00000000d597a400,0x00000000d5a00000)
  to   space 1024K, 0% used [0x00000000d5800000,0x00000000d5800000,0x00000000d5900000)
 ParOldGen       total 875008K, used 718513K [0x0000000080000000, 0x00000000b5680000, 0x00000000d5580000)
  object space 875008K, 82% used [0x0000000080000000,0x00000000abdac660,0x00000000b5680000)
 Metaspace       used 86541K, committed 88320K, reserved 1179648K
  class space    used 8857K, committed 9664K, reserved 1048576K
}
Event: 4660.583 GC heap after
{Heap after GC invocations=1819 (full 4):
 PSYoungGen      total 3584K, used 384K [0x00000000d5580000, 0x00000000d5980000, 0x0000000100000000)
  eden space 2560K, 0% used [0x00000000d5580000,0x00000000d5580000,0x00000000d5800000)
  from space 1024K, 37% used [0x00000000d5800000,0x00000000d5860000,0x00000000d5900000)
  to   space 512K, 0% used [0x00000000d5900000,0x00000000d5900000,0x00000000d5980000)
 ParOldGen       total 875008K, used 718569K [0x0000000080000000, 0x00000000b5680000, 0x00000000d5580000)
  object space 875008K, 82% used [0x0000000080000000,0x00000000abdba660,0x00000000b5680000)
 Metaspace       used 86541K, committed 88320K, reserved 1179648K
  class space    used 8857K, committed 9664K, reserved 1048576K
}
Event: 4700.811 GC heap before
{Heap before GC invocations=1820 (full 4):
 PSYoungGen      total 3584K, used 2911K [0x00000000d5580000, 0x00000000d5980000, 0x0000000100000000)
  eden space 2560K, 98% used [0x00000000d5580000,0x00000000d57f7ec8,0x00000000d5800000)
  from space 1024K, 37% used [0x00000000d5800000,0x00000000d5860000,0x00000000d5900000)
  to   space 512K, 0% used [0x00000000d5900000,0x00000000d5900000,0x00000000d5980000)
 ParOldGen       total 875008K, used 718569K [0x0000000080000000, 0x00000000b5680000, 0x00000000d5580000)
  object space 875008K, 82% used [0x0000000080000000,0x00000000abdba660,0x00000000b5680000)
 Metaspace       used 86556K, committed 88384K, reserved 1179648K
  class space    used 8857K, committed 9664K, reserved 1048576K
}
Event: 4700.817 GC heap after
{Heap after GC invocations=1820 (full 4):
 PSYoungGen      total 3072K, used 292K [0x00000000d5580000, 0x00000000d5980000, 0x0000000100000000)
  eden space 2560K, 0% used [0x00000000d5580000,0x00000000d5580000,0x00000000d5800000)
  from space 512K, 57% used [0x00000000d5900000,0x00000000d5949230,0x00000000d5980000)
  to   space 512K, 0% used [0x00000000d5880000,0x00000000d5880000,0x00000000d5900000)
 ParOldGen       total 875008K, used 718641K [0x0000000080000000, 0x00000000b5680000, 0x00000000d5580000)
  object space 875008K, 82% used [0x0000000080000000,0x00000000abdcc670,0x00000000b5680000)
 Metaspace       used 86556K, committed 88384K, reserved 1179648K
  class space    used 8857K, committed 9664K, reserved 1048576K
}
Event: 4943.987 GC heap before
{Heap before GC invocations=1821 (full 4):
 PSYoungGen      total 3072K, used 2851K [0x00000000d5580000, 0x00000000d5980000, 0x0000000100000000)
  eden space 2560K, 99% used [0x00000000d5580000,0x00000000d57ffbc0,0x00000000d5800000)
  from space 512K, 57% used [0x00000000d5900000,0x00000000d5949230,0x00000000d5980000)
  to   space 512K, 0% used [0x00000000d5880000,0x00000000d5880000,0x00000000d5900000)
 ParOldGen       total 875008K, used 718641K [0x0000000080000000, 0x00000000b5680000, 0x00000000d5580000)
  object space 875008K, 82% used [0x0000000080000000,0x00000000abdcc670,0x00000000b5680000)
 Metaspace       used 86561K, committed 88384K, reserved 1179648K
  class space    used 8857K, committed 9664K, reserved 1048576K
}
Event: 4943.991 GC heap after
{Heap after GC invocations=1821 (full 4):
 PSYoungGen      total 3072K, used 192K [0x00000000d5580000, 0x00000000d5980000, 0x0000000100000000)
  eden space 2560K, 0% used [0x00000000d5580000,0x00000000d5580000,0x00000000d5800000)
  from space 512K, 37% used [0x00000000d5880000,0x00000000d58b0000,0x00000000d5900000)
  to   space 512K, 0% used [0x00000000d5900000,0x00000000d5900000,0x00000000d5980000)
 ParOldGen       total 875008K, used 718849K [0x0000000080000000, 0x00000000b5680000, 0x00000000d5580000)
  object space 875008K, 82% used [0x0000000080000000,0x00000000abe006f0,0x00000000b5680000)
 Metaspace       used 86561K, committed 88384K, reserved 1179648K
  class space    used 8857K, committed 9664K, reserved 1048576K
}

Dll operation events (12 events):
Event: 0.063 Loaded shared library c:\Users\10935\.vscode\extensions\redhat.java-1.45.0-win32-x64\jre\21.0.8-win32-x86_64\bin\java.dll
Event: 0.179 Loaded shared library c:\Users\10935\.vscode\extensions\redhat.java-1.45.0-win32-x64\jre\21.0.8-win32-x86_64\bin\zip.dll
Event: 0.203 Loaded shared library C:\Users\10935\.vscode\extensions\redhat.java-1.45.0-win32-x64\jre\21.0.8-win32-x86_64\bin\instrument.dll
Event: 0.215 Loaded shared library C:\Users\10935\.vscode\extensions\redhat.java-1.45.0-win32-x64\jre\21.0.8-win32-x86_64\bin\net.dll
Event: 0.222 Loaded shared library C:\Users\10935\.vscode\extensions\redhat.java-1.45.0-win32-x64\jre\21.0.8-win32-x86_64\bin\nio.dll
Event: 0.226 Loaded shared library C:\Users\10935\.vscode\extensions\redhat.java-1.45.0-win32-x64\jre\21.0.8-win32-x86_64\bin\zip.dll
Event: 0.248 Loaded shared library C:\Users\10935\.vscode\extensions\redhat.java-1.45.0-win32-x64\jre\21.0.8-win32-x86_64\bin\jimage.dll
Event: 0.362 Loaded shared library c:\Users\10935\.vscode\extensions\redhat.java-1.45.0-win32-x64\jre\21.0.8-win32-x86_64\bin\verify.dll
Event: 1.647 Loaded shared library C:\Users\10935\AppData\Roaming\Code\User\globalStorage\redhat.java\1.45.0\config_win\org.eclipse.equinox.launcher\org.eclipse.equinox.launcher.win32.win32.x86_64_1.2.1400.v20250801-0854\eclipse_11916.dll
Event: 3.022 Loaded shared library C:\Users\10935\AppData\Local\Temp\jna-46738908\jna5033723497409434037.dll
Event: 4.426 Loaded shared library C:\Users\10935\.vscode\extensions\redhat.java-1.45.0-win32-x64\jre\21.0.8-win32-x86_64\bin\sunmscapi.dll
Event: 4.804 Loaded shared library C:\Users\10935\.vscode\extensions\redhat.java-1.45.0-win32-x64\jre\21.0.8-win32-x86_64\bin\extnet.dll

Deoptimization events (20 events):
Event: 4660.777 Thread 0x0000020504d87330 DEOPT PACKING pc=0x00000205307ec1e0 sp=0x00000046f38fe640
Event: 4660.777 Thread 0x0000020504d87330 DEOPT UNPACKING pc=0x000002052f6a3aa2 sp=0x00000046f38fe580 mode 2
Event: 4703.881 Thread 0x0000020504d85260 DEOPT PACKING pc=0x000002052a04b2c1 sp=0x00000046f51feb20
Event: 4703.881 Thread 0x0000020504d85260 DEOPT UNPACKING pc=0x000002052f6a4242 sp=0x00000046f51fe000 mode 0
Event: 4881.854 Thread 0x0000020506197ab0 Uncommon trap: trap_request=0xffffffd6 fr.pc=0x0000020530e5763c relative=0x00000000000002fc
Event: 4881.854 Thread 0x0000020506197ab0 Uncommon trap: reason=array_check action=maybe_recompile pc=0x0000020530e5763c method=java.util.concurrent.ScheduledThreadPoolExecutor$DelayedWorkQueue.offer(Ljava/lang/Runnable;)Z @ 65 c2
Event: 4881.854 Thread 0x0000020506197ab0 DEOPT PACKING pc=0x0000020530e5763c sp=0x00000046f18ff2a0
Event: 4881.854 Thread 0x0000020506197ab0 DEOPT UNPACKING pc=0x000002052f6a3aa2 sp=0x00000046f18ff140 mode 2
Event: 4882.861 Thread 0x0000020506197ab0 Uncommon trap: trap_request=0xffffffd6 fr.pc=0x0000020530e5763c relative=0x00000000000002fc
Event: 4882.861 Thread 0x0000020506197ab0 Uncommon trap: reason=array_check action=maybe_recompile pc=0x0000020530e5763c method=java.util.concurrent.ScheduledThreadPoolExecutor$DelayedWorkQueue.offer(Ljava/lang/Runnable;)Z @ 65 c2
Event: 4882.861 Thread 0x0000020506197ab0 DEOPT PACKING pc=0x0000020530e5763c sp=0x00000046f18ff2a0
Event: 4882.861 Thread 0x0000020506197ab0 DEOPT UNPACKING pc=0x000002052f6a3aa2 sp=0x00000046f18ff140 mode 2
Event: 4883.847 Thread 0x0000020506197ab0 Uncommon trap: trap_request=0xffffffd6 fr.pc=0x0000020530e5763c relative=0x00000000000002fc
Event: 4883.847 Thread 0x0000020506197ab0 Uncommon trap: reason=array_check action=maybe_recompile pc=0x0000020530e5763c method=java.util.concurrent.ScheduledThreadPoolExecutor$DelayedWorkQueue.offer(Ljava/lang/Runnable;)Z @ 65 c2
Event: 4883.847 Thread 0x0000020506197ab0 DEOPT PACKING pc=0x0000020530e5763c sp=0x00000046f18ff2a0
Event: 4883.847 Thread 0x0000020506197ab0 DEOPT UNPACKING pc=0x000002052f6a3aa2 sp=0x00000046f18ff140 mode 2
Event: 4884.850 Thread 0x0000020506197ab0 Uncommon trap: trap_request=0xffffffd6 fr.pc=0x0000020530e5763c relative=0x00000000000002fc
Event: 4884.850 Thread 0x0000020506197ab0 Uncommon trap: reason=array_check action=maybe_recompile pc=0x0000020530e5763c method=java.util.concurrent.ScheduledThreadPoolExecutor$DelayedWorkQueue.offer(Ljava/lang/Runnable;)Z @ 65 c2
Event: 4884.850 Thread 0x0000020506197ab0 DEOPT PACKING pc=0x0000020530e5763c sp=0x00000046f18ff2a0
Event: 4884.850 Thread 0x0000020506197ab0 DEOPT UNPACKING pc=0x000002052f6a3aa2 sp=0x00000046f18ff140 mode 2

Classes loaded (20 events):
Event: 376.893 Loading class com/sun/org/apache/xerces/internal/util/URI
Event: 376.894 Loading class com/sun/org/apache/xerces/internal/util/URI done
Event: 376.896 Loading class com/sun/org/apache/xerces/internal/xni/XNIException
Event: 376.896 Loading class com/sun/org/apache/xerces/internal/xni/XNIException done
Event: 376.898 Loading class com/sun/org/apache/xerces/internal/xni/parser/XMLParseException
Event: 376.898 Loading class com/sun/org/apache/xerces/internal/xni/parser/XMLParseException done
Event: 377.271 Loading class java/nio/BufferMismatch
Event: 377.271 Loading class java/nio/BufferMismatch done
Event: 695.191 Loading class java/util/ArrayDeque$DeqSpliterator
Event: 695.191 Loading class java/util/ArrayDeque$DeqSpliterator done
Event: 696.214 Loading class java/util/stream/ReferencePipeline$15
Event: 696.214 Loading class java/util/stream/ReferencePipeline$15 done
Event: 696.215 Loading class java/util/stream/ReferencePipeline$15$1
Event: 696.215 Loading class java/util/stream/ReferencePipeline$15$1 done
Event: 696.605 Loading class java/io/ObjectOutputStream$PutField
Event: 696.605 Loading class java/io/ObjectOutputStream$PutField done
Event: 696.606 Loading class java/io/ObjectInputValidation
Event: 696.606 Loading class java/io/ObjectInputValidation done
Event: 696.606 Loading class java/io/NotActiveException
Event: 696.606 Loading class java/io/NotActiveException done

Classes unloaded (10 events):
Event: 3.592 Thread 0x0000020524fd9ac0 Unloading class 0x000002053d1a4800 'java/lang/invoke/LambdaForm$MH+0x000002053d1a4800'
Event: 3.592 Thread 0x0000020524fd9ac0 Unloading class 0x000002053d1a4400 'java/lang/invoke/LambdaForm$MH+0x000002053d1a4400'
Event: 3.592 Thread 0x0000020524fd9ac0 Unloading class 0x000002053d1a4000 'java/lang/invoke/LambdaForm$MH+0x000002053d1a4000'
Event: 3.592 Thread 0x0000020524fd9ac0 Unloading class 0x000002053d1a3c00 'java/lang/invoke/LambdaForm$MH+0x000002053d1a3c00'
Event: 3.592 Thread 0x0000020524fd9ac0 Unloading class 0x000002053d1a3800 'java/lang/invoke/LambdaForm$BMH+0x000002053d1a3800'
Event: 3.592 Thread 0x0000020524fd9ac0 Unloading class 0x000002053d1a3400 'java/lang/invoke/LambdaForm$DMH+0x000002053d1a3400'
Event: 3.592 Thread 0x0000020524fd9ac0 Unloading class 0x000002053d1a2000 'java/lang/invoke/LambdaForm$DMH+0x000002053d1a2000'
Event: 373.524 Thread 0x0000020524fd9ac0 Unloading class 0x000002053d721000 'java/lang/invoke/LambdaForm$DMH+0x000002053d721000'
Event: 373.524 Thread 0x0000020524fd9ac0 Unloading class 0x000002053d720400 'java/lang/invoke/LambdaForm$DMH+0x000002053d720400'
Event: 373.524 Thread 0x0000020524fd9ac0 Unloading class 0x000002053d720800 'java/lang/invoke/LambdaForm$DMH+0x000002053d720800'

Classes redefined (0 events):
No events

Internal exceptions (20 events):
Event: 666.123 Thread 0x000002050400c280 Implicit null exception at 0x000002053098ce3d to 0x000002053098d474
Event: 692.864 Thread 0x0000020504d858f0 Exception <a 'java/lang/IncompatibleClassChangeError'{0x00000000d55d12d0}: Found class java.lang.Object, but interface was expected> (0x00000000d55d12d0) 
thrown [s\src\hotspot\share\interpreter\linkResolver.cpp, line 840]
Event: 692.961 Thread 0x0000020504d858f0 Exception <a 'java/lang/IncompatibleClassChangeError'{0x00000000d56876b0}: Found class java.lang.Object, but interface was expected> (0x00000000d56876b0) 
thrown [s\src\hotspot\share\interpreter\linkResolver.cpp, line 840]
Event: 693.116 Thread 0x0000020506196700 Implicit null exception at 0x00000205309ebe4b to 0x00000205309ee2e6
Event: 693.749 Thread 0x000002050400c280 Exception <a 'sun/nio/fs/WindowsException'{0x00000000d55c0338}> (0x00000000d55c0338) 
thrown [s\src\hotspot\share\prims\jni.cpp, line 520]
Event: 694.038 Thread 0x000002050400c280 Exception <a 'sun/nio/fs/WindowsException'{0x00000000d5804b08}> (0x00000000d5804b08) 
thrown [s\src\hotspot\share\prims\jni.cpp, line 520]
Event: 695.194 Thread 0x0000020504d858f0 Implicit null exception at 0x000002052fcf401d to 0x000002052fcf453c
Event: 696.575 Thread 0x0000020506196700 Implicit null exception at 0x000002052fdb2402 to 0x000002052fdb24fc
Event: 696.624 Thread 0x0000020506196700 Implicit null exception at 0x0000020530bf5faa to 0x0000020530bf82c0
Event: 696.624 Thread 0x0000020506196700 Implicit null exception at 0x00000205309b35eb to 0x00000205309b4508
Event: 4660.214 Thread 0x0000020504d85f80 Exception <a 'sun/nio/fs/WindowsException'{0x00000000d5668678}> (0x00000000d5668678) 
thrown [s\src\hotspot\share\prims\jni.cpp, line 520]
Event: 4660.216 Thread 0x0000020504d85f80 Exception <a 'sun/nio/fs/WindowsException'{0x00000000d5669290}> (0x00000000d5669290) 
thrown [s\src\hotspot\share\prims\jni.cpp, line 520]
Event: 4660.218 Thread 0x0000020504d85f80 Exception <a 'sun/nio/fs/WindowsException'{0x00000000d5669f90}> (0x00000000d5669f90) 
thrown [s\src\hotspot\share\prims\jni.cpp, line 520]
Event: 4660.218 Thread 0x0000020504d85f80 Exception <a 'sun/nio/fs/WindowsException'{0x00000000d566a858}> (0x00000000d566a858) 
thrown [s\src\hotspot\share\prims\jni.cpp, line 520]
Event: 4660.220 Thread 0x0000020504d85f80 Exception <a 'sun/nio/fs/WindowsException'{0x00000000d566bf88}> (0x00000000d566bf88) 
thrown [s\src\hotspot\share\prims\jni.cpp, line 520]
Event: 4660.221 Thread 0x0000020504d85f80 Exception <a 'sun/nio/fs/WindowsException'{0x00000000d566c5a0}> (0x00000000d566c5a0) 
thrown [s\src\hotspot\share\prims\jni.cpp, line 520]
Event: 4660.259 Thread 0x0000020504d85f80 Exception <a 'sun/nio/fs/WindowsException'{0x00000000d56934b0}> (0x00000000d56934b0) 
thrown [s\src\hotspot\share\prims\jni.cpp, line 520]
Event: 4660.259 Thread 0x0000020504d85f80 Exception <a 'sun/nio/fs/WindowsException'{0x00000000d5693d78}> (0x00000000d5693d78) 
thrown [s\src\hotspot\share\prims\jni.cpp, line 520]
Event: 4660.761 Thread 0x0000020504d87330 Exception <a 'sun/nio/fs/WindowsException'{0x00000000d56cd380}> (0x00000000d56cd380) 
thrown [s\src\hotspot\share\prims\jni.cpp, line 520]
Event: 4660.761 Thread 0x0000020504d87330 Exception <a 'sun/nio/fs/WindowsException'{0x00000000d56cd9d0}> (0x00000000d56cd9d0) 
thrown [s\src\hotspot\share\prims\jni.cpp, line 520]

ZGC Phase Switch (0 events):
No events

VM Operations (20 events):
Event: 5195.656 Executing VM operation: HandshakeAllThreads (HandshakeForDeflation)
Event: 5195.656 Executing VM operation: HandshakeAllThreads (HandshakeForDeflation) done
Event: 5195.656 Executing VM operation: RendezvousGCThreads
Event: 5195.656 Executing VM operation: RendezvousGCThreads done
Event: 5255.906 Executing VM operation: HandshakeAllThreads (HandshakeForDeflation)
Event: 5255.907 Executing VM operation: HandshakeAllThreads (HandshakeForDeflation) done
Event: 5255.907 Executing VM operation: RendezvousGCThreads
Event: 5255.907 Executing VM operation: RendezvousGCThreads done
Event: 5316.023 Executing VM operation: HandshakeAllThreads (HandshakeForDeflation)
Event: 5316.023 Executing VM operation: HandshakeAllThreads (HandshakeForDeflation) done
Event: 5316.023 Executing VM operation: RendezvousGCThreads
Event: 5316.023 Executing VM operation: RendezvousGCThreads done
Event: 5332.143 Executing VM operation: Cleanup
Event: 5332.143 Executing VM operation: Cleanup done
Event: 5333.145 Executing VM operation: Cleanup
Event: 5333.145 Executing VM operation: Cleanup done
Event: 5436.324 Executing VM operation: HandshakeAllThreads (HandshakeForDeflation)
Event: 5436.324 Executing VM operation: HandshakeAllThreads (HandshakeForDeflation) done
Event: 5436.324 Executing VM operation: RendezvousGCThreads
Event: 5436.324 Executing VM operation: RendezvousGCThreads done

Memory protections (0 events):
No events

Nmethod flushes (20 events):
Event: 373.548 Thread 0x0000020524fd9ac0 flushing  nmethod 0x0000020529033110
Event: 373.548 Thread 0x0000020524fd9ac0 flushing  nmethod 0x0000020529041390
Event: 373.548 Thread 0x0000020524fd9ac0 flushing osr nmethod 0x00000205290a0290
Event: 373.548 Thread 0x0000020524fd9ac0 flushing  nmethod 0x00000205290c8990
Event: 373.548 Thread 0x0000020524fd9ac0 flushing  nmethod 0x00000205290c8e90
Event: 373.548 Thread 0x0000020524fd9ac0 flushing  nmethod 0x00000205290ca490
Event: 373.548 Thread 0x0000020524fd9ac0 flushing  nmethod 0x00000205290caa90
Event: 373.548 Thread 0x0000020524fd9ac0 flushing  nmethod 0x00000205290cd090
Event: 373.548 Thread 0x0000020524fd9ac0 flushing  nmethod 0x00000205290d1010
Event: 373.548 Thread 0x0000020524fd9ac0 flushing  nmethod 0x00000205290d1590
Event: 373.548 Thread 0x0000020524fd9ac0 flushing  nmethod 0x00000205290d9390
Event: 373.548 Thread 0x0000020524fd9ac0 flushing  nmethod 0x00000205290e7e90
Event: 373.548 Thread 0x0000020524fd9ac0 flushing  nmethod 0x00000205290ec910
Event: 373.548 Thread 0x0000020524fd9ac0 flushing  nmethod 0x00000205290ecd10
Event: 373.548 Thread 0x0000020524fd9ac0 flushing  nmethod 0x00000205290ee810
Event: 373.548 Thread 0x0000020524fd9ac0 flushing  nmethod 0x0000020529112e90
Event: 373.548 Thread 0x0000020524fd9ac0 flushing  nmethod 0x0000020529171b90
Event: 373.548 Thread 0x0000020524fd9ac0 flushing  nmethod 0x000002052917fe10
Event: 373.548 Thread 0x0000020524fd9ac0 flushing  nmethod 0x00000205291a9890
Event: 373.548 Thread 0x0000020524fd9ac0 flushing  nmethod 0x00000205291b9510

Events (20 events):
Event: 4659.497 Thread 0x00000205071d4b90 Thread exited: 0x00000205071d4b90
Event: 4659.497 Thread 0x00000205071d66d0 Thread exited: 0x00000205071d66d0
Event: 4660.707 Thread 0x00000205061959e0 Thread added: 0x0000020504d8a120
Event: 4660.718 Thread 0x0000020504d8a120 Thread added: 0x0000020504d87330
Event: 4660.780 Thread 0x0000020504d87330 Thread added: 0x0000020504d86ca0
Event: 4661.292 Thread 0x0000020505cb2fc0 Thread added: 0x0000020504d8ae40
Event: 4661.735 Thread 0x0000020504d8a120 Thread added: 0x0000020504d8a7b0
Event: 4661.736 Thread 0x0000020504d86ca0 Thread exited: 0x0000020504d86ca0
Event: 4661.962 Thread 0x0000020504d8a7b0 Thread added: 0x0000020504d86ca0
Event: 4661.965 Thread 0x0000020504d8a7b0 Thread exited: 0x0000020504d8a7b0
Event: 4721.296 Thread 0x0000020505cb3ce0 Thread exited: 0x0000020505cb3ce0
Event: 4760.828 Thread 0x0000020504d85f80 Thread exited: 0x0000020504d85f80
Event: 4820.828 Thread 0x0000020504d89a90 Thread exited: 0x0000020504d89a90
Event: 5332.142 Thread 0x0000020504d87330 Thread exited: 0x0000020504d87330
Event: 5332.144 Thread 0x0000020504d858f0 Thread added: 0x0000020504d85f80
Event: 5332.221 Thread 0x0000020504d85f80 Thread added: 0x0000020504d84540
Event: 5362.151 Thread 0x0000020504d8a120 Thread exited: 0x0000020504d8a120
Event: 5392.227 Thread 0x0000020504d86ca0 Thread exited: 0x0000020504d86ca0
Event: 5392.227 Thread 0x0000020504d85f80 Thread exited: 0x0000020504d85f80
Event: 5452.244 Thread 0x0000020504d84540 Thread exited: 0x0000020504d84540


Dynamic libraries:
0x00007ff6333c0000 - 0x00007ff6333ce000 	c:\Users\10935\.vscode\extensions\redhat.java-1.45.0-win32-x64\jre\21.0.8-win32-x86_64\bin\java.exe
0x00007ff92cad0000 - 0x00007ff92cce7000 	C:\windows\SYSTEM32\ntdll.dll
0x00007ff92b690000 - 0x00007ff92b754000 	C:\windows\System32\KERNEL32.DLL
0x00007ff92a150000 - 0x00007ff92a522000 	C:\windows\System32\KERNELBASE.dll
0x00007ff929d60000 - 0x00007ff929e71000 	C:\windows\System32\ucrtbase.dll
0x00007ff8ffc50000 - 0x00007ff8ffc68000 	c:\Users\10935\.vscode\extensions\redhat.java-1.45.0-win32-x64\jre\21.0.8-win32-x86_64\bin\jli.dll
0x00007ff92a790000 - 0x00007ff92a941000 	C:\windows\System32\USER32.dll
0x00007ff929f20000 - 0x00007ff929f46000 	C:\windows\System32\win32u.dll
0x00007ff92b8e0000 - 0x00007ff92b909000 	C:\windows\System32\GDI32.dll
0x00007ff92a630000 - 0x00007ff92a753000 	C:\windows\System32\gdi32full.dll
0x00007ff929e80000 - 0x00007ff929f1a000 	C:\windows\System32\msvcp_win.dll
0x00007ff8ffad0000 - 0x00007ff8ffaee000 	c:\Users\10935\.vscode\extensions\redhat.java-1.45.0-win32-x64\jre\21.0.8-win32-x86_64\bin\VCRUNTIME140.dll
0x00007ff9015b0000 - 0x00007ff90184b000 	C:\windows\WinSxS\amd64_microsoft.windows.common-controls_6595b64144ccf1df_6.0.22621.5697_none_27154c497380d676\COMCTL32.dll
0x00007ff92bee0000 - 0x00007ff92bf87000 	C:\windows\System32\msvcrt.dll
0x00007ff92b5d0000 - 0x00007ff92b601000 	C:\windows\System32\IMM32.DLL
0x00000205244a0000 - 0x00000205244b6000 	C:\windows\System32\umppc20006.dll
0x00000205244e0000 - 0x00000205244f4000 	C:\windows\System32\CsXumd64_20006.dll
0x00007ff8ffa20000 - 0x00007ff8ffa2c000 	c:\Users\10935\.vscode\extensions\redhat.java-1.45.0-win32-x64\jre\21.0.8-win32-x86_64\bin\vcruntime140_1.dll
0x00007ff8f5f70000 - 0x00007ff8f5ffd000 	c:\Users\10935\.vscode\extensions\redhat.java-1.45.0-win32-x64\jre\21.0.8-win32-x86_64\bin\msvcp140.dll
0x00007ff88be30000 - 0x00007ff88cbc7000 	c:\Users\10935\.vscode\extensions\redhat.java-1.45.0-win32-x64\jre\21.0.8-win32-x86_64\bin\server\jvm.dll
0x00007ff92c940000 - 0x00007ff92c9f1000 	C:\windows\System32\ADVAPI32.dll
0x00007ff92aa80000 - 0x00007ff92ab28000 	C:\windows\System32\sechost.dll
0x00007ff929bc0000 - 0x00007ff929be8000 	C:\windows\System32\bcrypt.dll
0x00007ff92c410000 - 0x00007ff92c527000 	C:\windows\System32\RPCRT4.dll
0x00007ff92b910000 - 0x00007ff92b981000 	C:\windows\System32\WS2_32.dll
0x00007ff929a90000 - 0x00007ff929add000 	C:\windows\SYSTEM32\POWRPROF.dll
0x00007ff922dc0000 - 0x00007ff922df4000 	C:\windows\SYSTEM32\WINMM.dll
0x00007ff9208f0000 - 0x00007ff9208fa000 	C:\windows\SYSTEM32\VERSION.dll
0x00007ff929a70000 - 0x00007ff929a83000 	C:\windows\SYSTEM32\UMPDC.dll
0x00007ff928a80000 - 0x00007ff928a98000 	C:\windows\SYSTEM32\kernel.appcore.dll
0x00007ff8ff920000 - 0x00007ff8ff92a000 	c:\Users\10935\.vscode\extensions\redhat.java-1.45.0-win32-x64\jre\21.0.8-win32-x86_64\bin\jimage.dll
0x00007ff927130000 - 0x00007ff927363000 	C:\windows\SYSTEM32\DBGHELP.DLL
0x00007ff92c530000 - 0x00007ff92c8c2000 	C:\windows\System32\combase.dll
0x00007ff92bbe0000 - 0x00007ff92bcb8000 	C:\windows\System32\OLEAUT32.dll
0x00007ff900260000 - 0x00007ff900292000 	C:\windows\SYSTEM32\dbgcore.DLL
0x00007ff92a530000 - 0x00007ff92a5ab000 	C:\windows\System32\bcryptPrimitives.dll
0x00007ff8ff910000 - 0x00007ff8ff91f000 	c:\Users\10935\.vscode\extensions\redhat.java-1.45.0-win32-x64\jre\21.0.8-win32-x86_64\bin\instrument.dll
0x00007ff8fec80000 - 0x00007ff8fec9f000 	c:\Users\10935\.vscode\extensions\redhat.java-1.45.0-win32-x64\jre\21.0.8-win32-x86_64\bin\java.dll
0x00007ff92ad20000 - 0x00007ff92b5c1000 	C:\windows\System32\SHELL32.dll
0x00007ff929f50000 - 0x00007ff92a08f000 	C:\windows\System32\wintypes.dll
0x00007ff9277a0000 - 0x00007ff9280ba000 	C:\windows\SYSTEM32\windows.storage.dll
0x00007ff92b760000 - 0x00007ff92b86b000 	C:\windows\System32\SHCORE.dll
0x00007ff92c8d0000 - 0x00007ff92c939000 	C:\windows\System32\shlwapi.dll
0x00007ff929af0000 - 0x00007ff929b1b000 	C:\windows\SYSTEM32\profapi.dll
0x00007ff8faac0000 - 0x00007ff8faad8000 	c:\Users\10935\.vscode\extensions\redhat.java-1.45.0-win32-x64\jre\21.0.8-win32-x86_64\bin\zip.dll
0x00007ff8fb1c0000 - 0x00007ff8fb1d0000 	C:\Users\10935\.vscode\extensions\redhat.java-1.45.0-win32-x64\jre\21.0.8-win32-x86_64\bin\net.dll
0x00007ff928aa0000 - 0x00007ff928bcc000 	C:\windows\SYSTEM32\WINHTTP.dll
0x00007ff929070000 - 0x00007ff9290d9000 	C:\windows\system32\mswsock.dll
0x00007ff8ea9c0000 - 0x00007ff8ea9d6000 	C:\Users\10935\.vscode\extensions\redhat.java-1.45.0-win32-x64\jre\21.0.8-win32-x86_64\bin\nio.dll
0x00007ff8fec70000 - 0x00007ff8fec80000 	c:\Users\10935\.vscode\extensions\redhat.java-1.45.0-win32-x64\jre\21.0.8-win32-x86_64\bin\verify.dll
0x00007ff88bde0000 - 0x00007ff88be24000 	C:\Users\10935\AppData\Roaming\Code\User\globalStorage\redhat.java\1.45.0\config_win\org.eclipse.equinox.launcher\org.eclipse.equinox.launcher.win32.win32.x86_64_1.2.1400.v20250801-0854\eclipse_11916.dll
0x00007ff92ba40000 - 0x00007ff92bbe0000 	C:\windows\System32\ole32.dll
0x00007ff929310000 - 0x00007ff92932b000 	C:\windows\SYSTEM32\CRYPTSP.dll
0x00007ff9289e0000 - 0x00007ff928a17000 	C:\windows\system32\rsaenh.dll
0x00007ff929110000 - 0x00007ff929138000 	C:\windows\SYSTEM32\USERENV.dll
0x00007ff9292f0000 - 0x00007ff9292fc000 	C:\windows\SYSTEM32\CRYPTBASE.dll
0x00007ff928310000 - 0x00007ff92833d000 	C:\windows\SYSTEM32\IPHLPAPI.DLL
0x00007ff92ca00000 - 0x00007ff92ca09000 	C:\windows\System32\NSI.dll
0x00007ff88bd40000 - 0x00007ff88bd89000 	C:\Users\10935\AppData\Local\Temp\jna-46738908\jna5033723497409434037.dll
0x00007ff92a760000 - 0x00007ff92a768000 	C:\windows\System32\PSAPI.DLL
0x00007ff925cb0000 - 0x00007ff925cc9000 	C:\windows\SYSTEM32\dhcpcsvc6.DLL
0x00007ff925c90000 - 0x00007ff925caf000 	C:\windows\SYSTEM32\dhcpcsvc.DLL
0x00007ff8fab10000 - 0x00007ff8fab1e000 	C:\Users\10935\.vscode\extensions\redhat.java-1.45.0-win32-x64\jre\21.0.8-win32-x86_64\bin\sunmscapi.dll
0x00007ff929bf0000 - 0x00007ff929d58000 	C:\windows\System32\CRYPT32.dll
0x00007ff929400000 - 0x00007ff92942d000 	C:\windows\SYSTEM32\ncrypt.dll
0x00007ff9293c0000 - 0x00007ff9293f7000 	C:\windows\SYSTEM32\NTASN1.dll
0x00007ff928340000 - 0x00007ff928438000 	C:\windows\SYSTEM32\DNSAPI.dll
0x00007ff924d00000 - 0x00007ff924d0a000 	C:\Windows\System32\rasadhlp.dll
0x00007ff925d50000 - 0x00007ff925dd4000 	C:\windows\System32\fwpuclnt.dll
0x00007ff8fab00000 - 0x00007ff8fab09000 	C:\Users\10935\.vscode\extensions\redhat.java-1.45.0-win32-x64\jre\21.0.8-win32-x86_64\bin\extnet.dll

JVMTI agents:
c:\Users\10935\.vscode\extensions\redhat.java-1.45.0-win32-x64\lombok\lombok-1.18.39-4050.jar path:c:\Users\10935\.vscode\extensions\redhat.java-1.45.0-win32-x64\jre\21.0.8-win32-x86_64\bin\instrument.dll, loaded, initialized, instrumentlib options:none

dbghelp: loaded successfully - version: 4.0.5 - missing functions: none
symbol engine: initialized successfully - sym options: 0x614 - pdb path: .;c:\Users\10935\.vscode\extensions\redhat.java-1.45.0-win32-x64\jre\21.0.8-win32-x86_64\bin;C:\windows\SYSTEM32;C:\windows\WinSxS\amd64_microsoft.windows.common-controls_6595b64144ccf1df_6.0.22621.5697_none_27154c497380d676;c:\Users\10935\.vscode\extensions\redhat.java-1.45.0-win32-x64\jre\21.0.8-win32-x86_64\bin\server;C:\Users\10935\AppData\Roaming\Code\User\globalStorage\redhat.java\1.45.0\config_win\org.eclipse.equinox.launcher\org.eclipse.equinox.launcher.win32.win32.x86_64_1.2.1400.v20250801-0854;C:\Users\10935\AppData\Local\Temp\jna-46738908

VM Arguments:
jvm_args: --add-modules=ALL-SYSTEM --add-opens=java.base/java.util=ALL-UNNAMED --add-opens=java.base/java.lang=ALL-UNNAMED --add-opens=java.base/sun.nio.fs=ALL-UNNAMED -Declipse.application=org.eclipse.jdt.ls.core.id1 -Dosgi.bundles.defaultStartLevel=4 -Declipse.product=org.eclipse.jdt.ls.core.product -Djava.import.generatesMetadataFilesAtProjectRoot=false -DDetectVMInstallationsJob.disabled=true -Dfile.encoding=utf8 -XX:+UseParallelGC -XX:GCTimeRatio=4 -XX:AdaptiveSizePolicyWeight=90 -Dsun.zip.disableMemoryMapping=true -Xmx2G -Xms100m -Xlog:disable -javaagent:c:\Users\10935\.vscode\extensions\redhat.java-1.45.0-win32-x64\lombok\lombok-1.18.39-4050.jar -XX:+HeapDumpOnOutOfMemoryError -XX:HeapDumpPath=c:\Users\10935\AppData\Roaming\Code\User\workspaceStorage\45f548e0b30d52b6814e104f887155be\redhat.java -Daether.dependencyCollector.impl=bf 
java_command: c:\Users\10935\.vscode\extensions\redhat.java-1.45.0-win32-x64\server\plugins\org.eclipse.equinox.launcher_1.7.0.v20250519-0528.jar -configuration c:\Users\10935\AppData\Roaming\Code\User\globalStorage\redhat.java\1.45.0\config_win -data c:\Users\10935\AppData\Roaming\Code\User\workspaceStorage\45f548e0b30d52b6814e104f887155be\redhat.java\jdt_ws --pipe=\\.\pipe\lsp-0faecbd5e8688db08d183ffd82a58993-sock
java_class_path (initial): c:\Users\10935\.vscode\extensions\redhat.java-1.45.0-win32-x64\server\plugins\org.eclipse.equinox.launcher_1.7.0.v20250519-0528.jar
Launcher Type: SUN_STANDARD

[Global flags]
    uintx AdaptiveSizePolicyWeight                 = 90                                        {product} {command line}
     intx CICompilerCount                          = 4                                         {product} {ergonomic}
    uintx GCTimeRatio                              = 4                                         {product} {command line}
     bool HeapDumpOnOutOfMemoryError               = true                                   {manageable} {command line}
    ccstr HeapDumpPath                             = c:\Users\10935\AppData\Roaming\Code\User\workspaceStorage\45f548e0b30d52b6814e104f887155be\redhat.java         {manageable} {command line}
   size_t InitialHeapSize                          = 104857600                                 {product} {command line}
   size_t MaxHeapSize                              = 2147483648                                {product} {command line}
   size_t MaxNewSize                               = 715653120                                 {product} {ergonomic}
   size_t MinHeapDeltaBytes                        = 524288                                    {product} {ergonomic}
   size_t MinHeapSize                              = 104857600                                 {product} {command line}
   size_t NewSize                                  = 34603008                                  {product} {ergonomic}
    uintx NonNMethodCodeHeapSize                   = 5839372                                {pd product} {ergonomic}
    uintx NonProfiledCodeHeapSize                  = 122909434                              {pd product} {ergonomic}
   size_t OldSize                                  = 70254592                                  {product} {ergonomic}
    uintx ProfiledCodeHeapSize                     = 122909434                              {pd product} {ergonomic}
    uintx ReservedCodeCacheSize                    = 251658240                              {pd product} {ergonomic}
     bool SegmentedCodeCache                       = true                                      {product} {ergonomic}
   size_t SoftMaxHeapSize                          = 2147483648                             {manageable} {ergonomic}
     bool UseCompressedOops                        = true                           {product lp64_product} {ergonomic}
     bool UseLargePagesIndividualAllocation        = false                                  {pd product} {ergonomic}
     bool UseParallelGC                            = true                                      {product} {command line}

Logging:
Log output configuration:
 #0: stdout all=off uptime,level,tags foldmultilines=false
 #1: stderr all=off uptime,level,tags foldmultilines=false

Environment Variables:
JAVA_HOME=C:\Program Files\Java\jdk-1.8
PATH=C:\Program Files (x86)\Common Files\Oracle\Java\java8path;C:\Program Files (x86)\Common Files\Oracle\Java\javapath;D:\DevSuiteHome_1\jdk\jre\bin\classic;D:\DevSuiteHome_1\jdk\jre\bin;D:\DevSuiteHome_1\jdk\jre\bin\client;D:\DevSuiteHome_1\jlib;D:\DevSuiteHome_1\bin;D:\DevSuiteHome_1\jre\1.4.2\bin\client;D:\DevSuiteHome_1\jre\1.4.2\bin;C:\windows\system32;C:\windows;C:\windows\System32\Wbem;C:\windows\System32\WindowsPowerShell\v1.0\;C:\windows\System32\OpenSSH\;C:\Program Files\TortoiseSVN\bin;C:\Program Files\Java\jdk-1.8\bin;C:\apache-maven-3.9.11\bin;C:\Program Files\nodejs\;C:\Users\10935\AppData\Local\Microsoft\WindowsApps;C:\Users\10935\AppData\Local\Programs\Microsoft VS Code\bin;C:\Users\10935\AppData\Local\Programs\Git\cmd;C:\Users\10935\AppData\Roaming\npm;C:\Users\10935\AppData\Local\JetBrains\PyCharm 2025.1.3\bin;;C:\Users\10935\AppData\Local\Programs\cursor\resources\app\bin
USERNAME=10935
OS=Windows_NT
PROCESSOR_IDENTIFIER=Intel64 Family 6 Model 186 Stepping 3, GenuineIntel
TMP=C:\Users\10935\AppData\Local\Temp
TEMP=C:\Users\10935\AppData\Local\Temp




Periodic native trim disabled

---------------  S Y S T E M  ---------------

OS:
 Windows 11 , 64 bit Build 22621 (10.0.22621.5415)
OS uptime: 0 days 1:33 hours
Hyper-V role detected

CPU: total 12 (initial active 12) (6 cores per cpu, 2 threads per core) family 6 model 186 stepping 3 microcode 0x4128, cx8, cmov, fxsr, ht, mmx, 3dnowpref, sse, sse2, sse3, ssse3, sse4.1, sse4.2, popcnt, lzcnt, tsc, tscinvbit, avx, avx2, aes, erms, clmul, bmi1, bmi2, adx, sha, fma, vzeroupper, clflush, clflushopt, clwb, hv, serialize, rdtscp, rdpid, fsrm, f16c, cet_ibt, cet_ss
Processor Information for the first 12 processors :
  Max Mhz: 1300, Current Mhz: 1300, Mhz Limit: 1300

Memory: 4k page, system-wide physical 16016M (3772M free)
TotalPageFile size 17551M (AvailPageFile size 9M)
current process WorkingSet (physical memory assigned to process): 216M, peak: 1209M
current process commit charge ("private bytes"): 1251M, peak: 1270M

vm_info: OpenJDK 64-Bit Server VM (21.0.8+9-LTS) for windows-amd64 JRE (21.0.8+9-LTS), built on 2025-07-15T00:00:00Z by "admin" with MS VC++ 17.7 (VS2022)

END.
