#
# There is insufficient memory for the Java Runtime Environment to continue.
# Native memory allocation (malloc) failed to allocate 1365952 bytes. Error detail: Chunk::new
# Possible reasons:
#   The system is out of physical RAM or swap space
#   This process is running with CompressedOops enabled, and the Java Heap may be blocking the growth of the native heap
# Possible solutions:
#   Reduce memory load on the system
#   Increase physical memory or swap space
#   Check if swap backing store is full
#   Decrease Java heap size (-Xmx/-Xms)
#   Decrease number of Java threads
#   Decrease Java thread stack sizes (-Xss)
#   Set larger code cache with -XX:ReservedCodeCacheSize=
#   JVM is running with Unscaled Compressed Oops mode in which the Java heap is
#     placed in the first 4GB address space. The Java Heap base address is the
#     maximum limit for the native heap growth. Please use -XX:HeapBaseMinAddress
#     to set the Java Heap base and to place the Java Heap above 4GB virtual address.
# This output file may be truncated or incomplete.
#
#  Out of Memory Error (arena.cpp:168), pid=23324, tid=21980
#
# JRE version: OpenJDK Runtime Environment Temurin-21.0.8+9 (21.0.8+9) (build 21.0.8+9-LTS)
# Java VM: OpenJDK 64-Bit Server VM Temurin-21.0.8+9 (21.0.8+9-LTS, mixed mode, sharing, tiered, compressed oops, compressed class ptrs, parallel gc, windows-amd64)
# No core dump will be written. Minidumps are not enabled by default on client versions of Windows
#

---------------  S U M M A R Y ------------

Command Line: --add-modules=ALL-SYSTEM --add-opens=java.base/java.util=ALL-UNNAMED --add-opens=java.base/java.lang=ALL-UNNAMED --add-opens=java.base/sun.nio.fs=ALL-UNNAMED -Declipse.application=org.eclipse.jdt.ls.core.id1 -Dosgi.bundles.defaultStartLevel=4 -Declipse.product=org.eclipse.jdt.ls.core.product -Djava.import.generatesMetadataFilesAtProjectRoot=false -DDetectVMInstallationsJob.disabled=true -Dfile.encoding=utf8 -XX:+UseParallelGC -XX:GCTimeRatio=4 -XX:AdaptiveSizePolicyWeight=90 -Dsun.zip.disableMemoryMapping=true -Xmx2G -Xms100m -Xlog:disable -javaagent:c:\Users\10935\.vscode\extensions\redhat.java-1.44.0-win32-x64\lombok\lombok-1.18.39-4050.jar -XX:+HeapDumpOnOutOfMemoryError -XX:HeapDumpPath=c:\Users\10935\AppData\Roaming\Code\User\workspaceStorage\45f548e0b30d52b6814e104f887155be\redhat.java -Daether.dependencyCollector.impl=bf c:\Users\10935\.vscode\extensions\redhat.java-1.44.0-win32-x64\server\plugins\org.eclipse.equinox.launcher_1.7.0.v20250519-0528.jar -configuration c:\Users\10935\AppData\Roaming\Code\User\globalStorage\redhat.java\1.44.0\config_win -data c:\Users\10935\AppData\Roaming\Code\User\workspaceStorage\45f548e0b30d52b6814e104f887155be\redhat.java\jdt_ws --pipe=\\.\pipe\lsp-31b9a97d4bd97484afd20635a30bd21c-sock

Host: 13th Gen Intel(R) Core(TM) i5-1334U, 12 cores, 15G,  Windows 11 , 64 bit Build 22621 (10.0.22621.5415)
Time: Wed Aug 20 17:29:50 2025 India Standard Time elapsed time: 48.075173 seconds (0d 0h 0m 48s)

---------------  T H R E A D  ---------------

Current thread (0x0000013b758ca040):  JavaThread "C2 CompilerThread2" daemon [_thread_in_native, id=21980, stack(0x0000002c32000000,0x0000002c32100000) (1024K)]


Current CompileTask:
C2:48075 13796       4       org.eclipse.jdt.internal.compiler.lookup.BinaryTypeBinding::createMethod (1666 bytes)

Stack: [0x0000002c32000000,0x0000002c32100000]
Native frames: (J=compiled Java code, j=interpreted, Vv=VM code, C=native code)
V  [jvm.dll+0x6d2449]
V  [jvm.dll+0x8ae341]
V  [jvm.dll+0x8b08be]
V  [jvm.dll+0x8b0fa3]
V  [jvm.dll+0x280c96]
V  [jvm.dll+0xc581d]
V  [jvm.dll+0xc5d53]
V  [jvm.dll+0x3b919c]
V  [jvm.dll+0x1e1409]
V  [jvm.dll+0x249022]
V  [jvm.dll+0x2484af]
V  [jvm.dll+0x1c89ee]
V  [jvm.dll+0x257d4d]
V  [jvm.dll+0x2562ea]
V  [jvm.dll+0x3f2d16]
V  [jvm.dll+0x857e6b]
V  [jvm.dll+0x6d0b0d]
C  [ucrtbase.dll+0x29333]
C  [KERNEL32.DLL+0x1259d]
C  [ntdll.dll+0x5af78]


---------------  P R O C E S S  ---------------

Threads class SMR info:
_java_thread_list=0x0000013b751c30b0, length=90, elements={
0x0000013b556a96d0, 0x0000013b5575e710, 0x0000013b6c7e96a0, 0x0000013b6c7ec170,
0x0000013b6c7eebc0, 0x0000013b6c7f2fd0, 0x0000013b6c7f4b30, 0x0000013b6c7f7970,
0x0000013b6dcbc780, 0x0000013b6dd456a0, 0x0000013b6df94650, 0x0000013b73629600,
0x0000013b73ad0710, 0x0000013b73aa2480, 0x0000013b73aa32c0, 0x0000013b739d3e50,
0x0000013b73ca93f0, 0x0000013b73cc2a40, 0x0000013b73cc4b10, 0x0000013b73cc3df0,
0x0000013b73cc5830, 0x0000013b73cc30d0, 0x0000013b73cc4480, 0x0000013b73cc3760,
0x0000013b73f64ed0, 0x0000013b73f6b140, 0x0000013b73f6aab0, 0x0000013b73f6be60,
0x0000013b73f69700, 0x0000013b73f6c4f0, 0x0000013b73f65560, 0x0000013b73f67cc0,
0x0000013b73f65bf0, 0x0000013b73f69d90, 0x0000013b73f66280, 0x0000013b73f66910,
0x0000013b73f66fa0, 0x0000013b73f6b7d0, 0x0000013b73f6a420, 0x0000013b73f67630,
0x0000013b73f68350, 0x0000013b73f689e0, 0x0000013b73f69070, 0x0000013b775dcfc0,
0x0000013b775df720, 0x0000013b775dd650, 0x0000013b775d8e20, 0x0000013b775ddce0,
0x0000013b775d94b0, 0x0000013b775dfdb0, 0x0000013b775daef0, 0x0000013b775df090,
0x0000013b775e0440, 0x0000013b775db580, 0x0000013b775d9b40, 0x0000013b775da1d0,
0x0000013b775da860, 0x0000013b775dbc10, 0x0000013b775dc2a0, 0x0000013b775dc930,
0x0000013b775dea00, 0x0000013b735c57d0, 0x0000013b735c9970, 0x0000013b735ca000,
0x0000013b735c3070, 0x0000013b735c3700, 0x0000013b735c3d90, 0x0000013b735c92e0,
0x0000013b735c4420, 0x0000013b735c78a0, 0x0000013b735c5e60, 0x0000013b735c7f30,
0x0000013b735c85c0, 0x0000013b735c64f0, 0x0000013b735ca690, 0x0000013b735c8c50,
0x0000013b732339c0, 0x0000013b73231260, 0x0000013b732318f0, 0x0000013b7322f190,
0x0000013b73230bd0, 0x0000013b7322dde0, 0x0000013b73231f80, 0x0000013b73232610,
0x0000013b7322f820, 0x0000013b73233330, 0x0000013b73234050, 0x0000013b758ccff0,
0x0000013b758ca040, 0x0000013b73235400
}

Java Threads: ( => current thread )
  0x0000013b556a96d0 JavaThread "main"                              [_thread_blocked, id=23544, stack(0x0000002c31300000,0x0000002c31400000) (1024K)]
  0x0000013b5575e710 JavaThread "Reference Handler"          daemon [_thread_blocked, id=8884, stack(0x0000002c31700000,0x0000002c31800000) (1024K)]
  0x0000013b6c7e96a0 JavaThread "Finalizer"                  daemon [_thread_blocked, id=21048, stack(0x0000002c31800000,0x0000002c31900000) (1024K)]
  0x0000013b6c7ec170 JavaThread "Signal Dispatcher"          daemon [_thread_blocked, id=13012, stack(0x0000002c31900000,0x0000002c31a00000) (1024K)]
  0x0000013b6c7eebc0 JavaThread "Attach Listener"            daemon [_thread_blocked, id=18276, stack(0x0000002c31a00000,0x0000002c31b00000) (1024K)]
  0x0000013b6c7f2fd0 JavaThread "Service Thread"             daemon [_thread_blocked, id=20516, stack(0x0000002c31b00000,0x0000002c31c00000) (1024K)]
  0x0000013b6c7f4b30 JavaThread "Monitor Deflation Thread"   daemon [_thread_blocked, id=17808, stack(0x0000002c31c00000,0x0000002c31d00000) (1024K)]
  0x0000013b6c7f7970 JavaThread "C2 CompilerThread0"         daemon [_thread_in_native, id=2368, stack(0x0000002c31d00000,0x0000002c31e00000) (1024K)]
  0x0000013b6dcbc780 JavaThread "C1 CompilerThread0"         daemon [_thread_blocked, id=10988, stack(0x0000002c31e00000,0x0000002c31f00000) (1024K)]
  0x0000013b6dd456a0 JavaThread "Common-Cleaner"             daemon [_thread_blocked, id=12472, stack(0x0000002c31f00000,0x0000002c32000000) (1024K)]
  0x0000013b6df94650 JavaThread "Notification Thread"        daemon [_thread_blocked, id=8052, stack(0x0000002c32100000,0x0000002c32200000) (1024K)]
  0x0000013b73629600 JavaThread "Active Thread: Equinox Container: a8332f49-56cd-4379-b722-b2cbe14f2509"        [_thread_blocked, id=14080, stack(0x0000002c32900000,0x0000002c32a00000) (1024K)]
  0x0000013b73ad0710 JavaThread "Refresh Thread: Equinox Container: a8332f49-56cd-4379-b722-b2cbe14f2509" daemon [_thread_blocked, id=7060, stack(0x0000002c32a00000,0x0000002c32b00000) (1024K)]
  0x0000013b73aa2480 JavaThread "Framework Event Dispatcher: Equinox Container: a8332f49-56cd-4379-b722-b2cbe14f2509" daemon [_thread_blocked, id=15948, stack(0x0000002c32c00000,0x0000002c32d00000) (1024K)]
  0x0000013b73aa32c0 JavaThread "Start Level: Equinox Container: a8332f49-56cd-4379-b722-b2cbe14f2509" daemon [_thread_blocked, id=14612, stack(0x0000002c32d00000,0x0000002c32e00000) (1024K)]
  0x0000013b739d3e50 JavaThread "Bundle File Closer"         daemon [_thread_blocked, id=17584, stack(0x0000002c33000000,0x0000002c33100000) (1024K)]
  0x0000013b73ca93f0 JavaThread "SCR Component Actor"        daemon [_thread_blocked, id=10940, stack(0x0000002c33100000,0x0000002c33200000) (1024K)]
  0x0000013b73cc2a40 JavaThread "Worker-JM"                         [_thread_blocked, id=22732, stack(0x0000002c33300000,0x0000002c33400000) (1024K)]
  0x0000013b73cc4b10 JavaThread "JNA Cleaner"                daemon [_thread_blocked, id=1632, stack(0x0000002c33400000,0x0000002c33500000) (1024K)]
  0x0000013b73cc3df0 JavaThread "Worker-0"                          [_thread_blocked, id=19780, stack(0x0000002c33500000,0x0000002c33600000) (1024K)]
  0x0000013b73cc5830 JavaThread "Worker-1"                          [_thread_blocked, id=19520, stack(0x0000002c33600000,0x0000002c33700000) (1024K)]
  0x0000013b73cc30d0 JavaThread "Worker-2"                          [_thread_blocked, id=11880, stack(0x0000002c33700000,0x0000002c33800000) (1024K)]
  0x0000013b73cc4480 JavaThread "Java indexing"              daemon [_thread_blocked, id=14268, stack(0x0000002c33800000,0x0000002c33900000) (1024K)]
  0x0000013b73cc3760 JavaThread "Worker-3"                          [_thread_blocked, id=10428, stack(0x0000002c33b00000,0x0000002c33c00000) (1024K)]
  0x0000013b73f64ed0 JavaThread "Thread-2"                   daemon [_thread_in_native, id=14464, stack(0x0000002c33c00000,0x0000002c33d00000) (1024K)]
  0x0000013b73f6b140 JavaThread "Thread-3"                   daemon [_thread_in_native, id=22576, stack(0x0000002c33d00000,0x0000002c33e00000) (1024K)]
  0x0000013b73f6aab0 JavaThread "Thread-4"                   daemon [_thread_in_native, id=6616, stack(0x0000002c33e00000,0x0000002c33f00000) (1024K)]
  0x0000013b73f6be60 JavaThread "Thread-5"                   daemon [_thread_in_native, id=22588, stack(0x0000002c33f00000,0x0000002c34000000) (1024K)]
  0x0000013b73f69700 JavaThread "Thread-6"                   daemon [_thread_in_native, id=13876, stack(0x0000002c34000000,0x0000002c34100000) (1024K)]
  0x0000013b73f6c4f0 JavaThread "Thread-7"                   daemon [_thread_in_native, id=18248, stack(0x0000002c34100000,0x0000002c34200000) (1024K)]
  0x0000013b73f65560 JavaThread "Thread-8"                   daemon [_thread_in_native, id=12128, stack(0x0000002c34200000,0x0000002c34300000) (1024K)]
  0x0000013b73f67cc0 JavaThread "Thread-9"                   daemon [_thread_in_native, id=17056, stack(0x0000002c34300000,0x0000002c34400000) (1024K)]
  0x0000013b73f65bf0 JavaThread "Thread-10"                  daemon [_thread_in_native, id=15860, stack(0x0000002c34400000,0x0000002c34500000) (1024K)]
  0x0000013b73f69d90 JavaThread "Thread-11"                  daemon [_thread_in_native, id=22660, stack(0x0000002c34500000,0x0000002c34600000) (1024K)]
  0x0000013b73f66280 JavaThread "Thread-12"                  daemon [_thread_in_native, id=3892, stack(0x0000002c34600000,0x0000002c34700000) (1024K)]
  0x0000013b73f66910 JavaThread "Thread-13"                  daemon [_thread_in_native, id=23204, stack(0x0000002c34700000,0x0000002c34800000) (1024K)]
  0x0000013b73f66fa0 JavaThread "Thread-14"                  daemon [_thread_in_native, id=14172, stack(0x0000002c34800000,0x0000002c34900000) (1024K)]
  0x0000013b73f6b7d0 JavaThread "pool-2-thread-1"                   [_thread_blocked, id=22856, stack(0x0000002c34900000,0x0000002c34a00000) (1024K)]
  0x0000013b73f6a420 JavaThread "WorkspaceEventsHandler"            [_thread_blocked, id=18668, stack(0x0000002c34b00000,0x0000002c34c00000) (1024K)]
  0x0000013b73f67630 JavaThread "pool-1-thread-1"                   [_thread_blocked, id=17876, stack(0x0000002c34c00000,0x0000002c34d00000) (1024K)]
  0x0000013b73f68350 JavaThread "Worker-4"                          [_thread_blocked, id=17152, stack(0x0000002c34d00000,0x0000002c34e00000) (1024K)]
  0x0000013b73f689e0 JavaThread "Worker-5"                          [_thread_blocked, id=19848, stack(0x0000002c34e00000,0x0000002c34f00000) (1024K)]
  0x0000013b73f69070 JavaThread "Worker-6"                          [_thread_blocked, id=12292, stack(0x0000002c34f00000,0x0000002c35000000) (1024K)]
  0x0000013b775dcfc0 JavaThread "LocalFile Deleter"          daemon [_thread_blocked, id=16980, stack(0x0000002c35000000,0x0000002c35100000) (1024K)]
  0x0000013b775df720 JavaThread "LocalFile Deleter"          daemon [_thread_blocked, id=17772, stack(0x0000002c35100000,0x0000002c35200000) (1024K)]
  0x0000013b775dd650 JavaThread "LocalFile Deleter"          daemon [_thread_blocked, id=14676, stack(0x0000002c35200000,0x0000002c35300000) (1024K)]
  0x0000013b775d8e20 JavaThread "LocalFile Deleter"          daemon [_thread_blocked, id=23420, stack(0x0000002c35300000,0x0000002c35400000) (1024K)]
  0x0000013b775ddce0 JavaThread "LocalFile Deleter"          daemon [_thread_blocked, id=3500, stack(0x0000002c35400000,0x0000002c35500000) (1024K)]
  0x0000013b775d94b0 JavaThread "LocalFile Deleter"          daemon [_thread_blocked, id=22548, stack(0x0000002c35500000,0x0000002c35600000) (1024K)]
  0x0000013b775dfdb0 JavaThread "LocalFile Deleter"          daemon [_thread_blocked, id=20104, stack(0x0000002c35600000,0x0000002c35700000) (1024K)]
  0x0000013b775daef0 JavaThread "LocalFile Deleter"          daemon [_thread_blocked, id=1516, stack(0x0000002c35700000,0x0000002c35800000) (1024K)]
  0x0000013b775df090 JavaThread "LocalFile Deleter"          daemon [_thread_blocked, id=15816, stack(0x0000002c35800000,0x0000002c35900000) (1024K)]
  0x0000013b775e0440 JavaThread "LocalFile Deleter"          daemon [_thread_blocked, id=20920, stack(0x0000002c35900000,0x0000002c35a00000) (1024K)]
  0x0000013b775db580 JavaThread "LocalFile Deleter"          daemon [_thread_blocked, id=23208, stack(0x0000002c35a00000,0x0000002c35b00000) (1024K)]
  0x0000013b775d9b40 JavaThread "LocalFile Deleter"          daemon [_thread_blocked, id=316, stack(0x0000002c35b00000,0x0000002c35c00000) (1024K)]
  0x0000013b775da1d0 JavaThread "Compiler Source File Reader" daemon [_thread_blocked, id=9380, stack(0x0000002c35c00000,0x0000002c35d00000) (1024K)]
  0x0000013b775da860 JavaThread "Compiler Source File Reader" daemon [_thread_blocked, id=12788, stack(0x0000002c35d00000,0x0000002c35e00000) (1024K)]
  0x0000013b775dbc10 JavaThread "Compiler Source File Reader" daemon [_thread_blocked, id=5140, stack(0x0000002c35e00000,0x0000002c35f00000) (1024K)]
  0x0000013b775dc2a0 JavaThread "Compiler Source File Reader" daemon [_thread_blocked, id=16704, stack(0x0000002c35f00000,0x0000002c36000000) (1024K)]
  0x0000013b775dc930 JavaThread "Compiler Source File Reader" daemon [_thread_blocked, id=23052, stack(0x0000002c36000000,0x0000002c36100000) (1024K)]
  0x0000013b775dea00 JavaThread "Compiler Source File Reader" daemon [_thread_blocked, id=11592, stack(0x0000002c36100000,0x0000002c36200000) (1024K)]
  0x0000013b735c57d0 JavaThread "Compiler Source File Reader" daemon [_thread_blocked, id=10368, stack(0x0000002c36200000,0x0000002c36300000) (1024K)]
  0x0000013b735c9970 JavaThread "Compiler Source File Reader" daemon [_thread_blocked, id=10568, stack(0x0000002c36300000,0x0000002c36400000) (1024K)]
  0x0000013b735ca000 JavaThread "Compiler Source File Reader" daemon [_thread_blocked, id=18944, stack(0x0000002c36400000,0x0000002c36500000) (1024K)]
  0x0000013b735c3070 JavaThread "Compiler Source File Reader" daemon [_thread_blocked, id=18120, stack(0x0000002c36500000,0x0000002c36600000) (1024K)]
  0x0000013b735c3700 JavaThread "Compiler Processing Task"   daemon [_thread_blocked, id=3392, stack(0x0000002c36600000,0x0000002c36700000) (1024K)]
  0x0000013b735c3d90 JavaThread "Compiler Class File Writer" daemon [_thread_blocked, id=6292, stack(0x0000002c36700000,0x0000002c36800000) (1024K)]
  0x0000013b735c92e0 JavaThread "Compiler Class File Writer" daemon [_thread_blocked, id=22848, stack(0x0000002c36800000,0x0000002c36900000) (1024K)]
  0x0000013b735c4420 JavaThread "Compiler Class File Writer" daemon [_thread_blocked, id=16548, stack(0x0000002c36900000,0x0000002c36a00000) (1024K)]
  0x0000013b735c78a0 JavaThread "Compiler Class File Writer" daemon [_thread_blocked, id=8016, stack(0x0000002c36a00000,0x0000002c36b00000) (1024K)]
  0x0000013b735c5e60 JavaThread "Compiler Class File Writer" daemon [_thread_blocked, id=18640, stack(0x0000002c36b00000,0x0000002c36c00000) (1024K)]
  0x0000013b735c7f30 JavaThread "Compiler Class File Writer" daemon [_thread_blocked, id=352, stack(0x0000002c36c00000,0x0000002c36d00000) (1024K)]
  0x0000013b735c85c0 JavaThread "Compiler Class File Writer" daemon [_thread_blocked, id=20256, stack(0x0000002c36d00000,0x0000002c36e00000) (1024K)]
  0x0000013b735c64f0 JavaThread "Compiler Class File Writer" daemon [_thread_blocked, id=2276, stack(0x0000002c36e00000,0x0000002c36f00000) (1024K)]
  0x0000013b735ca690 JavaThread "Compiler Class File Writer" daemon [_thread_blocked, id=18960, stack(0x0000002c36f00000,0x0000002c37000000) (1024K)]
  0x0000013b735c8c50 JavaThread "Compiler Class File Writer" daemon [_thread_blocked, id=20140, stack(0x0000002c37000000,0x0000002c37100000) (1024K)]
  0x0000013b732339c0 JavaThread "ForkJoinPool.commonPool-worker-1" daemon [_thread_blocked, id=3540, stack(0x0000002c32200000,0x0000002c32300000) (1024K)]
  0x0000013b73231260 JavaThread "ForkJoinPool.commonPool-worker-2" daemon [_thread_blocked, id=20428, stack(0x0000002c33200000,0x0000002c33300000) (1024K)]
  0x0000013b732318f0 JavaThread "ForkJoinPool.commonPool-worker-3" daemon [_thread_blocked, id=21764, stack(0x0000002c37100000,0x0000002c37200000) (1024K)]
  0x0000013b7322f190 JavaThread "ForkJoinPool.commonPool-worker-4" daemon [_thread_blocked, id=18464, stack(0x0000002c37200000,0x0000002c37300000) (1024K)]
  0x0000013b73230bd0 JavaThread "ForkJoinPool.commonPool-worker-5" daemon [_thread_blocked, id=20640, stack(0x0000002c37300000,0x0000002c37400000) (1024K)]
  0x0000013b7322dde0 JavaThread "ForkJoinPool.commonPool-worker-7" daemon [_thread_blocked, id=22176, stack(0x0000002c37400000,0x0000002c37500000) (1024K)]
  0x0000013b73231f80 JavaThread "ForkJoinPool.commonPool-worker-6" daemon [_thread_blocked, id=18656, stack(0x0000002c37500000,0x0000002c37600000) (1024K)]
  0x0000013b73232610 JavaThread "ForkJoinPool.commonPool-worker-8" daemon [_thread_blocked, id=17432, stack(0x0000002c37600000,0x0000002c37700000) (1024K)]
  0x0000013b7322f820 JavaThread "ForkJoinPool.commonPool-worker-9" daemon [_thread_blocked, id=13396, stack(0x0000002c37700000,0x0000002c37800000) (1024K)]
  0x0000013b73233330 JavaThread "ForkJoinPool.commonPool-worker-10" daemon [_thread_blocked, id=19560, stack(0x0000002c37800000,0x0000002c37900000) (1024K)]
  0x0000013b73234050 JavaThread "ForkJoinPool.commonPool-worker-11" daemon [_thread_blocked, id=11520, stack(0x0000002c37900000,0x0000002c37a00000) (1024K)]
  0x0000013b758ccff0 JavaThread "C2 CompilerThread1"         daemon [_thread_in_vm, id=4424, stack(0x0000002c37a00000,0x0000002c37b00000) (1024K)]
=>0x0000013b758ca040 JavaThread "C2 CompilerThread2"         daemon [_thread_in_native, id=21980, stack(0x0000002c32000000,0x0000002c32100000) (1024K)]
  0x0000013b73235400 JavaThread "Cleaner-0"                  daemon [_thread_blocked, id=5748, stack(0x0000002c37b00000,0x0000002c37c00000) (1024K)]
Total: 90

Other Threads:
  0x0000013b6c7e4260 VMThread "VM Thread"                           [id=336, stack(0x0000002c31600000,0x0000002c31700000) (1024K)]
  0x0000013b557137c0 WatcherThread "VM Periodic Task Thread"        [id=18600, stack(0x0000002c31500000,0x0000002c31600000) (1024K)]
  0x0000013b556c6990 WorkerThread "GC Thread#0"                     [id=20896, stack(0x0000002c31400000,0x0000002c31500000) (1024K)]
  0x0000013b736593f0 WorkerThread "GC Thread#1"                     [id=21388, stack(0x0000002c32300000,0x0000002c32400000) (1024K)]
  0x0000013b6dfc8930 WorkerThread "GC Thread#2"                     [id=22124, stack(0x0000002c32400000,0x0000002c32500000) (1024K)]
  0x0000013b6dfc8cd0 WorkerThread "GC Thread#3"                     [id=2816, stack(0x0000002c32500000,0x0000002c32600000) (1024K)]
  0x0000013b73925290 WorkerThread "GC Thread#4"                     [id=18520, stack(0x0000002c32600000,0x0000002c32700000) (1024K)]
  0x0000013b73925a40 WorkerThread "GC Thread#5"                     [id=21596, stack(0x0000002c32700000,0x0000002c32800000) (1024K)]
  0x0000013b7333f240 WorkerThread "GC Thread#6"                     [id=8096, stack(0x0000002c32800000,0x0000002c32900000) (1024K)]
  0x0000013b73ad0d70 WorkerThread "GC Thread#7"                     [id=23212, stack(0x0000002c32b00000,0x0000002c32c00000) (1024K)]
  0x0000013b73a9ba60 WorkerThread "GC Thread#8"                     [id=22184, stack(0x0000002c32e00000,0x0000002c32f00000) (1024K)]
  0x0000013b73a9be00 WorkerThread "GC Thread#9"                     [id=6888, stack(0x0000002c32f00000,0x0000002c33000000) (1024K)]
Total: 12

Threads with active compile tasks:
C2 CompilerThread0  48114 13751       4       java.util.Properties::load0 (249 bytes)
C2 CompilerThread1  48114 13818       4       java.lang.invoke.MethodHandleImpl::computeValueConversions (121 bytes)
C2 CompilerThread2  48115 13796       4       org.eclipse.jdt.internal.compiler.lookup.BinaryTypeBinding::createMethod (1666 bytes)
Total: 3

VM state: not at safepoint (normal execution)

VM Mutex/Monitor currently owned by a thread: None

Heap address: 0x0000000080000000, size: 2048 MB, Compressed Oops mode: 32-bit

CDS archive(s) mapped at: [0x0000013b00000000-0x0000013b00ba0000-0x0000013b00ba0000), size 12189696, SharedBaseAddress: 0x0000013b00000000, ArchiveRelocationMode: 1.
Compressed class space mapped at: 0x0000013b01000000-0x0000013b41000000, reserved size: 1073741824
Narrow klass base: 0x0000013b00000000, Narrow klass shift: 0, Narrow klass range: 0x100000000

GC Precious Log:
 CardTable entry size: 512
 CPUs: 12 total, 12 available
 Memory: 16016M
 Large Page Support: Disabled
 NUMA Support: Disabled
 Compressed Oops: Enabled (32-bit)
 Alignments: Space 512K, Generation 512K, Heap 2M
 Heap Min Capacity: 100M
 Heap Initial Capacity: 100M
 Heap Max Capacity: 2G
 Pre-touch: Disabled
 Parallel Workers: 10

Heap:
 PSYoungGen      total 7168K, used 5828K [0x00000000d5580000, 0x00000000d5f80000, 0x0000000100000000)
  eden space 6144K, 78% used [0x00000000d5580000,0x00000000d5a35168,0x00000000d5b80000)
  from space 1024K, 98% used [0x00000000d5c80000,0x00000000d5d7c148,0x00000000d5d80000)
  to   space 2048K, 0% used [0x00000000d5d80000,0x00000000d5d80000,0x00000000d5f80000)
 ParOldGen       total 814080K, used 814016K [0x0000000080000000, 0x00000000b1b00000, 0x00000000d5580000)
  object space 814080K, 99% used [0x0000000080000000,0x00000000b1af0188,0x00000000b1b00000)
 Metaspace       used 73558K, committed 75136K, reserved 1179648K
  class space    used 7689K, committed 8384K, reserved 1048576K

Card table byte_map: [0x0000013b67b40000,0x0000013b67f50000] _byte_map_base: 0x0000013b67740000

Marking Bits: (ParMarkBitMap*) 0x00007ff92612a340
 Begin Bits: [0x0000013b68200000, 0x0000013b6a200000)
 End Bits:   [0x0000013b6a200000, 0x0000013b6c200000)

Polling page: 0x0000013b53cd0000

Metaspace:

Usage:
  Non-class:     64.32 MB used.
      Class:      7.51 MB used.
       Both:     71.83 MB used.

Virtual space:
  Non-class space:      128.00 MB reserved,      65.19 MB ( 51%) committed,  2 nodes.
      Class space:        1.00 GB reserved,       8.19 MB ( <1%) committed,  1 nodes.
             Both:        1.12 GB reserved,      73.38 MB (  6%) committed. 

Chunk freelists:
   Non-Class:  14.78 MB
       Class:  7.83 MB
        Both:  22.61 MB

MaxMetaspaceSize: unlimited
CompressedClassSpaceSize: 1.00 GB
Initial GC threshold: 21.00 MB
Current GC threshold: 97.31 MB
CDS: on
 - commit_granule_bytes: 65536.
 - commit_granule_words: 8192.
 - virtual_space_node_default_size: 8388608.
 - enlarge_chunks_in_place: 1.
 - use_allocation_guard: 0.


Internal statistics:

num_allocs_failed_limit: 9.
num_arena_births: 1420.
num_arena_deaths: 14.
num_vsnodes_births: 3.
num_vsnodes_deaths: 0.
num_space_committed: 1174.
num_space_uncommitted: 0.
num_chunks_returned_to_freelist: 23.
num_chunks_taken_from_freelist: 4777.
num_chunk_merges: 10.
num_chunk_splits: 2933.
num_chunks_enlarged: 1639.
num_inconsistent_stats: 0.

CodeHeap 'non-profiled nmethods': size=120000Kb used=10738Kb max_used=10738Kb free=109261Kb
 bounds [0x0000013b60430000, 0x0000013b60eb0000, 0x0000013b67960000]
CodeHeap 'profiled nmethods': size=120000Kb used=30301Kb max_used=30301Kb free=89698Kb
 bounds [0x0000013b58960000, 0x0000013b5a700000, 0x0000013b5fe90000]
CodeHeap 'non-nmethods': size=5760Kb used=1493Kb max_used=1534Kb free=4266Kb
 bounds [0x0000013b5fe90000, 0x0000013b60100000, 0x0000013b60430000]
CodeCache: size=245760Kb, used=42532Kb, max_used=42573Kb, free=203225Kb
 total_blobs=13854, nmethods=13046, adapters=712, full_count=0
Compilation: enabled, stopped_count=0, restarted_count=0

Compilation events (20 events):
Event: 48.033 Thread 0x0000013b758ccff0 nmethod 13860 0x0000013b60ea4510 code [0x0000013b60ea46c0, 0x0000013b60ea5890]
Event: 48.033 Thread 0x0000013b758ccff0 13875 %     4       org.eclipse.jdt.internal.compiler.parser.Scanner::checkTaskTag @ 127 (937 bytes)
Event: 48.041 Thread 0x0000013b758ccff0 nmethod 13875% 0x0000013b60ea5910 code [0x0000013b60ea5b00, 0x0000013b60ea6448]
Event: 48.041 Thread 0x0000013b758ccff0 13844       4       java.lang.String::split (242 bytes)
Event: 48.044 Thread 0x0000013b6dcbc780 13884       3       java.util.concurrent.ForkJoinPool::scan (263 bytes)
Event: 48.045 Thread 0x0000013b6dcbc780 nmethod 13884 0x0000013b5a6f3210 code [0x0000013b5a6f3440, 0x0000013b5a6f3bf8]
Event: 48.050 Thread 0x0000013b6dcbc780 13885       1       org.eclipse.osgi.internal.log.ExtendedLogServiceImpl::getFactory (5 bytes)
Event: 48.050 Thread 0x0000013b6dcbc780 nmethod 13885 0x0000013b60ea6b10 code [0x0000013b60ea6ca0, 0x0000013b60ea6d68]
Event: 48.064 Thread 0x0000013b6dcbc780 13886       3       org.eclipse.core.internal.resources.AliasManager::findResources (34 bytes)
Event: 48.065 Thread 0x0000013b6dcbc780 nmethod 13886 0x0000013b5a6f3f10 code [0x0000013b5a6f4160, 0x0000013b5a6f4b48]
Event: 48.065 Thread 0x0000013b6dcbc780 13890       3       java.util.LinkedList::node (65 bytes)
Event: 48.065 Thread 0x0000013b6dcbc780 nmethod 13890 0x0000013b5a6f4f10 code [0x0000013b5a6f50e0, 0x0000013b5a6f53a8]
Event: 48.065 Thread 0x0000013b6dcbc780 13887       3       org.eclipse.core.internal.resources.AliasManager$$Lambda/0x0000013b0173e840::<init> (10 bytes)
Event: 48.065 Thread 0x0000013b6dcbc780 nmethod 13887 0x0000013b5a6f5510 code [0x0000013b5a6f56c0, 0x0000013b5a6f5848]
Event: 48.065 Thread 0x0000013b6dcbc780 13888       3       org.eclipse.core.internal.resources.AliasManager$LocationMap::matchingResourcesDo (89 bytes)
Event: 48.066 Thread 0x0000013b6dcbc780 nmethod 13888 0x0000013b5a6f5910 code [0x0000013b5a6f5b80, 0x0000013b5a6f6848]
Event: 48.066 Thread 0x0000013b6dcbc780 13889       3       org.eclipse.core.internal.filesystem.local.LocalFile::getParent (25 bytes)
Event: 48.066 Thread 0x0000013b6dcbc780 nmethod 13889 0x0000013b5a6f6a90 code [0x0000013b5a6f6c80, 0x0000013b5a6f70f8]
Event: 48.066 Thread 0x0000013b6dcbc780 13891       3       java.util.concurrent.locks.LockSupport::setCurrentBlocker (14 bytes)
Event: 48.066 Thread 0x0000013b6dcbc780 nmethod 13891 0x0000013b5a6f7310 code [0x0000013b5a6f74c0, 0x0000013b5a6f76e8]

GC Heap History (20 events):
Event: 47.255 GC heap before
{Heap before GC invocations=1219 (full 3):
 PSYoungGen      total 7168K, used 7168K [0x00000000d5580000, 0x00000000d6780000, 0x0000000100000000)
  eden space 4096K, 100% used [0x00000000d5580000,0x00000000d5980000,0x00000000d5980000)
  from space 3072K, 100% used [0x00000000d5980000,0x00000000d5c80000,0x00000000d5c80000)
  to   space 6656K, 0% used [0x00000000d6100000,0x00000000d6100000,0x00000000d6780000)
 ParOldGen       total 795648K, used 795367K [0x0000000080000000, 0x00000000b0900000, 0x00000000d5580000)
  object space 795648K, 99% used [0x0000000080000000,0x00000000b08b9dc8,0x00000000b0900000)
 Metaspace       used 70259K, committed 71872K, reserved 1114112K
  class space    used 7396K, committed 8064K, reserved 1048576K
}
Event: 47.258 GC heap after
{Heap after GC invocations=1219 (full 3):
 PSYoungGen      total 8704K, used 3168K [0x00000000d5580000, 0x00000000d6480000, 0x0000000100000000)
  eden space 5120K, 0% used [0x00000000d5580000,0x00000000d5580000,0x00000000d5a80000)
  from space 3584K, 88% used [0x00000000d6100000,0x00000000d6418000,0x00000000d6480000)
  to   space 4608K, 0% used [0x00000000d5b80000,0x00000000d5b80000,0x00000000d6000000)
 ParOldGen       total 798720K, used 798479K [0x0000000080000000, 0x00000000b0c00000, 0x00000000d5580000)
  object space 798720K, 99% used [0x0000000080000000,0x00000000b0bc3dc8,0x00000000b0c00000)
 Metaspace       used 70259K, committed 71872K, reserved 1114112K
  class space    used 7396K, committed 8064K, reserved 1048576K
}
Event: 47.362 GC heap before
{Heap before GC invocations=1220 (full 3):
 PSYoungGen      total 8704K, used 8288K [0x00000000d5580000, 0x00000000d6480000, 0x0000000100000000)
  eden space 5120K, 100% used [0x00000000d5580000,0x00000000d5a80000,0x00000000d5a80000)
  from space 3584K, 88% used [0x00000000d6100000,0x00000000d6418000,0x00000000d6480000)
  to   space 4608K, 0% used [0x00000000d5b80000,0x00000000d5b80000,0x00000000d6000000)
 ParOldGen       total 798720K, used 798479K [0x0000000080000000, 0x00000000b0c00000, 0x00000000d5580000)
  object space 798720K, 99% used [0x0000000080000000,0x00000000b0bc3dc8,0x00000000b0c00000)
 Metaspace       used 70323K, committed 71936K, reserved 1114112K
  class space    used 7407K, committed 8064K, reserved 1048576K
}
Event: 47.366 GC heap after
{Heap after GC invocations=1220 (full 3):
 PSYoungGen      total 9728K, used 3360K [0x00000000d5580000, 0x00000000d6280000, 0x0000000100000000)
  eden space 6144K, 0% used [0x00000000d5580000,0x00000000d5580000,0x00000000d5b80000)
  from space 3584K, 93% used [0x00000000d5b80000,0x00000000d5ec8000,0x00000000d5f00000)
  to   space 3584K, 0% used [0x00000000d5f00000,0x00000000d5f00000,0x00000000d6280000)
 ParOldGen       total 801792K, used 801607K [0x0000000080000000, 0x00000000b0f00000, 0x00000000d5580000)
  object space 801792K, 99% used [0x0000000080000000,0x00000000b0ed1dc8,0x00000000b0f00000)
 Metaspace       used 70323K, committed 71936K, reserved 1114112K
  class space    used 7407K, committed 8064K, reserved 1048576K
}
Event: 47.445 GC heap before
{Heap before GC invocations=1221 (full 3):
 PSYoungGen      total 9728K, used 9443K [0x00000000d5580000, 0x00000000d6280000, 0x0000000100000000)
  eden space 6144K, 99% used [0x00000000d5580000,0x00000000d5b70df8,0x00000000d5b80000)
  from space 3584K, 93% used [0x00000000d5b80000,0x00000000d5ec8000,0x00000000d5f00000)
  to   space 3584K, 0% used [0x00000000d5f00000,0x00000000d5f00000,0x00000000d6280000)
 ParOldGen       total 801792K, used 801607K [0x0000000080000000, 0x00000000b0f00000, 0x00000000d5580000)
  object space 801792K, 99% used [0x0000000080000000,0x00000000b0ed1dc8,0x00000000b0f00000)
 Metaspace       used 70999K, committed 72576K, reserved 1114112K
  class space    used 7455K, committed 8128K, reserved 1048576K
}
Event: 47.448 GC heap after
{Heap after GC invocations=1221 (full 3):
 PSYoungGen      total 7168K, used 985K [0x00000000d5580000, 0x00000000d6000000, 0x0000000100000000)
  eden space 6144K, 0% used [0x00000000d5580000,0x00000000d5580000,0x00000000d5b80000)
  from space 1024K, 96% used [0x00000000d5f00000,0x00000000d5ff6450,0x00000000d6000000)
  to   space 2048K, 0% used [0x00000000d5c00000,0x00000000d5c00000,0x00000000d5e00000)
 ParOldGen       total 804864K, used 804863K [0x0000000080000000, 0x00000000b1200000, 0x00000000d5580000)
  object space 804864K, 99% used [0x0000000080000000,0x00000000b11ffdc8,0x00000000b1200000)
 Metaspace       used 70999K, committed 72576K, reserved 1114112K
  class space    used 7455K, committed 8128K, reserved 1048576K
}
Event: 47.495 GC heap before
{Heap before GC invocations=1222 (full 3):
 PSYoungGen      total 7168K, used 7113K [0x00000000d5580000, 0x00000000d6000000, 0x0000000100000000)
  eden space 6144K, 99% used [0x00000000d5580000,0x00000000d5b7c070,0x00000000d5b80000)
  from space 1024K, 96% used [0x00000000d5f00000,0x00000000d5ff6450,0x00000000d6000000)
  to   space 2048K, 0% used [0x00000000d5c00000,0x00000000d5c00000,0x00000000d5e00000)
 ParOldGen       total 804864K, used 804863K [0x0000000080000000, 0x00000000b1200000, 0x00000000d5580000)
  object space 804864K, 99% used [0x0000000080000000,0x00000000b11ffdc8,0x00000000b1200000)
 Metaspace       used 71151K, committed 72704K, reserved 1114112K
  class space    used 7467K, committed 8128K, reserved 1048576K
}
Event: 47.498 GC heap after
{Heap after GC invocations=1222 (full 3):
 PSYoungGen      total 8192K, used 1709K [0x00000000d5580000, 0x00000000d5f80000, 0x0000000100000000)
  eden space 6144K, 0% used [0x00000000d5580000,0x00000000d5580000,0x00000000d5b80000)
  from space 2048K, 83% used [0x00000000d5c00000,0x00000000d5dab780,0x00000000d5e00000)
  to   space 1536K, 0% used [0x00000000d5e00000,0x00000000d5e00000,0x00000000d5f80000)
 ParOldGen       total 807936K, used 807555K [0x0000000080000000, 0x00000000b1500000, 0x00000000d5580000)
  object space 807936K, 99% used [0x0000000080000000,0x00000000b14a0cf8,0x00000000b1500000)
 Metaspace       used 71151K, committed 72704K, reserved 1114112K
  class space    used 7467K, committed 8128K, reserved 1048576K
}
Event: 47.561 GC heap before
{Heap before GC invocations=1223 (full 3):
 PSYoungGen      total 8192K, used 7853K [0x00000000d5580000, 0x00000000d5f80000, 0x0000000100000000)
  eden space 6144K, 100% used [0x00000000d5580000,0x00000000d5b80000,0x00000000d5b80000)
  from space 2048K, 83% used [0x00000000d5c00000,0x00000000d5dab780,0x00000000d5e00000)
  to   space 1536K, 0% used [0x00000000d5e00000,0x00000000d5e00000,0x00000000d5f80000)
 ParOldGen       total 807936K, used 807555K [0x0000000080000000, 0x00000000b1500000, 0x00000000d5580000)
  object space 807936K, 99% used [0x0000000080000000,0x00000000b14a0cf8,0x00000000b1500000)
 Metaspace       used 71981K, committed 73600K, reserved 1114112K
  class space    used 7546K, committed 8256K, reserved 1048576K
}
Event: 47.564 GC heap after
{Heap after GC invocations=1223 (full 3):
 PSYoungGen      total 7168K, used 743K [0x00000000d5580000, 0x00000000d5f00000, 0x0000000100000000)
  eden space 6144K, 0% used [0x00000000d5580000,0x00000000d5580000,0x00000000d5b80000)
  from space 1024K, 72% used [0x00000000d5e00000,0x00000000d5eb9eb0,0x00000000d5f00000)
  to   space 1536K, 0% used [0x00000000d5c00000,0x00000000d5c00000,0x00000000d5d80000)
 ParOldGen       total 808448K, used 808051K [0x0000000080000000, 0x00000000b1580000, 0x00000000d5580000)
  object space 808448K, 99% used [0x0000000080000000,0x00000000b151ccf8,0x00000000b1580000)
 Metaspace       used 71981K, committed 73600K, reserved 1114112K
  class space    used 7546K, committed 8256K, reserved 1048576K
}
Event: 47.590 GC heap before
{Heap before GC invocations=1224 (full 3):
 PSYoungGen      total 7168K, used 6887K [0x00000000d5580000, 0x00000000d5f00000, 0x0000000100000000)
  eden space 6144K, 100% used [0x00000000d5580000,0x00000000d5b80000,0x00000000d5b80000)
  from space 1024K, 72% used [0x00000000d5e00000,0x00000000d5eb9eb0,0x00000000d5f00000)
  to   space 1536K, 0% used [0x00000000d5c00000,0x00000000d5c00000,0x00000000d5d80000)
 ParOldGen       total 808448K, used 808051K [0x0000000080000000, 0x00000000b1580000, 0x00000000d5580000)
  object space 808448K, 99% used [0x0000000080000000,0x00000000b151ccf8,0x00000000b1580000)
 Metaspace       used 72031K, committed 73664K, reserved 1114112K
  class space    used 7549K, committed 8256K, reserved 1048576K
}
Event: 47.594 GC heap after
{Heap after GC invocations=1224 (full 3):
 PSYoungGen      total 7680K, used 755K [0x00000000d5580000, 0x00000000d5e80000, 0x0000000100000000)
  eden space 6144K, 0% used [0x00000000d5580000,0x00000000d5580000,0x00000000d5b80000)
  from space 1536K, 49% used [0x00000000d5c00000,0x00000000d5cbcd00,0x00000000d5d80000)
  to   space 1024K, 0% used [0x00000000d5d80000,0x00000000d5d80000,0x00000000d5e80000)
 ParOldGen       total 812544K, used 812262K [0x0000000080000000, 0x00000000b1980000, 0x00000000d5580000)
  object space 812544K, 99% used [0x0000000080000000,0x00000000b1939a38,0x00000000b1980000)
 Metaspace       used 72031K, committed 73664K, reserved 1114112K
  class space    used 7549K, committed 8256K, reserved 1048576K
}
Event: 47.604 GC heap before
{Heap before GC invocations=1225 (full 3):
 PSYoungGen      total 7680K, used 6840K [0x00000000d5580000, 0x00000000d5e80000, 0x0000000100000000)
  eden space 6144K, 99% used [0x00000000d5580000,0x00000000d5b71600,0x00000000d5b80000)
  from space 1536K, 49% used [0x00000000d5c00000,0x00000000d5cbcd00,0x00000000d5d80000)
  to   space 1024K, 0% used [0x00000000d5d80000,0x00000000d5d80000,0x00000000d5e80000)
 ParOldGen       total 812544K, used 812262K [0x0000000080000000, 0x00000000b1980000, 0x00000000d5580000)
  object space 812544K, 99% used [0x0000000080000000,0x00000000b1939a38,0x00000000b1980000)
 Metaspace       used 72073K, committed 73664K, reserved 1114112K
  class space    used 7555K, committed 8256K, reserved 1048576K
}
Event: 47.606 GC heap after
{Heap after GC invocations=1225 (full 3):
 PSYoungGen      total 7168K, used 681K [0x00000000d5580000, 0x00000000d5e80000, 0x0000000100000000)
  eden space 6144K, 0% used [0x00000000d5580000,0x00000000d5580000,0x00000000d5b80000)
  from space 1024K, 66% used [0x00000000d5d80000,0x00000000d5e2a560,0x00000000d5e80000)
  to   space 1024K, 0% used [0x00000000d5c80000,0x00000000d5c80000,0x00000000d5d80000)
 ParOldGen       total 813056K, used 812614K [0x0000000080000000, 0x00000000b1a00000, 0x00000000d5580000)
  object space 813056K, 99% used [0x0000000080000000,0x00000000b1991a38,0x00000000b1a00000)
 Metaspace       used 72073K, committed 73664K, reserved 1114112K
  class space    used 7555K, committed 8256K, reserved 1048576K
}
Event: 47.763 GC heap before
{Heap before GC invocations=1226 (full 3):
 PSYoungGen      total 7168K, used 6825K [0x00000000d5580000, 0x00000000d5e80000, 0x0000000100000000)
  eden space 6144K, 100% used [0x00000000d5580000,0x00000000d5b80000,0x00000000d5b80000)
  from space 1024K, 66% used [0x00000000d5d80000,0x00000000d5e2a560,0x00000000d5e80000)
  to   space 1024K, 0% used [0x00000000d5c80000,0x00000000d5c80000,0x00000000d5d80000)
 ParOldGen       total 813056K, used 812614K [0x0000000080000000, 0x00000000b1a00000, 0x00000000d5580000)
  object space 813056K, 99% used [0x0000000080000000,0x00000000b1991a38,0x00000000b1a00000)
 Metaspace       used 72516K, committed 74048K, reserved 1179648K
  class space    used 7586K, committed 8256K, reserved 1048576K
}
Event: 47.765 GC heap after
{Heap after GC invocations=1226 (full 3):
 PSYoungGen      total 7168K, used 992K [0x00000000d5580000, 0x00000000d5e80000, 0x0000000100000000)
  eden space 6144K, 0% used [0x00000000d5580000,0x00000000d5580000,0x00000000d5b80000)
  from space 1024K, 96% used [0x00000000d5c80000,0x00000000d5d78020,0x00000000d5d80000)
  to   space 1024K, 0% used [0x00000000d5d80000,0x00000000d5d80000,0x00000000d5e80000)
 ParOldGen       total 813056K, used 812686K [0x0000000080000000, 0x00000000b1a00000, 0x00000000d5580000)
  object space 813056K, 99% used [0x0000000080000000,0x00000000b19a3a38,0x00000000b1a00000)
 Metaspace       used 72516K, committed 74048K, reserved 1179648K
  class space    used 7586K, committed 8256K, reserved 1048576K
}
Event: 47.863 GC heap before
{Heap before GC invocations=1227 (full 3):
 PSYoungGen      total 7168K, used 7116K [0x00000000d5580000, 0x00000000d5e80000, 0x0000000100000000)
  eden space 6144K, 99% used [0x00000000d5580000,0x00000000d5b7b2f8,0x00000000d5b80000)
  from space 1024K, 96% used [0x00000000d5c80000,0x00000000d5d78020,0x00000000d5d80000)
  to   space 1024K, 0% used [0x00000000d5d80000,0x00000000d5d80000,0x00000000d5e80000)
 ParOldGen       total 813056K, used 812686K [0x0000000080000000, 0x00000000b1a00000, 0x00000000d5580000)
  object space 813056K, 99% used [0x0000000080000000,0x00000000b19a3a38,0x00000000b1a00000)
 Metaspace       used 73194K, committed 74816K, reserved 1179648K
  class space    used 7663K, committed 8384K, reserved 1048576K
}
Event: 47.866 GC heap after
{Heap after GC invocations=1227 (full 3):
 PSYoungGen      total 7168K, used 736K [0x00000000d5580000, 0x00000000d5e80000, 0x0000000100000000)
  eden space 6144K, 0% used [0x00000000d5580000,0x00000000d5580000,0x00000000d5b80000)
  from space 1024K, 71% used [0x00000000d5d80000,0x00000000d5e38010,0x00000000d5e80000)
  to   space 1024K, 0% used [0x00000000d5c80000,0x00000000d5c80000,0x00000000d5d80000)
 ParOldGen       total 813568K, used 813528K [0x0000000080000000, 0x00000000b1a80000, 0x00000000d5580000)
  object space 813568K, 99% used [0x0000000080000000,0x00000000b1a76188,0x00000000b1a80000)
 Metaspace       used 73194K, committed 74816K, reserved 1179648K
  class space    used 7663K, committed 8384K, reserved 1048576K
}
Event: 47.892 GC heap before
{Heap before GC invocations=1228 (full 3):
 PSYoungGen      total 7168K, used 6785K [0x00000000d5580000, 0x00000000d5e80000, 0x0000000100000000)
  eden space 6144K, 98% used [0x00000000d5580000,0x00000000d5b685b0,0x00000000d5b80000)
  from space 1024K, 71% used [0x00000000d5d80000,0x00000000d5e38010,0x00000000d5e80000)
  to   space 1024K, 0% used [0x00000000d5c80000,0x00000000d5c80000,0x00000000d5d80000)
 ParOldGen       total 813568K, used 813528K [0x0000000080000000, 0x00000000b1a80000, 0x00000000d5580000)
  object space 813568K, 99% used [0x0000000080000000,0x00000000b1a76188,0x00000000b1a80000)
 Metaspace       used 73239K, committed 74816K, reserved 1179648K
  class space    used 7666K, committed 8384K, reserved 1048576K
}
Event: 47.894 GC heap after
{Heap after GC invocations=1228 (full 3):
 PSYoungGen      total 7168K, used 1008K [0x00000000d5580000, 0x00000000d5f80000, 0x0000000100000000)
  eden space 6144K, 0% used [0x00000000d5580000,0x00000000d5580000,0x00000000d5b80000)
  from space 1024K, 98% used [0x00000000d5c80000,0x00000000d5d7c148,0x00000000d5d80000)
  to   space 2048K, 0% used [0x00000000d5d80000,0x00000000d5d80000,0x00000000d5f80000)
 ParOldGen       total 814080K, used 814016K [0x0000000080000000, 0x00000000b1b00000, 0x00000000d5580000)
  object space 814080K, 99% used [0x0000000080000000,0x00000000b1af0188,0x00000000b1b00000)
 Metaspace       used 73239K, committed 74816K, reserved 1179648K
  class space    used 7666K, committed 8384K, reserved 1048576K
}

Dll operation events (12 events):
Event: 0.059 Loaded shared library c:\Users\10935\.vscode\extensions\redhat.java-1.44.0-win32-x64\jre\21.0.8-win32-x86_64\bin\java.dll
Event: 0.193 Loaded shared library c:\Users\10935\.vscode\extensions\redhat.java-1.44.0-win32-x64\jre\21.0.8-win32-x86_64\bin\zip.dll
Event: 0.219 Loaded shared library C:\Users\10935\.vscode\extensions\redhat.java-1.44.0-win32-x64\jre\21.0.8-win32-x86_64\bin\instrument.dll
Event: 0.229 Loaded shared library C:\Users\10935\.vscode\extensions\redhat.java-1.44.0-win32-x64\jre\21.0.8-win32-x86_64\bin\net.dll
Event: 0.239 Loaded shared library C:\Users\10935\.vscode\extensions\redhat.java-1.44.0-win32-x64\jre\21.0.8-win32-x86_64\bin\nio.dll
Event: 0.245 Loaded shared library C:\Users\10935\.vscode\extensions\redhat.java-1.44.0-win32-x64\jre\21.0.8-win32-x86_64\bin\zip.dll
Event: 0.270 Loaded shared library C:\Users\10935\.vscode\extensions\redhat.java-1.44.0-win32-x64\jre\21.0.8-win32-x86_64\bin\jimage.dll
Event: 0.400 Loaded shared library c:\Users\10935\.vscode\extensions\redhat.java-1.44.0-win32-x64\jre\21.0.8-win32-x86_64\bin\verify.dll
Event: 1.523 Loaded shared library C:\Users\10935\AppData\Roaming\Code\User\globalStorage\redhat.java\1.44.0\config_win\org.eclipse.equinox.launcher\org.eclipse.equinox.launcher.win32.win32.x86_64_1.2.1400.v20250730-1736\eclipse_11913.dll
Event: 2.586 Loaded shared library C:\Users\10935\AppData\Local\Temp\jna-46738908\jna6073240896944666837.dll
Event: 3.633 Loaded shared library C:\Users\10935\.vscode\extensions\redhat.java-1.44.0-win32-x64\jre\21.0.8-win32-x86_64\bin\sunmscapi.dll
Event: 3.905 Loaded shared library C:\Users\10935\.vscode\extensions\redhat.java-1.44.0-win32-x64\jre\21.0.8-win32-x86_64\bin\extnet.dll

Deoptimization events (20 events):
Event: 47.575 Thread 0x0000013b73230bd0 DEOPT PACKING pc=0x0000013b608cdd6c sp=0x0000002c373fe2e0
Event: 47.575 Thread 0x0000013b73230bd0 DEOPT UNPACKING pc=0x0000013b5fee3aa2 sp=0x0000002c373fe250 mode 2
Event: 47.584 Thread 0x0000013b73230bd0 Uncommon trap: trap_request=0xffffff45 fr.pc=0x0000013b60e60eac relative=0x00000000000003ac
Event: 47.584 Thread 0x0000013b73230bd0 Uncommon trap: reason=unstable_if action=reinterpret pc=0x0000013b60e60eac method=org.eclipse.jdt.internal.compiler.util.Util.scanTypeSignature([CI)I @ 17 c2
Event: 47.584 Thread 0x0000013b73230bd0 DEOPT PACKING pc=0x0000013b60e60eac sp=0x0000002c373fe1a0
Event: 47.584 Thread 0x0000013b73230bd0 DEOPT UNPACKING pc=0x0000013b5fee3aa2 sp=0x0000002c373fe148 mode 2
Event: 47.606 Thread 0x0000013b7322f820 Uncommon trap: trap_request=0xffffff45 fr.pc=0x0000013b6088b0e4 relative=0x0000000000001064
Event: 47.606 Thread 0x0000013b7322f820 Uncommon trap: reason=unstable_if action=reinterpret pc=0x0000013b6088b0e4 method=org.lombokweb.asm.MethodWriter.putMethodInfo(Lorg/lombokweb/asm/ByteVector;)V @ 136 c2
Event: 47.606 Thread 0x0000013b7322f820 DEOPT PACKING pc=0x0000013b6088b0e4 sp=0x0000002c377fc360
Event: 47.606 Thread 0x0000013b7322f820 DEOPT UNPACKING pc=0x0000013b5fee3aa2 sp=0x0000002c377fc308 mode 2
Event: 47.671 Thread 0x0000013b7322f820 DEOPT PACKING pc=0x0000013b58fad8c8 sp=0x0000002c377fcf90
Event: 47.671 Thread 0x0000013b7322f820 DEOPT UNPACKING pc=0x0000013b5fee4242 sp=0x0000002c377fc448 mode 0
Event: 47.817 Thread 0x0000013b7322f820 DEOPT PACKING pc=0x0000013b58fad8c8 sp=0x0000002c377fd7d0
Event: 47.817 Thread 0x0000013b7322f820 DEOPT UNPACKING pc=0x0000013b5fee4242 sp=0x0000002c377fcc88 mode 0
Event: 47.852 Thread 0x0000013b7322f820 DEOPT PACKING pc=0x0000013b58fad8c8 sp=0x0000002c377fd810
Event: 47.852 Thread 0x0000013b7322f820 DEOPT UNPACKING pc=0x0000013b5fee4242 sp=0x0000002c377fccc8 mode 0
Event: 47.905 Thread 0x0000013b7322f820 Uncommon trap: trap_request=0xffffffde fr.pc=0x0000013b60c1cb18 relative=0x0000000000000078
Event: 47.905 Thread 0x0000013b7322f820 Uncommon trap: reason=class_check action=maybe_recompile pc=0x0000013b60c1cb18 method=java.util.LinkedHashMap.afterNodeInsertion(Z)V @ 15 c2
Event: 47.905 Thread 0x0000013b7322f820 DEOPT PACKING pc=0x0000013b60c1cb18 sp=0x0000002c377fe7a0
Event: 47.905 Thread 0x0000013b7322f820 DEOPT UNPACKING pc=0x0000013b5fee3aa2 sp=0x0000002c377fe718 mode 2

Classes loaded (20 events):
Event: 46.940 Loading class java/io/SequenceInputStream
Event: 46.940 Loading class java/io/SequenceInputStream done
Event: 46.955 Loading class jdk/internal/event/SecurityPropertyModificationEvent
Event: 46.955 Loading class jdk/internal/event/SecurityPropertyModificationEvent done
Event: 46.967 Loading class javax/crypto/spec/IvParameterSpec
Event: 46.967 Loading class javax/crypto/spec/IvParameterSpec done
Event: 46.967 Loading class javax/crypto/spec/SecretKeySpec
Event: 46.967 Loading class javax/crypto/spec/SecretKeySpec done
Event: 46.967 Loading class jdk/internal/access/JavaxCryptoSpecAccess
Event: 46.967 Loading class jdk/internal/access/JavaxCryptoSpecAccess done
Event: 46.968 Loading class javax/crypto/NullCipher
Event: 46.968 Loading class javax/crypto/NullCipher done
Event: 46.988 Loading class java/util/zip/CheckedInputStream
Event: 46.989 Loading class java/util/zip/CheckedInputStream done
Event: 47.052 Loading class java/util/zip/GZIPInputStream$1
Event: 47.052 Loading class java/util/zip/GZIPInputStream$1 done
Event: 47.390 Loading class java/lang/UnsupportedClassVersionError
Event: 47.390 Loading class java/lang/UnsupportedClassVersionError done
Event: 47.717 Loading class jdk/internal/ref/CleanerImpl$InnocuousThreadFactory
Event: 47.717 Loading class jdk/internal/ref/CleanerImpl$InnocuousThreadFactory done

Classes unloaded (7 events):
Event: 2.919 Thread 0x0000013b6c7e4260 Unloading class 0x0000013b011ab000 'java/lang/invoke/LambdaForm$MH+0x0000013b011ab000'
Event: 2.919 Thread 0x0000013b6c7e4260 Unloading class 0x0000013b011aac00 'java/lang/invoke/LambdaForm$MH+0x0000013b011aac00'
Event: 2.919 Thread 0x0000013b6c7e4260 Unloading class 0x0000013b011aa800 'java/lang/invoke/LambdaForm$MH+0x0000013b011aa800'
Event: 2.919 Thread 0x0000013b6c7e4260 Unloading class 0x0000013b011aa400 'java/lang/invoke/LambdaForm$MH+0x0000013b011aa400'
Event: 2.919 Thread 0x0000013b6c7e4260 Unloading class 0x0000013b011aa000 'java/lang/invoke/LambdaForm$BMH+0x0000013b011aa000'
Event: 2.919 Thread 0x0000013b6c7e4260 Unloading class 0x0000013b011a9c00 'java/lang/invoke/LambdaForm$DMH+0x0000013b011a9c00'
Event: 2.919 Thread 0x0000013b6c7e4260 Unloading class 0x0000013b011a8800 'java/lang/invoke/LambdaForm$DMH+0x0000013b011a8800'

Classes redefined (0 events):
No events

Internal exceptions (20 events):
Event: 18.000 Thread 0x0000013b73cc3760 Exception <a 'java/lang/NoSuchMethodError'{0x00000000d58e45f8}: 'java.lang.Object java.lang.invoke.Invokers$Holder.linkToTargetMethod(java.lang.Object, java.lang.Object, int, int, java.lang.Object)'> (0x00000000d58e45f8) 
thrown [s\src\hotspot\share\interpreter\linkResolver.cpp, line 773]
Event: 18.011 Thread 0x0000013b73cc3760 Exception <a 'java/lang/NoSuchMethodError'{0x00000000d55c85f8}: method resolution failed> (0x00000000d55c85f8) 
thrown [s\src\hotspot\share\prims\methodHandles.cpp, line 1144]
Event: 18.011 Thread 0x0000013b73cc3df0 Exception <a 'java/lang/NoSuchMethodError'{0x00000000d55ca828}: method resolution failed> (0x00000000d55ca828) 
thrown [s\src\hotspot\share\prims\methodHandles.cpp, line 1144]
Event: 18.270 Thread 0x0000013b73230bd0 Implicit null exception at 0x0000013b60c44686 to 0x0000013b60c447a1
Event: 18.406 Thread 0x0000013b73230bd0 Implicit null exception at 0x0000013b60c6b8e7 to 0x0000013b60c6bbf4
Event: 18.599 Thread 0x0000013b73230bd0 Implicit null exception at 0x0000013b60486a4b to 0x0000013b60486a92
Event: 18.603 Thread 0x0000013b73230bd0 Implicit null exception at 0x0000013b60958cfa to 0x0000013b60958d54
Event: 18.603 Thread 0x0000013b73230bd0 Implicit null exception at 0x0000013b608d177b to 0x0000013b608d3800
Event: 46.944 Thread 0x0000013b73f67630 Exception <a 'java/io/FileNotFoundException'{0x00000000d57cfdf8}> (0x00000000d57cfdf8) 
thrown [s\src\hotspot\share\prims\jni.cpp, line 520]
Event: 46.944 Thread 0x0000013b73f67630 Exception <a 'java/io/FileNotFoundException'{0x00000000d57d0e10}> (0x00000000d57d0e10) 
thrown [s\src\hotspot\share\prims\jni.cpp, line 520]
Event: 46.959 Thread 0x0000013b73f67630 Exception <a 'java/lang/IncompatibleClassChangeError'{0x00000000d58ce8f8}: Found class java.lang.Object, but interface was expected> (0x00000000d58ce8f8) 
thrown [s\src\hotspot\share\interpreter\linkResolver.cpp, line 840]
Event: 47.038 Thread 0x0000013b73f67630 Exception <a 'java/lang/IncompatibleClassChangeError'{0x00000000d55ffcc8}: Found class java.lang.Object, but interface was expected> (0x00000000d55ffcc8) 
thrown [s\src\hotspot\share\interpreter\linkResolver.cpp, line 840]
Event: 47.041 Thread 0x0000013b73f67630 Exception <a 'java/lang/IncompatibleClassChangeError'{0x00000000d561c940}: Found class java.lang.Object, but interface was expected> (0x00000000d561c940) 
thrown [s\src\hotspot\share\interpreter\linkResolver.cpp, line 840]
Event: 47.042 Thread 0x0000013b73f67630 Exception <a 'java/lang/IncompatibleClassChangeError'{0x00000000d56437a0}: Found class java.lang.Object, but interface was expected> (0x00000000d56437a0) 
thrown [s\src\hotspot\share\interpreter\linkResolver.cpp, line 840]
Event: 47.337 Thread 0x0000013b73f67630 Exception <a 'java/lang/IncompatibleClassChangeError'{0x00000000d59b24a8}: Found class java.lang.Object, but interface was expected> (0x00000000d59b24a8) 
thrown [s\src\hotspot\share\interpreter\linkResolver.cpp, line 840]
Event: 47.357 Thread 0x0000013b73f68350 Exception <a 'java/lang/NoSuchMethodError'{0x00000000d59fd6b8}: 'java.lang.Object java.lang.invoke.DirectMethodHandle$Holder.invokeSpecial(java.lang.Object, java.lang.Object, int, long)'> (0x00000000d59fd6b8) 
thrown [s\src\hotspot\share\interpreter\linkResolver.cpp, line 773]
Event: 47.369 Thread 0x0000013b732339c0 Exception <a 'java/lang/NoSuchMethodError'{0x00000000d5689fe0}: 'java.lang.Object java.lang.invoke.DirectMethodHandle$Holder.invokeSpecial(java.lang.Object, java.lang.Object, java.lang.Object, java.lang.Object, int, java.lang.Object, java.lang.Object)'> (0x00000000d5689fe0) 
thrown [s\src\hotspot\share\interpreter\linkResolver.cpp, line 773]
Event: 47.369 Thread 0x0000013b73234050 Exception <a 'java/lang/NoSuchMethodError'{0x00000000d56a4588}: 'java.lang.Object java.lang.invoke.DirectMethodHandle$Holder.invokeSpecial(java.lang.Object, java.lang.Object, java.lang.Object, java.lang.Object, int, java.lang.Object, java.lang.Object)'> (0x00000000d56a4588) 
thrown [s\src\hotspot\share\interpreter\linkResolver.cpp, line 773]
Event: 47.417 Thread 0x0000013b73233330 Exception <a 'java/lang/NoSuchMethodError'{0x00000000d5a5dc88}: 'int java.lang.invoke.Invokers$Holder.invokeExact_MT(java.lang.Object, java.lang.Object)'> (0x00000000d5a5dc88) 
thrown [s\src\hotspot\share\interpreter\linkResolver.cpp, line 773]
Event: 47.550 Thread 0x0000013b73230bd0 Implicit null exception at 0x0000013b608bb95a to 0x0000013b608bb9b3

ZGC Phase Switch (0 events):
No events

VM Operations (20 events):
Event: 47.362 Executing VM operation: ParallelGCFailedAllocation (Allocation Failure)
Event: 47.366 Executing VM operation: ParallelGCFailedAllocation (Allocation Failure) done
Event: 47.398 Executing VM operation: HandshakeAllThreads (Deoptimize)
Event: 47.399 Executing VM operation: HandshakeAllThreads (Deoptimize) done
Event: 47.445 Executing VM operation: ParallelGCFailedAllocation (Allocation Failure)
Event: 47.448 Executing VM operation: ParallelGCFailedAllocation (Allocation Failure) done
Event: 47.495 Executing VM operation: ParallelGCFailedAllocation (Allocation Failure)
Event: 47.498 Executing VM operation: ParallelGCFailedAllocation (Allocation Failure) done
Event: 47.561 Executing VM operation: ParallelGCFailedAllocation (Allocation Failure)
Event: 47.564 Executing VM operation: ParallelGCFailedAllocation (Allocation Failure) done
Event: 47.589 Executing VM operation: ParallelGCFailedAllocation (Allocation Failure)
Event: 47.594 Executing VM operation: ParallelGCFailedAllocation (Allocation Failure) done
Event: 47.604 Executing VM operation: ParallelGCFailedAllocation (Allocation Failure)
Event: 47.606 Executing VM operation: ParallelGCFailedAllocation (Allocation Failure) done
Event: 47.763 Executing VM operation: ParallelGCFailedAllocation (Allocation Failure)
Event: 47.765 Executing VM operation: ParallelGCFailedAllocation (Allocation Failure) done
Event: 47.863 Executing VM operation: ParallelGCFailedAllocation (Allocation Failure)
Event: 47.866 Executing VM operation: ParallelGCFailedAllocation (Allocation Failure) done
Event: 47.892 Executing VM operation: ParallelGCFailedAllocation (Allocation Failure)
Event: 47.894 Executing VM operation: ParallelGCFailedAllocation (Allocation Failure) done

Memory protections (0 events):
No events

Nmethod flushes (20 events):
Event: 6.896 Thread 0x0000013b6c7e4260 flushing  nmethod 0x0000013b59167110
Event: 6.896 Thread 0x0000013b6c7e4260 flushing  nmethod 0x0000013b59168790
Event: 6.896 Thread 0x0000013b6c7e4260 flushing  nmethod 0x0000013b59184490
Event: 6.896 Thread 0x0000013b6c7e4260 flushing osr nmethod 0x0000013b59195590
Event: 6.896 Thread 0x0000013b6c7e4260 flushing osr nmethod 0x0000013b59199090
Event: 6.896 Thread 0x0000013b6c7e4260 flushing osr nmethod 0x0000013b591c1490
Event: 6.896 Thread 0x0000013b6c7e4260 flushing  nmethod 0x0000013b591d8710
Event: 6.896 Thread 0x0000013b6c7e4260 flushing  nmethod 0x0000013b591fb590
Event: 6.896 Thread 0x0000013b6c7e4260 flushing  nmethod 0x0000013b59203c90
Event: 6.896 Thread 0x0000013b6c7e4260 flushing  nmethod 0x0000013b59223210
Event: 6.896 Thread 0x0000013b6c7e4260 flushing  nmethod 0x0000013b59223790
Event: 6.896 Thread 0x0000013b6c7e4260 flushing  nmethod 0x0000013b59225090
Event: 6.896 Thread 0x0000013b6c7e4260 flushing  nmethod 0x0000013b59225690
Event: 6.896 Thread 0x0000013b6c7e4260 flushing  nmethod 0x0000013b59229410
Event: 6.896 Thread 0x0000013b6c7e4260 flushing  nmethod 0x0000013b59229f10
Event: 6.896 Thread 0x0000013b6c7e4260 flushing  nmethod 0x0000013b5922bb90
Event: 6.896 Thread 0x0000013b6c7e4260 flushing  nmethod 0x0000013b5926ac90
Event: 6.896 Thread 0x0000013b6c7e4260 flushing  nmethod 0x0000013b5928b310
Event: 6.896 Thread 0x0000013b6c7e4260 flushing osr nmethod 0x0000013b5929c810
Event: 6.896 Thread 0x0000013b6c7e4260 flushing  nmethod 0x0000013b592eeb10

Events (20 events):
Event: 17.924 Thread 0x0000013b7322f190 Thread added: 0x0000013b7322dde0
Event: 17.924 Thread 0x0000013b732318f0 Thread added: 0x0000013b73231f80
Event: 17.924 Thread 0x0000013b73230bd0 Thread added: 0x0000013b73232610
Event: 17.925 Thread 0x0000013b7322dde0 Thread added: 0x0000013b7322f820
Event: 17.925 Thread 0x0000013b73231f80 Thread added: 0x0000013b73233330
Event: 17.925 Thread 0x0000013b73232610 Thread added: 0x0000013b73234050
Event: 17.938 Thread 0x0000013b6dcbc780 Thread added: 0x0000013b758d0670
Event: 18.550 Thread 0x0000013b758d0670 Thread exited: 0x0000013b758d0670
Event: 23.747 Thread 0x0000013b758d0d40 Thread exited: 0x0000013b758d0d40
Event: 31.354 Thread 0x0000013b6c7f7970 Thread added: 0x0000013b758ccff0
Event: 31.354 Thread 0x0000013b6c7f7970 Thread added: 0x0000013b758cdd90
Event: 36.403 Thread 0x0000013b758cdd90 Thread exited: 0x0000013b758cdd90
Event: 41.389 Thread 0x0000013b758ccff0 Thread exited: 0x0000013b758ccff0
Event: 46.959 Thread 0x0000013b73230bd0 Thread added: 0x0000013b73235400
Event: 46.991 Thread 0x0000013b6dcbc780 Thread added: 0x0000013b758ccff0
Event: 47.105 Thread 0x0000013b6dcbc780 Thread added: 0x0000013b758d0d40
Event: 47.265 Thread 0x0000013b73235400 Thread exited: 0x0000013b73235400
Event: 47.354 Thread 0x0000013b758d0d40 Thread exited: 0x0000013b758d0d40
Event: 47.557 Thread 0x0000013b6dcbc780 Thread added: 0x0000013b758ca040
Event: 47.718 Thread 0x0000013b7322f820 Thread added: 0x0000013b73235400


Dynamic libraries:
0x00007ff740050000 - 0x00007ff74005e000 	c:\Users\10935\.vscode\extensions\redhat.java-1.44.0-win32-x64\jre\21.0.8-win32-x86_64\bin\java.exe
0x00007ff994650000 - 0x00007ff994867000 	C:\windows\SYSTEM32\ntdll.dll
0x00007ff9922f0000 - 0x00007ff9923b4000 	C:\windows\System32\KERNEL32.DLL
0x00007ff991960000 - 0x00007ff991d32000 	C:\windows\System32\KERNELBASE.dll
0x00007ff9921c0000 - 0x00007ff9922d1000 	C:\windows\System32\ucrtbase.dll
0x00007ff979c40000 - 0x00007ff979c58000 	c:\Users\10935\.vscode\extensions\redhat.java-1.44.0-win32-x64\jre\21.0.8-win32-x86_64\bin\jli.dll
0x00007ff993ed0000 - 0x00007ff994081000 	C:\windows\System32\USER32.dll
0x00007ff991d40000 - 0x00007ff991d66000 	C:\windows\System32\win32u.dll
0x00007ff9929e0000 - 0x00007ff992a09000 	C:\windows\System32\GDI32.dll
0x00007ff992090000 - 0x00007ff9921b3000 	C:\windows\System32\gdi32full.dll
0x00007ff991e30000 - 0x00007ff991eca000 	C:\windows\System32\msvcp_win.dll
0x00007ff96c3d0000 - 0x00007ff96c66b000 	C:\windows\WinSxS\amd64_microsoft.windows.common-controls_6595b64144ccf1df_6.0.22621.5697_none_27154c497380d676\COMCTL32.dll
0x00007ff992a70000 - 0x00007ff992b17000 	C:\windows\System32\msvcrt.dll
0x00007ff98a420000 - 0x00007ff98a43e000 	c:\Users\10935\.vscode\extensions\redhat.java-1.44.0-win32-x64\jre\21.0.8-win32-x86_64\bin\VCRUNTIME140.dll
0x00007ff992750000 - 0x00007ff992781000 	C:\windows\System32\IMM32.DLL
0x0000013b53cf0000 - 0x0000013b53d06000 	C:\windows\System32\umppc20006.dll
0x0000013b53d30000 - 0x0000013b53d44000 	C:\windows\System32\CsXumd64_20006.dll
0x00007ff990700000 - 0x00007ff99070c000 	c:\Users\10935\.vscode\extensions\redhat.java-1.44.0-win32-x64\jre\21.0.8-win32-x86_64\bin\vcruntime140_1.dll
0x00007ff96d4e0000 - 0x00007ff96d56d000 	c:\Users\10935\.vscode\extensions\redhat.java-1.44.0-win32-x64\jre\21.0.8-win32-x86_64\bin\msvcp140.dll
0x00007ff925470000 - 0x00007ff926207000 	c:\Users\10935\.vscode\extensions\redhat.java-1.44.0-win32-x64\jre\21.0.8-win32-x86_64\bin\server\jvm.dll
0x00007ff9923e0000 - 0x00007ff992491000 	C:\windows\System32\ADVAPI32.dll
0x00007ff992e00000 - 0x00007ff992ea8000 	C:\windows\System32\sechost.dll
0x00007ff9918b0000 - 0x00007ff9918d8000 	C:\windows\System32\bcrypt.dll
0x00007ff993db0000 - 0x00007ff993ec7000 	C:\windows\System32\RPCRT4.dll
0x00007ff9924a0000 - 0x00007ff992511000 	C:\windows\System32\WS2_32.dll
0x00007ff991610000 - 0x00007ff99165d000 	C:\windows\SYSTEM32\POWRPROF.dll
0x00007ff98d100000 - 0x00007ff98d134000 	C:\windows\SYSTEM32\WINMM.dll
0x00007ff9871c0000 - 0x00007ff9871ca000 	C:\windows\SYSTEM32\VERSION.dll
0x00007ff9915f0000 - 0x00007ff991603000 	C:\windows\SYSTEM32\UMPDC.dll
0x00007ff9906e0000 - 0x00007ff9906f8000 	C:\windows\SYSTEM32\kernel.appcore.dll
0x00007ff98cbb0000 - 0x00007ff98cbba000 	c:\Users\10935\.vscode\extensions\redhat.java-1.44.0-win32-x64\jre\21.0.8-win32-x86_64\bin\jimage.dll
0x00007ff98ed50000 - 0x00007ff98ef83000 	C:\windows\SYSTEM32\DBGHELP.DLL
0x00007ff992eb0000 - 0x00007ff993242000 	C:\windows\System32\combase.dll
0x00007ff994090000 - 0x00007ff994168000 	C:\windows\System32\OLEAUT32.dll
0x00007ff96b550000 - 0x00007ff96b582000 	C:\windows\SYSTEM32\dbgcore.DLL
0x00007ff992010000 - 0x00007ff99208b000 	C:\windows\System32\bcryptPrimitives.dll
0x00007ff98c9f0000 - 0x00007ff98c9ff000 	c:\Users\10935\.vscode\extensions\redhat.java-1.44.0-win32-x64\jre\21.0.8-win32-x86_64\bin\instrument.dll
0x00007ff979a90000 - 0x00007ff979aaf000 	c:\Users\10935\.vscode\extensions\redhat.java-1.44.0-win32-x64\jre\21.0.8-win32-x86_64\bin\java.dll
0x00007ff9933f0000 - 0x00007ff993c91000 	C:\windows\System32\SHELL32.dll
0x00007ff991ed0000 - 0x00007ff99200f000 	C:\windows\System32\wintypes.dll
0x00007ff98f2f0000 - 0x00007ff98fc0a000 	C:\windows\SYSTEM32\windows.storage.dll
0x00007ff992cf0000 - 0x00007ff992dfb000 	C:\windows\System32\SHCORE.dll
0x00007ff992520000 - 0x00007ff992589000 	C:\windows\System32\shlwapi.dll
0x00007ff991670000 - 0x00007ff99169b000 	C:\windows\SYSTEM32\profapi.dll
0x00007ff96f1a0000 - 0x00007ff96f1b8000 	c:\Users\10935\.vscode\extensions\redhat.java-1.44.0-win32-x64\jre\21.0.8-win32-x86_64\bin\zip.dll
0x00007ff98c9e0000 - 0x00007ff98c9f0000 	C:\Users\10935\.vscode\extensions\redhat.java-1.44.0-win32-x64\jre\21.0.8-win32-x86_64\bin\net.dll
0x00007ff98d6e0000 - 0x00007ff98d80c000 	C:\windows\SYSTEM32\WINHTTP.dll
0x00007ff990ba0000 - 0x00007ff990c09000 	C:\windows\system32\mswsock.dll
0x00007ff96e7e0000 - 0x00007ff96e7f6000 	C:\Users\10935\.vscode\extensions\redhat.java-1.44.0-win32-x64\jre\21.0.8-win32-x86_64\bin\nio.dll
0x00007ff98a3f0000 - 0x00007ff98a400000 	c:\Users\10935\.vscode\extensions\redhat.java-1.44.0-win32-x64\jre\21.0.8-win32-x86_64\bin\verify.dll
0x00007ff96d230000 - 0x00007ff96d275000 	C:\Users\10935\AppData\Roaming\Code\User\globalStorage\redhat.java\1.44.0\config_win\org.eclipse.equinox.launcher\org.eclipse.equinox.launcher.win32.win32.x86_64_1.2.1400.v20250730-1736\eclipse_11913.dll
0x00007ff993250000 - 0x00007ff9933f0000 	C:\windows\System32\ole32.dll
0x00007ff990e90000 - 0x00007ff990eab000 	C:\windows\SYSTEM32\CRYPTSP.dll
0x00007ff990640000 - 0x00007ff990677000 	C:\windows\system32\rsaenh.dll
0x00007ff990c40000 - 0x00007ff990c68000 	C:\windows\SYSTEM32\USERENV.dll
0x00007ff990e70000 - 0x00007ff990e7c000 	C:\windows\SYSTEM32\CRYPTBASE.dll
0x00007ff98ff70000 - 0x00007ff98ff9d000 	C:\windows\SYSTEM32\IPHLPAPI.DLL
0x00007ff992790000 - 0x00007ff992799000 	C:\windows\System32\NSI.dll
0x00007ff96d7d0000 - 0x00007ff96d819000 	C:\Users\10935\AppData\Local\Temp\jna-46738908\jna6073240896944666837.dll
0x00007ff994600000 - 0x00007ff994608000 	C:\windows\System32\PSAPI.DLL
0x00007ff98d830000 - 0x00007ff98d849000 	C:\windows\SYSTEM32\dhcpcsvc6.DLL
0x00007ff98d810000 - 0x00007ff98d82f000 	C:\windows\SYSTEM32\dhcpcsvc.DLL
0x00007ff98a0f0000 - 0x00007ff98a0fe000 	C:\Users\10935\.vscode\extensions\redhat.java-1.44.0-win32-x64\jre\21.0.8-win32-x86_64\bin\sunmscapi.dll
0x00007ff991740000 - 0x00007ff9918a8000 	C:\windows\System32\CRYPT32.dll
0x00007ff990f80000 - 0x00007ff990fad000 	C:\windows\SYSTEM32\ncrypt.dll
0x00007ff990f40000 - 0x00007ff990f77000 	C:\windows\SYSTEM32\NTASN1.dll
0x00007ff98ffa0000 - 0x00007ff990098000 	C:\windows\SYSTEM32\DNSAPI.dll
0x00007ff98be60000 - 0x00007ff98be6a000 	C:\Windows\System32\rasadhlp.dll
0x00007ff98dac0000 - 0x00007ff98db44000 	C:\windows\System32\fwpuclnt.dll
0x00007ff988830000 - 0x00007ff988839000 	C:\Users\10935\.vscode\extensions\redhat.java-1.44.0-win32-x64\jre\21.0.8-win32-x86_64\bin\extnet.dll

JVMTI agents:
c:\Users\10935\.vscode\extensions\redhat.java-1.44.0-win32-x64\lombok\lombok-1.18.39-4050.jar path:c:\Users\10935\.vscode\extensions\redhat.java-1.44.0-win32-x64\jre\21.0.8-win32-x86_64\bin\instrument.dll, loaded, initialized, instrumentlib options:none

dbghelp: loaded successfully - version: 4.0.5 - missing functions: none
symbol engine: initialized successfully - sym options: 0x614 - pdb path: .;c:\Users\10935\.vscode\extensions\redhat.java-1.44.0-win32-x64\jre\21.0.8-win32-x86_64\bin;C:\windows\SYSTEM32;C:\windows\WinSxS\amd64_microsoft.windows.common-controls_6595b64144ccf1df_6.0.22621.5697_none_27154c497380d676;c:\Users\10935\.vscode\extensions\redhat.java-1.44.0-win32-x64\jre\21.0.8-win32-x86_64\bin\server;C:\Users\10935\AppData\Roaming\Code\User\globalStorage\redhat.java\1.44.0\config_win\org.eclipse.equinox.launcher\org.eclipse.equinox.launcher.win32.win32.x86_64_1.2.1400.v20250730-1736;C:\Users\10935\AppData\Local\Temp\jna-46738908

VM Arguments:
jvm_args: --add-modules=ALL-SYSTEM --add-opens=java.base/java.util=ALL-UNNAMED --add-opens=java.base/java.lang=ALL-UNNAMED --add-opens=java.base/sun.nio.fs=ALL-UNNAMED -Declipse.application=org.eclipse.jdt.ls.core.id1 -Dosgi.bundles.defaultStartLevel=4 -Declipse.product=org.eclipse.jdt.ls.core.product -Djava.import.generatesMetadataFilesAtProjectRoot=false -DDetectVMInstallationsJob.disabled=true -Dfile.encoding=utf8 -XX:+UseParallelGC -XX:GCTimeRatio=4 -XX:AdaptiveSizePolicyWeight=90 -Dsun.zip.disableMemoryMapping=true -Xmx2G -Xms100m -Xlog:disable -javaagent:c:\Users\10935\.vscode\extensions\redhat.java-1.44.0-win32-x64\lombok\lombok-1.18.39-4050.jar -XX:+HeapDumpOnOutOfMemoryError -XX:HeapDumpPath=c:\Users\10935\AppData\Roaming\Code\User\workspaceStorage\45f548e0b30d52b6814e104f887155be\redhat.java -Daether.dependencyCollector.impl=bf 
java_command: c:\Users\10935\.vscode\extensions\redhat.java-1.44.0-win32-x64\server\plugins\org.eclipse.equinox.launcher_1.7.0.v20250519-0528.jar -configuration c:\Users\10935\AppData\Roaming\Code\User\globalStorage\redhat.java\1.44.0\config_win -data c:\Users\10935\AppData\Roaming\Code\User\workspaceStorage\45f548e0b30d52b6814e104f887155be\redhat.java\jdt_ws --pipe=\\.\pipe\lsp-31b9a97d4bd97484afd20635a30bd21c-sock
java_class_path (initial): c:\Users\10935\.vscode\extensions\redhat.java-1.44.0-win32-x64\server\plugins\org.eclipse.equinox.launcher_1.7.0.v20250519-0528.jar
Launcher Type: SUN_STANDARD

[Global flags]
    uintx AdaptiveSizePolicyWeight                 = 90                                        {product} {command line}
     intx CICompilerCount                          = 4                                         {product} {ergonomic}
    uintx GCTimeRatio                              = 4                                         {product} {command line}
     bool HeapDumpOnOutOfMemoryError               = true                                   {manageable} {command line}
    ccstr HeapDumpPath                             = c:\Users\10935\AppData\Roaming\Code\User\workspaceStorage\45f548e0b30d52b6814e104f887155be\redhat.java         {manageable} {command line}
   size_t InitialHeapSize                          = 104857600                                 {product} {command line}
   size_t MaxHeapSize                              = 2147483648                                {product} {command line}
   size_t MaxNewSize                               = 715653120                                 {product} {ergonomic}
   size_t MinHeapDeltaBytes                        = 524288                                    {product} {ergonomic}
   size_t MinHeapSize                              = 104857600                                 {product} {command line}
   size_t NewSize                                  = 34603008                                  {product} {ergonomic}
    uintx NonNMethodCodeHeapSize                   = 5839372                                {pd product} {ergonomic}
    uintx NonProfiledCodeHeapSize                  = 122909434                              {pd product} {ergonomic}
   size_t OldSize                                  = 70254592                                  {product} {ergonomic}
    uintx ProfiledCodeHeapSize                     = 122909434                              {pd product} {ergonomic}
    uintx ReservedCodeCacheSize                    = 251658240                              {pd product} {ergonomic}
     bool SegmentedCodeCache                       = true                                      {product} {ergonomic}
   size_t SoftMaxHeapSize                          = 2147483648                             {manageable} {ergonomic}
     bool UseCompressedOops                        = true                           {product lp64_product} {ergonomic}
     bool UseLargePagesIndividualAllocation        = false                                  {pd product} {ergonomic}
     bool UseParallelGC                            = true                                      {product} {command line}

Logging:
Log output configuration:
 #0: stdout all=off uptime,level,tags foldmultilines=false
 #1: stderr all=off uptime,level,tags foldmultilines=false

Environment Variables:
JAVA_HOME=C:\Program Files\Java\jdk-1.8
PATH=C:\Program Files (x86)\Common Files\Oracle\Java\java8path;C:\Program Files (x86)\Common Files\Oracle\Java\javapath;D:\DevSuiteHome_1\jdk\jre\bin\classic;D:\DevSuiteHome_1\jdk\jre\bin;D:\DevSuiteHome_1\jdk\jre\bin\client;D:\DevSuiteHome_1\jlib;D:\DevSuiteHome_1\bin;D:\DevSuiteHome_1\jre\1.4.2\bin\client;D:\DevSuiteHome_1\jre\1.4.2\bin;C:\windows\system32;C:\windows;C:\windows\System32\Wbem;C:\windows\System32\WindowsPowerShell\v1.0\;C:\windows\System32\OpenSSH\;C:\Program Files\TortoiseSVN\bin;C:\Program Files\Java\jdk-1.8\bin;C:\Program Files\nodejs\;C:\apache-maven-3.9.11\bin;C:\Users\10935\AppData\Local\Microsoft\WindowsApps;C:\Users\10935\AppData\Local\Programs\Microsoft VS Code\bin;C:\Users\10935\AppData\Local\Programs\Git\cmd;C:\Users\10935\AppData\Roaming\npm;C:\Users\10935\AppData\Local\JetBrains\PyCharm 2025.1.3\bin;;C:\Users\10935\AppData\Local\Programs\cursor\resources\app\bin
USERNAME=10935
OS=Windows_NT
PROCESSOR_IDENTIFIER=Intel64 Family 6 Model 186 Stepping 3, GenuineIntel
TMP=C:\Users\10935\AppData\Local\Temp
TEMP=C:\Users\10935\AppData\Local\Temp




Periodic native trim disabled

---------------  S Y S T E M  ---------------

OS:
 Windows 11 , 64 bit Build 22621 (10.0.22621.5415)
OS uptime: 0 days 7:03 hours
Hyper-V role detected

CPU: total 12 (initial active 12) (6 cores per cpu, 2 threads per core) family 6 model 186 stepping 3 microcode 0x4128, cx8, cmov, fxsr, ht, mmx, 3dnowpref, sse, sse2, sse3, ssse3, sse4.1, sse4.2, popcnt, lzcnt, tsc, tscinvbit, avx, avx2, aes, erms, clmul, bmi1, bmi2, adx, sha, fma, vzeroupper, clflush, clflushopt, clwb, hv, serialize, rdtscp, rdpid, fsrm, f16c, cet_ibt, cet_ss
Processor Information for the first 12 processors :
  Max Mhz: 1300, Current Mhz: 1300, Mhz Limit: 1300

Memory: 4k page, system-wide physical 16016M (3108M free)
TotalPageFile size 17551M (AvailPageFile size 55M)
current process WorkingSet (physical memory assigned to process): 1078M, peak: 1080M
current process commit charge ("private bytes"): 1160M, peak: 1161M

vm_info: OpenJDK 64-Bit Server VM (21.0.8+9-LTS) for windows-amd64 JRE (21.0.8+9-LTS), built on 2025-07-15T00:00:00Z by "admin" with MS VC++ 17.7 (VS2022)

END.
