[2025-10-07 12:52:50.877] [INFO] Login attempt - Email: manoj.tiwari@godeepak.com
[2025-10-07 12:52:52.418] [INFO] Login successful - User: Manoj Tiwari | Email: manoj.tiwari@godeepak.com | Role: STLD | Site: NDS
[2025-10-07 12:59:26.856] [INFO] Login attempt - Email: kiransharma@godeepak.com
[2025-10-07 12:59:27.159] [WARNING] Login failed - Email: kiransharma@godeepak.com | Reason: Bad credentials
[2025-10-07 12:59:30.661] [INFO] Login attempt - Email: kiransharma@godeepak.com
[2025-10-07 12:59:30.994] [WARNING] Login failed - Email: kiransharma@godeepak.com | Reason: Bad credentials
[2025-10-07 12:59:35.197] [INFO] Login attempt - Email: kiran.sharma@godeepak.com
[2025-10-07 12:59:35.59] [INFO] Login successful - User: Kiran Sharma | Email: kiran.sharma@godeepak.com | Role: IL | Site: NDS
[2025-10-07 14:12:16.897] [INFO] Login attempt - Email: kiransharma@godeepak.com
[2025-10-07 14:12:17.375] [WARNING] Login failed - Email: kiransharma@godeepak.com | Reason: Bad credentials
[2025-10-07 14:12:26.196] [INFO] Login attempt - Email: kiran.sharma@godeepak.com
[2025-10-07 14:12:26.673] [INFO] Login successful - User: Kiran Sharma | Email: kiran.sharma@godeepak.com | Role: IL | Site: NDS
[2025-10-07 15:01:11.831] [INFO] Login attempt - Email: manoj.tiwari@godeepak.com
[2025-10-07 15:01:12.248] [INFO] Login successful - User: Manoj Tiwari | Email: manoj.tiwari@godeepak.com | Role: STLD | Site: NDS
[2025-10-07 15:01:49.23] [INFO] Login attempt - Email: kiran.sharma@godeepak.com
[2025-10-07 15:01:49.382] [INFO] Login successful - User: Kiran Sharma | Email: kiran.sharma@godeepak.com | Role: IL | Site: NDS
[2025-10-07 15:04:56.627] [INFO] Login attempt - Email: kiran.sharma@godeepak.com
[2025-10-07 15:04:56.779] [INFO] Login successful - User: Kiran Sharma | Email: kiran.sharma@godeepak.com | Role: IL | Site: NDS
[2025-10-07 15:32:43.704] [INFO] === INITIATIVE CREATION STARTED ===
[2025-10-07 15:32:43.718] [INFO] User ID: 13 | Site: NDS | Discipline: Others
[2025-10-07 15:32:43.74] [INFO] Expected Savings: 46463 | Target Value: 64436 | Estimated CAPEX: 643
[2025-10-07 15:32:43.746] [INFO] Selected HOD ID: 7 | HOD Email: kavya.nair.hod@godeepak.com
[2025-10-07 15:32:43.894] [INFO] Initiative created successfully - ID: 2 | Number: NDS/25/OT/01/002 | Title: TestTestTestTestTestTestTestTestTestTestTestTest
[2025-10-07 15:32:43.937] [INFO] === WORKFLOW INITIALIZATION STARTED === Initiative: NDS/25/OT/01/002 | Site: NDS | HOD: kavya.nair.hod@godeepak.com
[2025-10-07 15:32:44.013] [INFO] Stage 1 auto-approved for Initiative: NDS/25/OT/01/002
[2025-10-07 15:32:47.431] [INFO] Stage 2 created and email sent to HOD: kavya.nair.hod@godeepak.com
[2025-10-07 15:32:47.437] [INFO] === WORKFLOW INITIALIZATION COMPLETED === Initiative: NDS/25/OT/01/002
[2025-10-07 15:32:47.442] [INFO] === INITIATIVE CREATION COMPLETED === Initiative: NDS/25/OT/01/002
[2025-10-07 15:36:24.243] [INFO] === INITIATIVE CREATION STARTED ===
[2025-10-07 15:36:24.25] [INFO] User ID: 13 | Site: NDS | Discipline: Environment
[2025-10-07 15:36:24.265] [INFO] Expected Savings: 325325 | Target Value: 5325 | Estimated CAPEX: 5235
[2025-10-07 15:36:24.268] [INFO] Selected HOD ID: 4 | HOD Email: amit.singh.hod@godeepak.com
[2025-10-07 15:36:24.431] [INFO] Initiative created successfully - ID: 3 | Number: NDS/25/EV/01/003 | Title: TestTestTestTestTestTestTestTestTest
[2025-10-07 15:36:24.466] [INFO] === WORKFLOW INITIALIZATION STARTED === Initiative: NDS/25/EV/01/003 | Site: NDS | HOD: amit.singh.hod@godeepak.com
[2025-10-07 15:36:24.537] [INFO] Stage 1 auto-approved for Initiative: NDS/25/EV/01/003
[2025-10-07 15:36:26.774] [INFO] Stage 2 created and email sent to HOD: amit.singh.hod@godeepak.com
[2025-10-07 15:36:26.78] [INFO] === WORKFLOW INITIALIZATION COMPLETED === Initiative: NDS/25/EV/01/003
[2025-10-07 15:36:26.785] [INFO] === INITIATIVE CREATION COMPLETED === Initiative: NDS/25/EV/01/003
[2025-10-07 15:38:13.156] [INFO] Login attempt - Email: amit.singh.hod@godeepak.com
[2025-10-07 15:38:13.823] [WARNING] Login failed - Email: amit.singh.hod@godeepak.com | Reason: Bad credentials
[2025-10-07 15:38:18.002] [INFO] Login attempt - Email: amit.singh.hod@godeepak.com
[2025-10-07 15:38:18.303] [INFO] Login successful - User: Amit Singh | Email: amit.singh.hod@godeepak.com | Role: HOD | Site: NDS
[2025-10-07 15:38:24.157] [INFO] === WORKFLOW ACTION STARTED === Transaction ID: 15 | Action: approved | User: amit.singh.hod@godeepak.com
[2025-10-07 15:38:24.22] [INFO] Stage: 2 - Evaluation and Approval | Initiative ID: 3
[2025-10-07 15:38:24.26] [INFO] Processing workflow for Initiative: NDS/25/EV/01/003
[2025-10-07 15:38:24.264] [INFO] Stage 2 APPROVED by Amit Singh
[2025-10-07 15:38:24.352] [INFO] Initiative moved to Stage 3
[2025-10-07 15:38:26.164] [INFO] === WORKFLOW ACTION COMPLETED === Initiative: NDS/25/EV/01/003 | Status: In Progress
[2025-10-07 15:38:35.349] [INFO] Login attempt - Email: deepika.singh@godeepak.com
[2025-10-07 15:38:35.566] [INFO] Login successful - User: Deepika Singh | Email: deepika.singh@godeepak.com | Role: STLD | Site: NDS
[2025-10-07 15:39:14.91] [INFO] === WORKFLOW ACTION STARTED === Transaction ID: 16 | Action: approved | User: deepika.singh@godeepak.com
[2025-10-07 15:39:14.93] [INFO] Stage: 3 - Initiative assessment and approval | Initiative ID: 3
[2025-10-07 15:39:14.952] [INFO] Processing workflow for Initiative: NDS/25/EV/01/003
[2025-10-07 15:39:14.956] [INFO] Stage 3 APPROVED by Deepika Singh
[2025-10-07 15:39:15.002] [INFO] Initiative moved to Stage 4
[2025-10-07 15:39:16.287] [INFO] === WORKFLOW ACTION COMPLETED === Initiative: NDS/25/EV/01/003 | Status: In Progress
[2025-10-07 15:39:28.778] [INFO] Login attempt - Email: ananya.verma@godeepak.com
[2025-10-07 15:39:29.027] [INFO] Login successful - User: Ananya Verma | Email: ananya.verma@godeepak.com | Role: SH | Site: NDS
[2025-10-07 15:40:00.765] [INFO] === WORKFLOW ACTION STARTED === Transaction ID: 17 | Action: approved | User: ananya.verma@godeepak.com
[2025-10-07 15:40:00.778] [INFO] Stage: 4 - Define Responsibilities | Initiative ID: 3
[2025-10-07 15:40:00.794] [INFO] Processing workflow for Initiative: NDS/25/EV/01/003
[2025-10-07 15:40:00.799] [INFO] Stage 4 APPROVED by Ananya Verma
[2025-10-07 15:40:00.86] [INFO] Initiative moved to Stage 5
[2025-10-07 15:40:02.214] [INFO] === WORKFLOW ACTION COMPLETED === Initiative: NDS/25/EV/01/003 | Status: In Progress
[2025-10-07 15:40:16.441] [INFO] Login attempt - Email: kiran.sharma@godeepak.com
[2025-10-07 15:40:16.611] [INFO] Login successful - User: Kiran Sharma | Email: kiran.sharma@godeepak.com | Role: IL | Site: NDS
[2025-10-07 15:40:31.884] [INFO] === WORKFLOW ACTION STARTED === Transaction ID: 18 | Action: approved | User: kiran.sharma@godeepak.com
[2025-10-07 15:40:31.903] [INFO] Stage: 5 - MOC-CAPEX Evaluation | Initiative ID: 3
[2025-10-07 15:40:31.932] [INFO] Processing workflow for Initiative: NDS/25/EV/01/003
[2025-10-07 15:40:31.937] [INFO] Stage 5 APPROVED by Kiran Sharma
[2025-10-07 15:40:32.003] [INFO] Initiative moved to Stage 6
[2025-10-07 15:40:33.654] [INFO] === WORKFLOW ACTION COMPLETED === Initiative: NDS/25/EV/01/003 | Status: In Progress
[2025-10-07 15:40:33.668] [INFO] === MOC/CAPEX UPDATE STARTED === Initiative ID: 3
[2025-10-07 15:40:33.675] [INFO] Initiative: NDS/25/EV/01/003 - TestTestTestTestTestTestTestTestTest
[2025-10-07 15:40:33.682] [INFO] Current MOC - Requires: true | Number: null
[2025-10-07 15:40:33.689] [INFO] Current CAPEX - Requires: true | Number: null
[2025-10-07 15:40:33.695] [INFO] Updating requiresMoc to: N
[2025-10-07 15:40:33.702] [INFO] Updating requiresCapex to: N
[2025-10-07 15:40:33.709] [INFO] MOC/CAPEX update successful
[2025-10-07 15:40:33.714] [INFO] Updated MOC - Requires: N | Number: null
[2025-10-07 15:40:33.72] [INFO] Updated CAPEX - Requires: N | Number: null
[2025-10-07 15:40:33.724] [INFO] === MOC/CAPEX UPDATE COMPLETED === Initiative: NDS/25/EV/01/003
[2025-10-07 15:41:20.642] [INFO] === WORKFLOW ACTION STARTED === Transaction ID: 19 | Action: approved | User: kiran.sharma@godeepak.com
[2025-10-07 15:41:20.658] [INFO] Stage: 6 - Initiative Timeline Tracker | Initiative ID: 3
[2025-10-07 15:41:20.676] [INFO] Processing workflow for Initiative: NDS/25/EV/01/003
[2025-10-07 15:41:20.68] [INFO] Stage 6 APPROVED by Kiran Sharma
[2025-10-07 15:41:20.699] [INFO] All timeline entries completed - Creating Stage 7
[2025-10-07 15:41:20.721] [INFO] Initiative moved to Stage 7
[2025-10-07 15:41:22.202] [INFO] === WORKFLOW ACTION COMPLETED === Initiative: NDS/25/EV/01/003 | Status: In Progress
[2025-10-07 15:41:32.265] [INFO] Login attempt - Email: rohit.jain@godeepak.com
[2025-10-07 15:41:32.465] [INFO] Login successful - User: Rohit Jain | Email: rohit.jain@godeepak.com | Role: STLD | Site: NDS
[2025-10-07 15:41:39.912] [INFO] === WORKFLOW ACTION STARTED === Transaction ID: 20 | Action: approved | User: rohit.jain@godeepak.com
[2025-10-07 15:41:39.935] [INFO] Stage: 7 - Progress monitoring | Initiative ID: 3
[2025-10-07 15:41:39.966] [INFO] Processing workflow for Initiative: NDS/25/EV/01/003
[2025-10-07 15:41:39.972] [INFO] Stage 7 APPROVED by Rohit Jain
[2025-10-07 15:41:40.012] [INFO] Initiative moved to Stage 8
[2025-10-07 15:41:41.378] [INFO] === WORKFLOW ACTION COMPLETED === Initiative: NDS/25/EV/01/003 | Status: In Progress
[2025-10-07 15:41:50.452] [INFO] Login attempt - Email: ravi.kumar@godeepak.com
[2025-10-07 15:41:50.722] [INFO] Login successful - User: Ravi Kumar | Email: ravi.kumar@godeepak.com | Role: CTSD | Site: NDS
[2025-10-07 15:41:57.751] [INFO] === WORKFLOW ACTION STARTED === Transaction ID: 21 | Action: approved | User: ravi.kumar@godeepak.com
[2025-10-07 15:41:57.779] [INFO] Stage: 8 - Periodic Status Review with CMO | Initiative ID: 3
[2025-10-07 15:41:57.802] [INFO] Processing workflow for Initiative: NDS/25/EV/01/003
[2025-10-07 15:41:57.807] [INFO] Stage 8 APPROVED by Ravi Kumar
[2025-10-07 15:41:57.855] [INFO] Initiative moved to Stage 9
[2025-10-07 15:41:59.018] [INFO] === WORKFLOW ACTION COMPLETED === Initiative: NDS/25/EV/01/003 | Status: In Progress
[2025-10-07 15:42:19.274] [INFO] Login attempt - Email: kiran.sharma@godeepak.com
[2025-10-07 15:42:19.538] [INFO] Login successful - User: Kiran Sharma | Email: kiran.sharma@godeepak.com | Role: IL | Site: NDS
[2025-10-07 15:56:40.683] [INFO] === WORKFLOW ACTION STARTED === Transaction ID: 22 | Action: approved | User: kiran.sharma@godeepak.com
[2025-10-07 15:56:40.697] [INFO] Stage: 9 - Savings Monitoring (1 Month) | Initiative ID: 3
[2025-10-07 15:56:40.711] [INFO] Processing workflow for Initiative: NDS/25/EV/01/003
[2025-10-07 15:56:40.711] [INFO] Stage 9 APPROVED by Kiran Sharma
[2025-10-07 15:56:40.744] [INFO] Initiative moved to Stage 10
[2025-10-07 15:56:42.232] [INFO] === WORKFLOW ACTION COMPLETED === Initiative: NDS/25/EV/01/003 | Status: In Progress
[2025-10-07 15:56:52.261] [INFO] Login attempt - Email: sonia.jain@godeepak.com
[2025-10-07 15:56:52.41] [INFO] Login successful - User: Sonia Jain | Email: sonia.jain@godeepak.com | Role: F&A | Site: NDS
[2025-10-07 15:57:02.016] [INFO] === WORKFLOW ACTION STARTED === Transaction ID: 23 | Action: approved | User: sonia.jain@godeepak.com
[2025-10-07 15:57:02.031] [INFO] Stage: 10 - Saving Validation with F&A (Monthly) | Initiative ID: 3
[2025-10-07 15:57:02.048] [INFO] Processing workflow for Initiative: NDS/25/EV/01/003
[2025-10-07 15:57:02.053] [INFO] Stage 10 APPROVED by Sonia Jain
[2025-10-07 15:57:02.091] [INFO] Initiative moved to Stage 11
[2025-10-07 15:57:03.341] [INFO] === WORKFLOW ACTION COMPLETED === Initiative: NDS/25/EV/01/003 | Status: In Progress
[2025-10-07 15:57:13.278] [INFO] Login attempt - Email: kiran.sharma@godeepak.com
[2025-10-07 15:57:13.449] [INFO] Login successful - User: Kiran Sharma | Email: kiran.sharma@godeepak.com | Role: IL | Site: NDS
[2025-10-07 15:57:20.724] [INFO] === WORKFLOW ACTION STARTED === Transaction ID: 24 | Action: approved | User: kiran.sharma@godeepak.com
[2025-10-07 15:57:20.743] [INFO] Stage: 11 - Initiative Closure | Initiative ID: 3
[2025-10-07 15:57:20.757] [INFO] Processing workflow for Initiative: NDS/25/EV/01/003
[2025-10-07 15:57:20.761] [INFO] Stage 11 APPROVED by Kiran Sharma
[2025-10-07 15:57:20.771] [INFO] Initiative COMPLETED - Final stage approved
[2025-10-07 15:57:20.775] [INFO] === WORKFLOW ACTION COMPLETED === Initiative: NDS/25/EV/01/003 | Status: Completed
[2025-10-07 16:07:27.651] [INFO] Login attempt - Email: kiran.sharma@godeepak.com
[2025-10-07 16:07:27.831] [INFO] Login successful - User: Kiran Sharma | Email: kiran.sharma@godeepak.com | Role: IL | Site: NDS
[2025-10-07 17:22:27.778] [INFO] Login attempt - Email: kiran.sharma@godeepak.com
[2025-10-07 17:22:28.266] [INFO] Login successful - User: Kiran Sharma | Email: kiran.sharma@godeepak.com | Role: IL | Site: NDS
[2025-10-07 18:13:31.658] [INFO] Login attempt - Email: kiran.sharma@godeepak.com
[2025-10-07 18:13:32.634] [INFO] Login successful - User: Kiran Sharma | Email: kiran.sharma@godeepak.com | Role: IL | Site: NDS
