[2025-10-10 14:40:19.851] [INFO] Login attempt - Email: dnsharma@godeepak.com
[2025-10-10 14:40:20.809] [INFO] Login successful - User: Deep Sharma | Email: dnsharma@godeepak.com | Role: ADMIN | Site: NDS
[2025-10-10 14:40:21.553] [INFO] Initiative search - Status: null | Site: NDS | Search: null | Financial Year: null
[2025-10-10 14:40:21.799] [INFO] Initiative search - Status: null | Site: NDS | Search: null | Financial Year: 2025
[2025-10-10 14:40:21.804] [INFO] Searching with Financial Year filter: 2025
[2025-10-10 14:40:21.809] [INFO] Financial Year 2025 range: 2025-04-01T00:00 to 2026-03-31T23:59:59
[2025-10-10 14:41:04.935] [INFO] Initiative search - Status: null | Site: NDS | Search: null | Financial Year: null
[2025-10-10 14:41:05.053] [INFO] Initiative search - Status: null | Site: NDS | Search: null | Financial Year: 2025
[2025-10-10 14:41:05.058] [INFO] Searching with Financial Year filter: 2025
[2025-10-10 14:41:05.063] [INFO] Financial Year 2025 range: 2025-04-01T00:00 to 2026-03-31T23:59:59
[2025-10-10 14:52:31.396] [INFO] Login attempt - Email: dnsharma@godeepak.com
[2025-10-10 14:52:32.538] [INFO] Login successful - User: Deep Sharma | Email: dnsharma@godeepak.com | Role: ADMIN | Site: NDS
[2025-10-10 14:52:34.036] [INFO] Initiative search - Status: null | Site: NDS | Search: null | Financial Year: null
[2025-10-10 14:52:34.471] [INFO] Initiative search - Status: null | Site: NDS | Search: null | Financial Year: 2025
[2025-10-10 14:52:34.479] [INFO] Searching with Financial Year filter: 2025
[2025-10-10 14:52:34.487] [INFO] Financial Year 2025 range: 2025-04-01T00:00 to 2026-03-31T23:59:59
[2025-10-10 15:00:48.527] [INFO] Initiative search - Status: null | Site: NDS | Search: null | Financial Year: 2025
[2025-10-10 15:00:48.535] [INFO] Searching with Financial Year filter: 2025
[2025-10-10 15:00:48.535] [INFO] Financial Year 2025 range: 2025-04-01T00:00 to 2026-03-31T23:59:59
[2025-10-10 15:04:30.361] [INFO] Initiative search - Status: null | Site: NDS | Search: null | Financial Year: null
[2025-10-10 15:04:30.6] [INFO] Initiative search - Status: null | Site: NDS | Search: null | Financial Year: 2025
[2025-10-10 15:04:30.604] [INFO] Searching with Financial Year filter: 2025
[2025-10-10 15:04:30.606] [INFO] Financial Year 2025 range: 2025-04-01T00:00 to 2026-03-31T23:59:59
[2025-10-10 15:08:38.54] [INFO] Initiative search - Status: null | Site: NDS | Search: null | Financial Year: null
[2025-10-10 15:08:38.889] [INFO] Initiative search - Status: null | Site: NDS | Search: null | Financial Year: 2025
[2025-10-10 15:08:38.892] [INFO] Searching with Financial Year filter: 2025
[2025-10-10 15:08:38.896] [INFO] Financial Year 2025 range: 2025-04-01T00:00 to 2026-03-31T23:59:59
[2025-10-10 15:18:16.559] [INFO] Initiative search - Status: null | Site: NDS | Search: null | Financial Year: null
[2025-10-10 15:18:17.349] [INFO] Initiative search - Status: null | Site: NDS | Search: null | Financial Year: 2025
[2025-10-10 15:18:17.357] [INFO] Searching with Financial Year filter: 2025
[2025-10-10 15:18:17.358] [INFO] Financial Year 2025 range: 2025-04-01T00:00 to 2026-03-31T23:59:59
[2025-10-10 15:21:33.608] [INFO] Initiative search - Status: null | Site: NDS | Search: null | Financial Year: null
[2025-10-10 15:21:34.331] [INFO] Initiative search - Status: null | Site: NDS | Search: null | Financial Year: 2025
[2025-10-10 15:21:34.349] [INFO] Searching with Financial Year filter: 2025
[2025-10-10 15:21:34.349] [INFO] Financial Year 2025 range: 2025-04-01T00:00 to 2026-03-31T23:59:59
[2025-10-10 15:25:47.42] [INFO] Initiative search - Status: null | Site: NDS | Search: null | Financial Year: null
[2025-10-10 15:25:47.976] [INFO] Initiative search - Status: null | Site: NDS | Search: null | Financial Year: 2025
[2025-10-10 15:25:47.992] [INFO] Searching with Financial Year filter: 2025
[2025-10-10 15:25:47.992] [INFO] Financial Year 2025 range: 2025-04-01T00:00 to 2026-03-31T23:59:59
[2025-10-10 15:37:04.898] [INFO] Initiative search - Status: null | Site: NDS | Search: null | Financial Year: null
[2025-10-10 15:37:05.198] [INFO] Initiative search - Status: null | Site: NDS | Search: null | Financial Year: 2025
[2025-10-10 15:37:05.203] [INFO] Searching with Financial Year filter: 2025
[2025-10-10 15:37:05.203] [INFO] Financial Year 2025 range: 2025-04-01T00:00 to 2026-03-31T23:59:59
[2025-10-10 15:37:23.224] [INFO] Initiative search - Status: null | Site: null | Search: null | Financial Year: null
[2025-10-10 15:39:08.826] [INFO] Initiative search - Status: null | Site: null | Search: null | Financial Year: null
[2025-10-10 15:39:22.861] [INFO] Initiative search - Status: null | Site: NDS | Search: null | Financial Year: null
[2025-10-10 15:39:23.986] [INFO] Initiative search - Status: null | Site: NDS | Search: null | Financial Year: 2025
[2025-10-10 15:39:24.002] [INFO] Searching with Financial Year filter: 2025
[2025-10-10 15:39:24.002] [INFO] Financial Year 2025 range: 2025-04-01T00:00 to 2026-03-31T23:59:59
[2025-10-10 15:40:08.684] [INFO] Initiative search - Status: null | Site: null | Search: null | Financial Year: null
[2025-10-10 15:44:56.215] [INFO] Initiative search - Status: null | Site: NDS | Search: null | Financial Year: null
[2025-10-10 15:44:57.252] [INFO] Initiative search - Status: null | Site: NDS | Search: null | Financial Year: 2025
[2025-10-10 15:44:57.283] [INFO] Searching with Financial Year filter: 2025
[2025-10-10 15:44:57.288] [INFO] Financial Year 2025 range: 2025-04-01T00:00 to 2026-03-31T23:59:59
[2025-10-10 15:45:02.556] [INFO] Initiative search - Status: null | Site: NDS | Search: null | Financial Year: 2023
[2025-10-10 15:45:02.558] [INFO] Searching with Financial Year filter: 2023
[2025-10-10 15:45:02.573] [INFO] Financial Year 2023 range: 2023-04-01T00:00 to 2024-03-31T23:59:59
[2025-10-10 18:29:38.056] [INFO] Login attempt - Email: sunil.kumar@godeepak.com
[2025-10-10 18:29:39.771] [INFO] Login successful - User: Sunil Kumar | Email: sunil.kumar@godeepak.com | Role: STLD | Site: DHJ
[2025-10-10 18:29:41.447] [INFO] Initiative search - Status: null | Site: DHJ | Search: null | Financial Year: null
[2025-10-10 18:29:42.233] [INFO] Initiative search - Status: null | Site: DHJ | Search: null | Financial Year: 2025
[2025-10-10 18:29:42.238] [INFO] Searching with Financial Year filter: 2025
[2025-10-10 18:29:42.238] [INFO] Financial Year 2025 range: 2025-04-01T00:00 to 2026-03-31T23:59:59
[2025-10-10 18:31:00.482] [INFO] Login attempt - Email: sunil.kumar@godeepak.com
[2025-10-10 18:31:00.83] [WARNING] Login failed - Email: sunil.kumar@godeepak.com | Reason: Bad credentials
[2025-10-10 18:31:05.67] [INFO] Login attempt - Email: sunil.kumar@godeepak.com
[2025-10-10 18:31:06.12] [INFO] Login successful - User: Sunil Kumar | Email: sunil.kumar@godeepak.com | Role: STLD | Site: CORP
[2025-10-10 18:31:06.567] [INFO] Initiative search - Status: null | Site: CORP | Search: null | Financial Year: null
[2025-10-10 18:31:06.782] [INFO] Initiative search - Status: null | Site: CORP | Search: null | Financial Year: 2025
[2025-10-10 18:31:06.784] [INFO] Searching with Financial Year filter: 2025
[2025-10-10 18:31:06.791] [INFO] Financial Year 2025 range: 2025-04-01T00:00 to 2026-03-31T23:59:59
[2025-10-10 18:31:33.065] [INFO] === INITIATIVE CREATION STARTED ===
[2025-10-10 18:31:33.081] [INFO] User ID: 25 | Site: CORP | Discipline: Operation
[2025-10-10 18:31:33.144] [INFO] Expected Savings: 235325 | Target Value: 2535 | Estimated CAPEX: 325325
[2025-10-10 18:31:33.144] [INFO] Selected HOD ID: 19 | HOD Email: deepak.singh.hod@godeepak.com
[2025-10-10 18:31:33.318] [INFO] Initiative created successfully - ID: 4 | Number: CORP/25/OP/01/001 | Title: TestTestTestTestTestTestTestTestTestTestTestTest
[2025-10-10 18:31:33.522] [INFO] === WORKFLOW INITIALIZATION STARTED === Initiative: CORP/25/OP/01/001 | Site: CORP | HOD: deepak.singh.hod@godeepak.com
[2025-10-10 18:31:33.888] [INFO] Stage 1 auto-approved for Initiative: CORP/25/OP/01/001
[2025-10-10 18:31:37.651] [INFO] Stage 2 created and email sent to HOD: deepak.singh.hod@godeepak.com
[2025-10-10 18:31:37.661] [INFO] === WORKFLOW INITIALIZATION COMPLETED === Initiative: CORP/25/OP/01/001
[2025-10-10 18:31:37.663] [INFO] === INITIATIVE CREATION COMPLETED === Initiative: CORP/25/OP/01/001
[2025-10-10 18:31:39.644] [INFO] Initiative search - Status: null | Site: null | Search: null | Financial Year: null
[2025-10-10 18:31:41.907] [INFO] Initiative search - Status: null | Site: null | Search: null | Financial Year: null
[2025-10-10 18:49:33.147] [INFO] Login attempt - Email: sunil.kumar@godeepak.com
[2025-10-10 18:49:34.889] [INFO] Login successful - User: Sunil Kumar | Email: sunil.kumar@godeepak.com | Role: STLD | Site: CORP
[2025-10-10 18:49:36.135] [INFO] Initiative search - Status: null | Site: CORP | Search: null | Financial Year: null
[2025-10-10 18:49:36.882] [INFO] Initiative search - Status: null | Site: CORP | Search: null | Financial Year: 2025
[2025-10-10 18:49:36.882] [INFO] Searching with Financial Year filter: 2025
[2025-10-10 18:49:36.899] [INFO] Financial Year 2025 range: 2025-04-01T00:00 to 2026-03-31T23:59:59
[2025-10-10 18:50:29.147] [INFO] Initiative search - Status: null | Site: null | Search: null | Financial Year: 2025
[2025-10-10 18:50:29.147] [INFO] Searching with Financial Year filter: 2025
[2025-10-10 18:50:29.152] [INFO] Financial Year 2025 range: 2025-04-01T00:00 to 2026-03-31T23:59:59
[2025-10-10 18:50:31.794] [INFO] Initiative search - Status: null | Site: NDS | Search: null | Financial Year: 2025
[2025-10-10 18:50:31.802] [INFO] Searching with Financial Year filter: 2025
[2025-10-10 18:50:31.805] [INFO] Financial Year 2025 range: 2025-04-01T00:00 to 2026-03-31T23:59:59
[2025-10-10 18:50:33.119] [INFO] Initiative search - Status: null | Site: HSD | Search: null | Financial Year: 2025
[2025-10-10 18:50:33.127] [INFO] Searching with Financial Year filter: 2025
[2025-10-10 18:50:33.131] [INFO] Financial Year 2025 range: 2025-04-01T00:00 to 2026-03-31T23:59:59
[2025-10-10 18:50:34.371] [INFO] Initiative search - Status: null | Site: TCD | Search: null | Financial Year: 2025
[2025-10-10 18:50:34.376] [INFO] Searching with Financial Year filter: 2025
[2025-10-10 18:50:34.378] [INFO] Financial Year 2025 range: 2025-04-01T00:00 to 2026-03-31T23:59:59
[2025-10-10 18:51:05.16] [INFO] Initiative search - Status: null | Site: NDS | Search: null | Financial Year: null
[2025-10-10 18:51:08.549] [INFO] Initiative search - Status: null | Site: null | Search: null | Financial Year: null
[2025-10-10 18:51:32.391] [INFO] Initiative search - Status: null | Site: null | Search: null | Financial Year: null
[2025-10-10 18:51:48.456] [INFO] Login attempt - Email: deepika.singh@godeepak.com
[2025-10-10 18:51:48.88] [INFO] Login successful - User: Deepika Singh | Email: deepika.singh@godeepak.com | Role: STLD | Site: NDS
[2025-10-10 18:52:13.959] [INFO] Initiative search - Status: null | Site: NDS | Search: null | Financial Year: null
[2025-10-10 18:54:08.144] [INFO] Initiative search - Status: null | Site: null | Search: null | Financial Year: null
[2025-10-10 18:54:18.413] [INFO] Initiative search - Status: null | Site: NDS | Search: null | Financial Year: 2025
[2025-10-10 18:54:18.421] [INFO] Searching with Financial Year filter: 2025
[2025-10-10 18:54:18.421] [INFO] Financial Year 2025 range: 2025-04-01T00:00 to 2026-03-31T23:59:59
[2025-10-10 19:00:09.34] [INFO] Initiative search - Status: null | Site: NDS | Search: null | Financial Year: 2025
[2025-10-10 19:00:09.346] [INFO] Searching with Financial Year filter: 2025
[2025-10-10 19:00:09.35] [INFO] Financial Year 2025 range: 2025-04-01T00:00 to 2026-03-31T23:59:59
[2025-10-10 19:09:23.768] [INFO] Login attempt - Email: sanjay.kulkarni@godeepak.com
[2025-10-10 19:09:25.017] [WARNING] Login failed - Email: sanjay.kulkarni@godeepak.com | Reason: Bad credentials
[2025-10-10 19:09:29.096] [INFO] Login attempt - Email: sanjay.kulkarni@godeepak.com
[2025-10-10 19:09:29.636] [INFO] Login successful - User: Sanjay Kulkarni | Email: sanjay.kulkarni@godeepak.com | Role: STLD | Site: CORP
[2025-10-10 19:09:30.42] [INFO] Initiative search - Status: null | Site: CORP | Search: null | Financial Year: null
[2025-10-10 19:09:30.952] [INFO] Initiative search - Status: null | Site: CORP | Search: null | Financial Year: 2025
[2025-10-10 19:09:30.964] [INFO] Searching with Financial Year filter: 2025
[2025-10-10 19:09:30.967] [INFO] Financial Year 2025 range: 2025-04-01T00:00 to 2026-03-31T23:59:59
[2025-10-10 19:11:06.186] [INFO] === INITIATIVE CREATION STARTED ===
[2025-10-10 19:11:06.198] [INFO] User ID: 41 | Site: CORP | Discipline: Operation
[2025-10-10 19:11:06.286] [INFO] Expected Savings: 46436 | Target Value: 25443 | Estimated CAPEX: 6436
[2025-10-10 19:11:06.3] [INFO] Selected HOD ID: 36 | HOD Email: divya.iyer.hod@godeepak.com
[2025-10-10 19:11:06.419] [INFO] Initiative created successfully - ID: 1 | Number: CORP/25/OP/01/001 | Title: TestTestTestTestTestTestTestTestTest
[2025-10-10 19:11:06.475] [INFO] === WORKFLOW INITIALIZATION STARTED === Initiative: CORP/25/OP/01/001 | Site: CORP | HOD: divya.iyer.hod@godeepak.com
[2025-10-10 19:11:06.586] [INFO] Stage 1 auto-approved for Initiative: CORP/25/OP/01/001
[2025-10-10 19:11:09.507] [INFO] Stage 2 created and email sent to HOD: divya.iyer.hod@godeepak.com
[2025-10-10 19:11:09.511] [INFO] === WORKFLOW INITIALIZATION COMPLETED === Initiative: CORP/25/OP/01/001
[2025-10-10 19:11:09.514] [INFO] === INITIATIVE CREATION COMPLETED === Initiative: CORP/25/OP/01/001
[2025-10-10 19:11:12.43] [INFO] Initiative search - Status: null | Site: CORP | Search: null | Financial Year: null
[2025-10-10 19:11:14.719] [INFO] Initiative search - Status: null | Site: null | Search: null | Financial Year: null
[2025-10-10 19:11:24.397] [INFO] Login attempt - Email: divya.iyer.hod@godeepak.com
[2025-10-10 19:11:24.836] [INFO] Login successful - User: Divya Iyer | Email: divya.iyer.hod@godeepak.com | Role: HOD | Site: CORP
[2025-10-10 19:11:25.363] [INFO] Initiative search - Status: null | Site: CORP | Search: null | Financial Year: 2025
[2025-10-10 19:11:25.372] [INFO] Searching with Financial Year filter: 2025
[2025-10-10 19:11:25.378] [INFO] Financial Year 2025 range: 2025-04-01T00:00 to 2026-03-31T23:59:59
[2025-10-10 19:11:33.491] [INFO] === WORKFLOW ACTION STARTED === Transaction ID: 2 | Action: approved | User: divya.iyer.hod@godeepak.com
[2025-10-10 19:11:33.555] [INFO] Stage: 2 - Evaluation and Approval | Initiative ID: 1
[2025-10-10 19:11:33.595] [INFO] Processing workflow for Initiative: CORP/25/OP/01/001
[2025-10-10 19:11:33.599] [INFO] Stage 2 APPROVED by Divya Iyer
[2025-10-10 19:11:33.697] [INFO] Initiative moved to Stage 3
[2025-10-10 19:11:35.79] [INFO] === WORKFLOW ACTION COMPLETED === Initiative: CORP/25/OP/01/001 | Status: In Progress
[2025-10-10 19:11:35.889] [INFO] Initiative search - Status: null | Site: null | Search: null | Financial Year: null
[2025-10-10 19:11:46.685] [INFO] Login attempt - Email: anita.rao@godeepak.com
[2025-10-10 19:11:47.341] [INFO] Login successful - User: Anita Rao | Email: anita.rao@godeepak.com | Role: STLD | Site: CORP
[2025-10-10 19:11:47.939] [INFO] Initiative search - Status: null | Site: CORP | Search: null | Financial Year: null
[2025-10-10 19:11:48.091] [INFO] Initiative search - Status: null | Site: CORP | Search: null | Financial Year: 2025
[2025-10-10 19:11:48.099] [INFO] Searching with Financial Year filter: 2025
[2025-10-10 19:11:48.103] [INFO] Financial Year 2025 range: 2025-04-01T00:00 to 2026-03-31T23:59:59
[2025-10-10 19:11:50.376] [INFO] Initiative search - Status: null | Site: null | Search: null | Financial Year: null
[2025-10-10 19:11:53.233] [INFO] === WORKFLOW ACTION STARTED === Transaction ID: 3 | Action: approved | User: anita.rao@godeepak.com
[2025-10-10 19:11:53.401] [INFO] Stage: 3 - Initiative assessment and approval | Initiative ID: 1
[2025-10-10 19:11:53.433] [INFO] Processing workflow for Initiative: CORP/25/OP/01/001
[2025-10-10 19:11:53.434] [INFO] Stage 3 APPROVED by Anita Rao
[2025-10-10 19:11:53.467] [INFO] Initiative moved to Stage 4
[2025-10-10 19:11:55.211] [INFO] === WORKFLOW ACTION COMPLETED === Initiative: CORP/25/OP/01/001 | Status: In Progress
[2025-10-10 19:11:55.597] [INFO] Initiative search - Status: null | Site: null | Search: null | Financial Year: null
[2025-10-10 19:11:57.741] [INFO] Initiative search - Status: null | Site: null | Search: null | Financial Year: null
[2025-10-10 19:12:07.8] [INFO] Login attempt - Email: rajesh.khanna@godeepak.com
[2025-10-10 19:12:08.139] [INFO] Login successful - User: Rajesh Khanna | Email: rajesh.khanna@godeepak.com | Role: SH | Site: CORP
[2025-10-10 19:12:08.416] [INFO] Initiative search - Status: null | Site: CORP | Search: null | Financial Year: null
[2025-10-10 19:12:08.556] [INFO] Initiative search - Status: null | Site: CORP | Search: null | Financial Year: 2025
[2025-10-10 19:12:08.566] [INFO] Searching with Financial Year filter: 2025
[2025-10-10 19:12:08.573] [INFO] Financial Year 2025 range: 2025-04-01T00:00 to 2026-03-31T23:59:59
[2025-10-10 19:12:19.332] [INFO] === WORKFLOW ACTION STARTED === Transaction ID: 4 | Action: approved | User: rajesh.khanna@godeepak.com
[2025-10-10 19:12:19.343] [INFO] Stage: 4 - Define Responsibilities | Initiative ID: 1
[2025-10-10 19:12:19.368] [INFO] Processing workflow for Initiative: CORP/25/OP/01/001
[2025-10-10 19:12:19.368] [INFO] Stage 4 APPROVED by Rajesh Khanna
[2025-10-10 19:12:19.475] [INFO] Initiative moved to Stage 5
[2025-10-10 19:12:21.195] [INFO] === WORKFLOW ACTION COMPLETED === Initiative: CORP/25/OP/01/001 | Status: In Progress
[2025-10-10 19:12:21.292] [INFO] Initiative search - Status: null | Site: null | Search: null | Financial Year: null
[2025-10-10 19:12:29.988] [INFO] Login attempt - Email: swati.bhatt@godeepak.com
[2025-10-10 19:12:30.389] [INFO] Login successful - User: Swati Bhatt | Email: swati.bhatt@godeepak.com | Role: IL | Site: CORP
[2025-10-10 19:12:30.688] [INFO] Initiative search - Status: null | Site: CORP | Search: null | Financial Year: null
[2025-10-10 19:12:30.817] [INFO] Initiative search - Status: null | Site: CORP | Search: null | Financial Year: 2025
[2025-10-10 19:12:30.825] [INFO] Searching with Financial Year filter: 2025
[2025-10-10 19:12:30.836] [INFO] Financial Year 2025 range: 2025-04-01T00:00 to 2026-03-31T23:59:59
[2025-10-10 19:12:37.838] [INFO] === WORKFLOW ACTION STARTED === Transaction ID: 5 | Action: approved | User: swati.bhatt@godeepak.com
[2025-10-10 19:12:37.856] [INFO] Stage: 5 - MOC-CAPEX Evaluation | Initiative ID: 1
[2025-10-10 19:12:37.876] [INFO] Processing workflow for Initiative: CORP/25/OP/01/001
[2025-10-10 19:12:37.877] [INFO] Stage 5 APPROVED by Swati Bhatt
[2025-10-10 19:12:37.911] [INFO] Initiative moved to Stage 6
[2025-10-10 19:12:39.709] [INFO] === WORKFLOW ACTION COMPLETED === Initiative: CORP/25/OP/01/001 | Status: In Progress
[2025-10-10 19:12:39.727] [INFO] === MOC/CAPEX UPDATE STARTED === Initiative ID: 1
[2025-10-10 19:12:39.824] [INFO] Initiative: CORP/25/OP/01/001 - TestTestTestTestTestTestTestTestTest
[2025-10-10 19:12:39.833] [INFO] Current MOC - Requires: true | Number: null
[2025-10-10 19:12:39.837] [INFO] Current CAPEX - Requires: true | Number: null
[2025-10-10 19:12:39.841] [INFO] Updating requiresMoc to: N
[2025-10-10 19:12:39.841] [INFO] Updating requiresCapex to: N
[2025-10-10 19:12:39.841] [INFO] MOC/CAPEX update successful
[2025-10-10 19:12:39.875] [INFO] Updated MOC - Requires: N | Number: null
[2025-10-10 19:12:39.951] [INFO] Updated CAPEX - Requires: N | Number: null
[2025-10-10 19:12:39.959] [INFO] === MOC/CAPEX UPDATE COMPLETED === Initiative: CORP/25/OP/01/001
[2025-10-10 19:12:40.42] [INFO] Initiative search - Status: null | Site: null | Search: null | Financial Year: null
[2025-10-10 19:13:25.276] [INFO] === WORKFLOW ACTION STARTED === Transaction ID: 6 | Action: approved | User: swati.bhatt@godeepak.com
[2025-10-10 19:13:25.321] [INFO] Stage: 6 - Initiative Timeline Tracker | Initiative ID: 1
[2025-10-10 19:13:25.335] [INFO] Processing workflow for Initiative: CORP/25/OP/01/001
[2025-10-10 19:13:25.337] [INFO] Stage 6 APPROVED by Swati Bhatt
[2025-10-10 19:13:25.355] [INFO] All timeline entries completed - Creating Stage 7
[2025-10-10 19:13:25.385] [INFO] Initiative moved to Stage 7
[2025-10-10 19:13:26.823] [INFO] === WORKFLOW ACTION COMPLETED === Initiative: CORP/25/OP/01/001 | Status: In Progress
[2025-10-10 19:13:27.034] [INFO] Initiative search - Status: null | Site: null | Search: null | Financial Year: null
[2025-10-10 19:13:50.043] [INFO] Login attempt - Email: prakash.joshi@godeepak.com
[2025-10-10 19:13:50.367] [INFO] Login successful - User: Prakash Joshi | Email: prakash.joshi@godeepak.com | Role: STLD | Site: CORP
[2025-10-10 19:13:51.136] [INFO] Initiative search - Status: null | Site: CORP | Search: null | Financial Year: null
[2025-10-10 19:13:51.305] [INFO] Initiative search - Status: null | Site: CORP | Search: null | Financial Year: 2025
[2025-10-10 19:13:51.315] [INFO] Searching with Financial Year filter: 2025
[2025-10-10 19:13:51.321] [INFO] Financial Year 2025 range: 2025-04-01T00:00 to 2026-03-31T23:59:59
[2025-10-10 19:14:22.476] [INFO] === WORKFLOW ACTION STARTED === Transaction ID: 7 | Action: approved | User: prakash.joshi@godeepak.com
[2025-10-10 19:14:22.505] [INFO] Stage: 7 - Progress monitoring | Initiative ID: 1
[2025-10-10 19:14:22.531] [INFO] Processing workflow for Initiative: CORP/25/OP/01/001
[2025-10-10 19:14:22.541] [INFO] Stage 7 APPROVED by Prakash Joshi
[2025-10-10 19:14:22.605] [INFO] Initiative moved to Stage 8
[2025-10-10 19:14:24.345] [INFO] === WORKFLOW ACTION COMPLETED === Initiative: CORP/25/OP/01/001 | Status: In Progress
[2025-10-10 19:14:24.405] [INFO] Initiative search - Status: null | Site: null | Search: null | Financial Year: null
[2025-10-10 19:14:33.857] [INFO] Login attempt - Email: madhuri.dixit@godeepak.com
[2025-10-10 19:14:34.786] [INFO] Login successful - User: Madhuri Dixit | Email: madhuri.dixit@godeepak.com | Role: CTSD | Site: CORP
[2025-10-10 19:14:35.173] [INFO] Initiative search - Status: null | Site: CORP | Search: null | Financial Year: null
[2025-10-10 19:14:35.295] [INFO] Initiative search - Status: null | Site: CORP | Search: null | Financial Year: 2025
[2025-10-10 19:14:35.302] [INFO] Searching with Financial Year filter: 2025
[2025-10-10 19:14:35.315] [INFO] Financial Year 2025 range: 2025-04-01T00:00 to 2026-03-31T23:59:59
[2025-10-10 19:14:41.817] [INFO] === WORKFLOW ACTION STARTED === Transaction ID: 8 | Action: approved | User: madhuri.dixit@godeepak.com
[2025-10-10 19:14:41.928] [INFO] Stage: 8 - Periodic Status Review with CMO | Initiative ID: 1
[2025-10-10 19:14:41.951] [INFO] Processing workflow for Initiative: CORP/25/OP/01/001
[2025-10-10 19:14:41.955] [INFO] Stage 8 APPROVED by Madhuri Dixit
[2025-10-10 19:14:42.389] [INFO] Initiative moved to Stage 9
[2025-10-10 19:14:43.944] [INFO] === WORKFLOW ACTION COMPLETED === Initiative: CORP/25/OP/01/001 | Status: In Progress
[2025-10-10 19:14:44.558] [INFO] Initiative search - Status: null | Site: null | Search: null | Financial Year: null
[2025-10-10 19:14:55.3] [INFO] Login attempt - Email: swati.bhatt@godeepak.com
[2025-10-10 19:14:55.636] [INFO] Login successful - User: Swati Bhatt | Email: swati.bhatt@godeepak.com | Role: IL | Site: CORP
[2025-10-10 19:14:55.975] [INFO] Initiative search - Status: null | Site: CORP | Search: null | Financial Year: null
[2025-10-10 19:14:56.129] [INFO] Initiative search - Status: null | Site: CORP | Search: null | Financial Year: 2025
[2025-10-10 19:14:56.129] [INFO] Searching with Financial Year filter: 2025
[2025-10-10 19:14:56.144] [INFO] Financial Year 2025 range: 2025-04-01T00:00 to 2026-03-31T23:59:59
[2025-10-10 19:14:58.356] [INFO] Initiative search - Status: null | Site: null | Search: null | Financial Year: null
[2025-10-10 19:15:51.664] [INFO] === WORKFLOW ACTION STARTED === Transaction ID: 9 | Action: approved | User: swati.bhatt@godeepak.com
[2025-10-10 19:15:51.684] [INFO] Stage: 9 - Savings Monitoring (1 Month) | Initiative ID: 1
[2025-10-10 19:15:51.714] [INFO] Processing workflow for Initiative: CORP/25/OP/01/001
[2025-10-10 19:15:51.717] [INFO] Stage 9 APPROVED by Swati Bhatt
[2025-10-10 19:15:51.793] [INFO] Initiative moved to Stage 10
[2025-10-10 19:15:53.453] [INFO] === WORKFLOW ACTION COMPLETED === Initiative: CORP/25/OP/01/001 | Status: In Progress
[2025-10-10 19:15:53.547] [INFO] Initiative search - Status: null | Site: null | Search: null | Financial Year: null
[2025-10-10 19:16:03.417] [INFO] Login attempt - Email: pallavi.menon@godeepak.com
[2025-10-10 19:16:03.778] [INFO] Login successful - User: Pallavi Menon | Email: pallavi.menon@godeepak.com | Role: F&A | Site: CORP
[2025-10-10 19:16:04.133] [INFO] Initiative search - Status: null | Site: CORP | Search: null | Financial Year: null
[2025-10-10 19:16:04.277] [INFO] Initiative search - Status: null | Site: CORP | Search: null | Financial Year: 2025
[2025-10-10 19:16:04.285] [INFO] Searching with Financial Year filter: 2025
[2025-10-10 19:16:04.293] [INFO] Financial Year 2025 range: 2025-04-01T00:00 to 2026-03-31T23:59:59
[2025-10-10 19:16:14.997] [INFO] === WORKFLOW ACTION STARTED === Transaction ID: 10 | Action: approved | User: pallavi.menon@godeepak.com
[2025-10-10 19:16:15.013] [INFO] Stage: 10 - Saving Validation with F&A (Monthly) | Initiative ID: 1
[2025-10-10 19:16:15.028] [INFO] Processing workflow for Initiative: CORP/25/OP/01/001
[2025-10-10 19:16:15.028] [INFO] Stage 10 APPROVED by Pallavi Menon
[2025-10-10 19:16:15.074] [INFO] Initiative moved to Stage 11
[2025-10-10 19:16:16.41] [INFO] === WORKFLOW ACTION COMPLETED === Initiative: CORP/25/OP/01/001 | Status: In Progress
[2025-10-10 19:16:16.516] [INFO] Initiative search - Status: null | Site: null | Search: null | Financial Year: null
[2025-10-10 19:16:26.699] [INFO] Login attempt - Email: swati.bhatt@godeepak.com
[2025-10-10 19:16:27.003] [INFO] Login successful - User: Swati Bhatt | Email: swati.bhatt@godeepak.com | Role: IL | Site: CORP
[2025-10-10 19:16:27.314] [INFO] Initiative search - Status: null | Site: CORP | Search: null | Financial Year: null
[2025-10-10 19:16:27.405] [INFO] Initiative search - Status: null | Site: CORP | Search: null | Financial Year: 2025
[2025-10-10 19:16:27.453] [INFO] Searching with Financial Year filter: 2025
[2025-10-10 19:16:27.453] [INFO] Financial Year 2025 range: 2025-04-01T00:00 to 2026-03-31T23:59:59
[2025-10-10 19:16:33.786] [INFO] === WORKFLOW ACTION STARTED === Transaction ID: 11 | Action: approved | User: swati.bhatt@godeepak.com
[2025-10-10 19:16:33.807] [INFO] Stage: 11 - Initiative Closure | Initiative ID: 1
[2025-10-10 19:16:33.823] [INFO] Processing workflow for Initiative: CORP/25/OP/01/001
[2025-10-10 19:16:33.826] [INFO] Stage 11 APPROVED by Swati Bhatt
[2025-10-10 19:16:33.826] [INFO] Initiative COMPLETED - Final stage approved
[2025-10-10 19:16:33.842] [INFO] === WORKFLOW ACTION COMPLETED === Initiative: CORP/25/OP/01/001 | Status: Completed
[2025-10-10 19:16:34.435] [INFO] Initiative search - Status: null | Site: null | Search: null | Financial Year: null
[2025-10-10 19:16:35.966] [INFO] Initiative search - Status: null | Site: CORP | Search: null | Financial Year: null
[2025-10-10 19:16:36.056] [INFO] Initiative search - Status: null | Site: CORP | Search: null | Financial Year: 2025
[2025-10-10 19:16:36.063] [INFO] Searching with Financial Year filter: 2025
[2025-10-10 19:16:36.066] [INFO] Financial Year 2025 range: 2025-04-01T00:00 to 2026-03-31T23:59:59
[2025-10-10 19:16:38.823] [INFO] Initiative search - Status: null | Site: CORP | Search: null | Financial Year: null
[2025-10-10 19:16:39.678] [INFO] Initiative search - Status: null | Site: CORP | Search: null | Financial Year: 2025
[2025-10-10 19:16:39.679] [INFO] Searching with Financial Year filter: 2025
[2025-10-10 19:16:39.687] [INFO] Financial Year 2025 range: 2025-04-01T00:00 to 2026-03-31T23:59:59
[2025-10-10 19:17:29.719] [INFO] Initiative search - Status: null | Site: null | Search: null | Financial Year: null
[2025-10-10 19:18:34.096] [INFO] Initiative search - Status: null | Site: null | Search: null | Financial Year: null
[2025-10-10 19:18:43.272] [INFO] Login attempt - Email: swati.bhatt@godeepak.com
[2025-10-10 19:18:43.816] [INFO] Login successful - User: Swati Bhatt | Email: swati.bhatt@godeepak.com | Role: IL | Site: CORP
[2025-10-10 19:19:03.218] [INFO] Initiative search - Status: null | Site: NDS | Search: null | Financial Year: null
[2025-10-10 19:19:48.817] [INFO] Login attempt - Email: deepika.singh@godeepak.com
[2025-10-10 19:19:49.111] [INFO] Login successful - User: Deepika Singh | Email: deepika.singh@godeepak.com | Role: STLD | Site: NDS
[2025-10-10 19:19:49.711] [INFO] Initiative search - Status: null | Site: NDS | Search: null | Financial Year: 2025
[2025-10-10 19:19:49.723] [INFO] Searching with Financial Year filter: 2025
[2025-10-10 19:19:49.723] [INFO] Financial Year 2025 range: 2025-04-01T00:00 to 2026-03-31T23:59:59
[2025-10-10 19:20:12.391] [INFO] Login attempt - Email: prakash.joshi@godeepak.com
[2025-10-10 19:20:12.68] [INFO] Login successful - User: Prakash Joshi | Email: prakash.joshi@godeepak.com | Role: STLD | Site: CORP
[2025-10-10 19:23:34.287] [INFO] Initiative search - Status: null | Site: CORP | Search: null | Financial Year: 2025
[2025-10-10 19:23:34.306] [INFO] Searching with Financial Year filter: 2025
[2025-10-10 19:23:34.335] [INFO] Financial Year 2025 range: 2025-04-01T00:00 to 2026-03-31T23:59:59
[2025-10-10 19:23:36.704] [INFO] Initiative search - Status: null | Site: CORP | Search: null | Financial Year: null
[2025-10-10 19:23:36.962] [INFO] Initiative search - Status: null | Site: CORP | Search: null | Financial Year: 2025
[2025-10-10 19:23:36.973] [INFO] Searching with Financial Year filter: 2025
[2025-10-10 19:23:36.985] [INFO] Financial Year 2025 range: 2025-04-01T00:00 to 2026-03-31T23:59:59
[2025-10-10 19:23:41.469] [INFO] Initiative search - Status: null | Site: NDS | Search: null | Financial Year: 2025
[2025-10-10 19:23:41.475] [INFO] Searching with Financial Year filter: 2025
[2025-10-10 19:23:41.475] [INFO] Financial Year 2025 range: 2025-04-01T00:00 to 2026-03-31T23:59:59
[2025-10-10 19:23:42.759] [INFO] Initiative search - Status: null | Site: null | Search: null | Financial Year: 2025
[2025-10-10 19:23:42.765] [INFO] Searching with Financial Year filter: 2025
[2025-10-10 19:23:42.771] [INFO] Financial Year 2025 range: 2025-04-01T00:00 to 2026-03-31T23:59:59
[2025-10-10 19:23:44.167] [INFO] Initiative search - Status: null | Site: null | Search: null | Financial Year: null
[2025-10-10 19:23:50.59] [INFO] Initiative search - Status: null | Site: NDS | Search: null | Financial Year: null
[2025-10-10 19:29:04.089] [INFO] Login attempt - Email: dnsharma@godeepak.com
[2025-10-10 19:29:05.051] [WARNING] Login failed - Email: dnsharma@godeepak.com | Reason: Bad credentials
[2025-10-10 19:29:14.503] [INFO] Login attempt - Email: sunil.kumar@godeepak.com
[2025-10-10 19:29:15.43] [WARNING] Login failed - Email: sunil.kumar@godeepak.com | Reason: Bad credentials
[2025-10-10 19:29:27.956] [INFO] Login attempt - Email: sanjay.kulkarni@godeepak.com
[2025-10-10 19:29:28.428] [INFO] Login successful - User: Sanjay Kulkarni | Email: sanjay.kulkarni@godeepak.com | Role: STLD | Site: CORP
[2025-10-10 19:29:29.398] [INFO] Initiative search - Status: null | Site: CORP | Search: null | Financial Year: null
[2025-10-10 19:29:29.711] [INFO] Initiative search - Status: null | Site: CORP | Search: null | Financial Year: 2025
[2025-10-10 19:29:29.719] [INFO] Searching with Financial Year filter: 2025
[2025-10-10 19:29:29.729] [INFO] Financial Year 2025 range: 2025-04-01T00:00 to 2026-03-31T23:59:59
[2025-10-10 19:29:34.179] [INFO] Initiative search - Status: null | Site: null | Search: null | Financial Year: null
[2025-10-10 19:33:50.541] [INFO] Initiative search - Status: null | Site: NDS | Search: null | Financial Year: null
[2025-10-10 19:34:32.25] [INFO] Initiative search - Status: null | Site: CORP | Search: null | Financial Year: null
[2025-10-10 19:36:53.903] [INFO] Initiative search - Status: null | Site: CORP | Search: null | Financial Year: null
[2025-10-10 19:37:06.4] [INFO] Login attempt - Email: sanjay.kulkarni@godeepak.com
[2025-10-10 19:37:06.536] [INFO] Login successful - User: Sanjay Kulkarni | Email: sanjay.kulkarni@godeepak.com | Role: STLD | Site: CORP
[2025-10-10 19:37:07.035] [INFO] Initiative search - Status: null | Site: CORP | Search: null | Financial Year: 2025
[2025-10-10 19:37:07.037] [INFO] Searching with Financial Year filter: 2025
[2025-10-10 19:37:07.038] [INFO] Financial Year 2025 range: 2025-04-01T00:00 to 2026-03-31T23:59:59
[2025-10-10 19:37:24.934] [INFO] Initiative search - Status: null | Site: null | Search: null | Financial Year: null
[2025-10-10 19:39:10.012] [INFO] Initiative search - Status: null | Site: CORP | Search: null | Financial Year: null
[2025-10-10 19:39:21.529] [INFO] Initiative search - Status: null | Site: null | Search: null | Financial Year: null
[2025-10-10 19:39:42.075] [INFO] Initiative search - Status: null | Site: CORP | Search: null | Financial Year: null
[2025-10-10 19:40:10.146] [INFO] Login attempt - Email: manoj.tiwari@godeepak.com
[2025-10-10 19:40:10.306] [WARNING] Login failed - Email: manoj.tiwari@godeepak.com | Reason: Bad credentials
[2025-10-10 19:40:13.862] [INFO] Login attempt - Email: manoj.tiwari@godeepak.com
[2025-10-10 19:40:14.02] [INFO] Login successful - User: Manoj Tiwari | Email: manoj.tiwari@godeepak.com | Role: STLD | Site: NDS
[2025-10-10 19:40:14.254] [INFO] Initiative search - Status: null | Site: NDS | Search: null | Financial Year: null
[2025-10-10 19:40:14.336] [INFO] Initiative search - Status: null | Site: NDS | Search: null | Financial Year: 2025
[2025-10-10 19:40:14.336] [INFO] Searching with Financial Year filter: 2025
[2025-10-10 19:40:14.336] [INFO] Financial Year 2025 range: 2025-04-01T00:00 to 2026-03-31T23:59:59
[2025-10-10 19:40:23.874] [INFO] Initiative search - Status: null | Site: null | Search: null | Financial Year: null
[2025-10-10 19:40:31.196] [INFO] Initiative search - Status: null | Site: null | Search: null | Financial Year: 2025
[2025-10-10 19:40:31.196] [INFO] Searching with Financial Year filter: 2025
[2025-10-10 19:40:31.201] [INFO] Financial Year 2025 range: 2025-04-01T00:00 to 2026-03-31T23:59:59
[2025-10-10 19:40:33.121] [INFO] Initiative search - Status: null | Site: CORP | Search: null | Financial Year: 2025
[2025-10-10 19:40:33.121] [INFO] Searching with Financial Year filter: 2025
[2025-10-10 19:40:33.121] [INFO] Financial Year 2025 range: 2025-04-01T00:00 to 2026-03-31T23:59:59
[2025-10-10 19:43:32.611] [INFO] Login attempt - Email: manoj.tiwari@godeepak.com
[2025-10-10 19:43:33.451] [INFO] Login successful - User: Manoj Tiwari | Email: manoj.tiwari@godeepak.com | Role: STLD | Site: NDS
[2025-10-10 19:43:34.269] [INFO] Initiative search - Status: null | Site: NDS | Search: null | Financial Year: null
[2025-10-10 19:43:34.381] [INFO] Initiative search - Status: null | Site: NDS | Search: null | Financial Year: 2025
[2025-10-10 19:43:34.397] [INFO] Searching with Financial Year filter: 2025
[2025-10-10 19:43:34.397] [INFO] Financial Year 2025 range: 2025-04-01T00:00 to 2026-03-31T23:59:59
[2025-10-10 19:43:59.21] [INFO] === INITIATIVE CREATION STARTED ===
[2025-10-10 19:43:59.214] [INFO] User ID: 7 | Site: NDS | Discipline: Environment
[2025-10-10 19:43:59.224] [INFO] Expected Savings: 3523 | Target Value: 25352 | Estimated CAPEX: 32523
[2025-10-10 19:43:59.228] [INFO] Selected HOD ID: 1 | HOD Email: rajesh.kumar.hod@godeepak.com
[2025-10-10 19:43:59.319] [INFO] Initiative created successfully - ID: 2 | Number: NDS/25/EV/01/001 | Title: TestTestTestTestTestTestTestTestTestTest
[2025-10-10 19:43:59.344] [INFO] === WORKFLOW INITIALIZATION STARTED === Initiative: NDS/25/EV/01/001 | Site: NDS | HOD: rajesh.kumar.hod@godeepak.com
[2025-10-10 19:43:59.379] [INFO] Stage 1 auto-approved for Initiative: NDS/25/EV/01/001
[2025-10-10 19:44:01.642] [INFO] Stage 2 created and email sent to HOD: rajesh.kumar.hod@godeepak.com
[2025-10-10 19:44:01.657] [INFO] === WORKFLOW INITIALIZATION COMPLETED === Initiative: NDS/25/EV/01/001
[2025-10-10 19:44:01.659] [INFO] === INITIATIVE CREATION COMPLETED === Initiative: NDS/25/EV/01/001
[2025-10-10 19:44:03.041] [INFO] Initiative search - Status: null | Site: NDS | Search: null | Financial Year: null
[2025-10-10 19:44:12.97] [INFO] Login attempt - Email: rajesh.kumar.hod@godeepak.com
[2025-10-10 19:44:13.184] [INFO] Login successful - User: Rajesh Kumar | Email: rajesh.kumar.hod@godeepak.com | Role: HOD | Site: NDS
[2025-10-10 19:44:13.568] [INFO] Initiative search - Status: null | Site: NDS | Search: null | Financial Year: 2025
[2025-10-10 19:44:13.568] [INFO] Searching with Financial Year filter: 2025
[2025-10-10 19:44:13.571] [INFO] Financial Year 2025 range: 2025-04-01T00:00 to 2026-03-31T23:59:59
[2025-10-10 19:44:18.962] [INFO] === WORKFLOW ACTION STARTED === Transaction ID: 13 | Action: approved | User: rajesh.kumar.hod@godeepak.com
[2025-10-10 19:44:18.979] [INFO] Stage: 2 - Evaluation and Approval | Initiative ID: 2
[2025-10-10 19:44:19.01] [INFO] Processing workflow for Initiative: NDS/25/EV/01/001
[2025-10-10 19:44:19.012] [INFO] Stage 2 APPROVED by Rajesh Kumar
[2025-10-10 19:44:19.052] [INFO] Initiative moved to Stage 3
[2025-10-10 19:44:20.26] [INFO] === WORKFLOW ACTION COMPLETED === Initiative: NDS/25/EV/01/001 | Status: In Progress
[2025-10-10 19:44:20.354] [INFO] Initiative search - Status: null | Site: NDS | Search: null | Financial Year: null
[2025-10-10 19:44:30.875] [INFO] Login attempt - Email: deepika.singh@godeepak.com
[2025-10-10 19:44:31.105] [INFO] Login successful - User: Deepika Singh | Email: deepika.singh@godeepak.com | Role: STLD | Site: NDS
[2025-10-10 19:44:31.42] [INFO] Initiative search - Status: null | Site: NDS | Search: null | Financial Year: 2025
[2025-10-10 19:44:31.42] [INFO] Searching with Financial Year filter: 2025
[2025-10-10 19:44:31.42] [INFO] Financial Year 2025 range: 2025-04-01T00:00 to 2026-03-31T23:59:59
[2025-10-10 19:44:44.929] [INFO] === WORKFLOW ACTION STARTED === Transaction ID: 14 | Action: approved | User: deepika.singh@godeepak.com
[2025-10-10 19:44:44.942] [INFO] Stage: 3 - Initiative assessment and approval | Initiative ID: 2
[2025-10-10 19:44:44.975] [INFO] Processing workflow for Initiative: NDS/25/EV/01/001
[2025-10-10 19:44:44.978] [INFO] Stage 3 APPROVED by Deepika Singh
[2025-10-10 19:44:45.044] [INFO] Initiative moved to Stage 4
[2025-10-10 19:44:46.356] [INFO] === WORKFLOW ACTION COMPLETED === Initiative: NDS/25/EV/01/001 | Status: In Progress
[2025-10-10 19:44:46.456] [INFO] Initiative search - Status: null | Site: NDS | Search: null | Financial Year: null
[2025-10-10 19:44:55.675] [INFO] Login attempt - Email: ananya.verma@godeepak.com
[2025-10-10 19:44:55.925] [INFO] Login successful - User: Ananya Verma | Email: ananya.verma@godeepak.com | Role: SH | Site: NDS
[2025-10-10 19:44:56.2] [INFO] Initiative search - Status: null | Site: NDS | Search: null | Financial Year: 2025
[2025-10-10 19:44:56.2] [INFO] Searching with Financial Year filter: 2025
[2025-10-10 19:44:56.2] [INFO] Financial Year 2025 range: 2025-04-01T00:00 to 2026-03-31T23:59:59
[2025-10-10 19:45:02.625] [INFO] Initiative search - Status: null | Site: NDS | Search: null | Financial Year: null
[2025-10-10 19:45:02.853] [INFO] Initiative search - Status: null | Site: NDS | Search: null | Financial Year: 2025
[2025-10-10 19:45:02.86] [INFO] Searching with Financial Year filter: 2025
[2025-10-10 19:45:02.862] [INFO] Financial Year 2025 range: 2025-04-01T00:00 to 2026-03-31T23:59:59
[2025-10-10 19:45:06.218] [INFO] Initiative search - Status: null | Site: null | Search: null | Financial Year: null
[2025-10-10 19:52:40.039] [INFO] Initiative search - Status: null | Site: NDS | Search: null | Financial Year: null
[2025-10-10 19:53:37.019] [INFO] Initiative search - Status: null | Site: null | Search: null | Financial Year: null
[2025-10-10 19:59:06.608] [INFO] Initiative search - Status: null | Site: null | Search: null | Financial Year: null
[2025-10-10 19:59:07.492] [INFO] Initiative search - Status: null | Site: NDS | Search: null | Financial Year: null
[2025-10-10 19:59:24.14] [INFO] Initiative search - Status: null | Site: NDS | Search: null | Financial Year: null
[2025-10-10 20:00:57.539] [INFO] Initiative search - Status: null | Site: NDS | Search: null | Financial Year: null
[2025-10-10 20:01:08.781] [INFO] Initiative search - Status: null | Site: null | Search: null | Financial Year: null
[2025-10-10 20:02:55.638] [INFO] Initiative search - Status: null | Site: NDS | Search: null | Financial Year: 2025
[2025-10-10 20:02:55.642] [INFO] Searching with Financial Year filter: 2025
[2025-10-10 20:02:55.645] [INFO] Financial Year 2025 range: 2025-04-01T00:00 to 2026-03-31T23:59:59
[2025-10-10 20:03:31.404] [INFO] Initiative search - Status: null | Site: NDS | Search: null | Financial Year: null
[2025-10-10 20:03:31.488] [INFO] Initiative search - Status: null | Site: NDS | Search: null | Financial Year: 2025
[2025-10-10 20:03:31.488] [INFO] Searching with Financial Year filter: 2025
[2025-10-10 20:03:31.492] [INFO] Financial Year 2025 range: 2025-04-01T00:00 to 2026-03-31T23:59:59
[2025-10-10 20:03:34.984] [INFO] Initiative search - Status: null | Site: null | Search: null | Financial Year: null
[2025-10-10 20:04:29.421] [INFO] Initiative search - Status: null | Site: null | Search: null | Financial Year: null
[2025-10-10 20:04:42.776] [INFO] Initiative search - Status: null | Site: NDS | Search: null | Financial Year: null
[2025-10-10 20:04:50.42] [INFO] Initiative search - Status: null | Site: NDS | Search: null | Financial Year: 2025
[2025-10-10 20:04:50.42] [INFO] Searching with Financial Year filter: 2025
[2025-10-10 20:04:50.42] [INFO] Financial Year 2025 range: 2025-04-01T00:00 to 2026-03-31T23:59:59
[2025-10-10 20:05:06.214] [INFO] Initiative search - Status: null | Site: NDS | Search: null | Financial Year: null
[2025-10-10 20:05:08.008] [INFO] Initiative search - Status: null | Site: CORP | Search: null | Financial Year: null
[2025-10-10 20:05:23.866] [INFO] Initiative search - Status: null | Site: NDS | Search: null | Financial Year: null
[2025-10-10 20:05:24.963] [INFO] Initiative search - Status: null | Site: null | Search: null | Financial Year: null
[2025-10-10 20:06:26.116] [INFO] Initiative search - Status: null | Site: null | Search: null | Financial Year: null
[2025-10-10 20:06:34.284] [INFO] Initiative search - Status: null | Site: null | Search: null | Financial Year: null
[2025-10-10 20:06:41.761] [INFO] Initiative search - Status: null | Site: NDS | Search: null | Financial Year: null
[2025-10-10 20:06:47.297] [INFO] === WORKFLOW ACTION STARTED === Transaction ID: 15 | Action: approved | User: ananya.verma@godeepak.com
[2025-10-10 20:06:47.314] [INFO] Stage: 4 - Define Responsibilities | Initiative ID: 2
[2025-10-10 20:06:47.33] [INFO] Processing workflow for Initiative: NDS/25/EV/01/001
[2025-10-10 20:06:47.347] [INFO] Stage 4 APPROVED by Ananya Verma
[2025-10-10 20:06:47.38] [INFO] Initiative moved to Stage 5
[2025-10-10 20:06:49.744] [INFO] === WORKFLOW ACTION COMPLETED === Initiative: NDS/25/EV/01/001 | Status: In Progress
[2025-10-10 20:06:49.779] [INFO] Initiative search - Status: null | Site: NDS | Search: null | Financial Year: null
[2025-10-10 20:06:59.314] [INFO] Initiative search - Status: null | Site: NDS | Search: null | Financial Year: 2025
[2025-10-10 20:06:59.317] [INFO] Searching with Financial Year filter: 2025
[2025-10-10 20:06:59.321] [INFO] Financial Year 2025 range: 2025-04-01T00:00 to 2026-03-31T23:59:59
