[2025-10-13 11:29:25.167] [INFO] Login attempt - Email: manoj.tiwari@godeepak.com
[2025-10-13 11:29:26.13] [INFO] Login successful - User: Manoj Tiwari | Email: manoj.tiwari@godeepak.com | Role: STLD | Site: NDS
[2025-10-13 11:29:26.651] [INFO] Initiative search - Status: null | Site: NDS | Search: null | Financial Year: null
[2025-10-13 11:29:27.075] [INFO] Initiative search - Status: null | Site: NDS | Search: null | Financial Year: 2025
[2025-10-13 11:29:27.078] [INFO] Searching with Financial Year filter: 2025
[2025-10-13 11:29:27.085] [INFO] Financial Year 2025 range: 2025-04-01T00:00 to 2026-03-31T23:59:59
[2025-10-13 11:30:17.286] [INFO] Initiative search - Status: null | Site: DHJ | Search: null | Financial Year: 2025
[2025-10-13 11:30:17.294] [INFO] Searching with Financial Year filter: 2025
[2025-10-13 11:30:17.294] [INFO] Financial Year 2025 range: 2025-04-01T00:00 to 2026-03-31T23:59:59
[2025-10-13 11:30:19.716] [INFO] Initiative search - Status: null | Site: CORP | Search: null | Financial Year: 2025
[2025-10-13 11:30:19.725] [INFO] Searching with Financial Year filter: 2025
[2025-10-13 11:30:19.731] [INFO] Financial Year 2025 range: 2025-04-01T00:00 to 2026-03-31T23:59:59
[2025-10-13 11:30:21.945] [INFO] Initiative search - Status: null | Site: CORP | Search: null | Financial Year: null
[2025-10-13 11:30:23.559] [INFO] Initiative search - Status: null | Site: null | Search: null | Financial Year: null
[2025-10-13 11:30:38.38] [INFO] Initiative search - Status: null | Site: null | Search: null | Financial Year: null
[2025-10-13 11:31:40.869] [INFO] === INITIATIVE CREATION STARTED ===
[2025-10-13 11:31:40.869] [INFO] User ID: 7 | Site: NDS | Discipline: Operation
[2025-10-13 11:31:40.877] [INFO] Expected Savings: 235325 | Target Value: 35235 | Estimated CAPEX: 25325
[2025-10-13 11:31:40.877] [INFO] Selected HOD ID: 1 | HOD Email: rajesh.kumar.hod@godeepak.com
[2025-10-13 11:31:40.965] [INFO] Initiative created successfully - ID: 3 | Number: NDS/25/OP/01/002 | Title: TestTestTestTestTestTest
[2025-10-13 11:31:40.965] [INFO] === WORKFLOW INITIALIZATION STARTED === Initiative: NDS/25/OP/01/002 | Site: NDS | HOD: rajesh.kumar.hod@godeepak.com
[2025-10-13 11:31:41.016] [INFO] Stage 1 auto-approved for Initiative: NDS/25/OP/01/002
[2025-10-13 11:31:43.324] [INFO] Stage 2 created and email sent to HOD: rajesh.kumar.hod@godeepak.com
[2025-10-13 11:31:43.338] [INFO] === WORKFLOW INITIALIZATION COMPLETED === Initiative: NDS/25/OP/01/002
[2025-10-13 11:31:43.339] [INFO] === INITIATIVE CREATION COMPLETED === Initiative: NDS/25/OP/01/002
[2025-10-13 11:33:17.688] [INFO] Login attempt - Email: rajesh.kumar.hod@godeepak.com
[2025-10-13 11:33:17.933] [INFO] Login successful - User: Rajesh Kumar | Email: rajesh.kumar.hod@godeepak.com | Role: HOD | Site: NDS
[2025-10-13 11:33:18.216] [INFO] Initiative search - Status: null | Site: NDS | Search: null | Financial Year: null
[2025-10-13 11:33:18.314] [INFO] Initiative search - Status: null | Site: NDS | Search: null | Financial Year: 2025
[2025-10-13 11:33:18.318] [INFO] Searching with Financial Year filter: 2025
[2025-10-13 11:33:18.321] [INFO] Financial Year 2025 range: 2025-04-01T00:00 to 2026-03-31T23:59:59
[2025-10-13 11:33:39.161] [INFO] Initiative search - Status: null | Site: NDS | Search: null | Financial Year: null
[2025-10-13 11:33:42.596] [INFO] Initiative search - Status: null | Site: NDS | Search: null | Financial Year: 2025
[2025-10-13 11:33:42.596] [INFO] Searching with Financial Year filter: 2025
[2025-10-13 11:33:42.607] [INFO] Financial Year 2025 range: 2025-04-01T00:00 to 2026-03-31T23:59:59
[2025-10-13 11:33:44.326] [INFO] Initiative search - Status: null | Site: NDS | Search: null | Financial Year: null
[2025-10-13 11:33:44.463] [INFO] Initiative search - Status: null | Site: NDS | Search: null | Financial Year: 2025
[2025-10-13 11:33:44.463] [INFO] Searching with Financial Year filter: 2025
[2025-10-13 11:33:44.475] [INFO] Financial Year 2025 range: 2025-04-01T00:00 to 2026-03-31T23:59:59
[2025-10-13 11:33:50.372] [INFO] Initiative search - Status: null | Site: null | Search: null | Financial Year: null
[2025-10-13 11:33:57.999] [INFO] === WORKFLOW ACTION STARTED === Transaction ID: 19 | Action: approved | User: rajesh.kumar.hod@godeepak.com
[2025-10-13 11:33:58.015] [INFO] Stage: 2 - Evaluation and Approval | Initiative ID: 3
[2025-10-13 11:33:58.146] [INFO] Processing workflow for Initiative: NDS/25/OP/01/002
[2025-10-13 11:33:58.146] [INFO] Stage 2 APPROVED by Rajesh Kumar
[2025-10-13 11:33:58.198] [INFO] Initiative moved to Stage 3
[2025-10-13 11:33:59.562] [INFO] === WORKFLOW ACTION COMPLETED === Initiative: NDS/25/OP/01/002 | Status: In Progress
[2025-10-13 11:33:59.673] [INFO] Initiative search - Status: null | Site: null | Search: null | Financial Year: null
[2025-10-13 11:34:01.158] [INFO] Initiative search - Status: null | Site: NDS | Search: null | Financial Year: null
[2025-10-13 11:34:14.644] [INFO] Login attempt - Email: deepika.singh@godeepak.com
[2025-10-13 11:34:14.966] [INFO] Login successful - User: Deepika Singh | Email: deepika.singh@godeepak.com | Role: STLD | Site: NDS
[2025-10-13 11:34:15.334] [INFO] Initiative search - Status: null | Site: NDS | Search: null | Financial Year: 2025
[2025-10-13 11:34:15.335] [INFO] Searching with Financial Year filter: 2025
[2025-10-13 11:34:15.335] [INFO] Financial Year 2025 range: 2025-04-01T00:00 to 2026-03-31T23:59:59
[2025-10-13 11:34:21.18] [INFO] === WORKFLOW ACTION STARTED === Transaction ID: 20 | Action: approved | User: deepika.singh@godeepak.com
[2025-10-13 11:34:21.201] [INFO] Stage: 3 - Initiative assessment and approval | Initiative ID: 3
[2025-10-13 11:34:21.219] [INFO] Processing workflow for Initiative: NDS/25/OP/01/002
[2025-10-13 11:34:21.228] [INFO] Stage 3 APPROVED by Deepika Singh
[2025-10-13 11:34:21.262] [INFO] Initiative moved to Stage 4
[2025-10-13 11:34:22.31] [INFO] === WORKFLOW ACTION COMPLETED === Initiative: NDS/25/OP/01/002 | Status: In Progress
[2025-10-13 11:34:22.38] [INFO] Initiative search - Status: null | Site: NDS | Search: null | Financial Year: null
[2025-10-13 11:34:36.703] [INFO] Login attempt - Email: ananya.verma@godeepak.com
[2025-10-13 11:34:36.83] [INFO] Login successful - User: Ananya Verma | Email: ananya.verma@godeepak.com | Role: SH | Site: NDS
[2025-10-13 11:34:37.166] [INFO] Initiative search - Status: null | Site: NDS | Search: null | Financial Year: 2025
[2025-10-13 11:34:37.166] [INFO] Searching with Financial Year filter: 2025
[2025-10-13 11:34:37.166] [INFO] Financial Year 2025 range: 2025-04-01T00:00 to 2026-03-31T23:59:59
[2025-10-13 11:35:44.372] [INFO] Initiative search - Status: null | Site: NDS | Search: null | Financial Year: null
[2025-10-13 11:35:51.589] [INFO] === WORKFLOW ACTION STARTED === Transaction ID: 21 | Action: approved | User: ananya.verma@godeepak.com
[2025-10-13 11:35:51.605] [INFO] Stage: 4 - Define Responsibilities | Initiative ID: 3
[2025-10-13 11:35:51.622] [INFO] Processing workflow for Initiative: NDS/25/OP/01/002
[2025-10-13 11:35:51.622] [INFO] Stage 4 APPROVED by Ananya Verma
[2025-10-13 11:35:51.671] [INFO] Initiative moved to Stage 5
[2025-10-13 11:35:52.585] [INFO] === WORKFLOW ACTION COMPLETED === Initiative: NDS/25/OP/01/002 | Status: In Progress
[2025-10-13 11:35:52.647] [INFO] Initiative search - Status: null | Site: NDS | Search: null | Financial Year: null
[2025-10-13 12:03:01.129] [INFO] Initiative search - Status: null | Site: NDS | Search: null | Financial Year: null
[2025-10-13 12:03:05.252] [INFO] Initiative search - Status: null | Site: null | Search: null | Financial Year: null
[2025-10-13 12:03:24.298] [INFO] Initiative search - Status: null | Site: NDS | Search: null | Financial Year: 2025
[2025-10-13 12:03:24.3] [INFO] Searching with Financial Year filter: 2025
[2025-10-13 12:03:24.306] [INFO] Financial Year 2025 range: 2025-04-01T00:00 to 2026-03-31T23:59:59
